-- The C compiler identification is GNU 9.3.0
-- The CXX compiler identification is GNU 9.3.0
-- Check for working C compiler: /usr/bin/cc
-- Check for working C compiler: /usr/bin/cc -- works
-- Detecting C compiler ABI info
-- Detecting C compiler ABI info - done
-- Detecting C compile features
-- Detecting C compile features - done
-- Check for working CXX compiler: /usr/bin/c++
-- Check for working CXX compiler: /usr/bin/c++ -- works
-- Detecting CXX compiler ABI info
-- Detecting CXX compiler ABI info - done
-- Detecting CXX compile features
-- Detecting CXX compile features - done
-- Using CATKIN_DEVEL_PREFIX: /home/s/scott_spaces/decadarobotics_devspace/build/turtlebot3_example/devel
-- Using CMAKE_PREFIX_PATH: /home/s/scott_spaces/decadarobotics_devspace/install/turtlebot3_bringup;/home/s/scott_spaces/decadarobotics_devspace/install/turtlebot3_teleop;/home/s/scott_spaces/decadarobotics_devspace/install/turtlebot3_description;/home/s/scott_spaces/decadarobotics_devspace/install/robot_state_publisher;/opt/ros/noetic
-- This workspace overlays: /home/s/scott_spaces/decadarobotics_devspace/install/turtlebot3_bringup;/home/s/scott_spaces/decadarobotics_devspace/install/turtlebot3_teleop;/home/s/scott_spaces/decadarobotics_devspace/install/turtlebot3_description;/home/s/scott_spaces/decadarobotics_devspace/install/robot_state_publisher;/opt/ros/noetic
-- Found PythonInterp: /usr/bin/python3 (found suitable version "3.8.5", minimum required is "3") 
-- Using PYTHON_EXECUTABLE: /usr/bin/python3
-- Using Debian Python package layout
-- Found PY_em: /usr/lib/python3/dist-packages/em.py  
-- Using empy: /usr/lib/python3/dist-packages/em.py
-- Using CATKIN_ENABLE_TESTING: ON
-- Call enable_testing()
-- Using CATKIN_TEST_RESULTS_DIR: /home/s/scott_spaces/decadarobotics_devspace/build/turtlebot3_example/test_results
-- Forcing gtest/gmock from source, though one was otherwise available.
-- Found gtest sources under '/usr/src/googletest': gtests will be built
-- Found gmock sources under '/usr/src/googletest': gmock will be built
-- Found PythonInterp: /usr/bin/python3 (found version "3.8.5") 
-- Found Threads: TRUE  
-- Using Python nosetests: /usr/bin/nosetests3
-- catkin 0.8.10
-- BUILD_SHARED_LIBS is on
-- Using these message generators: gencpp;geneus;genlisp;gennodejs;genpy
-- Generating .msg files for action turtlebot3_example/Turtlebot3 /home/s/scott_spaces/decadarobotics_devspace/src/turtlebot3/turtlebot3_example/action/Turtlebot3.action
Generating for action Turtlebot3
-- turtlebot3_example: 7 messages, 0 services
-- Installing devel-space wrapper /home/s/scott_spaces/decadarobotics_devspace/src/turtlebot3/turtlebot3_example/nodes/turtlebot3_obstacle to /home/s/scott_spaces/decadarobotics_devspace/build/turtlebot3_example/devel/lib/turtlebot3_example
-- Installing devel-space wrapper /home/s/scott_spaces/decadarobotics_devspace/src/turtlebot3/turtlebot3_example/nodes/turtlebot3_client to /home/s/scott_spaces/decadarobotics_devspace/build/turtlebot3_example/devel/lib/turtlebot3_example
-- Installing devel-space wrapper /home/s/scott_spaces/decadarobotics_devspace/src/turtlebot3/turtlebot3_example/nodes/turtlebot3_server to /home/s/scott_spaces/decadarobotics_devspace/build/turtlebot3_example/devel/lib/turtlebot3_example
-- Installing devel-space wrapper /home/s/scott_spaces/decadarobotics_devspace/src/turtlebot3/turtlebot3_example/nodes/turtlebot3_pointop_key to /home/s/scott_spaces/decadarobotics_devspace/build/turtlebot3_example/devel/lib/turtlebot3_example
-- Installing devel-space wrapper /home/s/scott_spaces/decadarobotics_devspace/src/turtlebot3/turtlebot3_example/nodes/turtlebot3_bumper to /home/s/scott_spaces/decadarobotics_devspace/build/turtlebot3_example/devel/lib/turtlebot3_example
-- Installing devel-space wrapper /home/s/scott_spaces/decadarobotics_devspace/src/turtlebot3/turtlebot3_example/nodes/turtlebot3_cliff to /home/s/scott_spaces/decadarobotics_devspace/build/turtlebot3_example/devel/lib/turtlebot3_example
-- Installing devel-space wrapper /home/s/scott_spaces/decadarobotics_devspace/src/turtlebot3/turtlebot3_example/nodes/turtlebot3_sonar to /home/s/scott_spaces/decadarobotics_devspace/build/turtlebot3_example/devel/lib/turtlebot3_example
-- Installing devel-space wrapper /home/s/scott_spaces/decadarobotics_devspace/src/turtlebot3/turtlebot3_example/nodes/turtlebot3_illumination to /home/s/scott_spaces/decadarobotics_devspace/build/turtlebot3_example/devel/lib/turtlebot3_example
-- Installing devel-space wrapper /home/s/scott_spaces/decadarobotics_devspace/src/turtlebot3/turtlebot3_example/nodes/turtlebot3_marker_server to /home/s/scott_spaces/decadarobotics_devspace/build/turtlebot3_example/devel/lib/turtlebot3_example
-- Configuring done
-- Generating done
-- Build files have been written to: /home/s/scott_spaces/decadarobotics_devspace/build/turtlebot3_example
[35m[1mScanning dependencies of target _turtlebot3_example_generate_messages_check_deps_Turtlebot3ActionGoal[0m
[  0%] Built target _turtlebot3_example_generate_messages_check_deps_Turtlebot3ActionGoal
[35m[1mScanning dependencies of target _turtlebot3_example_generate_messages_check_deps_Turtlebot3ActionFeedback[0m
[  0%] Built target _turtlebot3_example_generate_messages_check_deps_Turtlebot3ActionFeedback
[35m[1mScanning dependencies of target _turtlebot3_example_generate_messages_check_deps_Turtlebot3ActionResult[0m
[  0%] Built target _turtlebot3_example_generate_messages_check_deps_Turtlebot3ActionResult
[35m[1mScanning dependencies of target _turtlebot3_example_generate_messages_check_deps_Turtlebot3Action[0m
[  0%] Built target _turtlebot3_example_generate_messages_check_deps_Turtlebot3Action
[35m[1mScanning dependencies of target geometry_msgs_generate_messages_eus[0m
[  0%] Built target geometry_msgs_generate_messages_eus
[35m[1mScanning dependencies of target actionlib_msgs_generate_messages_eus[0m
[  0%] Built target actionlib_msgs_generate_messages_eus
[35m[1mScanning dependencies of target std_msgs_generate_messages_eus[0m
[  0%] Built target std_msgs_generate_messages_eus
[35m[1mScanning dependencies of target _turtlebot3_example_generate_messages_check_deps_Turtlebot3Feedback[0m
[  0%] Built target _turtlebot3_example_generate_messages_check_deps_Turtlebot3Feedback
[35m[1mScanning dependencies of target std_msgs_generate_messages_py[0m
[  0%] Built target std_msgs_generate_messages_py
[35m[1mScanning dependencies of target actionlib_msgs_generate_messages_py[0m
[  0%] Built target actionlib_msgs_generate_messages_py
[35m[1mScanning dependencies of target geometry_msgs_generate_messages_py[0m
[  0%] Built target geometry_msgs_generate_messages_py
[35m[1mScanning dependencies of target std_msgs_generate_messages_nodejs[0m
[  0%] Built target std_msgs_generate_messages_nodejs
[35m[1mScanning dependencies of target actionlib_msgs_generate_messages_nodejs[0m
[  0%] Built target actionlib_msgs_generate_messages_nodejs
[35m[1mScanning dependencies of target geometry_msgs_generate_messages_nodejs[0m
[  0%] Built target geometry_msgs_generate_messages_nodejs
[35m[1mScanning dependencies of target std_msgs_generate_messages_cpp[0m
[  0%] Built target std_msgs_generate_messages_cpp
[35m[1mScanning dependencies of target actionlib_msgs_generate_messages_cpp[0m
[  0%] Built target actionlib_msgs_generate_messages_cpp
[35m[1mScanning dependencies of target geometry_msgs_generate_messages_cpp[0m
[  0%] Built target geometry_msgs_generate_messages_cpp
[35m[1mScanning dependencies of target actionlib_msgs_generate_messages_lisp[0m
[  0%] Built target actionlib_msgs_generate_messages_lisp
[35m[1mScanning dependencies of target std_msgs_generate_messages_lisp[0m
[  0%] Built target std_msgs_generate_messages_lisp
[35m[1mScanning dependencies of target geometry_msgs_generate_messages_lisp[0m
[  0%] Built target geometry_msgs_generate_messages_lisp
[35m[1mScanning dependencies of target _turtlebot3_example_generate_messages_check_deps_Turtlebot3Goal[0m
[  0%] Built target _turtlebot3_example_generate_messages_check_deps_Turtlebot3Goal
[35m[1mScanning dependencies of target _turtlebot3_example_generate_messages_check_deps_Turtlebot3Result[0m
[  0%] Built target _turtlebot3_example_generate_messages_check_deps_Turtlebot3Result
[35m[1mScanning dependencies of target turtlebot3_example_generate_messages_eus[0m
[  2%] [34m[1mGenerating EusLisp code from turtlebot3_example/Turtlebot3Action.msg[0m
[  5%] [34m[1mGenerating EusLisp code from turtlebot3_example/Turtlebot3ActionGoal.msg[0m
[  8%] [34m[1mGenerating EusLisp code from turtlebot3_example/Turtlebot3ActionResult.msg[0m
[ 10%] [34m[1mGenerating EusLisp code from turtlebot3_example/Turtlebot3ActionFeedback.msg[0m
[ 13%] [34m[1mGenerating EusLisp code from turtlebot3_example/Turtlebot3Goal.msg[0m
[ 16%] [34m[1mGenerating EusLisp code from turtlebot3_example/Turtlebot3Result.msg[0m
[ 18%] [34m[1mGenerating EusLisp code from turtlebot3_example/Turtlebot3Feedback.msg[0m
[ 21%] [34m[1mGenerating EusLisp manifest code for turtlebot3_example[0m
[ 21%] Built target turtlebot3_example_generate_messages_eus
[35m[1mScanning dependencies of target turtlebot3_example_generate_messages_cpp[0m
[ 24%] [34m[1mGenerating C++ code from turtlebot3_example/Turtlebot3Action.msg[0m
[ 27%] [34m[1mGenerating C++ code from turtlebot3_example/Turtlebot3ActionGoal.msg[0m
[ 29%] [34m[1mGenerating C++ code from turtlebot3_example/Turtlebot3ActionResult.msg[0m
[ 32%] [34m[1mGenerating C++ code from turtlebot3_example/Turtlebot3ActionFeedback.msg[0m
[ 35%] [34m[1mGenerating C++ code from turtlebot3_example/Turtlebot3Goal.msg[0m
[ 37%] [34m[1mGenerating C++ code from turtlebot3_example/Turtlebot3Result.msg[0m
[ 40%] [34m[1mGenerating C++ code from turtlebot3_example/Turtlebot3Feedback.msg[0m
[ 40%] Built target turtlebot3_example_generate_messages_cpp
[35m[1mScanning dependencies of target turtlebot3_example_generate_messages_lisp[0m
[ 43%] [34m[1mGenerating Lisp code from turtlebot3_example/Turtlebot3Action.msg[0m
[ 45%] [34m[1mGenerating Lisp code from turtlebot3_example/Turtlebot3ActionGoal.msg[0m
[ 48%] [34m[1mGenerating Lisp code from turtlebot3_example/Turtlebot3ActionResult.msg[0m
[ 51%] [34m[1mGenerating Lisp code from turtlebot3_example/Turtlebot3ActionFeedback.msg[0m
[ 54%] [34m[1mGenerating Lisp code from turtlebot3_example/Turtlebot3Goal.msg[0m
[ 56%] [34m[1mGenerating Lisp code from turtlebot3_example/Turtlebot3Result.msg[0m
[ 59%] [34m[1mGenerating Lisp code from turtlebot3_example/Turtlebot3Feedback.msg[0m
[ 59%] Built target turtlebot3_example_generate_messages_lisp
[35m[1mScanning dependencies of target turtlebot3_example_generate_messages_nodejs[0m
[ 62%] [34m[1mGenerating Javascript code from turtlebot3_example/Turtlebot3Action.msg[0m
[ 64%] [34m[1mGenerating Javascript code from turtlebot3_example/Turtlebot3ActionResult.msg[0m
[ 67%] [34m[1mGenerating Javascript code from turtlebot3_example/Turtlebot3ActionFeedback.msg[0m
[ 70%] [34m[1mGenerating Javascript code from turtlebot3_example/Turtlebot3Goal.msg[0m
[ 72%] [34m[1mGenerating Javascript code from turtlebot3_example/Turtlebot3Result.msg[0m
[ 75%] [34m[1mGenerating Javascript code from turtlebot3_example/Turtlebot3Feedback.msg[0m
[ 78%] [34m[1mGenerating Javascript code from turtlebot3_example/Turtlebot3ActionGoal.msg[0m
[ 78%] Built target turtlebot3_example_generate_messages_nodejs
[35m[1mScanning dependencies of target turtlebot3_example_generate_messages_py[0m
[ 81%] [34m[1mGenerating Python from MSG turtlebot3_example/Turtlebot3Action[0m
[ 83%] [34m[1mGenerating Python from MSG turtlebot3_example/Turtlebot3ActionFeedback[0m
[ 86%] [34m[1mGenerating Python from MSG turtlebot3_example/Turtlebot3Goal[0m
[ 89%] [34m[1mGenerating Python from MSG turtlebot3_example/Turtlebot3Result[0m
[ 91%] [34m[1mGenerating Python from MSG turtlebot3_example/Turtlebot3Feedback[0m
[ 94%] [34m[1mGenerating Python from MSG turtlebot3_example/Turtlebot3ActionResult[0m
[ 97%] [34m[1mGenerating Python from MSG turtlebot3_example/Turtlebot3ActionGoal[0m
[100%] [34m[1mGenerating Python msg __init__.py for turtlebot3_example[0m
[100%] Built target turtlebot3_example_generate_messages_py
[35m[1mScanning dependencies of target turtlebot3_example_generate_messages[0m
[100%] Built target turtlebot3_example_generate_messages
[35m[1mScanning dependencies of target tests[0m
Built target tests
-- Install configuration: "Release"
+ cd /home/s/scott_spaces/decadarobotics_devspace/src/turtlebot3/turtlebot3_example
+ mkdir -p /home/s/scott_spaces/decadarobotics_devspace/install/turtlebot3_example/lib/python3/dist-packages
+ /usr/bin/env PYTHONPATH=/home/s/scott_spaces/decadarobotics_devspace/install/turtlebot3_example/lib/python3/dist-packages:/home/s/scott_spaces/decadarobotics_devspace/build/turtlebot3_example/lib/python3/dist-packages:/home/s/scott_spaces/decadarobotics_devspace/install/turtlebot3_teleop/lib/python3/dist-packages:/opt/ros/noetic/lib/python3/dist-packages CATKIN_BINARY_DIR=/home/s/scott_spaces/decadarobotics_devspace/build/turtlebot3_example /usr/bin/python3 /home/s/scott_spaces/decadarobotics_devspace/src/turtlebot3/turtlebot3_example/setup.py build --build-base /home/s/scott_spaces/decadarobotics_devspace/build/turtlebot3_example install --root=/ --install-layout=deb --prefix=/home/s/scott_spaces/decadarobotics_devspace/install/turtlebot3_example --install-scripts=/home/s/scott_spaces/decadarobotics_devspace/install/turtlebot3_example/bin
running build
running build_py
creating /home/s/scott_spaces/decadarobotics_devspace/build/turtlebot3_example/lib
creating /home/s/scott_spaces/decadarobotics_devspace/build/turtlebot3_example/lib/turtlebot3_example
copying src/turtlebot3_example/__init__.py -> /home/s/scott_spaces/decadarobotics_devspace/build/turtlebot3_example/lib/turtlebot3_example
running install
running install_lib
creating /home/s/scott_spaces/decadarobotics_devspace/install/turtlebot3_example/lib/python3/dist-packages/turtlebot3_example
copying /home/s/scott_spaces/decadarobotics_devspace/build/turtlebot3_example/lib/turtlebot3_example/__init__.py -> /home/s/scott_spaces/decadarobotics_devspace/install/turtlebot3_example/lib/python3/dist-packages/turtlebot3_example
byte-compiling /home/s/scott_spaces/decadarobotics_devspace/install/turtlebot3_example/lib/python3/dist-packages/turtlebot3_example/__init__.py to __init__.cpython-38.pyc
running install_egg_info
Writing /home/s/scott_spaces/decadarobotics_devspace/install/turtlebot3_example/lib/python3/dist-packages/turtlebot3_example-1.2.5.egg-info
-- Installing: /home/s/scott_spaces/decadarobotics_devspace/install/turtlebot3_example/share/turtlebot3_example/action/Turtlebot3.action
-- Installing: /home/s/scott_spaces/decadarobotics_devspace/install/turtlebot3_example/share/turtlebot3_example/msg/Turtlebot3Action.msg
-- Installing: /home/s/scott_spaces/decadarobotics_devspace/install/turtlebot3_example/share/turtlebot3_example/msg/Turtlebot3ActionGoal.msg
-- Installing: /home/s/scott_spaces/decadarobotics_devspace/install/turtlebot3_example/share/turtlebot3_example/msg/Turtlebot3ActionResult.msg
-- Installing: /home/s/scott_spaces/decadarobotics_devspace/install/turtlebot3_example/share/turtlebot3_example/msg/Turtlebot3ActionFeedback.msg
-- Installing: /home/s/scott_spaces/decadarobotics_devspace/install/turtlebot3_example/share/turtlebot3_example/msg/Turtlebot3Goal.msg
-- Installing: /home/s/scott_spaces/decadarobotics_devspace/install/turtlebot3_example/share/turtlebot3_example/msg/Turtlebot3Result.msg
-- Installing: /home/s/scott_spaces/decadarobotics_devspace/install/turtlebot3_example/share/turtlebot3_example/msg/Turtlebot3Feedback.msg
-- Installing: /home/s/scott_spaces/decadarobotics_devspace/install/turtlebot3_example/share/turtlebot3_example/cmake/turtlebot3_example-msg-paths.cmake
-- Installing: /home/s/scott_spaces/decadarobotics_devspace/install/turtlebot3_example/include/turtlebot3_example
-- Installing: /home/s/scott_spaces/decadarobotics_devspace/install/turtlebot3_example/include/turtlebot3_example/Turtlebot3Result.h
-- Installing: /home/s/scott_spaces/decadarobotics_devspace/install/turtlebot3_example/include/turtlebot3_example/Turtlebot3ActionFeedback.h
-- Installing: /home/s/scott_spaces/decadarobotics_devspace/install/turtlebot3_example/include/turtlebot3_example/Turtlebot3ActionGoal.h
-- Installing: /home/s/scott_spaces/decadarobotics_devspace/install/turtlebot3_example/include/turtlebot3_example/Turtlebot3ActionResult.h
-- Installing: /home/s/scott_spaces/decadarobotics_devspace/install/turtlebot3_example/include/turtlebot3_example/Turtlebot3Goal.h
-- Installing: /home/s/scott_spaces/decadarobotics_devspace/install/turtlebot3_example/include/turtlebot3_example/Turtlebot3Action.h
-- Installing: /home/s/scott_spaces/decadarobotics_devspace/install/turtlebot3_example/include/turtlebot3_example/Turtlebot3Feedback.h
-- Installing: /home/s/scott_spaces/decadarobotics_devspace/install/turtlebot3_example/share/roseus/ros/turtlebot3_example
-- Installing: /home/s/scott_spaces/decadarobotics_devspace/install/turtlebot3_example/share/roseus/ros/turtlebot3_example/manifest.l
-- Installing: /home/s/scott_spaces/decadarobotics_devspace/install/turtlebot3_example/share/roseus/ros/turtlebot3_example/msg
-- Installing: /home/s/scott_spaces/decadarobotics_devspace/install/turtlebot3_example/share/roseus/ros/turtlebot3_example/msg/Turtlebot3Feedback.l
-- Installing: /home/s/scott_spaces/decadarobotics_devspace/install/turtlebot3_example/share/roseus/ros/turtlebot3_example/msg/Turtlebot3Result.l
-- Installing: /home/s/scott_spaces/decadarobotics_devspace/install/turtlebot3_example/share/roseus/ros/turtlebot3_example/msg/Turtlebot3ActionResult.l
-- Installing: /home/s/scott_spaces/decadarobotics_devspace/install/turtlebot3_example/share/roseus/ros/turtlebot3_example/msg/Turtlebot3Goal.l
-- Installing: /home/s/scott_spaces/decadarobotics_devspace/install/turtlebot3_example/share/roseus/ros/turtlebot3_example/msg/Turtlebot3ActionGoal.l
-- Installing: /home/s/scott_spaces/decadarobotics_devspace/install/turtlebot3_example/share/roseus/ros/turtlebot3_example/msg/Turtlebot3ActionFeedback.l
-- Installing: /home/s/scott_spaces/decadarobotics_devspace/install/turtlebot3_example/share/roseus/ros/turtlebot3_example/msg/Turtlebot3Action.l
-- Installing: /home/s/scott_spaces/decadarobotics_devspace/install/turtlebot3_example/share/common-lisp/ros/turtlebot3_example
-- Installing: /home/s/scott_spaces/decadarobotics_devspace/install/turtlebot3_example/share/common-lisp/ros/turtlebot3_example/msg
-- Installing: /home/s/scott_spaces/decadarobotics_devspace/install/turtlebot3_example/share/common-lisp/ros/turtlebot3_example/msg/_package_Turtlebot3Goal.lisp
-- Installing: /home/s/scott_spaces/decadarobotics_devspace/install/turtlebot3_example/share/common-lisp/ros/turtlebot3_example/msg/Turtlebot3Goal.lisp
-- Installing: /home/s/scott_spaces/decadarobotics_devspace/install/turtlebot3_example/share/common-lisp/ros/turtlebot3_example/msg/_package_Turtlebot3ActionFeedback.lisp
-- Installing: /home/s/scott_spaces/decadarobotics_devspace/install/turtlebot3_example/share/common-lisp/ros/turtlebot3_example/msg/_package_Turtlebot3Result.lisp
-- Installing: /home/s/scott_spaces/decadarobotics_devspace/install/turtlebot3_example/share/common-lisp/ros/turtlebot3_example/msg/_package.lisp
-- Installing: /home/s/scott_spaces/decadarobotics_devspace/install/turtlebot3_example/share/common-lisp/ros/turtlebot3_example/msg/Turtlebot3Feedback.lisp
-- Installing: /home/s/scott_spaces/decadarobotics_devspace/install/turtlebot3_example/share/common-lisp/ros/turtlebot3_example/msg/_package_Turtlebot3Feedback.lisp
-- Installing: /home/s/scott_spaces/decadarobotics_devspace/install/turtlebot3_example/share/common-lisp/ros/turtlebot3_example/msg/Turtlebot3Action.lisp
-- Installing: /home/s/scott_spaces/decadarobotics_devspace/install/turtlebot3_example/share/common-lisp/ros/turtlebot3_example/msg/turtlebot3_example-msg.asd
-- Installing: /home/s/scott_spaces/decadarobotics_devspace/install/turtlebot3_example/share/common-lisp/ros/turtlebot3_example/msg/_package_Turtlebot3Action.lisp
-- Installing: /home/s/scott_spaces/decadarobotics_devspace/install/turtlebot3_example/share/common-lisp/ros/turtlebot3_example/msg/Turtlebot3ActionResult.lisp
-- Installing: /home/s/scott_spaces/decadarobotics_devspace/install/turtlebot3_example/share/common-lisp/ros/turtlebot3_example/msg/Turtlebot3Result.lisp
-- Installing: /home/s/scott_spaces/decadarobotics_devspace/install/turtlebot3_example/share/common-lisp/ros/turtlebot3_example/msg/_package_Turtlebot3ActionResult.lisp
-- Installing: /home/s/scott_spaces/decadarobotics_devspace/install/turtlebot3_example/share/common-lisp/ros/turtlebot3_example/msg/Turtlebot3ActionGoal.lisp
-- Installing: /home/s/scott_spaces/decadarobotics_devspace/install/turtlebot3_example/share/common-lisp/ros/turtlebot3_example/msg/Turtlebot3ActionFeedback.lisp
-- Installing: /home/s/scott_spaces/decadarobotics_devspace/install/turtlebot3_example/share/common-lisp/ros/turtlebot3_example/msg/_package_Turtlebot3ActionGoal.lisp
-- Installing: /home/s/scott_spaces/decadarobotics_devspace/install/turtlebot3_example/share/gennodejs/ros/turtlebot3_example
-- Installing: /home/s/scott_spaces/decadarobotics_devspace/install/turtlebot3_example/share/gennodejs/ros/turtlebot3_example/msg
-- Installing: /home/s/scott_spaces/decadarobotics_devspace/install/turtlebot3_example/share/gennodejs/ros/turtlebot3_example/msg/Turtlebot3Result.js
-- Installing: /home/s/scott_spaces/decadarobotics_devspace/install/turtlebot3_example/share/gennodejs/ros/turtlebot3_example/msg/Turtlebot3Action.js
-- Installing: /home/s/scott_spaces/decadarobotics_devspace/install/turtlebot3_example/share/gennodejs/ros/turtlebot3_example/msg/_index.js
-- Installing: /home/s/scott_spaces/decadarobotics_devspace/install/turtlebot3_example/share/gennodejs/ros/turtlebot3_example/msg/Turtlebot3ActionGoal.js
-- Installing: /home/s/scott_spaces/decadarobotics_devspace/install/turtlebot3_example/share/gennodejs/ros/turtlebot3_example/msg/Turtlebot3Feedback.js
-- Installing: /home/s/scott_spaces/decadarobotics_devspace/install/turtlebot3_example/share/gennodejs/ros/turtlebot3_example/msg/Turtlebot3ActionResult.js
-- Installing: /home/s/scott_spaces/decadarobotics_devspace/install/turtlebot3_example/share/gennodejs/ros/turtlebot3_example/msg/Turtlebot3Goal.js
-- Installing: /home/s/scott_spaces/decadarobotics_devspace/install/turtlebot3_example/share/gennodejs/ros/turtlebot3_example/msg/Turtlebot3ActionFeedback.js
-- Installing: /home/s/scott_spaces/decadarobotics_devspace/install/turtlebot3_example/share/gennodejs/ros/turtlebot3_example/_index.js
Listing '/home/s/scott_spaces/decadarobotics_devspace/build/turtlebot3_example/devel/lib/python3/dist-packages/turtlebot3_example'...
Compiling '/home/s/scott_spaces/decadarobotics_devspace/build/turtlebot3_example/devel/lib/python3/dist-packages/turtlebot3_example/__init__.py'...
Listing '/home/s/scott_spaces/decadarobotics_devspace/build/turtlebot3_example/devel/lib/python3/dist-packages/turtlebot3_example/msg'...
Compiling '/home/s/scott_spaces/decadarobotics_devspace/build/turtlebot3_example/devel/lib/python3/dist-packages/turtlebot3_example/msg/_Turtlebot3Action.py'...
Compiling '/home/s/scott_spaces/decadarobotics_devspace/build/turtlebot3_example/devel/lib/python3/dist-packages/turtlebot3_example/msg/_Turtlebot3ActionFeedback.py'...
Compiling '/home/s/scott_spaces/decadarobotics_devspace/build/turtlebot3_example/devel/lib/python3/dist-packages/turtlebot3_example/msg/_Turtlebot3ActionGoal.py'...
Compiling '/home/s/scott_spaces/decadarobotics_devspace/build/turtlebot3_example/devel/lib/python3/dist-packages/turtlebot3_example/msg/_Turtlebot3ActionResult.py'...
Compiling '/home/s/scott_spaces/decadarobotics_devspace/build/turtlebot3_example/devel/lib/python3/dist-packages/turtlebot3_example/msg/_Turtlebot3Feedback.py'...
Compiling '/home/s/scott_spaces/decadarobotics_devspace/build/turtlebot3_example/devel/lib/python3/dist-packages/turtlebot3_example/msg/_Turtlebot3Goal.py'...
Compiling '/home/s/scott_spaces/decadarobotics_devspace/build/turtlebot3_example/devel/lib/python3/dist-packages/turtlebot3_example/msg/_Turtlebot3Result.py'...
Compiling '/home/s/scott_spaces/decadarobotics_devspace/build/turtlebot3_example/devel/lib/python3/dist-packages/turtlebot3_example/msg/__init__.py'...
-- Up-to-date: /home/s/scott_spaces/decadarobotics_devspace/install/turtlebot3_example/lib/python3/dist-packages/turtlebot3_example
-- Up-to-date: /home/s/scott_spaces/decadarobotics_devspace/install/turtlebot3_example/lib/python3/dist-packages/turtlebot3_example/__pycache__
-- Up-to-date: /home/s/scott_spaces/decadarobotics_devspace/install/turtlebot3_example/lib/python3/dist-packages/turtlebot3_example/__pycache__/__init__.cpython-38.pyc
-- Installing: /home/s/scott_spaces/decadarobotics_devspace/install/turtlebot3_example/lib/python3/dist-packages/turtlebot3_example/msg
-- Installing: /home/s/scott_spaces/decadarobotics_devspace/install/turtlebot3_example/lib/python3/dist-packages/turtlebot3_example/msg/_Turtlebot3Result.py
-- Installing: /home/s/scott_spaces/decadarobotics_devspace/install/turtlebot3_example/lib/python3/dist-packages/turtlebot3_example/msg/_Turtlebot3Feedback.py
-- Installing: /home/s/scott_spaces/decadarobotics_devspace/install/turtlebot3_example/lib/python3/dist-packages/turtlebot3_example/msg/__pycache__
-- Installing: /home/s/scott_spaces/decadarobotics_devspace/install/turtlebot3_example/lib/python3/dist-packages/turtlebot3_example/msg/__pycache__/_Turtlebot3ActionGoal.cpython-38.pyc
-- Installing: /home/s/scott_spaces/decadarobotics_devspace/install/turtlebot3_example/lib/python3/dist-packages/turtlebot3_example/msg/__pycache__/_Turtlebot3ActionResult.cpython-38.pyc
-- Installing: /home/s/scott_spaces/decadarobotics_devspace/install/turtlebot3_example/lib/python3/dist-packages/turtlebot3_example/msg/__pycache__/_Turtlebot3Action.cpython-38.pyc
-- Installing: /home/s/scott_spaces/decadarobotics_devspace/install/turtlebot3_example/lib/python3/dist-packages/turtlebot3_example/msg/__pycache__/__init__.cpython-38.pyc
-- Installing: /home/s/scott_spaces/decadarobotics_devspace/install/turtlebot3_example/lib/python3/dist-packages/turtlebot3_example/msg/__pycache__/_Turtlebot3Goal.cpython-38.pyc
-- Installing: /home/s/scott_spaces/decadarobotics_devspace/install/turtlebot3_example/lib/python3/dist-packages/turtlebot3_example/msg/__pycache__/_Turtlebot3ActionFeedback.cpython-38.pyc
-- Installing: /home/s/scott_spaces/decadarobotics_devspace/install/turtlebot3_example/lib/python3/dist-packages/turtlebot3_example/msg/__pycache__/_Turtlebot3Result.cpython-38.pyc
-- Installing: /home/s/scott_spaces/decadarobotics_devspace/install/turtlebot3_example/lib/python3/dist-packages/turtlebot3_example/msg/__pycache__/_Turtlebot3Feedback.cpython-38.pyc
-- Installing: /home/s/scott_spaces/decadarobotics_devspace/install/turtlebot3_example/lib/python3/dist-packages/turtlebot3_example/msg/_Turtlebot3Goal.py
-- Installing: /home/s/scott_spaces/decadarobotics_devspace/install/turtlebot3_example/lib/python3/dist-packages/turtlebot3_example/msg/_Turtlebot3ActionResult.py
-- Installing: /home/s/scott_spaces/decadarobotics_devspace/install/turtlebot3_example/lib/python3/dist-packages/turtlebot3_example/msg/_Turtlebot3ActionGoal.py
-- Installing: /home/s/scott_spaces/decadarobotics_devspace/install/turtlebot3_example/lib/python3/dist-packages/turtlebot3_example/msg/_Turtlebot3ActionFeedback.py
-- Installing: /home/s/scott_spaces/decadarobotics_devspace/install/turtlebot3_example/lib/python3/dist-packages/turtlebot3_example/msg/_Turtlebot3Action.py
-- Up-to-date: /home/s/scott_spaces/decadarobotics_devspace/install/turtlebot3_example/lib/python3/dist-packages/turtlebot3_example
-- Up-to-date: /home/s/scott_spaces/decadarobotics_devspace/install/turtlebot3_example/lib/python3/dist-packages/turtlebot3_example/__pycache__
-- Up-to-date: /home/s/scott_spaces/decadarobotics_devspace/install/turtlebot3_example/lib/python3/dist-packages/turtlebot3_example/msg
-- Up-to-date: /home/s/scott_spaces/decadarobotics_devspace/install/turtlebot3_example/lib/python3/dist-packages/turtlebot3_example/msg/__pycache__
-- Installing: /home/s/scott_spaces/decadarobotics_devspace/install/turtlebot3_example/lib/python3/dist-packages/turtlebot3_example/msg/__init__.py
-- Installing: /home/s/scott_spaces/decadarobotics_devspace/install/turtlebot3_example/lib/pkgconfig/turtlebot3_example.pc
-- Installing: /home/s/scott_spaces/decadarobotics_devspace/install/turtlebot3_example/share/turtlebot3_example/cmake/turtlebot3_example-msg-extras.cmake
-- Installing: /home/s/scott_spaces/decadarobotics_devspace/install/turtlebot3_example/share/turtlebot3_example/cmake/turtlebot3_exampleConfig.cmake
-- Installing: /home/s/scott_spaces/decadarobotics_devspace/install/turtlebot3_example/share/turtlebot3_example/cmake/turtlebot3_exampleConfig-version.cmake
-- Installing: /home/s/scott_spaces/decadarobotics_devspace/install/turtlebot3_example/share/turtlebot3_example/package.xml
-- Installing: /home/s/scott_spaces/decadarobotics_devspace/install/turtlebot3_example/lib/turtlebot3_example/turtlebot3_obstacle
-- Installing: /home/s/scott_spaces/decadarobotics_devspace/install/turtlebot3_example/lib/turtlebot3_example/turtlebot3_client
-- Installing: /home/s/scott_spaces/decadarobotics_devspace/install/turtlebot3_example/lib/turtlebot3_example/turtlebot3_server
-- Installing: /home/s/scott_spaces/decadarobotics_devspace/install/turtlebot3_example/lib/turtlebot3_example/turtlebot3_pointop_key
-- Installing: /home/s/scott_spaces/decadarobotics_devspace/install/turtlebot3_example/lib/turtlebot3_example/turtlebot3_bumper
-- Installing: /home/s/scott_spaces/decadarobotics_devspace/install/turtlebot3_example/lib/turtlebot3_example/turtlebot3_cliff
-- Installing: /home/s/scott_spaces/decadarobotics_devspace/install/turtlebot3_example/lib/turtlebot3_example/turtlebot3_sonar
-- Installing: /home/s/scott_spaces/decadarobotics_devspace/install/turtlebot3_example/lib/turtlebot3_example/turtlebot3_illumination
-- Installing: /home/s/scott_spaces/decadarobotics_devspace/install/turtlebot3_example/lib/turtlebot3_example/turtlebot3_marker_server
-- Installing: /home/s/scott_spaces/decadarobotics_devspace/install/turtlebot3_example/share/turtlebot3_example/launch
-- Installing: /home/s/scott_spaces/decadarobotics_devspace/install/turtlebot3_example/share/turtlebot3_example/launch/turtlebot3_bumper.launch
-- Installing: /home/s/scott_spaces/decadarobotics_devspace/install/turtlebot3_example/share/turtlebot3_example/launch/turtlebot3_client.launch
-- Installing: /home/s/scott_spaces/decadarobotics_devspace/install/turtlebot3_example/share/turtlebot3_example/launch/turtlebot3_obstacle.launch
-- Installing: /home/s/scott_spaces/decadarobotics_devspace/install/turtlebot3_example/share/turtlebot3_example/launch/turtlebot3_sonar.launch
-- Installing: /home/s/scott_spaces/decadarobotics_devspace/install/turtlebot3_example/share/turtlebot3_example/launch/turtlebot3_pointop_key.launch
-- Installing: /home/s/scott_spaces/decadarobotics_devspace/install/turtlebot3_example/share/turtlebot3_example/launch/turtlebot3_illumination.launch
-- Installing: /home/s/scott_spaces/decadarobotics_devspace/install/turtlebot3_example/share/turtlebot3_example/launch/turtlebot3_cliff.launch
-- Installing: /home/s/scott_spaces/decadarobotics_devspace/install/turtlebot3_example/share/turtlebot3_example/launch/interactive_markers.launch
-- Installing: /home/s/scott_spaces/decadarobotics_devspace/install/turtlebot3_example/share/turtlebot3_example/rviz
-- Installing: /home/s/scott_spaces/decadarobotics_devspace/install/turtlebot3_example/share/turtlebot3_example/rviz/turtlebot3_interactive.rviz
