[0.036s] Invoking command in '/home/s/scott_spaces/decadarobotics_devspace/build/turtlebot3_example': CMAKE_PREFIX_PATH=/home/s/scott_spaces/decadarobotics_devspace/install/turtlebot3_bringup:/home/s/scott_spaces/decadarobotics_devspace/install/turtlebot3_teleop:/home/s/scott_spaces/decadarobotics_devspace/install/turtlebot3_description:/home/s/scott_spaces/decadarobotics_devspace/install/robot_state_publisher:${CMAKE_PREFIX_PATH} LD_LIBRARY_PATH=/home/s/scott_spaces/decadarobotics_devspace/install/robot_state_publisher/lib:${LD_LIBRARY_PATH} PKG_CONFIG_PATH=/home/s/scott_spaces/decadarobotics_devspace/install/turtlebot3_bringup/lib/x86_64-linux-gnu/pkgconfig:/home/s/scott_spaces/decadarobotics_devspace/install/turtlebot3_bringup/lib/pkgconfig:/home/s/scott_spaces/decadarobotics_devspace/install/turtlebot3_teleop/lib/x86_64-linux-gnu/pkgconfig:/home/s/scott_spaces/decadarobotics_devspace/install/turtlebot3_teleop/lib/pkgconfig:/home/s/scott_spaces/decadarobotics_devspace/install/turtlebot3_description/lib/x86_64-linux-gnu/pkgconfig:/home/s/scott_spaces/decadarobotics_devspace/install/turtlebot3_description/lib/pkgconfig:/home/s/scott_spaces/decadarobotics_devspace/install/robot_state_publisher/lib/x86_64-linux-gnu/pkgconfig:/home/s/scott_spaces/decadarobotics_devspace/install/robot_state_publisher/lib/pkgconfig:${PKG_CONFIG_PATH} PYTHONPATH=/home/s/scott_spaces/decadarobotics_devspace/install/turtlebot3_teleop/lib/python3/dist-packages:${PYTHONPATH} ROS_PACKAGE_PATH=/home/s/scott_spaces/decadarobotics_devspace/install/turtlebot3_bringup/share:/home/s/scott_spaces/decadarobotics_devspace/install/turtlebot3_teleop/share:/home/s/scott_spaces/decadarobotics_devspace/install/turtlebot3_description/share:/home/s/scott_spaces/decadarobotics_devspace/install/robot_state_publisher/share:${ROS_PACKAGE_PATH} /usr/bin/cmake /home/s/scott_spaces/decadarobotics_devspace/src/turtlebot3/turtlebot3_example -DCMAKE_BUILD_TYPE=Release -DCATKIN_INSTALL_INTO_PREFIX_ROOT=0 -DCMAKE_INSTALL_PREFIX=/home/s/scott_spaces/decadarobotics_devspace/install/turtlebot3_example
[0.130s] -- The C compiler identification is GNU 9.3.0
[0.213s] -- The CXX compiler identification is GNU 9.3.0
[0.223s] -- Check for working C compiler: /usr/bin/cc
[0.326s] -- Check for working C compiler: /usr/bin/cc -- works
[0.326s] -- Detecting C compiler ABI info
[0.490s] -- Detecting C compiler ABI info - done
[0.508s] -- Detecting C compile features
[0.509s] -- Detecting C compile features - done
[0.515s] -- Check for working CXX compiler: /usr/bin/c++
[0.631s] -- Check for working CXX compiler: /usr/bin/c++ -- works
[0.638s] -- Detecting CXX compiler ABI info
[0.762s] -- Detecting CXX compiler ABI info - done
[0.780s] -- Detecting CXX compile features
[0.781s] -- Detecting CXX compile features - done
[0.783s] -- Using CATKIN_DEVEL_PREFIX: /home/s/scott_spaces/decadarobotics_devspace/build/turtlebot3_example/devel
[0.784s] -- Using CMAKE_PREFIX_PATH: /home/s/scott_spaces/decadarobotics_devspace/install/turtlebot3_bringup;/home/s/scott_spaces/decadarobotics_devspace/install/turtlebot3_teleop;/home/s/scott_spaces/decadarobotics_devspace/install/turtlebot3_description;/home/s/scott_spaces/decadarobotics_devspace/install/robot_state_publisher;/opt/ros/noetic
[0.784s] -- This workspace overlays: /home/s/scott_spaces/decadarobotics_devspace/install/turtlebot3_bringup;/home/s/scott_spaces/decadarobotics_devspace/install/turtlebot3_teleop;/home/s/scott_spaces/decadarobotics_devspace/install/turtlebot3_description;/home/s/scott_spaces/decadarobotics_devspace/install/robot_state_publisher;/opt/ros/noetic
[0.813s] -- Found PythonInterp: /usr/bin/python3 (found suitable version "3.8.5", minimum required is "3") 
[0.813s] -- Using PYTHON_EXECUTABLE: /usr/bin/python3
[0.814s] -- Using Debian Python package layout
[0.855s] -- Found PY_em: /usr/lib/python3/dist-packages/em.py  
[0.857s] -- Using empy: /usr/lib/python3/dist-packages/em.py
[1.011s] -- Using CATKIN_ENABLE_TESTING: ON
[1.011s] -- Call enable_testing()
[1.013s] -- Using CATKIN_TEST_RESULTS_DIR: /home/s/scott_spaces/decadarobotics_devspace/build/turtlebot3_example/test_results
[1.550s] -- Forcing gtest/gmock from source, though one was otherwise available.
[1.550s] -- Found gtest sources under '/usr/src/googletest': gtests will be built
[1.550s] -- Found gmock sources under '/usr/src/googletest': gmock will be built
[1.589s] -- Found PythonInterp: /usr/bin/python3 (found version "3.8.5") 
[1.592s] -- Found Threads: TRUE  
[1.610s] -- Using Python nosetests: /usr/bin/nosetests3
[1.683s] -- catkin 0.8.10
[1.684s] -- BUILD_SHARED_LIBS is on
[1.937s] -- Using these message generators: gencpp;geneus;genlisp;gennodejs;genpy
[2.768s] -- Generating .msg files for action turtlebot3_example/Turtlebot3 /home/s/scott_spaces/decadarobotics_devspace/src/turtlebot3/turtlebot3_example/action/Turtlebot3.action
[2.832s] Generating for action Turtlebot3
[3.095s] -- turtlebot3_example: 7 messages, 0 services
[3.308s] -- Installing devel-space wrapper /home/s/scott_spaces/decadarobotics_devspace/src/turtlebot3/turtlebot3_example/nodes/turtlebot3_obstacle to /home/s/scott_spaces/decadarobotics_devspace/build/turtlebot3_example/devel/lib/turtlebot3_example
[3.310s] -- Installing devel-space wrapper /home/s/scott_spaces/decadarobotics_devspace/src/turtlebot3/turtlebot3_example/nodes/turtlebot3_client to /home/s/scott_spaces/decadarobotics_devspace/build/turtlebot3_example/devel/lib/turtlebot3_example
[3.312s] -- Installing devel-space wrapper /home/s/scott_spaces/decadarobotics_devspace/src/turtlebot3/turtlebot3_example/nodes/turtlebot3_server to /home/s/scott_spaces/decadarobotics_devspace/build/turtlebot3_example/devel/lib/turtlebot3_example
[3.313s] -- Installing devel-space wrapper /home/s/scott_spaces/decadarobotics_devspace/src/turtlebot3/turtlebot3_example/nodes/turtlebot3_pointop_key to /home/s/scott_spaces/decadarobotics_devspace/build/turtlebot3_example/devel/lib/turtlebot3_example
[3.315s] -- Installing devel-space wrapper /home/s/scott_spaces/decadarobotics_devspace/src/turtlebot3/turtlebot3_example/nodes/turtlebot3_bumper to /home/s/scott_spaces/decadarobotics_devspace/build/turtlebot3_example/devel/lib/turtlebot3_example
[3.317s] -- Installing devel-space wrapper /home/s/scott_spaces/decadarobotics_devspace/src/turtlebot3/turtlebot3_example/nodes/turtlebot3_cliff to /home/s/scott_spaces/decadarobotics_devspace/build/turtlebot3_example/devel/lib/turtlebot3_example
[3.318s] -- Installing devel-space wrapper /home/s/scott_spaces/decadarobotics_devspace/src/turtlebot3/turtlebot3_example/nodes/turtlebot3_sonar to /home/s/scott_spaces/decadarobotics_devspace/build/turtlebot3_example/devel/lib/turtlebot3_example
[3.319s] -- Installing devel-space wrapper /home/s/scott_spaces/decadarobotics_devspace/src/turtlebot3/turtlebot3_example/nodes/turtlebot3_illumination to /home/s/scott_spaces/decadarobotics_devspace/build/turtlebot3_example/devel/lib/turtlebot3_example
[3.320s] -- Installing devel-space wrapper /home/s/scott_spaces/decadarobotics_devspace/src/turtlebot3/turtlebot3_example/nodes/turtlebot3_marker_server to /home/s/scott_spaces/decadarobotics_devspace/build/turtlebot3_example/devel/lib/turtlebot3_example
[3.324s] -- Configuring done
[3.374s] -- Generating done
[3.383s] -- Build files have been written to: /home/s/scott_spaces/decadarobotics_devspace/build/turtlebot3_example
[3.408s] Invoked command in '/home/s/scott_spaces/decadarobotics_devspace/build/turtlebot3_example' returned '0': CMAKE_PREFIX_PATH=/home/s/scott_spaces/decadarobotics_devspace/install/turtlebot3_bringup:/home/s/scott_spaces/decadarobotics_devspace/install/turtlebot3_teleop:/home/s/scott_spaces/decadarobotics_devspace/install/turtlebot3_description:/home/s/scott_spaces/decadarobotics_devspace/install/robot_state_publisher:${CMAKE_PREFIX_PATH} LD_LIBRARY_PATH=/home/s/scott_spaces/decadarobotics_devspace/install/robot_state_publisher/lib:${LD_LIBRARY_PATH} PKG_CONFIG_PATH=/home/s/scott_spaces/decadarobotics_devspace/install/turtlebot3_bringup/lib/x86_64-linux-gnu/pkgconfig:/home/s/scott_spaces/decadarobotics_devspace/install/turtlebot3_bringup/lib/pkgconfig:/home/s/scott_spaces/decadarobotics_devspace/install/turtlebot3_teleop/lib/x86_64-linux-gnu/pkgconfig:/home/s/scott_spaces/decadarobotics_devspace/install/turtlebot3_teleop/lib/pkgconfig:/home/s/scott_spaces/decadarobotics_devspace/install/turtlebot3_description/lib/x86_64-linux-gnu/pkgconfig:/home/s/scott_spaces/decadarobotics_devspace/install/turtlebot3_description/lib/pkgconfig:/home/s/scott_spaces/decadarobotics_devspace/install/robot_state_publisher/lib/x86_64-linux-gnu/pkgconfig:/home/s/scott_spaces/decadarobotics_devspace/install/robot_state_publisher/lib/pkgconfig:${PKG_CONFIG_PATH} PYTHONPATH=/home/s/scott_spaces/decadarobotics_devspace/install/turtlebot3_teleop/lib/python3/dist-packages:${PYTHONPATH} ROS_PACKAGE_PATH=/home/s/scott_spaces/decadarobotics_devspace/install/turtlebot3_bringup/share:/home/s/scott_spaces/decadarobotics_devspace/install/turtlebot3_teleop/share:/home/s/scott_spaces/decadarobotics_devspace/install/turtlebot3_description/share:/home/s/scott_spaces/decadarobotics_devspace/install/robot_state_publisher/share:${ROS_PACKAGE_PATH} /usr/bin/cmake /home/s/scott_spaces/decadarobotics_devspace/src/turtlebot3/turtlebot3_example -DCMAKE_BUILD_TYPE=Release -DCATKIN_INSTALL_INTO_PREFIX_ROOT=0 -DCMAKE_INSTALL_PREFIX=/home/s/scott_spaces/decadarobotics_devspace/install/turtlebot3_example
[3.409s] Invoking command in '/home/s/scott_spaces/decadarobotics_devspace/build/turtlebot3_example': CMAKE_PREFIX_PATH=/home/s/scott_spaces/decadarobotics_devspace/install/turtlebot3_bringup:/home/s/scott_spaces/decadarobotics_devspace/install/turtlebot3_teleop:/home/s/scott_spaces/decadarobotics_devspace/install/turtlebot3_description:/home/s/scott_spaces/decadarobotics_devspace/install/robot_state_publisher:${CMAKE_PREFIX_PATH} LD_LIBRARY_PATH=/home/s/scott_spaces/decadarobotics_devspace/install/robot_state_publisher/lib:${LD_LIBRARY_PATH} PKG_CONFIG_PATH=/home/s/scott_spaces/decadarobotics_devspace/install/turtlebot3_bringup/lib/x86_64-linux-gnu/pkgconfig:/home/s/scott_spaces/decadarobotics_devspace/install/turtlebot3_bringup/lib/pkgconfig:/home/s/scott_spaces/decadarobotics_devspace/install/turtlebot3_teleop/lib/x86_64-linux-gnu/pkgconfig:/home/s/scott_spaces/decadarobotics_devspace/install/turtlebot3_teleop/lib/pkgconfig:/home/s/scott_spaces/decadarobotics_devspace/install/turtlebot3_description/lib/x86_64-linux-gnu/pkgconfig:/home/s/scott_spaces/decadarobotics_devspace/install/turtlebot3_description/lib/pkgconfig:/home/s/scott_spaces/decadarobotics_devspace/install/robot_state_publisher/lib/x86_64-linux-gnu/pkgconfig:/home/s/scott_spaces/decadarobotics_devspace/install/robot_state_publisher/lib/pkgconfig:${PKG_CONFIG_PATH} PYTHONPATH=/home/s/scott_spaces/decadarobotics_devspace/install/turtlebot3_teleop/lib/python3/dist-packages:${PYTHONPATH} ROS_PACKAGE_PATH=/home/s/scott_spaces/decadarobotics_devspace/install/turtlebot3_bringup/share:/home/s/scott_spaces/decadarobotics_devspace/install/turtlebot3_teleop/share:/home/s/scott_spaces/decadarobotics_devspace/install/turtlebot3_description/share:/home/s/scott_spaces/decadarobotics_devspace/install/robot_state_publisher/share:${ROS_PACKAGE_PATH} /usr/bin/cmake --build /home/s/scott_spaces/decadarobotics_devspace/build/turtlebot3_example -- -j4 -l4
[3.477s] [35m[1mScanning dependencies of target _turtlebot3_example_generate_messages_check_deps_Turtlebot3ActionGoal[0m
[3.538s] [  0%] Built target _turtlebot3_example_generate_messages_check_deps_Turtlebot3ActionGoal
[3.558s] [35m[1mScanning dependencies of target _turtlebot3_example_generate_messages_check_deps_Turtlebot3ActionFeedback[0m
[3.614s] [  0%] Built target _turtlebot3_example_generate_messages_check_deps_Turtlebot3ActionFeedback
[3.628s] [35m[1mScanning dependencies of target _turtlebot3_example_generate_messages_check_deps_Turtlebot3ActionResult[0m
[3.681s] [  0%] Built target _turtlebot3_example_generate_messages_check_deps_Turtlebot3ActionResult
[3.693s] [35m[1mScanning dependencies of target _turtlebot3_example_generate_messages_check_deps_Turtlebot3Action[0m
[3.750s] [  0%] Built target _turtlebot3_example_generate_messages_check_deps_Turtlebot3Action
[3.762s] [35m[1mScanning dependencies of target geometry_msgs_generate_messages_eus[0m
[3.773s] [  0%] Built target geometry_msgs_generate_messages_eus
[3.783s] [35m[1mScanning dependencies of target actionlib_msgs_generate_messages_eus[0m
[3.794s] [  0%] Built target actionlib_msgs_generate_messages_eus
[3.804s] [35m[1mScanning dependencies of target std_msgs_generate_messages_eus[0m
[3.826s] [  0%] Built target std_msgs_generate_messages_eus
[3.839s] [35m[1mScanning dependencies of target _turtlebot3_example_generate_messages_check_deps_Turtlebot3Feedback[0m
[3.902s] [  0%] Built target _turtlebot3_example_generate_messages_check_deps_Turtlebot3Feedback
[3.913s] [35m[1mScanning dependencies of target std_msgs_generate_messages_py[0m
[3.925s] [  0%] Built target std_msgs_generate_messages_py
[3.937s] [35m[1mScanning dependencies of target actionlib_msgs_generate_messages_py[0m
[3.952s] [  0%] Built target actionlib_msgs_generate_messages_py
[3.967s] [35m[1mScanning dependencies of target geometry_msgs_generate_messages_py[0m
[3.979s] [  0%] Built target geometry_msgs_generate_messages_py
[3.990s] [35m[1mScanning dependencies of target std_msgs_generate_messages_nodejs[0m
[4.000s] [  0%] Built target std_msgs_generate_messages_nodejs
[4.011s] [35m[1mScanning dependencies of target actionlib_msgs_generate_messages_nodejs[0m
[4.022s] [  0%] Built target actionlib_msgs_generate_messages_nodejs
[4.033s] [35m[1mScanning dependencies of target geometry_msgs_generate_messages_nodejs[0m
[4.044s] [  0%] Built target geometry_msgs_generate_messages_nodejs
[4.059s] [35m[1mScanning dependencies of target std_msgs_generate_messages_cpp[0m
[4.069s] [  0%] Built target std_msgs_generate_messages_cpp
[4.080s] [35m[1mScanning dependencies of target actionlib_msgs_generate_messages_cpp[0m
[4.093s] [  0%] Built target actionlib_msgs_generate_messages_cpp
[4.101s] [35m[1mScanning dependencies of target geometry_msgs_generate_messages_cpp[0m
[4.112s] [  0%] Built target geometry_msgs_generate_messages_cpp
[4.126s] [35m[1mScanning dependencies of target actionlib_msgs_generate_messages_lisp[0m
[4.138s] [  0%] Built target actionlib_msgs_generate_messages_lisp
[4.177s] [35m[1mScanning dependencies of target std_msgs_generate_messages_lisp[0m
[4.190s] [  0%] Built target std_msgs_generate_messages_lisp
[4.204s] [35m[1mScanning dependencies of target geometry_msgs_generate_messages_lisp[0m
[4.217s] [  0%] Built target geometry_msgs_generate_messages_lisp
[4.229s] [35m[1mScanning dependencies of target _turtlebot3_example_generate_messages_check_deps_Turtlebot3Goal[0m
[4.307s] [  0%] Built target _turtlebot3_example_generate_messages_check_deps_Turtlebot3Goal
[4.318s] [35m[1mScanning dependencies of target _turtlebot3_example_generate_messages_check_deps_Turtlebot3Result[0m
[4.370s] [  0%] Built target _turtlebot3_example_generate_messages_check_deps_Turtlebot3Result
[4.379s] [35m[1mScanning dependencies of target turtlebot3_example_generate_messages_eus[0m
[4.390s] [  2%] [34m[1mGenerating EusLisp code from turtlebot3_example/Turtlebot3Action.msg[0m
[4.525s] [  5%] [34m[1mGenerating EusLisp code from turtlebot3_example/Turtlebot3ActionGoal.msg[0m
[4.619s] [  8%] [34m[1mGenerating EusLisp code from turtlebot3_example/Turtlebot3ActionResult.msg[0m
[4.721s] [ 10%] [34m[1mGenerating EusLisp code from turtlebot3_example/Turtlebot3ActionFeedback.msg[0m
[4.820s] [ 13%] [34m[1mGenerating EusLisp code from turtlebot3_example/Turtlebot3Goal.msg[0m
[4.922s] [ 16%] [34m[1mGenerating EusLisp code from turtlebot3_example/Turtlebot3Result.msg[0m
[5.057s] [ 18%] [34m[1mGenerating EusLisp code from turtlebot3_example/Turtlebot3Feedback.msg[0m
[5.203s] [ 21%] [34m[1mGenerating EusLisp manifest code for turtlebot3_example[0m
[6.318s] [ 21%] Built target turtlebot3_example_generate_messages_eus
[6.329s] [35m[1mScanning dependencies of target turtlebot3_example_generate_messages_cpp[0m
[6.344s] [ 24%] [34m[1mGenerating C++ code from turtlebot3_example/Turtlebot3Action.msg[0m
[6.509s] [ 27%] [34m[1mGenerating C++ code from turtlebot3_example/Turtlebot3ActionGoal.msg[0m
[6.652s] [ 29%] [34m[1mGenerating C++ code from turtlebot3_example/Turtlebot3ActionResult.msg[0m
[6.787s] [ 32%] [34m[1mGenerating C++ code from turtlebot3_example/Turtlebot3ActionFeedback.msg[0m
[6.945s] [ 35%] [34m[1mGenerating C++ code from turtlebot3_example/Turtlebot3Goal.msg[0m
[7.122s] [ 37%] [34m[1mGenerating C++ code from turtlebot3_example/Turtlebot3Result.msg[0m
[7.288s] [ 40%] [34m[1mGenerating C++ code from turtlebot3_example/Turtlebot3Feedback.msg[0m
[7.435s] [ 40%] Built target turtlebot3_example_generate_messages_cpp
[7.447s] [35m[1mScanning dependencies of target turtlebot3_example_generate_messages_lisp[0m
[7.460s] [ 43%] [34m[1mGenerating Lisp code from turtlebot3_example/Turtlebot3Action.msg[0m
[7.568s] [ 45%] [34m[1mGenerating Lisp code from turtlebot3_example/Turtlebot3ActionGoal.msg[0m
[7.628s] [ 48%] [34m[1mGenerating Lisp code from turtlebot3_example/Turtlebot3ActionResult.msg[0m
[7.684s] [ 51%] [34m[1mGenerating Lisp code from turtlebot3_example/Turtlebot3ActionFeedback.msg[0m
[7.739s] [ 54%] [34m[1mGenerating Lisp code from turtlebot3_example/Turtlebot3Goal.msg[0m
[7.793s] [ 56%] [34m[1mGenerating Lisp code from turtlebot3_example/Turtlebot3Result.msg[0m
[7.847s] [ 59%] [34m[1mGenerating Lisp code from turtlebot3_example/Turtlebot3Feedback.msg[0m
[7.902s] [ 59%] Built target turtlebot3_example_generate_messages_lisp
[7.913s] [35m[1mScanning dependencies of target turtlebot3_example_generate_messages_nodejs[0m
[7.926s] [ 62%] [34m[1mGenerating Javascript code from turtlebot3_example/Turtlebot3Action.msg[0m
[7.998s] [ 64%] [34m[1mGenerating Javascript code from turtlebot3_example/Turtlebot3ActionResult.msg[0m
[8.062s] [ 67%] [34m[1mGenerating Javascript code from turtlebot3_example/Turtlebot3ActionFeedback.msg[0m
[8.117s] [ 70%] [34m[1mGenerating Javascript code from turtlebot3_example/Turtlebot3Goal.msg[0m
[8.178s] [ 72%] [34m[1mGenerating Javascript code from turtlebot3_example/Turtlebot3Result.msg[0m
[8.232s] [ 75%] [34m[1mGenerating Javascript code from turtlebot3_example/Turtlebot3Feedback.msg[0m
[8.286s] [ 78%] [34m[1mGenerating Javascript code from turtlebot3_example/Turtlebot3ActionGoal.msg[0m
[8.343s] [ 78%] Built target turtlebot3_example_generate_messages_nodejs
[8.353s] [35m[1mScanning dependencies of target turtlebot3_example_generate_messages_py[0m
[8.365s] [ 81%] [34m[1mGenerating Python from MSG turtlebot3_example/Turtlebot3Action[0m
[8.570s] [ 83%] [34m[1mGenerating Python from MSG turtlebot3_example/Turtlebot3ActionFeedback[0m
[8.760s] [ 86%] [34m[1mGenerating Python from MSG turtlebot3_example/Turtlebot3Goal[0m
[8.948s] [ 89%] [34m[1mGenerating Python from MSG turtlebot3_example/Turtlebot3Result[0m
[9.138s] [ 91%] [34m[1mGenerating Python from MSG turtlebot3_example/Turtlebot3Feedback[0m
[9.298s] [ 94%] [34m[1mGenerating Python from MSG turtlebot3_example/Turtlebot3ActionResult[0m
[9.453s] [ 97%] [34m[1mGenerating Python from MSG turtlebot3_example/Turtlebot3ActionGoal[0m
[9.608s] [100%] [34m[1mGenerating Python msg __init__.py for turtlebot3_example[0m
[9.761s] [100%] Built target turtlebot3_example_generate_messages_py
[9.773s] [35m[1mScanning dependencies of target turtlebot3_example_generate_messages[0m
[9.787s] [100%] Built target turtlebot3_example_generate_messages
[9.799s] Invoked command in '/home/s/scott_spaces/decadarobotics_devspace/build/turtlebot3_example' returned '0': CMAKE_PREFIX_PATH=/home/s/scott_spaces/decadarobotics_devspace/install/turtlebot3_bringup:/home/s/scott_spaces/decadarobotics_devspace/install/turtlebot3_teleop:/home/s/scott_spaces/decadarobotics_devspace/install/turtlebot3_description:/home/s/scott_spaces/decadarobotics_devspace/install/robot_state_publisher:${CMAKE_PREFIX_PATH} LD_LIBRARY_PATH=/home/s/scott_spaces/decadarobotics_devspace/install/robot_state_publisher/lib:${LD_LIBRARY_PATH} PKG_CONFIG_PATH=/home/s/scott_spaces/decadarobotics_devspace/install/turtlebot3_bringup/lib/x86_64-linux-gnu/pkgconfig:/home/s/scott_spaces/decadarobotics_devspace/install/turtlebot3_bringup/lib/pkgconfig:/home/s/scott_spaces/decadarobotics_devspace/install/turtlebot3_teleop/lib/x86_64-linux-gnu/pkgconfig:/home/s/scott_spaces/decadarobotics_devspace/install/turtlebot3_teleop/lib/pkgconfig:/home/s/scott_spaces/decadarobotics_devspace/install/turtlebot3_description/lib/x86_64-linux-gnu/pkgconfig:/home/s/scott_spaces/decadarobotics_devspace/install/turtlebot3_description/lib/pkgconfig:/home/s/scott_spaces/decadarobotics_devspace/install/robot_state_publisher/lib/x86_64-linux-gnu/pkgconfig:/home/s/scott_spaces/decadarobotics_devspace/install/robot_state_publisher/lib/pkgconfig:${PKG_CONFIG_PATH} PYTHONPATH=/home/s/scott_spaces/decadarobotics_devspace/install/turtlebot3_teleop/lib/python3/dist-packages:${PYTHONPATH} ROS_PACKAGE_PATH=/home/s/scott_spaces/decadarobotics_devspace/install/turtlebot3_bringup/share:/home/s/scott_spaces/decadarobotics_devspace/install/turtlebot3_teleop/share:/home/s/scott_spaces/decadarobotics_devspace/install/turtlebot3_description/share:/home/s/scott_spaces/decadarobotics_devspace/install/robot_state_publisher/share:${ROS_PACKAGE_PATH} /usr/bin/cmake --build /home/s/scott_spaces/decadarobotics_devspace/build/turtlebot3_example -- -j4 -l4
[9.868s] Invoking command in '/home/s/scott_spaces/decadarobotics_devspace/build/turtlebot3_example': CMAKE_PREFIX_PATH=/home/s/scott_spaces/decadarobotics_devspace/install/turtlebot3_bringup:/home/s/scott_spaces/decadarobotics_devspace/install/turtlebot3_teleop:/home/s/scott_spaces/decadarobotics_devspace/install/turtlebot3_description:/home/s/scott_spaces/decadarobotics_devspace/install/robot_state_publisher:${CMAKE_PREFIX_PATH} LD_LIBRARY_PATH=/home/s/scott_spaces/decadarobotics_devspace/install/robot_state_publisher/lib:${LD_LIBRARY_PATH} PKG_CONFIG_PATH=/home/s/scott_spaces/decadarobotics_devspace/install/turtlebot3_bringup/lib/x86_64-linux-gnu/pkgconfig:/home/s/scott_spaces/decadarobotics_devspace/install/turtlebot3_bringup/lib/pkgconfig:/home/s/scott_spaces/decadarobotics_devspace/install/turtlebot3_teleop/lib/x86_64-linux-gnu/pkgconfig:/home/s/scott_spaces/decadarobotics_devspace/install/turtlebot3_teleop/lib/pkgconfig:/home/s/scott_spaces/decadarobotics_devspace/install/turtlebot3_description/lib/x86_64-linux-gnu/pkgconfig:/home/s/scott_spaces/decadarobotics_devspace/install/turtlebot3_description/lib/pkgconfig:/home/s/scott_spaces/decadarobotics_devspace/install/robot_state_publisher/lib/x86_64-linux-gnu/pkgconfig:/home/s/scott_spaces/decadarobotics_devspace/install/robot_state_publisher/lib/pkgconfig:${PKG_CONFIG_PATH} PYTHONPATH=/home/s/scott_spaces/decadarobotics_devspace/install/turtlebot3_teleop/lib/python3/dist-packages:${PYTHONPATH} ROS_PACKAGE_PATH=/home/s/scott_spaces/decadarobotics_devspace/install/turtlebot3_bringup/share:/home/s/scott_spaces/decadarobotics_devspace/install/turtlebot3_teleop/share:/home/s/scott_spaces/decadarobotics_devspace/install/turtlebot3_description/share:/home/s/scott_spaces/decadarobotics_devspace/install/robot_state_publisher/share:${ROS_PACKAGE_PATH} /usr/bin/cmake --build /home/s/scott_spaces/decadarobotics_devspace/build/turtlebot3_example --target tests -- -j4 -l4
[9.930s] [35m[1mScanning dependencies of target tests[0m
[9.942s] Built target tests
[9.955s] Invoked command in '/home/s/scott_spaces/decadarobotics_devspace/build/turtlebot3_example' returned '0': CMAKE_PREFIX_PATH=/home/s/scott_spaces/decadarobotics_devspace/install/turtlebot3_bringup:/home/s/scott_spaces/decadarobotics_devspace/install/turtlebot3_teleop:/home/s/scott_spaces/decadarobotics_devspace/install/turtlebot3_description:/home/s/scott_spaces/decadarobotics_devspace/install/robot_state_publisher:${CMAKE_PREFIX_PATH} LD_LIBRARY_PATH=/home/s/scott_spaces/decadarobotics_devspace/install/robot_state_publisher/lib:${LD_LIBRARY_PATH} PKG_CONFIG_PATH=/home/s/scott_spaces/decadarobotics_devspace/install/turtlebot3_bringup/lib/x86_64-linux-gnu/pkgconfig:/home/s/scott_spaces/decadarobotics_devspace/install/turtlebot3_bringup/lib/pkgconfig:/home/s/scott_spaces/decadarobotics_devspace/install/turtlebot3_teleop/lib/x86_64-linux-gnu/pkgconfig:/home/s/scott_spaces/decadarobotics_devspace/install/turtlebot3_teleop/lib/pkgconfig:/home/s/scott_spaces/decadarobotics_devspace/install/turtlebot3_description/lib/x86_64-linux-gnu/pkgconfig:/home/s/scott_spaces/decadarobotics_devspace/install/turtlebot3_description/lib/pkgconfig:/home/s/scott_spaces/decadarobotics_devspace/install/robot_state_publisher/lib/x86_64-linux-gnu/pkgconfig:/home/s/scott_spaces/decadarobotics_devspace/install/robot_state_publisher/lib/pkgconfig:${PKG_CONFIG_PATH} PYTHONPATH=/home/s/scott_spaces/decadarobotics_devspace/install/turtlebot3_teleop/lib/python3/dist-packages:${PYTHONPATH} ROS_PACKAGE_PATH=/home/s/scott_spaces/decadarobotics_devspace/install/turtlebot3_bringup/share:/home/s/scott_spaces/decadarobotics_devspace/install/turtlebot3_teleop/share:/home/s/scott_spaces/decadarobotics_devspace/install/turtlebot3_description/share:/home/s/scott_spaces/decadarobotics_devspace/install/robot_state_publisher/share:${ROS_PACKAGE_PATH} /usr/bin/cmake --build /home/s/scott_spaces/decadarobotics_devspace/build/turtlebot3_example --target tests -- -j4 -l4
[10.018s] Invoking command in '/home/s/scott_spaces/decadarobotics_devspace/build/turtlebot3_example': CMAKE_PREFIX_PATH=/home/s/scott_spaces/decadarobotics_devspace/install/turtlebot3_bringup:/home/s/scott_spaces/decadarobotics_devspace/install/turtlebot3_teleop:/home/s/scott_spaces/decadarobotics_devspace/install/turtlebot3_description:/home/s/scott_spaces/decadarobotics_devspace/install/robot_state_publisher:${CMAKE_PREFIX_PATH} LD_LIBRARY_PATH=/home/s/scott_spaces/decadarobotics_devspace/install/robot_state_publisher/lib:${LD_LIBRARY_PATH} PKG_CONFIG_PATH=/home/s/scott_spaces/decadarobotics_devspace/install/turtlebot3_bringup/lib/x86_64-linux-gnu/pkgconfig:/home/s/scott_spaces/decadarobotics_devspace/install/turtlebot3_bringup/lib/pkgconfig:/home/s/scott_spaces/decadarobotics_devspace/install/turtlebot3_teleop/lib/x86_64-linux-gnu/pkgconfig:/home/s/scott_spaces/decadarobotics_devspace/install/turtlebot3_teleop/lib/pkgconfig:/home/s/scott_spaces/decadarobotics_devspace/install/turtlebot3_description/lib/x86_64-linux-gnu/pkgconfig:/home/s/scott_spaces/decadarobotics_devspace/install/turtlebot3_description/lib/pkgconfig:/home/s/scott_spaces/decadarobotics_devspace/install/robot_state_publisher/lib/x86_64-linux-gnu/pkgconfig:/home/s/scott_spaces/decadarobotics_devspace/install/robot_state_publisher/lib/pkgconfig:${PKG_CONFIG_PATH} PYTHONPATH=/home/s/scott_spaces/decadarobotics_devspace/install/turtlebot3_teleop/lib/python3/dist-packages:${PYTHONPATH} ROS_PACKAGE_PATH=/home/s/scott_spaces/decadarobotics_devspace/install/turtlebot3_bringup/share:/home/s/scott_spaces/decadarobotics_devspace/install/turtlebot3_teleop/share:/home/s/scott_spaces/decadarobotics_devspace/install/turtlebot3_description/share:/home/s/scott_spaces/decadarobotics_devspace/install/robot_state_publisher/share:${ROS_PACKAGE_PATH} /usr/bin/cmake --install /home/s/scott_spaces/decadarobotics_devspace/build/turtlebot3_example
[10.029s] -- Install configuration: "Release"
[10.031s] + cd /home/s/scott_spaces/decadarobotics_devspace/src/turtlebot3/turtlebot3_example
[10.031s] + mkdir -p /home/s/scott_spaces/decadarobotics_devspace/install/turtlebot3_example/lib/python3/dist-packages
[10.032s] + /usr/bin/env PYTHONPATH=/home/s/scott_spaces/decadarobotics_devspace/install/turtlebot3_example/lib/python3/dist-packages:/home/s/scott_spaces/decadarobotics_devspace/build/turtlebot3_example/lib/python3/dist-packages:/home/s/scott_spaces/decadarobotics_devspace/install/turtlebot3_teleop/lib/python3/dist-packages:/opt/ros/noetic/lib/python3/dist-packages CATKIN_BINARY_DIR=/home/s/scott_spaces/decadarobotics_devspace/build/turtlebot3_example /usr/bin/python3 /home/s/scott_spaces/decadarobotics_devspace/src/turtlebot3/turtlebot3_example/setup.py build --build-base /home/s/scott_spaces/decadarobotics_devspace/build/turtlebot3_example install --root=/ --install-layout=deb --prefix=/home/s/scott_spaces/decadarobotics_devspace/install/turtlebot3_example --install-scripts=/home/s/scott_spaces/decadarobotics_devspace/install/turtlebot3_example/bin
[10.092s] running build
[10.092s] running build_py
[10.093s] creating /home/s/scott_spaces/decadarobotics_devspace/build/turtlebot3_example/lib
[10.093s] creating /home/s/scott_spaces/decadarobotics_devspace/build/turtlebot3_example/lib/turtlebot3_example
[10.093s] copying src/turtlebot3_example/__init__.py -> /home/s/scott_spaces/decadarobotics_devspace/build/turtlebot3_example/lib/turtlebot3_example
[10.093s] running install
[10.094s] running install_lib
[10.095s] creating /home/s/scott_spaces/decadarobotics_devspace/install/turtlebot3_example/lib/python3/dist-packages/turtlebot3_example
[10.095s] copying /home/s/scott_spaces/decadarobotics_devspace/build/turtlebot3_example/lib/turtlebot3_example/__init__.py -> /home/s/scott_spaces/decadarobotics_devspace/install/turtlebot3_example/lib/python3/dist-packages/turtlebot3_example
[10.098s] byte-compiling /home/s/scott_spaces/decadarobotics_devspace/install/turtlebot3_example/lib/python3/dist-packages/turtlebot3_example/__init__.py to __init__.cpython-38.pyc
[10.099s] running install_egg_info
[10.100s] Writing /home/s/scott_spaces/decadarobotics_devspace/install/turtlebot3_example/lib/python3/dist-packages/turtlebot3_example-1.2.5.egg-info
[10.110s] -- Installing: /home/s/scott_spaces/decadarobotics_devspace/install/turtlebot3_example/share/turtlebot3_example/action/Turtlebot3.action
[10.111s] -- Installing: /home/s/scott_spaces/decadarobotics_devspace/install/turtlebot3_example/share/turtlebot3_example/msg/Turtlebot3Action.msg
[10.111s] -- Installing: /home/s/scott_spaces/decadarobotics_devspace/install/turtlebot3_example/share/turtlebot3_example/msg/Turtlebot3ActionGoal.msg
[10.111s] -- Installing: /home/s/scott_spaces/decadarobotics_devspace/install/turtlebot3_example/share/turtlebot3_example/msg/Turtlebot3ActionResult.msg
[10.111s] -- Installing: /home/s/scott_spaces/decadarobotics_devspace/install/turtlebot3_example/share/turtlebot3_example/msg/Turtlebot3ActionFeedback.msg
[10.111s] -- Installing: /home/s/scott_spaces/decadarobotics_devspace/install/turtlebot3_example/share/turtlebot3_example/msg/Turtlebot3Goal.msg
[10.111s] -- Installing: /home/s/scott_spaces/decadarobotics_devspace/install/turtlebot3_example/share/turtlebot3_example/msg/Turtlebot3Result.msg
[10.112s] -- Installing: /home/s/scott_spaces/decadarobotics_devspace/install/turtlebot3_example/share/turtlebot3_example/msg/Turtlebot3Feedback.msg
[10.112s] -- Installing: /home/s/scott_spaces/decadarobotics_devspace/install/turtlebot3_example/share/turtlebot3_example/cmake/turtlebot3_example-msg-paths.cmake
[10.112s] -- Installing: /home/s/scott_spaces/decadarobotics_devspace/install/turtlebot3_example/include/turtlebot3_example
[10.112s] -- Installing: /home/s/scott_spaces/decadarobotics_devspace/install/turtlebot3_example/include/turtlebot3_example/Turtlebot3Result.h
[10.112s] -- Installing: /home/s/scott_spaces/decadarobotics_devspace/install/turtlebot3_example/include/turtlebot3_example/Turtlebot3ActionFeedback.h
[10.112s] -- Installing: /home/s/scott_spaces/decadarobotics_devspace/install/turtlebot3_example/include/turtlebot3_example/Turtlebot3ActionGoal.h
[10.112s] -- Installing: /home/s/scott_spaces/decadarobotics_devspace/install/turtlebot3_example/include/turtlebot3_example/Turtlebot3ActionResult.h
[10.112s] -- Installing: /home/s/scott_spaces/decadarobotics_devspace/install/turtlebot3_example/include/turtlebot3_example/Turtlebot3Goal.h
[10.112s] -- Installing: /home/s/scott_spaces/decadarobotics_devspace/install/turtlebot3_example/include/turtlebot3_example/Turtlebot3Action.h
[10.112s] -- Installing: /home/s/scott_spaces/decadarobotics_devspace/install/turtlebot3_example/include/turtlebot3_example/Turtlebot3Feedback.h
[10.113s] -- Installing: /home/s/scott_spaces/decadarobotics_devspace/install/turtlebot3_example/share/roseus/ros/turtlebot3_example
[10.113s] -- Installing: /home/s/scott_spaces/decadarobotics_devspace/install/turtlebot3_example/share/roseus/ros/turtlebot3_example/manifest.l
[10.113s] -- Installing: /home/s/scott_spaces/decadarobotics_devspace/install/turtlebot3_example/share/roseus/ros/turtlebot3_example/msg
[10.113s] -- Installing: /home/s/scott_spaces/decadarobotics_devspace/install/turtlebot3_example/share/roseus/ros/turtlebot3_example/msg/Turtlebot3Feedback.l
[10.113s] -- Installing: /home/s/scott_spaces/decadarobotics_devspace/install/turtlebot3_example/share/roseus/ros/turtlebot3_example/msg/Turtlebot3Result.l
[10.113s] -- Installing: /home/s/scott_spaces/decadarobotics_devspace/install/turtlebot3_example/share/roseus/ros/turtlebot3_example/msg/Turtlebot3ActionResult.l
[10.113s] -- Installing: /home/s/scott_spaces/decadarobotics_devspace/install/turtlebot3_example/share/roseus/ros/turtlebot3_example/msg/Turtlebot3Goal.l
[10.113s] -- Installing: /home/s/scott_spaces/decadarobotics_devspace/install/turtlebot3_example/share/roseus/ros/turtlebot3_example/msg/Turtlebot3ActionGoal.l
[10.113s] -- Installing: /home/s/scott_spaces/decadarobotics_devspace/install/turtlebot3_example/share/roseus/ros/turtlebot3_example/msg/Turtlebot3ActionFeedback.l
[10.113s] -- Installing: /home/s/scott_spaces/decadarobotics_devspace/install/turtlebot3_example/share/roseus/ros/turtlebot3_example/msg/Turtlebot3Action.l
[10.114s] -- Installing: /home/s/scott_spaces/decadarobotics_devspace/install/turtlebot3_example/share/common-lisp/ros/turtlebot3_example
[10.114s] -- Installing: /home/s/scott_spaces/decadarobotics_devspace/install/turtlebot3_example/share/common-lisp/ros/turtlebot3_example/msg
[10.114s] -- Installing: /home/s/scott_spaces/decadarobotics_devspace/install/turtlebot3_example/share/common-lisp/ros/turtlebot3_example/msg/_package_Turtlebot3Goal.lisp
[10.114s] -- Installing: /home/s/scott_spaces/decadarobotics_devspace/install/turtlebot3_example/share/common-lisp/ros/turtlebot3_example/msg/Turtlebot3Goal.lisp
[10.114s] -- Installing: /home/s/scott_spaces/decadarobotics_devspace/install/turtlebot3_example/share/common-lisp/ros/turtlebot3_example/msg/_package_Turtlebot3ActionFeedback.lisp
[10.114s] -- Installing: /home/s/scott_spaces/decadarobotics_devspace/install/turtlebot3_example/share/common-lisp/ros/turtlebot3_example/msg/_package_Turtlebot3Result.lisp
[10.114s] -- Installing: /home/s/scott_spaces/decadarobotics_devspace/install/turtlebot3_example/share/common-lisp/ros/turtlebot3_example/msg/_package.lisp
[10.114s] -- Installing: /home/s/scott_spaces/decadarobotics_devspace/install/turtlebot3_example/share/common-lisp/ros/turtlebot3_example/msg/Turtlebot3Feedback.lisp
[10.114s] -- Installing: /home/s/scott_spaces/decadarobotics_devspace/install/turtlebot3_example/share/common-lisp/ros/turtlebot3_example/msg/_package_Turtlebot3Feedback.lisp
[10.114s] -- Installing: /home/s/scott_spaces/decadarobotics_devspace/install/turtlebot3_example/share/common-lisp/ros/turtlebot3_example/msg/Turtlebot3Action.lisp
[10.114s] -- Installing: /home/s/scott_spaces/decadarobotics_devspace/install/turtlebot3_example/share/common-lisp/ros/turtlebot3_example/msg/turtlebot3_example-msg.asd
[10.115s] -- Installing: /home/s/scott_spaces/decadarobotics_devspace/install/turtlebot3_example/share/common-lisp/ros/turtlebot3_example/msg/_package_Turtlebot3Action.lisp
[10.115s] -- Installing: /home/s/scott_spaces/decadarobotics_devspace/install/turtlebot3_example/share/common-lisp/ros/turtlebot3_example/msg/Turtlebot3ActionResult.lisp
[10.115s] -- Installing: /home/s/scott_spaces/decadarobotics_devspace/install/turtlebot3_example/share/common-lisp/ros/turtlebot3_example/msg/Turtlebot3Result.lisp
[10.115s] -- Installing: /home/s/scott_spaces/decadarobotics_devspace/install/turtlebot3_example/share/common-lisp/ros/turtlebot3_example/msg/_package_Turtlebot3ActionResult.lisp
[10.115s] -- Installing: /home/s/scott_spaces/decadarobotics_devspace/install/turtlebot3_example/share/common-lisp/ros/turtlebot3_example/msg/Turtlebot3ActionGoal.lisp
[10.115s] -- Installing: /home/s/scott_spaces/decadarobotics_devspace/install/turtlebot3_example/share/common-lisp/ros/turtlebot3_example/msg/Turtlebot3ActionFeedback.lisp
[10.115s] -- Installing: /home/s/scott_spaces/decadarobotics_devspace/install/turtlebot3_example/share/common-lisp/ros/turtlebot3_example/msg/_package_Turtlebot3ActionGoal.lisp
[10.115s] -- Installing: /home/s/scott_spaces/decadarobotics_devspace/install/turtlebot3_example/share/gennodejs/ros/turtlebot3_example
[10.115s] -- Installing: /home/s/scott_spaces/decadarobotics_devspace/install/turtlebot3_example/share/gennodejs/ros/turtlebot3_example/msg
[10.115s] -- Installing: /home/s/scott_spaces/decadarobotics_devspace/install/turtlebot3_example/share/gennodejs/ros/turtlebot3_example/msg/Turtlebot3Result.js
[10.115s] -- Installing: /home/s/scott_spaces/decadarobotics_devspace/install/turtlebot3_example/share/gennodejs/ros/turtlebot3_example/msg/Turtlebot3Action.js
[10.115s] -- Installing: /home/s/scott_spaces/decadarobotics_devspace/install/turtlebot3_example/share/gennodejs/ros/turtlebot3_example/msg/_index.js
[10.116s] -- Installing: /home/s/scott_spaces/decadarobotics_devspace/install/turtlebot3_example/share/gennodejs/ros/turtlebot3_example/msg/Turtlebot3ActionGoal.js
[10.116s] -- Installing: /home/s/scott_spaces/decadarobotics_devspace/install/turtlebot3_example/share/gennodejs/ros/turtlebot3_example/msg/Turtlebot3Feedback.js
[10.116s] -- Installing: /home/s/scott_spaces/decadarobotics_devspace/install/turtlebot3_example/share/gennodejs/ros/turtlebot3_example/msg/Turtlebot3ActionResult.js
[10.116s] -- Installing: /home/s/scott_spaces/decadarobotics_devspace/install/turtlebot3_example/share/gennodejs/ros/turtlebot3_example/msg/Turtlebot3Goal.js
[10.116s] -- Installing: /home/s/scott_spaces/decadarobotics_devspace/install/turtlebot3_example/share/gennodejs/ros/turtlebot3_example/msg/Turtlebot3ActionFeedback.js
[10.116s] -- Installing: /home/s/scott_spaces/decadarobotics_devspace/install/turtlebot3_example/share/gennodejs/ros/turtlebot3_example/_index.js
[10.161s] Listing '/home/s/scott_spaces/decadarobotics_devspace/build/turtlebot3_example/devel/lib/python3/dist-packages/turtlebot3_example'...
[10.161s] Compiling '/home/s/scott_spaces/decadarobotics_devspace/build/turtlebot3_example/devel/lib/python3/dist-packages/turtlebot3_example/__init__.py'...
[10.161s] Listing '/home/s/scott_spaces/decadarobotics_devspace/build/turtlebot3_example/devel/lib/python3/dist-packages/turtlebot3_example/msg'...
[10.161s] Compiling '/home/s/scott_spaces/decadarobotics_devspace/build/turtlebot3_example/devel/lib/python3/dist-packages/turtlebot3_example/msg/_Turtlebot3Action.py'...
[10.161s] Compiling '/home/s/scott_spaces/decadarobotics_devspace/build/turtlebot3_example/devel/lib/python3/dist-packages/turtlebot3_example/msg/_Turtlebot3ActionFeedback.py'...
[10.161s] Compiling '/home/s/scott_spaces/decadarobotics_devspace/build/turtlebot3_example/devel/lib/python3/dist-packages/turtlebot3_example/msg/_Turtlebot3ActionGoal.py'...
[10.161s] Compiling '/home/s/scott_spaces/decadarobotics_devspace/build/turtlebot3_example/devel/lib/python3/dist-packages/turtlebot3_example/msg/_Turtlebot3ActionResult.py'...
[10.161s] Compiling '/home/s/scott_spaces/decadarobotics_devspace/build/turtlebot3_example/devel/lib/python3/dist-packages/turtlebot3_example/msg/_Turtlebot3Feedback.py'...
[10.161s] Compiling '/home/s/scott_spaces/decadarobotics_devspace/build/turtlebot3_example/devel/lib/python3/dist-packages/turtlebot3_example/msg/_Turtlebot3Goal.py'...
[10.161s] Compiling '/home/s/scott_spaces/decadarobotics_devspace/build/turtlebot3_example/devel/lib/python3/dist-packages/turtlebot3_example/msg/_Turtlebot3Result.py'...
[10.162s] Compiling '/home/s/scott_spaces/decadarobotics_devspace/build/turtlebot3_example/devel/lib/python3/dist-packages/turtlebot3_example/msg/__init__.py'...
[10.167s] -- Up-to-date: /home/s/scott_spaces/decadarobotics_devspace/install/turtlebot3_example/lib/python3/dist-packages/turtlebot3_example
[10.167s] -- Up-to-date: /home/s/scott_spaces/decadarobotics_devspace/install/turtlebot3_example/lib/python3/dist-packages/turtlebot3_example/__pycache__
[10.167s] -- Up-to-date: /home/s/scott_spaces/decadarobotics_devspace/install/turtlebot3_example/lib/python3/dist-packages/turtlebot3_example/__pycache__/__init__.cpython-38.pyc
[10.167s] -- Installing: /home/s/scott_spaces/decadarobotics_devspace/install/turtlebot3_example/lib/python3/dist-packages/turtlebot3_example/msg
[10.167s] -- Installing: /home/s/scott_spaces/decadarobotics_devspace/install/turtlebot3_example/lib/python3/dist-packages/turtlebot3_example/msg/_Turtlebot3Result.py
[10.167s] -- Installing: /home/s/scott_spaces/decadarobotics_devspace/install/turtlebot3_example/lib/python3/dist-packages/turtlebot3_example/msg/_Turtlebot3Feedback.py
[10.168s] -- Installing: /home/s/scott_spaces/decadarobotics_devspace/install/turtlebot3_example/lib/python3/dist-packages/turtlebot3_example/msg/__pycache__
[10.168s] -- Installing: /home/s/scott_spaces/decadarobotics_devspace/install/turtlebot3_example/lib/python3/dist-packages/turtlebot3_example/msg/__pycache__/_Turtlebot3ActionGoal.cpython-38.pyc
[10.168s] -- Installing: /home/s/scott_spaces/decadarobotics_devspace/install/turtlebot3_example/lib/python3/dist-packages/turtlebot3_example/msg/__pycache__/_Turtlebot3ActionResult.cpython-38.pyc
[10.168s] -- Installing: /home/s/scott_spaces/decadarobotics_devspace/install/turtlebot3_example/lib/python3/dist-packages/turtlebot3_example/msg/__pycache__/_Turtlebot3Action.cpython-38.pyc
[10.168s] -- Installing: /home/s/scott_spaces/decadarobotics_devspace/install/turtlebot3_example/lib/python3/dist-packages/turtlebot3_example/msg/__pycache__/__init__.cpython-38.pyc
[10.168s] -- Installing: /home/s/scott_spaces/decadarobotics_devspace/install/turtlebot3_example/lib/python3/dist-packages/turtlebot3_example/msg/__pycache__/_Turtlebot3Goal.cpython-38.pyc
[10.168s] -- Installing: /home/s/scott_spaces/decadarobotics_devspace/install/turtlebot3_example/lib/python3/dist-packages/turtlebot3_example/msg/__pycache__/_Turtlebot3ActionFeedback.cpython-38.pyc
[10.168s] -- Installing: /home/s/scott_spaces/decadarobotics_devspace/install/turtlebot3_example/lib/python3/dist-packages/turtlebot3_example/msg/__pycache__/_Turtlebot3Result.cpython-38.pyc
[10.168s] -- Installing: /home/s/scott_spaces/decadarobotics_devspace/install/turtlebot3_example/lib/python3/dist-packages/turtlebot3_example/msg/__pycache__/_Turtlebot3Feedback.cpython-38.pyc
[10.168s] -- Installing: /home/s/scott_spaces/decadarobotics_devspace/install/turtlebot3_example/lib/python3/dist-packages/turtlebot3_example/msg/_Turtlebot3Goal.py
[10.168s] -- Installing: /home/s/scott_spaces/decadarobotics_devspace/install/turtlebot3_example/lib/python3/dist-packages/turtlebot3_example/msg/_Turtlebot3ActionResult.py
[10.168s] -- Installing: /home/s/scott_spaces/decadarobotics_devspace/install/turtlebot3_example/lib/python3/dist-packages/turtlebot3_example/msg/_Turtlebot3ActionGoal.py
[10.169s] -- Installing: /home/s/scott_spaces/decadarobotics_devspace/install/turtlebot3_example/lib/python3/dist-packages/turtlebot3_example/msg/_Turtlebot3ActionFeedback.py
[10.169s] -- Installing: /home/s/scott_spaces/decadarobotics_devspace/install/turtlebot3_example/lib/python3/dist-packages/turtlebot3_example/msg/_Turtlebot3Action.py
[10.169s] -- Up-to-date: /home/s/scott_spaces/decadarobotics_devspace/install/turtlebot3_example/lib/python3/dist-packages/turtlebot3_example
[10.169s] -- Up-to-date: /home/s/scott_spaces/decadarobotics_devspace/install/turtlebot3_example/lib/python3/dist-packages/turtlebot3_example/__pycache__
[10.169s] -- Up-to-date: /home/s/scott_spaces/decadarobotics_devspace/install/turtlebot3_example/lib/python3/dist-packages/turtlebot3_example/msg
[10.169s] -- Up-to-date: /home/s/scott_spaces/decadarobotics_devspace/install/turtlebot3_example/lib/python3/dist-packages/turtlebot3_example/msg/__pycache__
[10.169s] -- Installing: /home/s/scott_spaces/decadarobotics_devspace/install/turtlebot3_example/lib/python3/dist-packages/turtlebot3_example/msg/__init__.py
[10.169s] -- Installing: /home/s/scott_spaces/decadarobotics_devspace/install/turtlebot3_example/lib/pkgconfig/turtlebot3_example.pc
[10.169s] -- Installing: /home/s/scott_spaces/decadarobotics_devspace/install/turtlebot3_example/share/turtlebot3_example/cmake/turtlebot3_example-msg-extras.cmake
[10.169s] -- Installing: /home/s/scott_spaces/decadarobotics_devspace/install/turtlebot3_example/share/turtlebot3_example/cmake/turtlebot3_exampleConfig.cmake
[10.170s] -- Installing: /home/s/scott_spaces/decadarobotics_devspace/install/turtlebot3_example/share/turtlebot3_example/cmake/turtlebot3_exampleConfig-version.cmake
[10.170s] -- Installing: /home/s/scott_spaces/decadarobotics_devspace/install/turtlebot3_example/share/turtlebot3_example/package.xml
[10.170s] -- Installing: /home/s/scott_spaces/decadarobotics_devspace/install/turtlebot3_example/lib/turtlebot3_example/turtlebot3_obstacle
[10.170s] -- Installing: /home/s/scott_spaces/decadarobotics_devspace/install/turtlebot3_example/lib/turtlebot3_example/turtlebot3_client
[10.170s] -- Installing: /home/s/scott_spaces/decadarobotics_devspace/install/turtlebot3_example/lib/turtlebot3_example/turtlebot3_server
[10.170s] -- Installing: /home/s/scott_spaces/decadarobotics_devspace/install/turtlebot3_example/lib/turtlebot3_example/turtlebot3_pointop_key
[10.170s] -- Installing: /home/s/scott_spaces/decadarobotics_devspace/install/turtlebot3_example/lib/turtlebot3_example/turtlebot3_bumper
[10.171s] -- Installing: /home/s/scott_spaces/decadarobotics_devspace/install/turtlebot3_example/lib/turtlebot3_example/turtlebot3_cliff
[10.171s] -- Installing: /home/s/scott_spaces/decadarobotics_devspace/install/turtlebot3_example/lib/turtlebot3_example/turtlebot3_sonar
[10.171s] -- Installing: /home/s/scott_spaces/decadarobotics_devspace/install/turtlebot3_example/lib/turtlebot3_example/turtlebot3_illumination
[10.171s] -- Installing: /home/s/scott_spaces/decadarobotics_devspace/install/turtlebot3_example/lib/turtlebot3_example/turtlebot3_marker_server
[10.171s] -- Installing: /home/s/scott_spaces/decadarobotics_devspace/install/turtlebot3_example/share/turtlebot3_example/launch
[10.171s] -- Installing: /home/s/scott_spaces/decadarobotics_devspace/install/turtlebot3_example/share/turtlebot3_example/launch/turtlebot3_bumper.launch
[10.171s] -- Installing: /home/s/scott_spaces/decadarobotics_devspace/install/turtlebot3_example/share/turtlebot3_example/launch/turtlebot3_client.launch
[10.172s] -- Installing: /home/s/scott_spaces/decadarobotics_devspace/install/turtlebot3_example/share/turtlebot3_example/launch/turtlebot3_obstacle.launch
[10.172s] -- Installing: /home/s/scott_spaces/decadarobotics_devspace/install/turtlebot3_example/share/turtlebot3_example/launch/turtlebot3_sonar.launch
[10.172s] -- Installing: /home/s/scott_spaces/decadarobotics_devspace/install/turtlebot3_example/share/turtlebot3_example/launch/turtlebot3_pointop_key.launch
[10.172s] -- Installing: /home/s/scott_spaces/decadarobotics_devspace/install/turtlebot3_example/share/turtlebot3_example/launch/turtlebot3_illumination.launch
[10.172s] -- Installing: /home/s/scott_spaces/decadarobotics_devspace/install/turtlebot3_example/share/turtlebot3_example/launch/turtlebot3_cliff.launch
[10.172s] -- Installing: /home/s/scott_spaces/decadarobotics_devspace/install/turtlebot3_example/share/turtlebot3_example/launch/interactive_markers.launch
[10.172s] -- Installing: /home/s/scott_spaces/decadarobotics_devspace/install/turtlebot3_example/share/turtlebot3_example/rviz
[10.172s] -- Installing: /home/s/scott_spaces/decadarobotics_devspace/install/turtlebot3_example/share/turtlebot3_example/rviz/turtlebot3_interactive.rviz
[10.175s] Invoked command in '/home/s/scott_spaces/decadarobotics_devspace/build/turtlebot3_example' returned '0': CMAKE_PREFIX_PATH=/home/s/scott_spaces/decadarobotics_devspace/install/turtlebot3_bringup:/home/s/scott_spaces/decadarobotics_devspace/install/turtlebot3_teleop:/home/s/scott_spaces/decadarobotics_devspace/install/turtlebot3_description:/home/s/scott_spaces/decadarobotics_devspace/install/robot_state_publisher:${CMAKE_PREFIX_PATH} LD_LIBRARY_PATH=/home/s/scott_spaces/decadarobotics_devspace/install/robot_state_publisher/lib:${LD_LIBRARY_PATH} PKG_CONFIG_PATH=/home/s/scott_spaces/decadarobotics_devspace/install/turtlebot3_bringup/lib/x86_64-linux-gnu/pkgconfig:/home/s/scott_spaces/decadarobotics_devspace/install/turtlebot3_bringup/lib/pkgconfig:/home/s/scott_spaces/decadarobotics_devspace/install/turtlebot3_teleop/lib/x86_64-linux-gnu/pkgconfig:/home/s/scott_spaces/decadarobotics_devspace/install/turtlebot3_teleop/lib/pkgconfig:/home/s/scott_spaces/decadarobotics_devspace/install/turtlebot3_description/lib/x86_64-linux-gnu/pkgconfig:/home/s/scott_spaces/decadarobotics_devspace/install/turtlebot3_description/lib/pkgconfig:/home/s/scott_spaces/decadarobotics_devspace/install/robot_state_publisher/lib/x86_64-linux-gnu/pkgconfig:/home/s/scott_spaces/decadarobotics_devspace/install/robot_state_publisher/lib/pkgconfig:${PKG_CONFIG_PATH} PYTHONPATH=/home/s/scott_spaces/decadarobotics_devspace/install/turtlebot3_teleop/lib/python3/dist-packages:${PYTHONPATH} ROS_PACKAGE_PATH=/home/s/scott_spaces/decadarobotics_devspace/install/turtlebot3_bringup/share:/home/s/scott_spaces/decadarobotics_devspace/install/turtlebot3_teleop/share:/home/s/scott_spaces/decadarobotics_devspace/install/turtlebot3_description/share:/home/s/scott_spaces/decadarobotics_devspace/install/robot_state_publisher/share:${ROS_PACKAGE_PATH} /usr/bin/cmake --install /home/s/scott_spaces/decadarobotics_devspace/build/turtlebot3_example
