[0.033s] Invoking command in '/home/s/scott_spaces/decadarobotics_devspace/build/robot_state_publisher': /usr/bin/cmake --build /home/s/scott_spaces/decadarobotics_devspace/build/robot_state_publisher -- -j4 -l4
[0.089s] [35m[1mScanning dependencies of target robot_state_publisher_solver[0m
[0.124s] [ 16%] [32mBuilding CXX object CMakeFiles/robot_state_publisher_solver.dir/src/robot_state_publisher.cpp.o[0m
[4.773s] [ 33%] [32m[1mLinking CXX shared library devel/lib/librobot_state_publisher_solver.so[0m
[5.112s] [ 33%] Built target robot_state_publisher_solver
[5.162s] [35m[1mScanning dependencies of target joint_state_listener[0m
[5.204s] [ 50%] [32mBuilding CXX object CMakeFiles/joint_state_listener.dir/src/joint_state_listener.cpp.o[0m
[11.698s] [ 66%] [32m[1mLinking CXX shared library devel/lib/libjoint_state_listener.so[0m
[11.905s] [ 66%] Built target joint_state_listener
[11.945s] [35m[1mScanning dependencies of target robot_state_publisher[0m
[11.998s] [ 83%] [32mBuilding CXX object CMakeFiles/robot_state_publisher.dir/src/robot_state_publisher_node.cpp.o[0m
[15.381s] [100%] [32m[1mLinking CXX executable devel/lib/robot_state_publisher/robot_state_publisher[0m
[15.621s] [100%] Built target robot_state_publisher
[15.635s] Invoked command in '/home/s/scott_spaces/decadarobotics_devspace/build/robot_state_publisher' returned '0': /usr/bin/cmake --build /home/s/scott_spaces/decadarobotics_devspace/build/robot_state_publisher -- -j4 -l4
[15.975s] Invoking command in '/home/s/scott_spaces/decadarobotics_devspace/build/robot_state_publisher': /usr/bin/cmake --build /home/s/scott_spaces/decadarobotics_devspace/build/robot_state_publisher --target tests -- -j4 -l4
[16.090s] [35m[1mScanning dependencies of target gtest[0m
[16.092s] [35m[1mScanning dependencies of target joint_states_indexed_bag[0m
[16.121s] [ 11%] Built target robot_state_publisher_solver
[16.180s] [ 16%] [32mBuilding CXX object gtest/googletest/CMakeFiles/gtest.dir/src/gtest-all.cc.o[0m
[16.203s] [ 27%] Built target joint_state_listener
[19.874s] Downloading http://wiki.ros.org/robot_state_publisher/data?action=AttachFile&do=get&target=joint_states_indexed.bag to /home/s/scott_spaces/decadarobotics_devspace/build/robot_state_publisher/devel/share/robot_state_publisher/test/joint_states_indexed.bag... done.
[19.881s] Checking md5sum on /home/s/scott_spaces/decadarobotics_devspace/build/robot_state_publisher/devel/share/robot_state_publisher/test/joint_states_indexed.bag
[19.921s] [ 27%] Built target joint_states_indexed_bag
[25.982s] [ 33%] [32m[1mLinking CXX shared library ../lib/libgtest.so[0m
[26.103s] [ 33%] Built target gtest
[26.118s] [35m[1mScanning dependencies of target test_subclass[0m
[26.118s] [35m[1mScanning dependencies of target test_one_link[0m
[26.140s] [35m[1mScanning dependencies of target test_joint_states_bag[0m
[26.155s] [35m[1mScanning dependencies of target test_two_links_moving_joint[0m
[26.174s] [ 38%] [32mBuilding CXX object CMakeFiles/test_subclass.dir/test/test_subclass.cpp.o[0m
[26.184s] [ 44%] [32mBuilding CXX object CMakeFiles/test_one_link.dir/test/test_one_link.cpp.o[0m
[26.198s] [ 50%] [32mBuilding CXX object CMakeFiles/test_joint_states_bag.dir/test/test_joint_states_bag.cpp.o[0m
[26.296s] [ 55%] [32mBuilding CXX object CMakeFiles/test_two_links_moving_joint.dir/test/test_two_links_moving_joint.cpp.o[0m
[31.662s] [ 61%] [32m[1mLinking CXX executable devel/lib/robot_state_publisher/test_subclass[0m
[32.297s] [ 61%] Built target test_subclass
[32.348s] [35m[1mScanning dependencies of target test_two_links_fixed_joint[0m
[32.417s] [ 66%] [32mBuilding CXX object CMakeFiles/test_two_links_fixed_joint.dir/test/test_two_links_fixed_joint.cpp.o[0m
[36.359s] [ 72%] [32m[1mLinking CXX executable devel/lib/robot_state_publisher/test_two_links_moving_joint[0m
[36.744s] [ 77%] [32m[1mLinking CXX executable devel/lib/robot_state_publisher/test_one_link[0m
[37.129s] [ 77%] Built target test_two_links_moving_joint
[37.153s] [ 77%] Built target test_one_link
[37.169s] [35m[1mScanning dependencies of target test_default_constructor[0m
[37.256s] [ 83%] [32mBuilding CXX object CMakeFiles/test_default_constructor.dir/test/test_default_constructor.cpp.o[0m
[37.397s] [ 88%] [32m[1mLinking CXX executable devel/lib/robot_state_publisher/test_joint_states_bag[0m
[37.756s] [ 88%] Built target test_joint_states_bag
[44.127s] [ 94%] [32m[1mLinking CXX executable devel/lib/robot_state_publisher/test_two_links_fixed_joint[0m
[44.669s] [ 94%] Built target test_two_links_fixed_joint
[46.153s] [100%] [32m[1mLinking CXX executable devel/lib/robot_state_publisher/test_default_constructor[0m
[46.494s] [100%] Built target test_default_constructor
[46.506s] [35m[1mScanning dependencies of target tests[0m
[46.518s] [100%] Built target tests
[46.533s] Invoked command in '/home/s/scott_spaces/decadarobotics_devspace/build/robot_state_publisher' returned '0': /usr/bin/cmake --build /home/s/scott_spaces/decadarobotics_devspace/build/robot_state_publisher --target tests -- -j4 -l4
[46.641s] Invoking command in '/home/s/scott_spaces/decadarobotics_devspace/build/robot_state_publisher': /usr/bin/cmake --install /home/s/scott_spaces/decadarobotics_devspace/build/robot_state_publisher
[46.655s] -- Install configuration: "Release"
[46.657s] -- Installing: /home/s/scott_spaces/decadarobotics_devspace/install/robot_state_publisher/lib/pkgconfig/robot_state_publisher.pc
[46.657s] -- Installing: /home/s/scott_spaces/decadarobotics_devspace/install/robot_state_publisher/share/robot_state_publisher/cmake/robot_state_publisherConfig.cmake
[46.658s] -- Installing: /home/s/scott_spaces/decadarobotics_devspace/install/robot_state_publisher/share/robot_state_publisher/cmake/robot_state_publisherConfig-version.cmake
[46.658s] -- Installing: /home/s/scott_spaces/decadarobotics_devspace/install/robot_state_publisher/share/robot_state_publisher/package.xml
[46.658s] -- Installing: /home/s/scott_spaces/decadarobotics_devspace/install/robot_state_publisher/share/robot_state_publisher/test/one_link.urdf
[46.659s] -- Installing: /home/s/scott_spaces/decadarobotics_devspace/install/robot_state_publisher/share/robot_state_publisher/test/pr2.urdf
[46.659s] -- Installing: /home/s/scott_spaces/decadarobotics_devspace/install/robot_state_publisher/share/robot_state_publisher/test/two_links_fixed_joint.urdf
[46.659s] -- Installing: /home/s/scott_spaces/decadarobotics_devspace/install/robot_state_publisher/share/robot_state_publisher/test/two_links_moving_joint.urdf
[46.660s] -- Installing: /home/s/scott_spaces/decadarobotics_devspace/install/robot_state_publisher/lib/librobot_state_publisher_solver.so
[46.660s] -- Set runtime path of "/home/s/scott_spaces/decadarobotics_devspace/install/robot_state_publisher/lib/librobot_state_publisher_solver.so" to ""
[46.661s] -- Installing: /home/s/scott_spaces/decadarobotics_devspace/install/robot_state_publisher/lib/libjoint_state_listener.so
[46.661s] -- Set runtime path of "/home/s/scott_spaces/decadarobotics_devspace/install/robot_state_publisher/lib/libjoint_state_listener.so" to ""
[46.662s] -- Installing: /home/s/scott_spaces/decadarobotics_devspace/install/robot_state_publisher/lib/robot_state_publisher/robot_state_publisher
[46.662s] -- Set runtime path of "/home/s/scott_spaces/decadarobotics_devspace/install/robot_state_publisher/lib/robot_state_publisher/robot_state_publisher" to ""
[46.663s] -- Installing: /home/s/scott_spaces/decadarobotics_devspace/install/robot_state_publisher/include/robot_state_publisher
[46.663s] -- Installing: /home/s/scott_spaces/decadarobotics_devspace/install/robot_state_publisher/include/robot_state_publisher/robot_state_publisher.h
[46.663s] -- Installing: /home/s/scott_spaces/decadarobotics_devspace/install/robot_state_publisher/include/robot_state_publisher/joint_state_listener.h
[46.668s] Invoked command in '/home/s/scott_spaces/decadarobotics_devspace/build/robot_state_publisher' returned '0': /usr/bin/cmake --install /home/s/scott_spaces/decadarobotics_devspace/build/robot_state_publisher
