[0.048s] Invoking command in '/home/s/scott_spaces/decadarobotics_devspace/build/caato_gazebo': /usr/bin/cmake /home/s/scott_spaces/decadarobotics_devspace/src/caato/caato_gazebo -DCMAKE_BUILD_TYPE=Release -DCATKIN_INSTALL_INTO_PREFIX_ROOT=0 -DCMAKE_INSTALL_PREFIX=/home/s/scott_spaces/decadarobotics_devspace/install/caato_gazebo
[0.274s] -- The C compiler identification is GNU 9.3.0
[0.446s] -- The CXX compiler identification is GNU 9.3.0
[0.462s] -- Check for working C compiler: /usr/bin/cc
[0.720s] -- Check for working C compiler: /usr/bin/cc -- works
[0.721s] -- Detecting C compiler ABI info
[0.965s] -- Detecting C compiler ABI info - done
[1.003s] -- Detecting C compile features
[1.004s] -- Detecting C compile features - done
[1.009s] -- Check for working CXX compiler: /usr/bin/c++
[1.258s] -- Check for working CXX compiler: /usr/bin/c++ -- works
[1.260s] -- Detecting CXX compiler ABI info
[1.456s] -- Detecting CXX compiler ABI info - done
[1.478s] -- Detecting CXX compile features
[1.478s] -- Detecting CXX compile features - done
[1.488s] -- Using CATKIN_DEVEL_PREFIX: /home/s/scott_spaces/decadarobotics_devspace/build/caato_gazebo/devel
[1.488s] -- Using CMAKE_PREFIX_PATH: /opt/ros/noetic
[1.488s] -- This workspace overlays: /opt/ros/noetic
[1.549s] -- Found PythonInterp: /usr/bin/python3 (found suitable version "3.8.5", minimum required is "3") 
[1.550s] -- Using PYTHON_EXECUTABLE: /usr/bin/python3
[1.550s] -- Using Debian Python package layout
[1.623s] -- Found PY_em: /usr/lib/python3/dist-packages/em.py  
[1.624s] -- Using empy: /usr/lib/python3/dist-packages/em.py
[1.977s] -- Using CATKIN_ENABLE_TESTING: ON
[1.977s] -- Call enable_testing()
[1.994s] -- Using CATKIN_TEST_RESULTS_DIR: /home/s/scott_spaces/decadarobotics_devspace/build/caato_gazebo/test_results
[2.891s] -- Forcing gtest/gmock from source, though one was otherwise available.
[2.892s] -- Found gtest sources under '/usr/src/googletest': gtests will be built
[2.892s] -- Found gmock sources under '/usr/src/googletest': gmock will be built
[2.928s] -- Found PythonInterp: /usr/bin/python3 (found version "3.8.5") 
[2.930s] -- Found Threads: TRUE  
[2.936s] -- Using Python nosetests: /usr/bin/nosetests3
[3.053s] -- catkin 0.8.10
[3.053s] -- BUILD_SHARED_LIBS is on
[3.335s] -- Using these message generators: gencpp;geneus;genlisp;gennodejs;genpy
[3.916s] -- Configuring done
[3.961s] -- Generating done
[3.972s] -- Build files have been written to: /home/s/scott_spaces/decadarobotics_devspace/build/caato_gazebo
[3.991s] Invoked command in '/home/s/scott_spaces/decadarobotics_devspace/build/caato_gazebo' returned '0': /usr/bin/cmake /home/s/scott_spaces/decadarobotics_devspace/src/caato/caato_gazebo -DCMAKE_BUILD_TYPE=Release -DCATKIN_INSTALL_INTO_PREFIX_ROOT=0 -DCMAKE_INSTALL_PREFIX=/home/s/scott_spaces/decadarobotics_devspace/install/caato_gazebo
[3.992s] Invoking command in '/home/s/scott_spaces/decadarobotics_devspace/build/caato_gazebo': /usr/bin/cmake --build /home/s/scott_spaces/decadarobotics_devspace/build/caato_gazebo -- -j4 -l4
[4.101s] Invoked command in '/home/s/scott_spaces/decadarobotics_devspace/build/caato_gazebo' returned '0': /usr/bin/cmake --build /home/s/scott_spaces/decadarobotics_devspace/build/caato_gazebo -- -j4 -l4
[4.200s] Invoking command in '/home/s/scott_spaces/decadarobotics_devspace/build/caato_gazebo': /usr/bin/cmake --build /home/s/scott_spaces/decadarobotics_devspace/build/caato_gazebo --target tests -- -j4 -l4
[4.264s] [35m[1mScanning dependencies of target tests[0m
[4.275s] Built target tests
[4.288s] Invoked command in '/home/s/scott_spaces/decadarobotics_devspace/build/caato_gazebo' returned '0': /usr/bin/cmake --build /home/s/scott_spaces/decadarobotics_devspace/build/caato_gazebo --target tests -- -j4 -l4
[5.032s] Invoking command in '/home/s/scott_spaces/decadarobotics_devspace/build/caato_gazebo': /usr/bin/cmake --install /home/s/scott_spaces/decadarobotics_devspace/build/caato_gazebo
[5.056s] -- Install configuration: "Release"
[5.056s] -- Installing: /home/s/scott_spaces/decadarobotics_devspace/install/caato_gazebo/lib/pkgconfig/caato_gazebo.pc
[5.057s] -- Installing: /home/s/scott_spaces/decadarobotics_devspace/install/caato_gazebo/share/caato_gazebo/cmake/caato_gazeboConfig.cmake
[5.064s] -- Installing: /home/s/scott_spaces/decadarobotics_devspace/install/caato_gazebo/share/caato_gazebo/cmake/caato_gazeboConfig-version.cmake
[5.064s] -- Installing: /home/s/scott_spaces/decadarobotics_devspace/install/caato_gazebo/share/caato_gazebo/package.xml
[5.064s] -- Installing: /home/s/scott_spaces/decadarobotics_devspace/install/caato_gazebo/share/caato_gazebo/launch
[5.064s] -- Installing: /home/s/scott_spaces/decadarobotics_devspace/install/caato_gazebo/share/caato_gazebo/launch/govtech_L10.launch
[5.065s] -- Installing: /home/s/scott_spaces/decadarobotics_devspace/install/caato_gazebo/share/caato_gazebo/launch/caato_empty_world.launch
[5.065s] -- Installing: /home/s/scott_spaces/decadarobotics_devspace/install/caato_gazebo/share/caato_gazebo/launch/single_caato.mbc.launch
[5.069s] Invoked command in '/home/s/scott_spaces/decadarobotics_devspace/build/caato_gazebo' returned '0': /usr/bin/cmake --install /home/s/scott_spaces/decadarobotics_devspace/build/caato_gazebo
