-- Configuring done
-- Generating done
-- Build files have been written to: /home/s/scott_spaces/decadarobotics_devspace/build/free_fleet
[35m[1mScanning dependencies of target test_dds_pub_path_request[0m
[35m[1mScanning dependencies of target test_dds_pub_mode_request[0m
[35m[1mScanning dependencies of target test_dds_pub_sim_path_request[0m
[35m[1mScanning dependencies of target test_dds_sub_state[0m
[  3%] [32mBuilding CXX object CMakeFiles/test_dds_pub_path_request.dir/src/tests/test_dds_pub_path_request.cpp.o[0m
[  6%] [32mBuilding CXX object CMakeFiles/test_dds_pub_sim_path_request.dir/src/tests/test_dds_pub_sim_path_request.cpp.o[0m
[ 10%] [32mBuilding CXX object CMakeFiles/test_dds_pub_mode_request.dir/src/tests/test_dds_pub_mode_request.cpp.o[0m
[ 13%] [32mBuilding CXX object CMakeFiles/test_dds_sub_state.dir/src/tests/test_dds_sub_state.cpp.o[0m
[ 16%] [32mBuilding CXX object CMakeFiles/test_dds_pub_sim_path_request.dir/src/dds_utils/common.cpp.o[0m
[ 20%] [32mBuilding CXX object CMakeFiles/test_dds_pub_path_request.dir/src/dds_utils/common.cpp.o[0m
[ 23%] [32mBuilding CXX object CMakeFiles/test_dds_pub_mode_request.dir/src/dds_utils/common.cpp.o[0m
[ 26%] [32mBuilding CXX object CMakeFiles/test_dds_sub_state.dir/src/dds_utils/common.cpp.o[0m
[ 30%] [32mBuilding C object CMakeFiles/test_dds_pub_sim_path_request.dir/src/messages/FleetMessages.c.o[0m
[ 33%] [32m[1mLinking CXX executable test_dds_pub_sim_path_request[0m
[ 36%] [32mBuilding C object CMakeFiles/test_dds_pub_path_request.dir/src/messages/FleetMessages.c.o[0m
[ 40%] [32mBuilding C object CMakeFiles/test_dds_pub_mode_request.dir/src/messages/FleetMessages.c.o[0m
[ 43%] [32m[1mLinking CXX executable test_dds_pub_path_request[0m
[ 43%] Built target test_dds_pub_sim_path_request
[ 46%] [32m[1mLinking CXX executable test_dds_pub_mode_request[0m
[35m[1mScanning dependencies of target test_dds_pub_destination_request[0m
[ 50%] [32mBuilding C object CMakeFiles/test_dds_sub_state.dir/src/messages/FleetMessages.c.o[0m
[ 53%] [32mBuilding CXX object CMakeFiles/test_dds_pub_destination_request.dir/src/tests/test_dds_pub_destination_request.cpp.o[0m
[ 56%] [32m[1mLinking CXX executable test_dds_sub_state[0m
[ 56%] Built target test_dds_pub_path_request
[35m[1mScanning dependencies of target free_fleet[0m
[ 56%] Built target test_dds_pub_mode_request
[ 60%] [32mBuilding CXX object CMakeFiles/free_fleet.dir/src/Client.cpp.o[0m
[ 63%] [32mBuilding CXX object CMakeFiles/test_dds_pub_destination_request.dir/src/dds_utils/common.cpp.o[0m
[ 63%] Built target test_dds_sub_state
[ 66%] [32mBuilding C object CMakeFiles/test_dds_pub_destination_request.dir/src/messages/FleetMessages.c.o[0m
[ 70%] [32mBuilding CXX object CMakeFiles/free_fleet.dir/src/ClientImpl.cpp.o[0m
[ 73%] [32mBuilding CXX object CMakeFiles/free_fleet.dir/src/configs/ClientConfig.cpp.o[0m
[ 76%] [32m[1mLinking CXX executable test_dds_pub_destination_request[0m
[ 80%] [32mBuilding CXX object CMakeFiles/free_fleet.dir/src/Server.cpp.o[0m
[ 80%] Built target test_dds_pub_destination_request
[ 83%] [32mBuilding CXX object CMakeFiles/free_fleet.dir/src/ServerImpl.cpp.o[0m
[ 86%] [32mBuilding CXX object CMakeFiles/free_fleet.dir/src/configs/ServerConfig.cpp.o[0m
[ 90%] [32mBuilding C object CMakeFiles/free_fleet.dir/src/messages/FleetMessages.c.o[0m
[ 93%] [32mBuilding CXX object CMakeFiles/free_fleet.dir/src/messages/message_utils.cpp.o[0m
[ 96%] [32mBuilding CXX object CMakeFiles/free_fleet.dir/src/dds_utils/common.cpp.o[0m
[100%] [32m[1mLinking CXX shared library libfree_fleet.so[0m
[100%] Built target free_fleet
-- Install configuration: "Release"
-- Installing: /home/s/scott_spaces/decadarobotics_devspace/install/free_fleet/bin/test_dds_pub_destination_request
-- Set runtime path of "/home/s/scott_spaces/decadarobotics_devspace/install/free_fleet/bin/test_dds_pub_destination_request" to ""
-- Installing: /home/s/scott_spaces/decadarobotics_devspace/install/free_fleet/bin/test_dds_pub_mode_request
-- Set runtime path of "/home/s/scott_spaces/decadarobotics_devspace/install/free_fleet/bin/test_dds_pub_mode_request" to ""
-- Installing: /home/s/scott_spaces/decadarobotics_devspace/install/free_fleet/bin/test_dds_pub_path_request
-- Set runtime path of "/home/s/scott_spaces/decadarobotics_devspace/install/free_fleet/bin/test_dds_pub_path_request" to ""
-- Installing: /home/s/scott_spaces/decadarobotics_devspace/install/free_fleet/bin/test_dds_pub_sim_path_request
-- Set runtime path of "/home/s/scott_spaces/decadarobotics_devspace/install/free_fleet/bin/test_dds_pub_sim_path_request" to ""
-- Installing: /home/s/scott_spaces/decadarobotics_devspace/install/free_fleet/bin/test_dds_sub_state
-- Set runtime path of "/home/s/scott_spaces/decadarobotics_devspace/install/free_fleet/bin/test_dds_sub_state" to ""
-- Installing: /home/s/scott_spaces/decadarobotics_devspace/install/free_fleet/lib/libfree_fleet.so
-- Set runtime path of "/home/s/scott_spaces/decadarobotics_devspace/install/free_fleet/lib/libfree_fleet.so" to ""
-- Installing: /home/s/scott_spaces/decadarobotics_devspace/install/free_fleet/lib/cmake/free_fleet/free_fleet-targets.cmake
-- Installing: /home/s/scott_spaces/decadarobotics_devspace/install/free_fleet/lib/cmake/free_fleet/free_fleet-targets-release.cmake
-- Installing: /home/s/scott_spaces/decadarobotics_devspace/install/free_fleet/include/free_fleet
-- Installing: /home/s/scott_spaces/decadarobotics_devspace/install/free_fleet/include/free_fleet/Server.hpp
-- Installing: /home/s/scott_spaces/decadarobotics_devspace/install/free_fleet/include/free_fleet/ClientConfig.hpp
-- Installing: /home/s/scott_spaces/decadarobotics_devspace/install/free_fleet/include/free_fleet/ServerConfig.hpp
-- Installing: /home/s/scott_spaces/decadarobotics_devspace/install/free_fleet/include/free_fleet/messages
-- Installing: /home/s/scott_spaces/decadarobotics_devspace/install/free_fleet/include/free_fleet/messages/ModeRequest.hpp
-- Installing: /home/s/scott_spaces/decadarobotics_devspace/install/free_fleet/include/free_fleet/messages/DestinationRequest.hpp
-- Installing: /home/s/scott_spaces/decadarobotics_devspace/install/free_fleet/include/free_fleet/messages/RobotState.hpp
-- Installing: /home/s/scott_spaces/decadarobotics_devspace/install/free_fleet/include/free_fleet/messages/PathRequest.hpp
-- Installing: /home/s/scott_spaces/decadarobotics_devspace/install/free_fleet/include/free_fleet/messages/RobotMode.hpp
-- Installing: /home/s/scott_spaces/decadarobotics_devspace/install/free_fleet/include/free_fleet/messages/Location.hpp
-- Installing: /home/s/scott_spaces/decadarobotics_devspace/install/free_fleet/include/free_fleet/messages/ModeParameter.hpp
-- Installing: /home/s/scott_spaces/decadarobotics_devspace/install/free_fleet/include/free_fleet/Client.hpp
-- Installing: /home/s/scott_spaces/decadarobotics_devspace/install/free_fleet/share/free_fleet/package.xml
-- Installing: /home/s/scott_spaces/decadarobotics_devspace/install/free_fleet/lib/cmake/free_fleet/free_fleet-config.cmake
-- Installing: /home/s/scott_spaces/decadarobotics_devspace/install/free_fleet/lib/cmake/free_fleet/free_fleet-config-version.cmake
