[0.010s] Invoking command in '/home/s/scott_spaces/decadarobotics_devspace/build/free_fleet': CMAKE_PREFIX_PATH=/home/s/scott_spaces/decadarobotics_devspace/install/cyclonedds:${CMAKE_PREFIX_PATH} LD_LIBRARY_PATH=/home/s/scott_spaces/decadarobotics_devspace/install/cyclonedds/lib:${LD_LIBRARY_PATH} PATH=/home/s/scott_spaces/decadarobotics_devspace/install/cyclonedds/bin:${PATH} PKG_CONFIG_PATH=/home/s/scott_spaces/decadarobotics_devspace/install/cyclonedds/lib/x86_64-linux-gnu/pkgconfig:/home/s/scott_spaces/decadarobotics_devspace/install/cyclonedds/lib/pkgconfig:${PKG_CONFIG_PATH} /usr/bin/cmake /home/s/scott_spaces/decadarobotics_devspace/src/ff_client/free_fleet/free_fleet -DCMAKE_BUILD_TYPE=Release -DCMAKE_INSTALL_PREFIX=/home/s/scott_spaces/decadarobotics_devspace/install/free_fleet
[0.047s] -- Configuring done
[0.061s] -- Generating done
[0.061s] -- Build files have been written to: /home/s/scott_spaces/decadarobotics_devspace/build/free_fleet
[0.064s] Invoked command in '/home/s/scott_spaces/decadarobotics_devspace/build/free_fleet' returned '0': CMAKE_PREFIX_PATH=/home/s/scott_spaces/decadarobotics_devspace/install/cyclonedds:${CMAKE_PREFIX_PATH} LD_LIBRARY_PATH=/home/s/scott_spaces/decadarobotics_devspace/install/cyclonedds/lib:${LD_LIBRARY_PATH} PATH=/home/s/scott_spaces/decadarobotics_devspace/install/cyclonedds/bin:${PATH} PKG_CONFIG_PATH=/home/s/scott_spaces/decadarobotics_devspace/install/cyclonedds/lib/x86_64-linux-gnu/pkgconfig:/home/s/scott_spaces/decadarobotics_devspace/install/cyclonedds/lib/pkgconfig:${PKG_CONFIG_PATH} /usr/bin/cmake /home/s/scott_spaces/decadarobotics_devspace/src/ff_client/free_fleet/free_fleet -DCMAKE_BUILD_TYPE=Release -DCMAKE_INSTALL_PREFIX=/home/s/scott_spaces/decadarobotics_devspace/install/free_fleet
[0.067s] Invoking command in '/home/s/scott_spaces/decadarobotics_devspace/build/free_fleet': CMAKE_PREFIX_PATH=/home/s/scott_spaces/decadarobotics_devspace/install/cyclonedds:${CMAKE_PREFIX_PATH} LD_LIBRARY_PATH=/home/s/scott_spaces/decadarobotics_devspace/install/cyclonedds/lib:${LD_LIBRARY_PATH} PATH=/home/s/scott_spaces/decadarobotics_devspace/install/cyclonedds/bin:${PATH} PKG_CONFIG_PATH=/home/s/scott_spaces/decadarobotics_devspace/install/cyclonedds/lib/x86_64-linux-gnu/pkgconfig:/home/s/scott_spaces/decadarobotics_devspace/install/cyclonedds/lib/pkgconfig:${PKG_CONFIG_PATH} /usr/bin/cmake --build /home/s/scott_spaces/decadarobotics_devspace/build/free_fleet -- -j4 -l4
[0.106s] [35m[1mScanning dependencies of target test_dds_pub_path_request[0m
[0.106s] [35m[1mScanning dependencies of target test_dds_pub_mode_request[0m
[0.106s] [35m[1mScanning dependencies of target test_dds_pub_sim_path_request[0m
[0.119s] [35m[1mScanning dependencies of target test_dds_sub_state[0m
[0.121s] [  3%] [32mBuilding CXX object CMakeFiles/test_dds_pub_path_request.dir/src/tests/test_dds_pub_path_request.cpp.o[0m
[0.130s] [  6%] [32mBuilding CXX object CMakeFiles/test_dds_pub_sim_path_request.dir/src/tests/test_dds_pub_sim_path_request.cpp.o[0m
[0.135s] [ 10%] [32mBuilding CXX object CMakeFiles/test_dds_pub_mode_request.dir/src/tests/test_dds_pub_mode_request.cpp.o[0m
[0.140s] [ 13%] [32mBuilding CXX object CMakeFiles/test_dds_sub_state.dir/src/tests/test_dds_sub_state.cpp.o[0m
[0.509s] [ 16%] [32mBuilding CXX object CMakeFiles/test_dds_pub_sim_path_request.dir/src/dds_utils/common.cpp.o[0m
[0.614s] [ 20%] [32mBuilding CXX object CMakeFiles/test_dds_pub_path_request.dir/src/dds_utils/common.cpp.o[0m
[0.696s] [ 23%] [32mBuilding CXX object CMakeFiles/test_dds_pub_mode_request.dir/src/dds_utils/common.cpp.o[0m
[0.714s] [ 26%] [32mBuilding CXX object CMakeFiles/test_dds_sub_state.dir/src/dds_utils/common.cpp.o[0m
[0.731s] [ 30%] [32mBuilding C object CMakeFiles/test_dds_pub_sim_path_request.dir/src/messages/FleetMessages.c.o[0m
[0.826s] [ 33%] [32m[1mLinking CXX executable test_dds_pub_sim_path_request[0m
[0.894s] [ 36%] [32mBuilding C object CMakeFiles/test_dds_pub_path_request.dir/src/messages/FleetMessages.c.o[0m
[0.926s] [ 40%] [32mBuilding C object CMakeFiles/test_dds_pub_mode_request.dir/src/messages/FleetMessages.c.o[0m
[0.956s] [ 43%] [32m[1mLinking CXX executable test_dds_pub_path_request[0m
[0.973s] [ 43%] Built target test_dds_pub_sim_path_request
[0.981s] [ 46%] [32m[1mLinking CXX executable test_dds_pub_mode_request[0m
[0.984s] [35m[1mScanning dependencies of target test_dds_pub_destination_request[0m
[0.987s] [ 50%] [32mBuilding C object CMakeFiles/test_dds_sub_state.dir/src/messages/FleetMessages.c.o[0m
[0.999s] [ 53%] [32mBuilding CXX object CMakeFiles/test_dds_pub_destination_request.dir/src/tests/test_dds_pub_destination_request.cpp.o[0m
[1.063s] [ 56%] [32m[1mLinking CXX executable test_dds_sub_state[0m
[1.111s] [ 56%] Built target test_dds_pub_path_request
[1.123s] [35m[1mScanning dependencies of target free_fleet[0m
[1.146s] [ 56%] Built target test_dds_pub_mode_request
[1.146s] [ 60%] [32mBuilding CXX object CMakeFiles/free_fleet.dir/src/Client.cpp.o[0m
[1.186s] [ 63%] [32mBuilding CXX object CMakeFiles/test_dds_pub_destination_request.dir/src/dds_utils/common.cpp.o[0m
[1.302s] [ 63%] Built target test_dds_sub_state
[1.331s] [ 66%] [32mBuilding C object CMakeFiles/test_dds_pub_destination_request.dir/src/messages/FleetMessages.c.o[0m
[1.409s] [ 70%] [32mBuilding CXX object CMakeFiles/free_fleet.dir/src/ClientImpl.cpp.o[0m
[1.455s] [ 73%] [32mBuilding CXX object CMakeFiles/free_fleet.dir/src/configs/ClientConfig.cpp.o[0m
[1.463s] [ 76%] [32m[1mLinking CXX executable test_dds_pub_destination_request[0m
[1.695s] [ 80%] [32mBuilding CXX object CMakeFiles/free_fleet.dir/src/Server.cpp.o[0m
[1.706s] [ 80%] Built target test_dds_pub_destination_request
[1.734s] [ 83%] [32mBuilding CXX object CMakeFiles/free_fleet.dir/src/ServerImpl.cpp.o[0m
[1.841s] [ 86%] [32mBuilding CXX object CMakeFiles/free_fleet.dir/src/configs/ServerConfig.cpp.o[0m
[2.041s] [ 90%] [32mBuilding C object CMakeFiles/free_fleet.dir/src/messages/FleetMessages.c.o[0m
[2.068s] [ 93%] [32mBuilding CXX object CMakeFiles/free_fleet.dir/src/messages/message_utils.cpp.o[0m
[2.281s] [ 96%] [32mBuilding CXX object CMakeFiles/free_fleet.dir/src/dds_utils/common.cpp.o[0m
[2.864s] [100%] [32m[1mLinking CXX shared library libfree_fleet.so[0m
[3.122s] [100%] Built target free_fleet
[3.163s] Invoked command in '/home/s/scott_spaces/decadarobotics_devspace/build/free_fleet' returned '0': CMAKE_PREFIX_PATH=/home/s/scott_spaces/decadarobotics_devspace/install/cyclonedds:${CMAKE_PREFIX_PATH} LD_LIBRARY_PATH=/home/s/scott_spaces/decadarobotics_devspace/install/cyclonedds/lib:${LD_LIBRARY_PATH} PATH=/home/s/scott_spaces/decadarobotics_devspace/install/cyclonedds/bin:${PATH} PKG_CONFIG_PATH=/home/s/scott_spaces/decadarobotics_devspace/install/cyclonedds/lib/x86_64-linux-gnu/pkgconfig:/home/s/scott_spaces/decadarobotics_devspace/install/cyclonedds/lib/pkgconfig:${PKG_CONFIG_PATH} /usr/bin/cmake --build /home/s/scott_spaces/decadarobotics_devspace/build/free_fleet -- -j4 -l4
[3.956s] Invoking command in '/home/s/scott_spaces/decadarobotics_devspace/build/free_fleet': CMAKE_PREFIX_PATH=/home/s/scott_spaces/decadarobotics_devspace/install/cyclonedds:${CMAKE_PREFIX_PATH} LD_LIBRARY_PATH=/home/s/scott_spaces/decadarobotics_devspace/install/cyclonedds/lib:${LD_LIBRARY_PATH} PATH=/home/s/scott_spaces/decadarobotics_devspace/install/cyclonedds/bin:${PATH} PKG_CONFIG_PATH=/home/s/scott_spaces/decadarobotics_devspace/install/cyclonedds/lib/x86_64-linux-gnu/pkgconfig:/home/s/scott_spaces/decadarobotics_devspace/install/cyclonedds/lib/pkgconfig:${PKG_CONFIG_PATH} /usr/bin/cmake --install /home/s/scott_spaces/decadarobotics_devspace/build/free_fleet
[3.993s] -- Install configuration: "Release"
[3.993s] -- Installing: /home/s/scott_spaces/decadarobotics_devspace/install/free_fleet/bin/test_dds_pub_destination_request
[3.993s] -- Set runtime path of "/home/s/scott_spaces/decadarobotics_devspace/install/free_fleet/bin/test_dds_pub_destination_request" to ""
[3.994s] -- Installing: /home/s/scott_spaces/decadarobotics_devspace/install/free_fleet/bin/test_dds_pub_mode_request
[3.994s] -- Set runtime path of "/home/s/scott_spaces/decadarobotics_devspace/install/free_fleet/bin/test_dds_pub_mode_request" to ""
[3.995s] -- Installing: /home/s/scott_spaces/decadarobotics_devspace/install/free_fleet/bin/test_dds_pub_path_request
[3.998s] -- Set runtime path of "/home/s/scott_spaces/decadarobotics_devspace/install/free_fleet/bin/test_dds_pub_path_request" to ""
[3.998s] -- Installing: /home/s/scott_spaces/decadarobotics_devspace/install/free_fleet/bin/test_dds_pub_sim_path_request
[3.998s] -- Set runtime path of "/home/s/scott_spaces/decadarobotics_devspace/install/free_fleet/bin/test_dds_pub_sim_path_request" to ""
[3.998s] -- Installing: /home/s/scott_spaces/decadarobotics_devspace/install/free_fleet/bin/test_dds_sub_state
[3.999s] -- Set runtime path of "/home/s/scott_spaces/decadarobotics_devspace/install/free_fleet/bin/test_dds_sub_state" to ""
[3.999s] -- Installing: /home/s/scott_spaces/decadarobotics_devspace/install/free_fleet/lib/libfree_fleet.so
[3.999s] -- Set runtime path of "/home/s/scott_spaces/decadarobotics_devspace/install/free_fleet/lib/libfree_fleet.so" to ""
[4.000s] -- Installing: /home/s/scott_spaces/decadarobotics_devspace/install/free_fleet/lib/cmake/free_fleet/free_fleet-targets.cmake
[4.000s] -- Installing: /home/s/scott_spaces/decadarobotics_devspace/install/free_fleet/lib/cmake/free_fleet/free_fleet-targets-release.cmake
[4.000s] -- Installing: /home/s/scott_spaces/decadarobotics_devspace/install/free_fleet/include/free_fleet
[4.001s] -- Installing: /home/s/scott_spaces/decadarobotics_devspace/install/free_fleet/include/free_fleet/Server.hpp
[4.001s] -- Installing: /home/s/scott_spaces/decadarobotics_devspace/install/free_fleet/include/free_fleet/ClientConfig.hpp
[4.001s] -- Installing: /home/s/scott_spaces/decadarobotics_devspace/install/free_fleet/include/free_fleet/ServerConfig.hpp
[4.001s] -- Installing: /home/s/scott_spaces/decadarobotics_devspace/install/free_fleet/include/free_fleet/messages
[4.001s] -- Installing: /home/s/scott_spaces/decadarobotics_devspace/install/free_fleet/include/free_fleet/messages/ModeRequest.hpp
[4.001s] -- Installing: /home/s/scott_spaces/decadarobotics_devspace/install/free_fleet/include/free_fleet/messages/DestinationRequest.hpp
[4.001s] -- Installing: /home/s/scott_spaces/decadarobotics_devspace/install/free_fleet/include/free_fleet/messages/RobotState.hpp
[4.005s] -- Installing: /home/s/scott_spaces/decadarobotics_devspace/install/free_fleet/include/free_fleet/messages/PathRequest.hpp
[4.006s] -- Installing: /home/s/scott_spaces/decadarobotics_devspace/install/free_fleet/include/free_fleet/messages/RobotMode.hpp
[4.006s] -- Installing: /home/s/scott_spaces/decadarobotics_devspace/install/free_fleet/include/free_fleet/messages/Location.hpp
[4.006s] -- Installing: /home/s/scott_spaces/decadarobotics_devspace/install/free_fleet/include/free_fleet/messages/ModeParameter.hpp
[4.006s] -- Installing: /home/s/scott_spaces/decadarobotics_devspace/install/free_fleet/include/free_fleet/Client.hpp
[4.007s] -- Installing: /home/s/scott_spaces/decadarobotics_devspace/install/free_fleet/share/free_fleet/package.xml
[4.007s] -- Installing: /home/s/scott_spaces/decadarobotics_devspace/install/free_fleet/lib/cmake/free_fleet/free_fleet-config.cmake
[4.007s] -- Installing: /home/s/scott_spaces/decadarobotics_devspace/install/free_fleet/lib/cmake/free_fleet/free_fleet-config-version.cmake
[4.013s] Invoked command in '/home/s/scott_spaces/decadarobotics_devspace/build/free_fleet' returned '0': CMAKE_PREFIX_PATH=/home/s/scott_spaces/decadarobotics_devspace/install/cyclonedds:${CMAKE_PREFIX_PATH} LD_LIBRARY_PATH=/home/s/scott_spaces/decadarobotics_devspace/install/cyclonedds/lib:${LD_LIBRARY_PATH} PATH=/home/s/scott_spaces/decadarobotics_devspace/install/cyclonedds/bin:${PATH} PKG_CONFIG_PATH=/home/s/scott_spaces/decadarobotics_devspace/install/cyclonedds/lib/x86_64-linux-gnu/pkgconfig:/home/s/scott_spaces/decadarobotics_devspace/install/cyclonedds/lib/pkgconfig:${PKG_CONFIG_PATH} /usr/bin/cmake --install /home/s/scott_spaces/decadarobotics_devspace/build/free_fleet
