[0.041s] Invoking command in '/home/s/scott_spaces/decadarobotics_devspace/build/caato_navigation': /usr/bin/cmake /home/s/scott_spaces/decadarobotics_devspace/src/caato/caato_navigation -DCMAKE_BUILD_TYPE=Release -DCATKIN_INSTALL_INTO_PREFIX_ROOT=0 -DCMAKE_INSTALL_PREFIX=/home/s/scott_spaces/decadarobotics_devspace/install/caato_navigation
[0.117s] -- The C compiler identification is GNU 9.3.0
[0.188s] -- The CXX compiler identification is GNU 9.3.0
[0.196s] -- Check for working C compiler: /usr/bin/cc
[0.276s] -- Check for working C compiler: /usr/bin/cc -- works
[0.277s] -- Detecting C compiler ABI info
[0.374s] -- Detecting C compiler ABI info - done
[0.390s] -- Detecting C compile features
[0.391s] -- Detecting C compile features - done
[0.395s] -- Check for working CXX compiler: /usr/bin/c++
[0.504s] -- Check for working CXX compiler: /usr/bin/c++ -- works
[0.504s] -- Detecting CXX compiler ABI info
[0.635s] -- Detecting CXX compiler ABI info - done
[0.652s] -- Detecting CXX compile features
[0.653s] -- Detecting CXX compile features - done
[0.655s] -- Using CATKIN_DEVEL_PREFIX: /home/s/scott_spaces/decadarobotics_devspace/build/caato_navigation/devel
[0.656s] -- Using CMAKE_PREFIX_PATH: /opt/ros/noetic
[0.657s] -- This workspace overlays: /opt/ros/noetic
[0.683s] -- Found PythonInterp: /usr/bin/python3 (found suitable version "3.8.5", minimum required is "3") 
[0.683s] -- Using PYTHON_EXECUTABLE: /usr/bin/python3
[0.683s] -- Using Debian Python package layout
[0.720s] -- Found PY_em: /usr/lib/python3/dist-packages/em.py  
[0.721s] -- Using empy: /usr/lib/python3/dist-packages/em.py
[0.876s] -- Using CATKIN_ENABLE_TESTING: ON
[0.876s] -- Call enable_testing()
[0.878s] -- Using CATKIN_TEST_RESULTS_DIR: /home/s/scott_spaces/decadarobotics_devspace/build/caato_navigation/test_results
[1.262s] -- Forcing gtest/gmock from source, though one was otherwise available.
[1.262s] -- Found gtest sources under '/usr/src/googletest': gtests will be built
[1.262s] -- Found gmock sources under '/usr/src/googletest': gmock will be built
[1.294s] -- Found PythonInterp: /usr/bin/python3 (found version "3.8.5") 
[1.295s] -- Found Threads: TRUE  
[1.301s] -- Using Python nosetests: /usr/bin/nosetests3
[1.372s] -- catkin 0.8.10
[1.372s] -- BUILD_SHARED_LIBS is on
[1.747s] -- Configuring done
[1.757s] -- Generating done
[1.759s] -- Build files have been written to: /home/s/scott_spaces/decadarobotics_devspace/build/caato_navigation
[1.767s] Invoked command in '/home/s/scott_spaces/decadarobotics_devspace/build/caato_navigation' returned '0': /usr/bin/cmake /home/s/scott_spaces/decadarobotics_devspace/src/caato/caato_navigation -DCMAKE_BUILD_TYPE=Release -DCATKIN_INSTALL_INTO_PREFIX_ROOT=0 -DCMAKE_INSTALL_PREFIX=/home/s/scott_spaces/decadarobotics_devspace/install/caato_navigation
[1.770s] Invoking command in '/home/s/scott_spaces/decadarobotics_devspace/build/caato_navigation': /usr/bin/cmake --build /home/s/scott_spaces/decadarobotics_devspace/build/caato_navigation -- -j4 -l4
[1.811s] Invoked command in '/home/s/scott_spaces/decadarobotics_devspace/build/caato_navigation' returned '0': /usr/bin/cmake --build /home/s/scott_spaces/decadarobotics_devspace/build/caato_navigation -- -j4 -l4
[1.871s] Invoking command in '/home/s/scott_spaces/decadarobotics_devspace/build/caato_navigation': /usr/bin/cmake --build /home/s/scott_spaces/decadarobotics_devspace/build/caato_navigation --target tests -- -j4 -l4
[1.945s] [35m[1mScanning dependencies of target tests[0m
[1.957s] Built target tests
[1.970s] Invoked command in '/home/s/scott_spaces/decadarobotics_devspace/build/caato_navigation' returned '0': /usr/bin/cmake --build /home/s/scott_spaces/decadarobotics_devspace/build/caato_navigation --target tests -- -j4 -l4
[2.008s] Invoking command in '/home/s/scott_spaces/decadarobotics_devspace/build/caato_navigation': /usr/bin/cmake --install /home/s/scott_spaces/decadarobotics_devspace/build/caato_navigation
[2.021s] -- Install configuration: "Release"
[2.021s] -- Installing: /home/s/scott_spaces/decadarobotics_devspace/install/caato_navigation/lib/pkgconfig/caato_navigation.pc
[2.021s] -- Installing: /home/s/scott_spaces/decadarobotics_devspace/install/caato_navigation/share/caato_navigation/cmake/caato_navigationConfig.cmake
[2.022s] -- Installing: /home/s/scott_spaces/decadarobotics_devspace/install/caato_navigation/share/caato_navigation/cmake/caato_navigationConfig-version.cmake
[2.022s] -- Installing: /home/s/scott_spaces/decadarobotics_devspace/install/caato_navigation/share/caato_navigation/package.xml
[2.022s] -- Installing: /home/s/scott_spaces/decadarobotics_devspace/install/caato_navigation/share/caato_navigation/launch
[2.022s] -- Installing: /home/s/scott_spaces/decadarobotics_devspace/install/caato_navigation/share/caato_navigation/launch/common
[2.022s] -- Installing: /home/s/scott_spaces/decadarobotics_devspace/install/caato_navigation/share/caato_navigation/launch/common/navigation.launch
[2.022s] -- Installing: /home/s/scott_spaces/decadarobotics_devspace/install/caato_navigation/share/caato_navigation/launch/ekf_caato.launch
[2.022s] -- Installing: /home/s/scott_spaces/decadarobotics_devspace/install/caato_navigation/share/caato_navigation/launch/single_caato_ff.mbc.launch
[2.022s] -- Installing: /home/s/scott_spaces/decadarobotics_devspace/install/caato_navigation/share/caato_navigation/launch/gt_level10.launch
[2.022s] -- Installing: /home/s/scott_spaces/decadarobotics_devspace/install/caato_navigation/share/caato_navigation/launch/gardens_supertree.launch
[2.022s] -- Installing: /home/s/scott_spaces/decadarobotics_devspace/install/caato_navigation/share/caato_navigation/launch/gazebo_gt_level10.launch
[2.022s] -- Installing: /home/s/scott_spaces/decadarobotics_devspace/install/caato_navigation/share/caato_navigation/launch/amcl.launch
[2.022s] -- Installing: /home/s/scott_spaces/decadarobotics_devspace/install/caato_navigation/share/caato_navigation/launch/mezzain.launch
[2.022s] -- Installing: /home/s/scott_spaces/decadarobotics_devspace/install/caato_navigation/share/caato_navigation/launch/move_base_teb.launch
[2.023s] -- Installing: /home/s/scott_spaces/decadarobotics_devspace/install/caato_navigation/share/caato_navigation/launch/move_base.launch
[2.023s] -- Installing: /home/s/scott_spaces/decadarobotics_devspace/install/caato_navigation/share/caato_navigation/launch/gt_level10_room.launch
[2.023s] -- Installing: /home/s/scott_spaces/decadarobotics_devspace/install/caato_navigation/share/caato_navigation/launch/single_caato_ff.launch
[2.023s] -- Installing: /home/s/scott_spaces/decadarobotics_devspace/install/caato_navigation/share/caato_navigation/launch/gt_level10_room_multi.launch
[2.023s] -- Installing: /home/s/scott_spaces/decadarobotics_devspace/install/caato_navigation/share/caato_navigation/launch/gardens_corridor.launch
[2.023s] -- Installing: /home/s/scott_spaces/decadarobotics_devspace/install/caato_navigation/share/caato_navigation/launch/gazebo_gt_level10_with_wp_server.launch
[2.023s] -- Installing: /home/s/scott_spaces/decadarobotics_devspace/install/caato_navigation/share/caato_navigation/maps
[2.023s] -- Installing: /home/s/scott_spaces/decadarobotics_devspace/install/caato_navigation/share/caato_navigation/maps/gardens1.pgm
[2.026s] -- Installing: /home/s/scott_spaces/decadarobotics_devspace/install/caato_navigation/share/caato_navigation/maps/gardens_corridor.pgm
[2.030s] -- Installing: /home/s/scott_spaces/decadarobotics_devspace/install/caato_navigation/share/caato_navigation/maps/govtech_L10.pgm
[2.045s] -- Installing: /home/s/scott_spaces/decadarobotics_devspace/install/caato_navigation/share/caato_navigation/maps/level10_gmapping.pgm
[2.060s] -- Installing: /home/s/scott_spaces/decadarobotics_devspace/install/caato_navigation/share/caato_navigation/maps/gardens_supertree_round.pgm
[2.076s] -- Installing: /home/s/scott_spaces/decadarobotics_devspace/install/caato_navigation/share/caato_navigation/maps/corridor.yaml
[2.077s] -- Installing: /home/s/scott_spaces/decadarobotics_devspace/install/caato_navigation/share/caato_navigation/maps/level10_2.pgm
[2.080s] -- Installing: /home/s/scott_spaces/decadarobotics_devspace/install/caato_navigation/share/caato_navigation/maps/room.yaml
[2.081s] -- Installing: /home/s/scott_spaces/decadarobotics_devspace/install/caato_navigation/share/caato_navigation/maps/mezzain.pgm
[2.095s] -- Installing: /home/s/scott_spaces/decadarobotics_devspace/install/caato_navigation/share/caato_navigation/maps/govtech_L10.yaml
[2.095s] -- Installing: /home/s/scott_spaces/decadarobotics_devspace/install/caato_navigation/share/caato_navigation/maps/gardens_supertree_round.yaml
[2.095s] -- Installing: /home/s/scott_spaces/decadarobotics_devspace/install/caato_navigation/share/caato_navigation/maps/gardens1.yaml
[2.096s] -- Installing: /home/s/scott_spaces/decadarobotics_devspace/install/caato_navigation/share/caato_navigation/maps/level10_2.yaml
[2.096s] -- Installing: /home/s/scott_spaces/decadarobotics_devspace/install/caato_navigation/share/caato_navigation/maps/level10_caato.yaml
[2.096s] -- Installing: /home/s/scott_spaces/decadarobotics_devspace/install/caato_navigation/share/caato_navigation/maps/level10_1.pgm
[2.100s] -- Installing: /home/s/scott_spaces/decadarobotics_devspace/install/caato_navigation/share/caato_navigation/maps/level10_gmapping.yaml
[2.100s] -- Installing: /home/s/scott_spaces/decadarobotics_devspace/install/caato_navigation/share/caato_navigation/maps/corridor.pgm
[2.104s] -- Installing: /home/s/scott_spaces/decadarobotics_devspace/install/caato_navigation/share/caato_navigation/maps/level10_1.yaml
[2.104s] -- Installing: /home/s/scott_spaces/decadarobotics_devspace/install/caato_navigation/share/caato_navigation/maps/mezzain.yaml
[2.104s] -- Installing: /home/s/scott_spaces/decadarobotics_devspace/install/caato_navigation/share/caato_navigation/maps/level10_caato.pgm
[2.119s] -- Installing: /home/s/scott_spaces/decadarobotics_devspace/install/caato_navigation/share/caato_navigation/maps/gardens_corridor.yaml
[2.119s] -- Installing: /home/s/scott_spaces/decadarobotics_devspace/install/caato_navigation/share/caato_navigation/maps/gardens_corridor_new.pgm
[2.135s] -- Installing: /home/s/scott_spaces/decadarobotics_devspace/install/caato_navigation/share/caato_navigation/maps/mymap.yaml
[2.135s] -- Installing: /home/s/scott_spaces/decadarobotics_devspace/install/caato_navigation/share/caato_navigation/maps/room.pgm
[2.139s] -- Installing: /home/s/scott_spaces/decadarobotics_devspace/install/caato_navigation/share/caato_navigation/maps/mymap.pgm
[2.154s] -- Installing: /home/s/scott_spaces/decadarobotics_devspace/install/caato_navigation/share/caato_navigation/maps/gardens_corridor_new.yaml
[2.155s] -- Installing: /home/s/scott_spaces/decadarobotics_devspace/install/caato_navigation/share/caato_navigation/param
[2.155s] -- Installing: /home/s/scott_spaces/decadarobotics_devspace/install/caato_navigation/share/caato_navigation/param/teb_local_planner_params.yaml
[2.155s] -- Installing: /home/s/scott_spaces/decadarobotics_devspace/install/caato_navigation/share/caato_navigation/param/costmap_common_params.yaml
[2.155s] -- Installing: /home/s/scott_spaces/decadarobotics_devspace/install/caato_navigation/share/caato_navigation/param/local_costmap_params.yaml
[2.156s] -- Installing: /home/s/scott_spaces/decadarobotics_devspace/install/caato_navigation/share/caato_navigation/param/dwa_local_planner_params.yaml
[2.156s] -- Installing: /home/s/scott_spaces/decadarobotics_devspace/install/caato_navigation/share/caato_navigation/param/global_planner_params.yaml
[2.156s] -- Installing: /home/s/scott_spaces/decadarobotics_devspace/install/caato_navigation/share/caato_navigation/param/global_costmap_params.yaml
[2.156s] -- Installing: /home/s/scott_spaces/decadarobotics_devspace/install/caato_navigation/share/caato_navigation/param/move_base_params.yaml
[2.156s] -- Installing: /home/s/scott_spaces/decadarobotics_devspace/install/caato_navigation/share/caato_navigation/param/ekf_caato.yaml
[2.157s] -- Installing: /home/s/scott_spaces/decadarobotics_devspace/install/caato_navigation/share/caato_navigation/rviz
[2.157s] -- Installing: /home/s/scott_spaces/decadarobotics_devspace/install/caato_navigation/share/caato_navigation/rviz/navigation.rviz
[2.157s] -- Installing: /home/s/scott_spaces/decadarobotics_devspace/install/caato_navigation/share/caato_navigation/rviz/gazebo_level10_with_wp_panel.rviz
[2.157s] -- Installing: /home/s/scott_spaces/decadarobotics_devspace/install/caato_navigation/share/caato_navigation/rviz/gazebo_level10.rviz
[2.158s] -- Installing: /home/s/scott_spaces/decadarobotics_devspace/install/caato_navigation/share/caato_navigation/rviz/gt_level10_with_wp_panel.rviz
[2.162s] Invoked command in '/home/s/scott_spaces/decadarobotics_devspace/build/caato_navigation' returned '0': /usr/bin/cmake --install /home/s/scott_spaces/decadarobotics_devspace/build/caato_navigation
