-- The C compiler identification is GNU 9.3.0
-- The CXX compiler identification is GNU 9.3.0
-- Check for working C compiler: /usr/bin/cc
-- Check for working C compiler: /usr/bin/cc -- works
-- Detecting C compiler ABI info
-- Detecting C compiler ABI info - done
-- Detecting C compile features
-- Detecting C compile features - done
-- Check for working CXX compiler: /usr/bin/c++
-- Check for working CXX compiler: /usr/bin/c++ -- works
-- Detecting CXX compiler ABI info
-- Detecting CXX compiler ABI info - done
-- Detecting CXX compile features
-- Detecting CXX compile features - done
CMake Error at CMakeLists.txt:15 (find_package):
  By not providing "FindCycloneDDS.cmake" in CMAKE_MODULE_PATH this project
  has asked CMake to find a package configuration file provided by
  "CycloneDDS", but CMake did not find one.

  Could not find a package configuration file provided by "CycloneDDS" with
  any of the following names:

    CycloneDDSConfig.cmake
    cyclonedds-config.cmake

  Add the installation prefix of "CycloneDDS" to CMAKE_PREFIX_PATH or set
  "CycloneDDS_DIR" to a directory containing one of the above files.  If
  "CycloneDDS" provides a separate development package or SDK, be sure it has
  been installed.


-- Configuring incomplete, errors occurred!
See also "/home/s/scott_spaces/decadarobotics_devspace/build/free_fleet/CMakeFiles/CMakeOutput.log".
