-- The C compiler identification is GNU 9.3.0
-- The CXX compiler identification is GNU 9.3.0
-- Check for working C compiler: /usr/bin/cc
-- Check for working C compiler: /usr/bin/cc -- works
-- Detecting C compiler ABI info
-- Detecting C compiler ABI info - done
-- Detecting C compile features
-- Detecting C compile features - done
-- Check for working CXX compiler: /usr/bin/c++
-- Check for working CXX compiler: /usr/bin/c++ -- works
-- Detecting CXX compiler ABI info
-- Detecting CXX compiler ABI info - done
-- Detecting CXX compile features
-- Detecting CXX compile features - done
-- Using CATKIN_DEVEL_PREFIX: /home/s/scott_spaces/decadarobotics_devspace/build/adhoc_simulations/devel
-- Using CMAKE_PREFIX_PATH: /home/s/scott_spaces/decadarobotics_devspace/install/turtlebot3_navigation;/home/s/scott_spaces/decadarobotics_devspace/install/turtlebot3_gazebo;/home/s/scott_spaces/decadarobotics_devspace/install/turtlebot3_bringup;/home/s/scott_spaces/decadarobotics_devspace/install/turtlebot3_teleop;/home/s/scott_spaces/decadarobotics_devspace/install/turtlebot3_description;/home/s/scott_spaces/decadarobotics_devspace/install/robot_state_publisher;/opt/ros/noetic
-- This workspace overlays: /home/s/scott_spaces/decadarobotics_devspace/install/turtlebot3_navigation;/home/s/scott_spaces/decadarobotics_devspace/install/turtlebot3_gazebo;/home/s/scott_spaces/decadarobotics_devspace/install/turtlebot3_bringup;/home/s/scott_spaces/decadarobotics_devspace/install/turtlebot3_teleop;/home/s/scott_spaces/decadarobotics_devspace/install/turtlebot3_description;/home/s/scott_spaces/decadarobotics_devspace/install/robot_state_publisher;/opt/ros/noetic
-- Found PythonInterp: /usr/bin/python3 (found suitable version "3.8.5", minimum required is "3") 
-- Using PYTHON_EXECUTABLE: /usr/bin/python3
-- Using Debian Python package layout
-- Found PY_em: /usr/lib/python3/dist-packages/em.py  
-- Using empy: /usr/lib/python3/dist-packages/em.py
-- Using CATKIN_ENABLE_TESTING: ON
-- Call enable_testing()
-- Using CATKIN_TEST_RESULTS_DIR: /home/s/scott_spaces/decadarobotics_devspace/build/adhoc_simulations/test_results
-- Forcing gtest/gmock from source, though one was otherwise available.
-- Found gtest sources under '/usr/src/googletest': gtests will be built
-- Found gmock sources under '/usr/src/googletest': gmock will be built
-- Found PythonInterp: /usr/bin/python3 (found version "3.8.5") 
-- Found Threads: TRUE  
-- Using Python nosetests: /usr/bin/nosetests3
-- catkin 0.8.10
-- BUILD_SHARED_LIBS is on
-- Found PkgConfig: /usr/bin/pkg-config (found version "0.29.1") 
-- Checking for module 'bullet>=2.82'
--   Found bullet, version 2.88
-- Found ccd: /usr/include (found suitable version "2.0", minimum required is "2.0") 
-- Found fcl: /opt/ros/noetic/include (found suitable version "0.6.1", minimum required is "0.3.2") 
-- Found assimp: /usr/include (found version "5.0.0") 
-- Found DART: /usr/include (Required is at least version "6.6") found components: dart 
-- Found Boost: /usr/lib/x86_64-linux-gnu/cmake/Boost-1.71.0/BoostConfig.cmake (found suitable version "1.71.0", minimum required is "1.40.0") found components: thread system filesystem program_options regex iostreams date_time 
-- Found Protobuf: /usr/lib/x86_64-linux-gnu/libprotobuf.so;-lpthread (found version "3.6.1") 
-- Looking for ignition-math6 -- found version 6.8.0
-- Searching for dependencies of ignition-math6
-- Looking for OGRE...
-- OGRE_PREFIX_WATCH changed.
-- Checking for module 'OGRE'
--   Found OGRE, version 1.9.0
-- Found Ogre Ghadamon (1.9.0)
-- Found OGRE: optimized;/usr/lib/x86_64-linux-gnu/libOgreMain.so;debug;/usr/lib/x86_64-linux-gnu/libOgreMain.so
-- Looking for OGRE_Paging...
-- Found OGRE_Paging: optimized;/usr/lib/x86_64-linux-gnu/libOgrePaging.so;debug;/usr/lib/x86_64-linux-gnu/libOgrePaging.so
-- Looking for OGRE_Terrain...
-- Found OGRE_Terrain: optimized;/usr/lib/x86_64-linux-gnu/libOgreTerrain.so;debug;/usr/lib/x86_64-linux-gnu/libOgreTerrain.so
-- Looking for OGRE_Property...
-- Found OGRE_Property: optimized;/usr/lib/x86_64-linux-gnu/libOgreProperty.so;debug;/usr/lib/x86_64-linux-gnu/libOgreProperty.so
-- Looking for OGRE_RTShaderSystem...
-- Found OGRE_RTShaderSystem: optimized;/usr/lib/x86_64-linux-gnu/libOgreRTShaderSystem.so;debug;/usr/lib/x86_64-linux-gnu/libOgreRTShaderSystem.so
-- Looking for OGRE_Volume...
-- Found OGRE_Volume: optimized;/usr/lib/x86_64-linux-gnu/libOgreVolume.so;debug;/usr/lib/x86_64-linux-gnu/libOgreVolume.so
-- Looking for OGRE_Overlay...
-- Found OGRE_Overlay: optimized;/usr/lib/x86_64-linux-gnu/libOgreOverlay.so;debug;/usr/lib/x86_64-linux-gnu/libOgreOverlay.so
-- Looking for ignition-math6 -- found version 6.8.0
-- Looking for ignition-transport8 -- found version 8.2.0
-- Searching for dependencies of ignition-transport8
-- Found Protobuf: /usr/lib/x86_64-linux-gnu/libprotobuf.so;-lpthread (found suitable version "3.6.1", minimum required is "3") 
-- Config-file not installed for ZeroMQ -- checking for pkg-config
-- Checking for module 'libzmq >= 4'
--   Found libzmq , version 4.3.2
-- Found ZeroMQ: TRUE (Required is at least version "4") 
-- Checking for module 'uuid'
--   Found uuid, version 2.34.0
-- Found UUID: TRUE  
-- Looking for ignition-msgs5 -- found version 5.7.0
-- Searching for dependencies of ignition-msgs5
-- Looking for ignition-math6 -- found version 6.8.0
-- Checking for module 'tinyxml2'
--   Found tinyxml2, version 6.2.0
-- Looking for ignition-msgs5 -- found version 5.7.0
-- Looking for ignition-common3 -- found version 3.13.2
-- Searching for dependencies of ignition-common3
-- Looking for dlfcn.h - found
-- Looking for libdl - found
-- Found DL: TRUE  
-- Searching for <ignition-common3> component [graphics]
-- Looking for ignition-common3-graphics -- found version 3.13.2
-- Searching for dependencies of ignition-common3-graphics
-- Looking for ignition-math6 -- found version 6.8.0
-- Looking for ignition-fuel_tools4 -- found version 4.3.0
-- Searching for dependencies of ignition-fuel_tools4
-- Found CURL: /usr/lib/x86_64-linux-gnu/libcurl.so (found version "7.68.0")  
-- Checking for module 'jsoncpp'
--   Found jsoncpp, version 1.7.4
-- Found JSONCPP: TRUE  
-- Checking for module 'yaml-0.1'
--   Found yaml-0.1, version 0.2.2
-- Found YAML: TRUE  
-- Checking for module 'libzip'
--   Found libzip, version 1.5.1
-- Found ZIP: TRUE  
-- Looking for ignition-common3 -- found version 3.13.2
-- Looking for ignition-msgs5 -- found version 5.7.0
-- Configuring done
-- Generating done
-- Build files have been written to: /home/s/scott_spaces/decadarobotics_devspace/build/adhoc_simulations
[35m[1mScanning dependencies of target tests[0m
Built target tests
-- Install configuration: "Release"
-- Installing: /home/s/scott_spaces/decadarobotics_devspace/install/adhoc_simulations/lib/pkgconfig/adhoc_simulations.pc
-- Installing: /home/s/scott_spaces/decadarobotics_devspace/install/adhoc_simulations/share/adhoc_simulations/cmake/adhoc_simulationsConfig.cmake
-- Installing: /home/s/scott_spaces/decadarobotics_devspace/install/adhoc_simulations/share/adhoc_simulations/cmake/adhoc_simulationsConfig-version.cmake
-- Installing: /home/s/scott_spaces/decadarobotics_devspace/install/adhoc_simulations/share/adhoc_simulations/package.xml
-- Installing: /home/s/scott_spaces/decadarobotics_devspace/install/adhoc_simulations/share/adhoc_simulations/launch
-- Installing: /home/s/scott_spaces/decadarobotics_devspace/install/adhoc_simulations/share/adhoc_simulations/launch/sim_bot_tb3.launch
-- Installing: /home/s/scott_spaces/decadarobotics_devspace/install/adhoc_simulations/share/adhoc_simulations/launch/sim_base_tb3_house.launch
-- Installing: /home/s/scott_spaces/decadarobotics_devspace/install/adhoc_simulations/share/adhoc_simulations/launch/sim_base_mbc.launch
-- Installing: /home/s/scott_spaces/decadarobotics_devspace/install/adhoc_simulations/share/adhoc_simulations/launch/sim_bot_caato.launch
-- Installing: /home/s/scott_spaces/decadarobotics_devspace/install/adhoc_simulations/share/adhoc_simulations/launch/include
-- Installing: /home/s/scott_spaces/decadarobotics_devspace/install/adhoc_simulations/share/adhoc_simulations/launch/include/single_caato.launch
-- Installing: /home/s/scott_spaces/decadarobotics_devspace/install/adhoc_simulations/share/adhoc_simulations/launch/include/single_turtlebot3.launch
-- Installing: /home/s/scott_spaces/decadarobotics_devspace/install/adhoc_simulations/share/adhoc_simulations/maps
-- Installing: /home/s/scott_spaces/decadarobotics_devspace/install/adhoc_simulations/share/adhoc_simulations/maps/mbc.pgm
-- Installing: /home/s/scott_spaces/decadarobotics_devspace/install/adhoc_simulations/share/adhoc_simulations/maps/house.pgm
-- Installing: /home/s/scott_spaces/decadarobotics_devspace/install/adhoc_simulations/share/adhoc_simulations/maps/mbc.png
-- Installing: /home/s/scott_spaces/decadarobotics_devspace/install/adhoc_simulations/share/adhoc_simulations/maps/house.yaml
-- Installing: /home/s/scott_spaces/decadarobotics_devspace/install/adhoc_simulations/share/adhoc_simulations/maps/mbc.yaml
-- Installing: /home/s/scott_spaces/decadarobotics_devspace/install/adhoc_simulations/share/adhoc_simulations/maps/world.yaml
-- Installing: /home/s/scott_spaces/decadarobotics_devspace/install/adhoc_simulations/share/adhoc_simulations/maps/world.pgm
-- Installing: /home/s/scott_spaces/decadarobotics_devspace/install/adhoc_simulations/share/adhoc_simulations/maps/README.md
-- Installing: /home/s/scott_spaces/decadarobotics_devspace/install/adhoc_simulations/share/adhoc_simulations/models
-- Installing: /home/s/scott_spaces/decadarobotics_devspace/install/adhoc_simulations/share/adhoc_simulations/models/Trolley
-- Installing: /home/s/scott_spaces/decadarobotics_devspace/install/adhoc_simulations/share/adhoc_simulations/models/Trolley/model.config
-- Installing: /home/s/scott_spaces/decadarobotics_devspace/install/adhoc_simulations/share/adhoc_simulations/models/Trolley/meshes
-- Installing: /home/s/scott_spaces/decadarobotics_devspace/install/adhoc_simulations/share/adhoc_simulations/models/Trolley/meshes/Trolley
-- Installing: /home/s/scott_spaces/decadarobotics_devspace/install/adhoc_simulations/share/adhoc_simulations/models/Trolley/meshes/Trolley/__Terrazzo_4.jpg
-- Installing: /home/s/scott_spaces/decadarobotics_devspace/install/adhoc_simulations/share/adhoc_simulations/models/Trolley/meshes/front_wheel.dae
-- Installing: /home/s/scott_spaces/decadarobotics_devspace/install/adhoc_simulations/share/adhoc_simulations/models/Trolley/meshes/caster_wheel.dae
-- Installing: /home/s/scott_spaces/decadarobotics_devspace/install/adhoc_simulations/share/adhoc_simulations/models/Trolley/meshes/caster_wheel.2.dae
-- Installing: /home/s/scott_spaces/decadarobotics_devspace/install/adhoc_simulations/share/adhoc_simulations/models/Trolley/meshes/Trolley.dae
-- Installing: /home/s/scott_spaces/decadarobotics_devspace/install/adhoc_simulations/share/adhoc_simulations/models/Trolley/meshes/caster_wheel_hub.dae
-- Installing: /home/s/scott_spaces/decadarobotics_devspace/install/adhoc_simulations/share/adhoc_simulations/models/Trolley/materials
-- Installing: /home/s/scott_spaces/decadarobotics_devspace/install/adhoc_simulations/share/adhoc_simulations/models/Trolley/materials/scripts
-- Installing: /home/s/scott_spaces/decadarobotics_devspace/install/adhoc_simulations/share/adhoc_simulations/models/Trolley/materials/scripts/QrImage.material.bkup
-- Installing: /home/s/scott_spaces/decadarobotics_devspace/install/adhoc_simulations/share/adhoc_simulations/models/Trolley/materials/scripts/AprilTag.material
-- Installing: /home/s/scott_spaces/decadarobotics_devspace/install/adhoc_simulations/share/adhoc_simulations/models/Trolley/materials/textures
-- Installing: /home/s/scott_spaces/decadarobotics_devspace/install/adhoc_simulations/share/adhoc_simulations/models/Trolley/materials/textures/AprilTag.jpeg
-- Installing: /home/s/scott_spaces/decadarobotics_devspace/install/adhoc_simulations/share/adhoc_simulations/models/Trolley/materials/textures/QrImage.png.bkup
-- Installing: /home/s/scott_spaces/decadarobotics_devspace/install/adhoc_simulations/share/adhoc_simulations/models/Trolley/model.sdf
-- Installing: /home/s/scott_spaces/decadarobotics_devspace/install/adhoc_simulations/share/adhoc_simulations/models/Trolley/model.sdf.bkup
-- Installing: /home/s/scott_spaces/decadarobotics_devspace/install/adhoc_simulations/share/adhoc_simulations/models/Caato
-- Installing: /home/s/scott_spaces/decadarobotics_devspace/install/adhoc_simulations/share/adhoc_simulations/models/Caato/model.config
-- Installing: /home/s/scott_spaces/decadarobotics_devspace/install/adhoc_simulations/share/adhoc_simulations/models/Caato/caato_360Cam.urdf.xacro
-- Installing: /home/s/scott_spaces/decadarobotics_devspace/install/adhoc_simulations/share/adhoc_simulations/models/Caato/meshes
-- Installing: /home/s/scott_spaces/decadarobotics_devspace/install/adhoc_simulations/share/adhoc_simulations/models/Caato/meshes/hokuyo_laser_scanner.stl
-- Installing: /home/s/scott_spaces/decadarobotics_devspace/install/adhoc_simulations/share/adhoc_simulations/models/Caato/meshes/castor_wheel.stl
-- Installing: /home/s/scott_spaces/decadarobotics_devspace/install/adhoc_simulations/share/adhoc_simulations/models/Caato/meshes/base_link.stl
-- Installing: /home/s/scott_spaces/decadarobotics_devspace/install/adhoc_simulations/share/adhoc_simulations/models/Caato/meshes/castor_mount.stl
-- Installing: /home/s/scott_spaces/decadarobotics_devspace/install/adhoc_simulations/share/adhoc_simulations/models/Caato/meshes/xiaomi_pro_hub_motor.stl
-- Installing: /home/s/scott_spaces/decadarobotics_devspace/install/adhoc_simulations/share/adhoc_simulations/models/Caato/meshes/002._dc_brushed_wheels.stl
-- Installing: /home/s/scott_spaces/decadarobotics_devspace/install/adhoc_simulations/share/adhoc_simulations/models/Caato/model.sdf
-- Installing: /home/s/scott_spaces/decadarobotics_devspace/install/adhoc_simulations/share/adhoc_simulations/models/mbc_building_L1
-- Installing: /home/s/scott_spaces/decadarobotics_devspace/install/adhoc_simulations/share/adhoc_simulations/models/mbc_building_L1/model.config
-- Installing: /home/s/scott_spaces/decadarobotics_devspace/install/adhoc_simulations/share/adhoc_simulations/models/mbc_building_L1/meshes
-- Installing: /home/s/scott_spaces/decadarobotics_devspace/install/adhoc_simulations/share/adhoc_simulations/models/mbc_building_L1/meshes/wall_1.obj
-- Installing: /home/s/scott_spaces/decadarobotics_devspace/install/adhoc_simulations/share/adhoc_simulations/models/mbc_building_L1/meshes/floor_1.obj
-- Installing: /home/s/scott_spaces/decadarobotics_devspace/install/adhoc_simulations/share/adhoc_simulations/models/mbc_building_L1/meshes/floor_1.mtl
-- Installing: /home/s/scott_spaces/decadarobotics_devspace/install/adhoc_simulations/share/adhoc_simulations/models/mbc_building_L1/meshes/default.png
-- Installing: /home/s/scott_spaces/decadarobotics_devspace/install/adhoc_simulations/share/adhoc_simulations/models/mbc_building_L1/meshes/floor_2.png
-- Installing: /home/s/scott_spaces/decadarobotics_devspace/install/adhoc_simulations/share/adhoc_simulations/models/mbc_building_L1/meshes/wall_1.mtl
-- Installing: /home/s/scott_spaces/decadarobotics_devspace/install/adhoc_simulations/share/adhoc_simulations/models/mbc_building_L1/meshes/floor_2.mtl
-- Installing: /home/s/scott_spaces/decadarobotics_devspace/install/adhoc_simulations/share/adhoc_simulations/models/mbc_building_L1/meshes/floor_2.obj
-- Installing: /home/s/scott_spaces/decadarobotics_devspace/install/adhoc_simulations/share/adhoc_simulations/models/mbc_building_L1/meshes/floor_1.png
-- Installing: /home/s/scott_spaces/decadarobotics_devspace/install/adhoc_simulations/share/adhoc_simulations/models/mbc_building_L1/model.sdf
-- Installing: /home/s/scott_spaces/decadarobotics_devspace/install/adhoc_simulations/share/adhoc_simulations/rviz
-- Installing: /home/s/scott_spaces/decadarobotics_devspace/install/adhoc_simulations/share/adhoc_simulations/rviz/multi_adhoc_turtlebot3.rviz
-- Installing: /home/s/scott_spaces/decadarobotics_devspace/install/adhoc_simulations/share/adhoc_simulations/rviz/README.md
-- Installing: /home/s/scott_spaces/decadarobotics_devspace/install/adhoc_simulations/share/adhoc_simulations/tb3_urdf
-- Installing: /home/s/scott_spaces/decadarobotics_devspace/install/adhoc_simulations/share/adhoc_simulations/tb3_urdf/common_properties.xacro
-- Installing: /home/s/scott_spaces/decadarobotics_devspace/install/adhoc_simulations/share/adhoc_simulations/tb3_urdf/turtlebot3_waffle_pi.gazebo.xacro
-- Installing: /home/s/scott_spaces/decadarobotics_devspace/install/adhoc_simulations/share/adhoc_simulations/tb3_urdf/turtlebot3_burger_for_autorace.urdf.xacro
-- Installing: /home/s/scott_spaces/decadarobotics_devspace/install/adhoc_simulations/share/adhoc_simulations/tb3_urdf/turtlebot3_waffle_pi.urdf.xacro
-- Installing: /home/s/scott_spaces/decadarobotics_devspace/install/adhoc_simulations/share/adhoc_simulations/tb3_urdf/turtlebot3_waffle_for_open_manipulator.urdf.xacro
-- Installing: /home/s/scott_spaces/decadarobotics_devspace/install/adhoc_simulations/share/adhoc_simulations/tb3_urdf/turtlebot3_burger_for_autorace_2020.urdf.xacro
-- Installing: /home/s/scott_spaces/decadarobotics_devspace/install/adhoc_simulations/share/adhoc_simulations/tb3_urdf/turtlebot3_waffle_pi_for_open_manipulator.urdf.xacro
-- Installing: /home/s/scott_spaces/decadarobotics_devspace/install/adhoc_simulations/share/adhoc_simulations/tb3_urdf/turtlebot3_burger.urdf.xacro
-- Installing: /home/s/scott_spaces/decadarobotics_devspace/install/adhoc_simulations/share/adhoc_simulations/tb3_urdf/turtlebot3_burger.gazebo.xacro
-- Installing: /home/s/scott_spaces/decadarobotics_devspace/install/adhoc_simulations/share/adhoc_simulations/tb3_urdf/turtlebot3_waffle.gazebo.xacro
-- Installing: /home/s/scott_spaces/decadarobotics_devspace/install/adhoc_simulations/share/adhoc_simulations/tb3_urdf/turtlebot3_waffle_pi_for_open_manipulator.gazebo.xacro
-- Installing: /home/s/scott_spaces/decadarobotics_devspace/install/adhoc_simulations/share/adhoc_simulations/tb3_urdf/turtlebot3_waffle.urdf.xacro
-- Installing: /home/s/scott_spaces/decadarobotics_devspace/install/adhoc_simulations/share/adhoc_simulations/tb3_urdf/turtlebot3_burger_for_autorace.gazebo.xacro
-- Installing: /home/s/scott_spaces/decadarobotics_devspace/install/adhoc_simulations/share/adhoc_simulations/tb3_urdf/turtlebot3_burger_for_autorace_2020.gazebo.xacro
-- Installing: /home/s/scott_spaces/decadarobotics_devspace/install/adhoc_simulations/share/adhoc_simulations/worlds
-- Installing: /home/s/scott_spaces/decadarobotics_devspace/install/adhoc_simulations/share/adhoc_simulations/worlds/mbc.building.world
-- Installing: /home/s/scott_spaces/decadarobotics_devspace/install/adhoc_simulations/share/adhoc_simulations/worlds/mbc.building.nodoors.world
-- Installing: /home/s/scott_spaces/decadarobotics_devspace/install/adhoc_simulations/share/adhoc_simulations/worlds/empty.world
-- Installing: /home/s/scott_spaces/decadarobotics_devspace/install/adhoc_simulations/share/adhoc_simulations/worlds/mbc.building.nodoors.2.world
-- Installing: /home/s/scott_spaces/decadarobotics_devspace/install/adhoc_simulations/share/adhoc_simulations/scripts
-- Installing: /home/s/scott_spaces/decadarobotics_devspace/install/adhoc_simulations/share/adhoc_simulations/scripts/random_number_generator.py
