[0.040s] Invoking command in '/home/s/scott_spaces/decadarobotics_devspace/build/adhoc_simulations': CMAKE_PREFIX_PATH=/home/s/scott_spaces/decadarobotics_devspace/install/turtlebot3_navigation:/home/s/scott_spaces/decadarobotics_devspace/install/turtlebot3_gazebo:/home/s/scott_spaces/decadarobotics_devspace/install/turtlebot3_bringup:/home/s/scott_spaces/decadarobotics_devspace/install/turtlebot3_teleop:/home/s/scott_spaces/decadarobotics_devspace/install/turtlebot3_description:/home/s/scott_spaces/decadarobotics_devspace/install/robot_state_publisher:${CMAKE_PREFIX_PATH} LD_LIBRARY_PATH=/home/s/scott_spaces/decadarobotics_devspace/install/robot_state_publisher/lib:${LD_LIBRARY_PATH} PKG_CONFIG_PATH=/home/s/scott_spaces/decadarobotics_devspace/install/turtlebot3_navigation/lib/x86_64-linux-gnu/pkgconfig:/home/s/scott_spaces/decadarobotics_devspace/install/turtlebot3_navigation/lib/pkgconfig:/home/s/scott_spaces/decadarobotics_devspace/install/turtlebot3_gazebo/lib/x86_64-linux-gnu/pkgconfig:/home/s/scott_spaces/decadarobotics_devspace/install/turtlebot3_gazebo/lib/pkgconfig:/home/s/scott_spaces/decadarobotics_devspace/install/turtlebot3_bringup/lib/x86_64-linux-gnu/pkgconfig:/home/s/scott_spaces/decadarobotics_devspace/install/turtlebot3_bringup/lib/pkgconfig:/home/s/scott_spaces/decadarobotics_devspace/install/turtlebot3_teleop/lib/x86_64-linux-gnu/pkgconfig:/home/s/scott_spaces/decadarobotics_devspace/install/turtlebot3_teleop/lib/pkgconfig:/home/s/scott_spaces/decadarobotics_devspace/install/turtlebot3_description/lib/x86_64-linux-gnu/pkgconfig:/home/s/scott_spaces/decadarobotics_devspace/install/turtlebot3_description/lib/pkgconfig:/home/s/scott_spaces/decadarobotics_devspace/install/robot_state_publisher/lib/x86_64-linux-gnu/pkgconfig:/home/s/scott_spaces/decadarobotics_devspace/install/robot_state_publisher/lib/pkgconfig:${PKG_CONFIG_PATH} PYTHONPATH=/home/s/scott_spaces/decadarobotics_devspace/install/turtlebot3_teleop/lib/python3/dist-packages:${PYTHONPATH} ROS_PACKAGE_PATH=/home/s/scott_spaces/decadarobotics_devspace/install/turtlebot3_navigation/share:/home/s/scott_spaces/decadarobotics_devspace/install/turtlebot3_gazebo/share:/home/s/scott_spaces/decadarobotics_devspace/install/turtlebot3_bringup/share:/home/s/scott_spaces/decadarobotics_devspace/install/turtlebot3_teleop/share:/home/s/scott_spaces/decadarobotics_devspace/install/turtlebot3_description/share:/home/s/scott_spaces/decadarobotics_devspace/install/robot_state_publisher/share:${ROS_PACKAGE_PATH} /usr/bin/cmake /home/s/scott_spaces/decadarobotics_devspace/src/adhoc-simulations -DCMAKE_BUILD_TYPE=Release -DCATKIN_INSTALL_INTO_PREFIX_ROOT=0 -DCMAKE_INSTALL_PREFIX=/home/s/scott_spaces/decadarobotics_devspace/install/adhoc_simulations
[0.118s] -- The C compiler identification is GNU 9.3.0
[0.185s] -- The CXX compiler identification is GNU 9.3.0
[0.191s] -- Check for working C compiler: /usr/bin/cc
[0.282s] -- Check for working C compiler: /usr/bin/cc -- works
[0.283s] -- Detecting C compiler ABI info
[0.374s] -- Detecting C compiler ABI info - done
[0.387s] -- Detecting C compile features
[0.387s] -- Detecting C compile features - done
[0.392s] -- Check for working CXX compiler: /usr/bin/c++
[0.491s] -- Check for working CXX compiler: /usr/bin/c++ -- works
[0.491s] -- Detecting CXX compiler ABI info
[0.594s] -- Detecting CXX compiler ABI info - done
[0.609s] -- Detecting CXX compile features
[0.610s] -- Detecting CXX compile features - done
[0.613s] -- Using CATKIN_DEVEL_PREFIX: /home/s/scott_spaces/decadarobotics_devspace/build/adhoc_simulations/devel
[0.613s] -- Using CMAKE_PREFIX_PATH: /home/s/scott_spaces/decadarobotics_devspace/install/turtlebot3_navigation;/home/s/scott_spaces/decadarobotics_devspace/install/turtlebot3_gazebo;/home/s/scott_spaces/decadarobotics_devspace/install/turtlebot3_bringup;/home/s/scott_spaces/decadarobotics_devspace/install/turtlebot3_teleop;/home/s/scott_spaces/decadarobotics_devspace/install/turtlebot3_description;/home/s/scott_spaces/decadarobotics_devspace/install/robot_state_publisher;/opt/ros/noetic
[0.613s] -- This workspace overlays: /home/s/scott_spaces/decadarobotics_devspace/install/turtlebot3_navigation;/home/s/scott_spaces/decadarobotics_devspace/install/turtlebot3_gazebo;/home/s/scott_spaces/decadarobotics_devspace/install/turtlebot3_bringup;/home/s/scott_spaces/decadarobotics_devspace/install/turtlebot3_teleop;/home/s/scott_spaces/decadarobotics_devspace/install/turtlebot3_description;/home/s/scott_spaces/decadarobotics_devspace/install/robot_state_publisher;/opt/ros/noetic
[0.641s] -- Found PythonInterp: /usr/bin/python3 (found suitable version "3.8.5", minimum required is "3") 
[0.641s] -- Using PYTHON_EXECUTABLE: /usr/bin/python3
[0.641s] -- Using Debian Python package layout
[0.679s] -- Found PY_em: /usr/lib/python3/dist-packages/em.py  
[0.680s] -- Using empy: /usr/lib/python3/dist-packages/em.py
[0.836s] -- Using CATKIN_ENABLE_TESTING: ON
[0.837s] -- Call enable_testing()
[0.841s] -- Using CATKIN_TEST_RESULTS_DIR: /home/s/scott_spaces/decadarobotics_devspace/build/adhoc_simulations/test_results
[1.253s] -- Forcing gtest/gmock from source, though one was otherwise available.
[1.254s] -- Found gtest sources under '/usr/src/googletest': gtests will be built
[1.254s] -- Found gmock sources under '/usr/src/googletest': gmock will be built
[1.291s] -- Found PythonInterp: /usr/bin/python3 (found version "3.8.5") 
[1.291s] -- Found Threads: TRUE  
[1.297s] -- Using Python nosetests: /usr/bin/nosetests3
[1.369s] -- catkin 0.8.10
[1.370s] -- BUILD_SHARED_LIBS is on
[1.560s] -- Found PkgConfig: /usr/bin/pkg-config (found version "0.29.1") 
[1.562s] -- Checking for module 'bullet>=2.82'
[1.598s] --   Found bullet, version 2.88
[1.817s] -- Found ccd: /usr/include (found suitable version "2.0", minimum required is "2.0") 
[1.981s] -- Found fcl: /opt/ros/noetic/include (found suitable version "0.6.1", minimum required is "0.3.2") 
[2.094s] -- Found assimp: /usr/include (found version "5.0.0") 
[2.128s] -- Found DART: /usr/include (Required is at least version "6.6") found components: dart 
[2.172s] -- Found Boost: /usr/lib/x86_64-linux-gnu/cmake/Boost-1.71.0/BoostConfig.cmake (found suitable version "1.71.0", minimum required is "1.40.0") found components: thread system filesystem program_options regex iostreams date_time 
[2.203s] -- Found Protobuf: /usr/lib/x86_64-linux-gnu/libprotobuf.so;-lpthread (found version "3.6.1") 
[2.210s] -- Looking for ignition-math6 -- found version 6.8.0
[2.218s] -- Searching for dependencies of ignition-math6
[2.221s] -- Looking for OGRE...
[2.221s] -- OGRE_PREFIX_WATCH changed.
[2.227s] -- Checking for module 'OGRE'
[2.252s] --   Found OGRE, version 1.9.0
[2.323s] -- Found Ogre Ghadamon (1.9.0)
[2.348s] -- Found OGRE: optimized;/usr/lib/x86_64-linux-gnu/libOgreMain.so;debug;/usr/lib/x86_64-linux-gnu/libOgreMain.so
[2.360s] -- Looking for OGRE_Paging...
[2.388s] -- Found OGRE_Paging: optimized;/usr/lib/x86_64-linux-gnu/libOgrePaging.so;debug;/usr/lib/x86_64-linux-gnu/libOgrePaging.so
[2.388s] -- Looking for OGRE_Terrain...
[2.412s] -- Found OGRE_Terrain: optimized;/usr/lib/x86_64-linux-gnu/libOgreTerrain.so;debug;/usr/lib/x86_64-linux-gnu/libOgreTerrain.so
[2.412s] -- Looking for OGRE_Property...
[2.429s] -- Found OGRE_Property: optimized;/usr/lib/x86_64-linux-gnu/libOgreProperty.so;debug;/usr/lib/x86_64-linux-gnu/libOgreProperty.so
[2.430s] -- Looking for OGRE_RTShaderSystem...
[2.447s] -- Found OGRE_RTShaderSystem: optimized;/usr/lib/x86_64-linux-gnu/libOgreRTShaderSystem.so;debug;/usr/lib/x86_64-linux-gnu/libOgreRTShaderSystem.so
[2.448s] -- Looking for OGRE_Volume...
[2.467s] -- Found OGRE_Volume: optimized;/usr/lib/x86_64-linux-gnu/libOgreVolume.so;debug;/usr/lib/x86_64-linux-gnu/libOgreVolume.so
[2.468s] -- Looking for OGRE_Overlay...
[2.486s] -- Found OGRE_Overlay: optimized;/usr/lib/x86_64-linux-gnu/libOgreOverlay.so;debug;/usr/lib/x86_64-linux-gnu/libOgreOverlay.so
[2.948s] -- Looking for ignition-math6 -- found version 6.8.0
[2.951s] -- Looking for ignition-transport8 -- found version 8.2.0
[2.952s] -- Searching for dependencies of ignition-transport8
[2.975s] -- Found Protobuf: /usr/lib/x86_64-linux-gnu/libprotobuf.so;-lpthread (found suitable version "3.6.1", minimum required is "3") 
[2.988s] -- Config-file not installed for ZeroMQ -- checking for pkg-config
[2.994s] -- Checking for module 'libzmq >= 4'
[3.019s] --   Found libzmq , version 4.3.2
[3.090s] -- Found ZeroMQ: TRUE (Required is at least version "4") 
[3.098s] -- Checking for module 'uuid'
[3.127s] --   Found uuid, version 2.34.0
[3.200s] -- Found UUID: TRUE  
[3.202s] -- Looking for ignition-msgs5 -- found version 5.7.0
[3.202s] -- Searching for dependencies of ignition-msgs5
[3.226s] -- Looking for ignition-math6 -- found version 6.8.0
[3.232s] -- Checking for module 'tinyxml2'
[3.262s] --   Found tinyxml2, version 6.2.0
[3.338s] -- Looking for ignition-msgs5 -- found version 5.7.0
[3.341s] -- Looking for ignition-common3 -- found version 3.13.2
[3.341s] -- Searching for dependencies of ignition-common3
[3.342s] -- Looking for dlfcn.h - found
[3.345s] -- Looking for libdl - found
[3.346s] -- Found DL: TRUE  
[3.356s] -- Searching for <ignition-common3> component [graphics]
[3.358s] -- Looking for ignition-common3-graphics -- found version 3.13.2
[3.360s] -- Searching for dependencies of ignition-common3-graphics
[3.360s] -- Looking for ignition-math6 -- found version 6.8.0
[3.364s] -- Looking for ignition-fuel_tools4 -- found version 4.3.0
[3.365s] -- Searching for dependencies of ignition-fuel_tools4
[3.563s] -- Found CURL: /usr/lib/x86_64-linux-gnu/libcurl.so (found version "7.68.0")  
[3.573s] -- Checking for module 'jsoncpp'
[3.601s] --   Found jsoncpp, version 1.7.4
[3.673s] -- Found JSONCPP: TRUE  
[3.693s] -- Checking for module 'yaml-0.1'
[3.720s] --   Found yaml-0.1, version 0.2.2
[3.786s] -- Found YAML: TRUE  
[3.792s] -- Checking for module 'libzip'
[3.818s] --   Found libzip, version 1.5.1
[3.889s] -- Found ZIP: TRUE  
[3.890s] -- Looking for ignition-common3 -- found version 3.13.2
[3.890s] -- Looking for ignition-msgs5 -- found version 5.7.0
[4.085s] -- Configuring done
[4.097s] -- Generating done
[4.100s] -- Build files have been written to: /home/s/scott_spaces/decadarobotics_devspace/build/adhoc_simulations
[4.116s] Invoked command in '/home/s/scott_spaces/decadarobotics_devspace/build/adhoc_simulations' returned '0': CMAKE_PREFIX_PATH=/home/s/scott_spaces/decadarobotics_devspace/install/turtlebot3_navigation:/home/s/scott_spaces/decadarobotics_devspace/install/turtlebot3_gazebo:/home/s/scott_spaces/decadarobotics_devspace/install/turtlebot3_bringup:/home/s/scott_spaces/decadarobotics_devspace/install/turtlebot3_teleop:/home/s/scott_spaces/decadarobotics_devspace/install/turtlebot3_description:/home/s/scott_spaces/decadarobotics_devspace/install/robot_state_publisher:${CMAKE_PREFIX_PATH} LD_LIBRARY_PATH=/home/s/scott_spaces/decadarobotics_devspace/install/robot_state_publisher/lib:${LD_LIBRARY_PATH} PKG_CONFIG_PATH=/home/s/scott_spaces/decadarobotics_devspace/install/turtlebot3_navigation/lib/x86_64-linux-gnu/pkgconfig:/home/s/scott_spaces/decadarobotics_devspace/install/turtlebot3_navigation/lib/pkgconfig:/home/s/scott_spaces/decadarobotics_devspace/install/turtlebot3_gazebo/lib/x86_64-linux-gnu/pkgconfig:/home/s/scott_spaces/decadarobotics_devspace/install/turtlebot3_gazebo/lib/pkgconfig:/home/s/scott_spaces/decadarobotics_devspace/install/turtlebot3_bringup/lib/x86_64-linux-gnu/pkgconfig:/home/s/scott_spaces/decadarobotics_devspace/install/turtlebot3_bringup/lib/pkgconfig:/home/s/scott_spaces/decadarobotics_devspace/install/turtlebot3_teleop/lib/x86_64-linux-gnu/pkgconfig:/home/s/scott_spaces/decadarobotics_devspace/install/turtlebot3_teleop/lib/pkgconfig:/home/s/scott_spaces/decadarobotics_devspace/install/turtlebot3_description/lib/x86_64-linux-gnu/pkgconfig:/home/s/scott_spaces/decadarobotics_devspace/install/turtlebot3_description/lib/pkgconfig:/home/s/scott_spaces/decadarobotics_devspace/install/robot_state_publisher/lib/x86_64-linux-gnu/pkgconfig:/home/s/scott_spaces/decadarobotics_devspace/install/robot_state_publisher/lib/pkgconfig:${PKG_CONFIG_PATH} PYTHONPATH=/home/s/scott_spaces/decadarobotics_devspace/install/turtlebot3_teleop/lib/python3/dist-packages:${PYTHONPATH} ROS_PACKAGE_PATH=/home/s/scott_spaces/decadarobotics_devspace/install/turtlebot3_navigation/share:/home/s/scott_spaces/decadarobotics_devspace/install/turtlebot3_gazebo/share:/home/s/scott_spaces/decadarobotics_devspace/install/turtlebot3_bringup/share:/home/s/scott_spaces/decadarobotics_devspace/install/turtlebot3_teleop/share:/home/s/scott_spaces/decadarobotics_devspace/install/turtlebot3_description/share:/home/s/scott_spaces/decadarobotics_devspace/install/robot_state_publisher/share:${ROS_PACKAGE_PATH} /usr/bin/cmake /home/s/scott_spaces/decadarobotics_devspace/src/adhoc-simulations -DCMAKE_BUILD_TYPE=Release -DCATKIN_INSTALL_INTO_PREFIX_ROOT=0 -DCMAKE_INSTALL_PREFIX=/home/s/scott_spaces/decadarobotics_devspace/install/adhoc_simulations
[4.117s] Invoking command in '/home/s/scott_spaces/decadarobotics_devspace/build/adhoc_simulations': CMAKE_PREFIX_PATH=/home/s/scott_spaces/decadarobotics_devspace/install/turtlebot3_navigation:/home/s/scott_spaces/decadarobotics_devspace/install/turtlebot3_gazebo:/home/s/scott_spaces/decadarobotics_devspace/install/turtlebot3_bringup:/home/s/scott_spaces/decadarobotics_devspace/install/turtlebot3_teleop:/home/s/scott_spaces/decadarobotics_devspace/install/turtlebot3_description:/home/s/scott_spaces/decadarobotics_devspace/install/robot_state_publisher:${CMAKE_PREFIX_PATH} LD_LIBRARY_PATH=/home/s/scott_spaces/decadarobotics_devspace/install/robot_state_publisher/lib:${LD_LIBRARY_PATH} PKG_CONFIG_PATH=/home/s/scott_spaces/decadarobotics_devspace/install/turtlebot3_navigation/lib/x86_64-linux-gnu/pkgconfig:/home/s/scott_spaces/decadarobotics_devspace/install/turtlebot3_navigation/lib/pkgconfig:/home/s/scott_spaces/decadarobotics_devspace/install/turtlebot3_gazebo/lib/x86_64-linux-gnu/pkgconfig:/home/s/scott_spaces/decadarobotics_devspace/install/turtlebot3_gazebo/lib/pkgconfig:/home/s/scott_spaces/decadarobotics_devspace/install/turtlebot3_bringup/lib/x86_64-linux-gnu/pkgconfig:/home/s/scott_spaces/decadarobotics_devspace/install/turtlebot3_bringup/lib/pkgconfig:/home/s/scott_spaces/decadarobotics_devspace/install/turtlebot3_teleop/lib/x86_64-linux-gnu/pkgconfig:/home/s/scott_spaces/decadarobotics_devspace/install/turtlebot3_teleop/lib/pkgconfig:/home/s/scott_spaces/decadarobotics_devspace/install/turtlebot3_description/lib/x86_64-linux-gnu/pkgconfig:/home/s/scott_spaces/decadarobotics_devspace/install/turtlebot3_description/lib/pkgconfig:/home/s/scott_spaces/decadarobotics_devspace/install/robot_state_publisher/lib/x86_64-linux-gnu/pkgconfig:/home/s/scott_spaces/decadarobotics_devspace/install/robot_state_publisher/lib/pkgconfig:${PKG_CONFIG_PATH} PYTHONPATH=/home/s/scott_spaces/decadarobotics_devspace/install/turtlebot3_teleop/lib/python3/dist-packages:${PYTHONPATH} ROS_PACKAGE_PATH=/home/s/scott_spaces/decadarobotics_devspace/install/turtlebot3_navigation/share:/home/s/scott_spaces/decadarobotics_devspace/install/turtlebot3_gazebo/share:/home/s/scott_spaces/decadarobotics_devspace/install/turtlebot3_bringup/share:/home/s/scott_spaces/decadarobotics_devspace/install/turtlebot3_teleop/share:/home/s/scott_spaces/decadarobotics_devspace/install/turtlebot3_description/share:/home/s/scott_spaces/decadarobotics_devspace/install/robot_state_publisher/share:${ROS_PACKAGE_PATH} /usr/bin/cmake --build /home/s/scott_spaces/decadarobotics_devspace/build/adhoc_simulations -- -j4 -l4
[4.186s] Invoked command in '/home/s/scott_spaces/decadarobotics_devspace/build/adhoc_simulations' returned '0': CMAKE_PREFIX_PATH=/home/s/scott_spaces/decadarobotics_devspace/install/turtlebot3_navigation:/home/s/scott_spaces/decadarobotics_devspace/install/turtlebot3_gazebo:/home/s/scott_spaces/decadarobotics_devspace/install/turtlebot3_bringup:/home/s/scott_spaces/decadarobotics_devspace/install/turtlebot3_teleop:/home/s/scott_spaces/decadarobotics_devspace/install/turtlebot3_description:/home/s/scott_spaces/decadarobotics_devspace/install/robot_state_publisher:${CMAKE_PREFIX_PATH} LD_LIBRARY_PATH=/home/s/scott_spaces/decadarobotics_devspace/install/robot_state_publisher/lib:${LD_LIBRARY_PATH} PKG_CONFIG_PATH=/home/s/scott_spaces/decadarobotics_devspace/install/turtlebot3_navigation/lib/x86_64-linux-gnu/pkgconfig:/home/s/scott_spaces/decadarobotics_devspace/install/turtlebot3_navigation/lib/pkgconfig:/home/s/scott_spaces/decadarobotics_devspace/install/turtlebot3_gazebo/lib/x86_64-linux-gnu/pkgconfig:/home/s/scott_spaces/decadarobotics_devspace/install/turtlebot3_gazebo/lib/pkgconfig:/home/s/scott_spaces/decadarobotics_devspace/install/turtlebot3_bringup/lib/x86_64-linux-gnu/pkgconfig:/home/s/scott_spaces/decadarobotics_devspace/install/turtlebot3_bringup/lib/pkgconfig:/home/s/scott_spaces/decadarobotics_devspace/install/turtlebot3_teleop/lib/x86_64-linux-gnu/pkgconfig:/home/s/scott_spaces/decadarobotics_devspace/install/turtlebot3_teleop/lib/pkgconfig:/home/s/scott_spaces/decadarobotics_devspace/install/turtlebot3_description/lib/x86_64-linux-gnu/pkgconfig:/home/s/scott_spaces/decadarobotics_devspace/install/turtlebot3_description/lib/pkgconfig:/home/s/scott_spaces/decadarobotics_devspace/install/robot_state_publisher/lib/x86_64-linux-gnu/pkgconfig:/home/s/scott_spaces/decadarobotics_devspace/install/robot_state_publisher/lib/pkgconfig:${PKG_CONFIG_PATH} PYTHONPATH=/home/s/scott_spaces/decadarobotics_devspace/install/turtlebot3_teleop/lib/python3/dist-packages:${PYTHONPATH} ROS_PACKAGE_PATH=/home/s/scott_spaces/decadarobotics_devspace/install/turtlebot3_navigation/share:/home/s/scott_spaces/decadarobotics_devspace/install/turtlebot3_gazebo/share:/home/s/scott_spaces/decadarobotics_devspace/install/turtlebot3_bringup/share:/home/s/scott_spaces/decadarobotics_devspace/install/turtlebot3_teleop/share:/home/s/scott_spaces/decadarobotics_devspace/install/turtlebot3_description/share:/home/s/scott_spaces/decadarobotics_devspace/install/robot_state_publisher/share:${ROS_PACKAGE_PATH} /usr/bin/cmake --build /home/s/scott_spaces/decadarobotics_devspace/build/adhoc_simulations -- -j4 -l4
[4.227s] Invoking command in '/home/s/scott_spaces/decadarobotics_devspace/build/adhoc_simulations': CMAKE_PREFIX_PATH=/home/s/scott_spaces/decadarobotics_devspace/install/turtlebot3_navigation:/home/s/scott_spaces/decadarobotics_devspace/install/turtlebot3_gazebo:/home/s/scott_spaces/decadarobotics_devspace/install/turtlebot3_bringup:/home/s/scott_spaces/decadarobotics_devspace/install/turtlebot3_teleop:/home/s/scott_spaces/decadarobotics_devspace/install/turtlebot3_description:/home/s/scott_spaces/decadarobotics_devspace/install/robot_state_publisher:${CMAKE_PREFIX_PATH} LD_LIBRARY_PATH=/home/s/scott_spaces/decadarobotics_devspace/install/robot_state_publisher/lib:${LD_LIBRARY_PATH} PKG_CONFIG_PATH=/home/s/scott_spaces/decadarobotics_devspace/install/turtlebot3_navigation/lib/x86_64-linux-gnu/pkgconfig:/home/s/scott_spaces/decadarobotics_devspace/install/turtlebot3_navigation/lib/pkgconfig:/home/s/scott_spaces/decadarobotics_devspace/install/turtlebot3_gazebo/lib/x86_64-linux-gnu/pkgconfig:/home/s/scott_spaces/decadarobotics_devspace/install/turtlebot3_gazebo/lib/pkgconfig:/home/s/scott_spaces/decadarobotics_devspace/install/turtlebot3_bringup/lib/x86_64-linux-gnu/pkgconfig:/home/s/scott_spaces/decadarobotics_devspace/install/turtlebot3_bringup/lib/pkgconfig:/home/s/scott_spaces/decadarobotics_devspace/install/turtlebot3_teleop/lib/x86_64-linux-gnu/pkgconfig:/home/s/scott_spaces/decadarobotics_devspace/install/turtlebot3_teleop/lib/pkgconfig:/home/s/scott_spaces/decadarobotics_devspace/install/turtlebot3_description/lib/x86_64-linux-gnu/pkgconfig:/home/s/scott_spaces/decadarobotics_devspace/install/turtlebot3_description/lib/pkgconfig:/home/s/scott_spaces/decadarobotics_devspace/install/robot_state_publisher/lib/x86_64-linux-gnu/pkgconfig:/home/s/scott_spaces/decadarobotics_devspace/install/robot_state_publisher/lib/pkgconfig:${PKG_CONFIG_PATH} PYTHONPATH=/home/s/scott_spaces/decadarobotics_devspace/install/turtlebot3_teleop/lib/python3/dist-packages:${PYTHONPATH} ROS_PACKAGE_PATH=/home/s/scott_spaces/decadarobotics_devspace/install/turtlebot3_navigation/share:/home/s/scott_spaces/decadarobotics_devspace/install/turtlebot3_gazebo/share:/home/s/scott_spaces/decadarobotics_devspace/install/turtlebot3_bringup/share:/home/s/scott_spaces/decadarobotics_devspace/install/turtlebot3_teleop/share:/home/s/scott_spaces/decadarobotics_devspace/install/turtlebot3_description/share:/home/s/scott_spaces/decadarobotics_devspace/install/robot_state_publisher/share:${ROS_PACKAGE_PATH} /usr/bin/cmake --build /home/s/scott_spaces/decadarobotics_devspace/build/adhoc_simulations --target tests -- -j4 -l4
[4.310s] [35m[1mScanning dependencies of target tests[0m
[4.324s] Built target tests
[4.340s] Invoked command in '/home/s/scott_spaces/decadarobotics_devspace/build/adhoc_simulations' returned '0': CMAKE_PREFIX_PATH=/home/s/scott_spaces/decadarobotics_devspace/install/turtlebot3_navigation:/home/s/scott_spaces/decadarobotics_devspace/install/turtlebot3_gazebo:/home/s/scott_spaces/decadarobotics_devspace/install/turtlebot3_bringup:/home/s/scott_spaces/decadarobotics_devspace/install/turtlebot3_teleop:/home/s/scott_spaces/decadarobotics_devspace/install/turtlebot3_description:/home/s/scott_spaces/decadarobotics_devspace/install/robot_state_publisher:${CMAKE_PREFIX_PATH} LD_LIBRARY_PATH=/home/s/scott_spaces/decadarobotics_devspace/install/robot_state_publisher/lib:${LD_LIBRARY_PATH} PKG_CONFIG_PATH=/home/s/scott_spaces/decadarobotics_devspace/install/turtlebot3_navigation/lib/x86_64-linux-gnu/pkgconfig:/home/s/scott_spaces/decadarobotics_devspace/install/turtlebot3_navigation/lib/pkgconfig:/home/s/scott_spaces/decadarobotics_devspace/install/turtlebot3_gazebo/lib/x86_64-linux-gnu/pkgconfig:/home/s/scott_spaces/decadarobotics_devspace/install/turtlebot3_gazebo/lib/pkgconfig:/home/s/scott_spaces/decadarobotics_devspace/install/turtlebot3_bringup/lib/x86_64-linux-gnu/pkgconfig:/home/s/scott_spaces/decadarobotics_devspace/install/turtlebot3_bringup/lib/pkgconfig:/home/s/scott_spaces/decadarobotics_devspace/install/turtlebot3_teleop/lib/x86_64-linux-gnu/pkgconfig:/home/s/scott_spaces/decadarobotics_devspace/install/turtlebot3_teleop/lib/pkgconfig:/home/s/scott_spaces/decadarobotics_devspace/install/turtlebot3_description/lib/x86_64-linux-gnu/pkgconfig:/home/s/scott_spaces/decadarobotics_devspace/install/turtlebot3_description/lib/pkgconfig:/home/s/scott_spaces/decadarobotics_devspace/install/robot_state_publisher/lib/x86_64-linux-gnu/pkgconfig:/home/s/scott_spaces/decadarobotics_devspace/install/robot_state_publisher/lib/pkgconfig:${PKG_CONFIG_PATH} PYTHONPATH=/home/s/scott_spaces/decadarobotics_devspace/install/turtlebot3_teleop/lib/python3/dist-packages:${PYTHONPATH} ROS_PACKAGE_PATH=/home/s/scott_spaces/decadarobotics_devspace/install/turtlebot3_navigation/share:/home/s/scott_spaces/decadarobotics_devspace/install/turtlebot3_gazebo/share:/home/s/scott_spaces/decadarobotics_devspace/install/turtlebot3_bringup/share:/home/s/scott_spaces/decadarobotics_devspace/install/turtlebot3_teleop/share:/home/s/scott_spaces/decadarobotics_devspace/install/turtlebot3_description/share:/home/s/scott_spaces/decadarobotics_devspace/install/robot_state_publisher/share:${ROS_PACKAGE_PATH} /usr/bin/cmake --build /home/s/scott_spaces/decadarobotics_devspace/build/adhoc_simulations --target tests -- -j4 -l4
[4.420s] Invoking command in '/home/s/scott_spaces/decadarobotics_devspace/build/adhoc_simulations': CMAKE_PREFIX_PATH=/home/s/scott_spaces/decadarobotics_devspace/install/turtlebot3_navigation:/home/s/scott_spaces/decadarobotics_devspace/install/turtlebot3_gazebo:/home/s/scott_spaces/decadarobotics_devspace/install/turtlebot3_bringup:/home/s/scott_spaces/decadarobotics_devspace/install/turtlebot3_teleop:/home/s/scott_spaces/decadarobotics_devspace/install/turtlebot3_description:/home/s/scott_spaces/decadarobotics_devspace/install/robot_state_publisher:${CMAKE_PREFIX_PATH} LD_LIBRARY_PATH=/home/s/scott_spaces/decadarobotics_devspace/install/robot_state_publisher/lib:${LD_LIBRARY_PATH} PKG_CONFIG_PATH=/home/s/scott_spaces/decadarobotics_devspace/install/turtlebot3_navigation/lib/x86_64-linux-gnu/pkgconfig:/home/s/scott_spaces/decadarobotics_devspace/install/turtlebot3_navigation/lib/pkgconfig:/home/s/scott_spaces/decadarobotics_devspace/install/turtlebot3_gazebo/lib/x86_64-linux-gnu/pkgconfig:/home/s/scott_spaces/decadarobotics_devspace/install/turtlebot3_gazebo/lib/pkgconfig:/home/s/scott_spaces/decadarobotics_devspace/install/turtlebot3_bringup/lib/x86_64-linux-gnu/pkgconfig:/home/s/scott_spaces/decadarobotics_devspace/install/turtlebot3_bringup/lib/pkgconfig:/home/s/scott_spaces/decadarobotics_devspace/install/turtlebot3_teleop/lib/x86_64-linux-gnu/pkgconfig:/home/s/scott_spaces/decadarobotics_devspace/install/turtlebot3_teleop/lib/pkgconfig:/home/s/scott_spaces/decadarobotics_devspace/install/turtlebot3_description/lib/x86_64-linux-gnu/pkgconfig:/home/s/scott_spaces/decadarobotics_devspace/install/turtlebot3_description/lib/pkgconfig:/home/s/scott_spaces/decadarobotics_devspace/install/robot_state_publisher/lib/x86_64-linux-gnu/pkgconfig:/home/s/scott_spaces/decadarobotics_devspace/install/robot_state_publisher/lib/pkgconfig:${PKG_CONFIG_PATH} PYTHONPATH=/home/s/scott_spaces/decadarobotics_devspace/install/turtlebot3_teleop/lib/python3/dist-packages:${PYTHONPATH} ROS_PACKAGE_PATH=/home/s/scott_spaces/decadarobotics_devspace/install/turtlebot3_navigation/share:/home/s/scott_spaces/decadarobotics_devspace/install/turtlebot3_gazebo/share:/home/s/scott_spaces/decadarobotics_devspace/install/turtlebot3_bringup/share:/home/s/scott_spaces/decadarobotics_devspace/install/turtlebot3_teleop/share:/home/s/scott_spaces/decadarobotics_devspace/install/turtlebot3_description/share:/home/s/scott_spaces/decadarobotics_devspace/install/robot_state_publisher/share:${ROS_PACKAGE_PATH} /usr/bin/cmake --install /home/s/scott_spaces/decadarobotics_devspace/build/adhoc_simulations
[4.432s] -- Install configuration: "Release"
[4.433s] -- Installing: /home/s/scott_spaces/decadarobotics_devspace/install/adhoc_simulations/lib/pkgconfig/adhoc_simulations.pc
[4.433s] -- Installing: /home/s/scott_spaces/decadarobotics_devspace/install/adhoc_simulations/share/adhoc_simulations/cmake/adhoc_simulationsConfig.cmake
[4.433s] -- Installing: /home/s/scott_spaces/decadarobotics_devspace/install/adhoc_simulations/share/adhoc_simulations/cmake/adhoc_simulationsConfig-version.cmake
[4.433s] -- Installing: /home/s/scott_spaces/decadarobotics_devspace/install/adhoc_simulations/share/adhoc_simulations/package.xml
[4.433s] -- Installing: /home/s/scott_spaces/decadarobotics_devspace/install/adhoc_simulations/share/adhoc_simulations/launch
[4.433s] -- Installing: /home/s/scott_spaces/decadarobotics_devspace/install/adhoc_simulations/share/adhoc_simulations/launch/sim_bot_tb3.launch
[4.434s] -- Installing: /home/s/scott_spaces/decadarobotics_devspace/install/adhoc_simulations/share/adhoc_simulations/launch/sim_base_tb3_house.launch
[4.434s] -- Installing: /home/s/scott_spaces/decadarobotics_devspace/install/adhoc_simulations/share/adhoc_simulations/launch/sim_base_mbc.launch
[4.434s] -- Installing: /home/s/scott_spaces/decadarobotics_devspace/install/adhoc_simulations/share/adhoc_simulations/launch/sim_bot_caato.launch
[4.434s] -- Installing: /home/s/scott_spaces/decadarobotics_devspace/install/adhoc_simulations/share/adhoc_simulations/launch/include
[4.434s] -- Installing: /home/s/scott_spaces/decadarobotics_devspace/install/adhoc_simulations/share/adhoc_simulations/launch/include/single_caato.launch
[4.434s] -- Installing: /home/s/scott_spaces/decadarobotics_devspace/install/adhoc_simulations/share/adhoc_simulations/launch/include/single_turtlebot3.launch
[4.434s] -- Installing: /home/s/scott_spaces/decadarobotics_devspace/install/adhoc_simulations/share/adhoc_simulations/maps
[4.434s] -- Installing: /home/s/scott_spaces/decadarobotics_devspace/install/adhoc_simulations/share/adhoc_simulations/maps/mbc.pgm
[4.434s] -- Installing: /home/s/scott_spaces/decadarobotics_devspace/install/adhoc_simulations/share/adhoc_simulations/maps/house.pgm
[4.436s] -- Installing: /home/s/scott_spaces/decadarobotics_devspace/install/adhoc_simulations/share/adhoc_simulations/maps/mbc.png
[4.436s] -- Installing: /home/s/scott_spaces/decadarobotics_devspace/install/adhoc_simulations/share/adhoc_simulations/maps/house.yaml
[4.436s] -- Installing: /home/s/scott_spaces/decadarobotics_devspace/install/adhoc_simulations/share/adhoc_simulations/maps/mbc.yaml
[4.436s] -- Installing: /home/s/scott_spaces/decadarobotics_devspace/install/adhoc_simulations/share/adhoc_simulations/maps/world.yaml
[4.437s] -- Installing: /home/s/scott_spaces/decadarobotics_devspace/install/adhoc_simulations/share/adhoc_simulations/maps/world.pgm
[4.437s] -- Installing: /home/s/scott_spaces/decadarobotics_devspace/install/adhoc_simulations/share/adhoc_simulations/maps/README.md
[4.437s] -- Installing: /home/s/scott_spaces/decadarobotics_devspace/install/adhoc_simulations/share/adhoc_simulations/models
[4.437s] -- Installing: /home/s/scott_spaces/decadarobotics_devspace/install/adhoc_simulations/share/adhoc_simulations/models/Trolley
[4.437s] -- Installing: /home/s/scott_spaces/decadarobotics_devspace/install/adhoc_simulations/share/adhoc_simulations/models/Trolley/model.config
[4.437s] -- Installing: /home/s/scott_spaces/decadarobotics_devspace/install/adhoc_simulations/share/adhoc_simulations/models/Trolley/meshes
[4.437s] -- Installing: /home/s/scott_spaces/decadarobotics_devspace/install/adhoc_simulations/share/adhoc_simulations/models/Trolley/meshes/Trolley
[4.437s] -- Installing: /home/s/scott_spaces/decadarobotics_devspace/install/adhoc_simulations/share/adhoc_simulations/models/Trolley/meshes/Trolley/__Terrazzo_4.jpg
[4.437s] -- Installing: /home/s/scott_spaces/decadarobotics_devspace/install/adhoc_simulations/share/adhoc_simulations/models/Trolley/meshes/front_wheel.dae
[4.437s] -- Installing: /home/s/scott_spaces/decadarobotics_devspace/install/adhoc_simulations/share/adhoc_simulations/models/Trolley/meshes/caster_wheel.dae
[4.437s] -- Installing: /home/s/scott_spaces/decadarobotics_devspace/install/adhoc_simulations/share/adhoc_simulations/models/Trolley/meshes/caster_wheel.2.dae
[4.438s] -- Installing: /home/s/scott_spaces/decadarobotics_devspace/install/adhoc_simulations/share/adhoc_simulations/models/Trolley/meshes/Trolley.dae
[4.441s] -- Installing: /home/s/scott_spaces/decadarobotics_devspace/install/adhoc_simulations/share/adhoc_simulations/models/Trolley/meshes/caster_wheel_hub.dae
[4.441s] -- Installing: /home/s/scott_spaces/decadarobotics_devspace/install/adhoc_simulations/share/adhoc_simulations/models/Trolley/materials
[4.441s] -- Installing: /home/s/scott_spaces/decadarobotics_devspace/install/adhoc_simulations/share/adhoc_simulations/models/Trolley/materials/scripts
[4.441s] -- Installing: /home/s/scott_spaces/decadarobotics_devspace/install/adhoc_simulations/share/adhoc_simulations/models/Trolley/materials/scripts/QrImage.material.bkup
[4.442s] -- Installing: /home/s/scott_spaces/decadarobotics_devspace/install/adhoc_simulations/share/adhoc_simulations/models/Trolley/materials/scripts/AprilTag.material
[4.442s] -- Installing: /home/s/scott_spaces/decadarobotics_devspace/install/adhoc_simulations/share/adhoc_simulations/models/Trolley/materials/textures
[4.442s] -- Installing: /home/s/scott_spaces/decadarobotics_devspace/install/adhoc_simulations/share/adhoc_simulations/models/Trolley/materials/textures/AprilTag.jpeg
[4.442s] -- Installing: /home/s/scott_spaces/decadarobotics_devspace/install/adhoc_simulations/share/adhoc_simulations/models/Trolley/materials/textures/QrImage.png.bkup
[4.442s] -- Installing: /home/s/scott_spaces/decadarobotics_devspace/install/adhoc_simulations/share/adhoc_simulations/models/Trolley/model.sdf
[4.442s] -- Installing: /home/s/scott_spaces/decadarobotics_devspace/install/adhoc_simulations/share/adhoc_simulations/models/Trolley/model.sdf.bkup
[4.442s] -- Installing: /home/s/scott_spaces/decadarobotics_devspace/install/adhoc_simulations/share/adhoc_simulations/models/Caato
[4.442s] -- Installing: /home/s/scott_spaces/decadarobotics_devspace/install/adhoc_simulations/share/adhoc_simulations/models/Caato/model.config
[4.442s] -- Installing: /home/s/scott_spaces/decadarobotics_devspace/install/adhoc_simulations/share/adhoc_simulations/models/Caato/caato_360Cam.urdf.xacro
[4.443s] -- Installing: /home/s/scott_spaces/decadarobotics_devspace/install/adhoc_simulations/share/adhoc_simulations/models/Caato/meshes
[4.443s] -- Installing: /home/s/scott_spaces/decadarobotics_devspace/install/adhoc_simulations/share/adhoc_simulations/models/Caato/meshes/hokuyo_laser_scanner.stl
[4.443s] -- Installing: /home/s/scott_spaces/decadarobotics_devspace/install/adhoc_simulations/share/adhoc_simulations/models/Caato/meshes/castor_wheel.stl
[4.443s] -- Installing: /home/s/scott_spaces/decadarobotics_devspace/install/adhoc_simulations/share/adhoc_simulations/models/Caato/meshes/base_link.stl
[4.443s] -- Installing: /home/s/scott_spaces/decadarobotics_devspace/install/adhoc_simulations/share/adhoc_simulations/models/Caato/meshes/castor_mount.stl
[4.444s] -- Installing: /home/s/scott_spaces/decadarobotics_devspace/install/adhoc_simulations/share/adhoc_simulations/models/Caato/meshes/xiaomi_pro_hub_motor.stl
[4.444s] -- Installing: /home/s/scott_spaces/decadarobotics_devspace/install/adhoc_simulations/share/adhoc_simulations/models/Caato/meshes/002._dc_brushed_wheels.stl
[4.444s] -- Installing: /home/s/scott_spaces/decadarobotics_devspace/install/adhoc_simulations/share/adhoc_simulations/models/Caato/model.sdf
[4.445s] -- Installing: /home/s/scott_spaces/decadarobotics_devspace/install/adhoc_simulations/share/adhoc_simulations/models/mbc_building_L1
[4.445s] -- Installing: /home/s/scott_spaces/decadarobotics_devspace/install/adhoc_simulations/share/adhoc_simulations/models/mbc_building_L1/model.config
[4.445s] -- Installing: /home/s/scott_spaces/decadarobotics_devspace/install/adhoc_simulations/share/adhoc_simulations/models/mbc_building_L1/meshes
[4.445s] -- Installing: /home/s/scott_spaces/decadarobotics_devspace/install/adhoc_simulations/share/adhoc_simulations/models/mbc_building_L1/meshes/wall_1.obj
[4.445s] -- Installing: /home/s/scott_spaces/decadarobotics_devspace/install/adhoc_simulations/share/adhoc_simulations/models/mbc_building_L1/meshes/floor_1.obj
[4.445s] -- Installing: /home/s/scott_spaces/decadarobotics_devspace/install/adhoc_simulations/share/adhoc_simulations/models/mbc_building_L1/meshes/floor_1.mtl
[4.446s] -- Installing: /home/s/scott_spaces/decadarobotics_devspace/install/adhoc_simulations/share/adhoc_simulations/models/mbc_building_L1/meshes/default.png
[4.446s] -- Installing: /home/s/scott_spaces/decadarobotics_devspace/install/adhoc_simulations/share/adhoc_simulations/models/mbc_building_L1/meshes/floor_2.png
[4.446s] -- Installing: /home/s/scott_spaces/decadarobotics_devspace/install/adhoc_simulations/share/adhoc_simulations/models/mbc_building_L1/meshes/wall_1.mtl
[4.446s] -- Installing: /home/s/scott_spaces/decadarobotics_devspace/install/adhoc_simulations/share/adhoc_simulations/models/mbc_building_L1/meshes/floor_2.mtl
[4.446s] -- Installing: /home/s/scott_spaces/decadarobotics_devspace/install/adhoc_simulations/share/adhoc_simulations/models/mbc_building_L1/meshes/floor_2.obj
[4.446s] -- Installing: /home/s/scott_spaces/decadarobotics_devspace/install/adhoc_simulations/share/adhoc_simulations/models/mbc_building_L1/meshes/floor_1.png
[4.447s] -- Installing: /home/s/scott_spaces/decadarobotics_devspace/install/adhoc_simulations/share/adhoc_simulations/models/mbc_building_L1/model.sdf
[4.447s] -- Installing: /home/s/scott_spaces/decadarobotics_devspace/install/adhoc_simulations/share/adhoc_simulations/rviz
[4.447s] -- Installing: /home/s/scott_spaces/decadarobotics_devspace/install/adhoc_simulations/share/adhoc_simulations/rviz/multi_adhoc_turtlebot3.rviz
[4.447s] -- Installing: /home/s/scott_spaces/decadarobotics_devspace/install/adhoc_simulations/share/adhoc_simulations/rviz/README.md
[4.447s] -- Installing: /home/s/scott_spaces/decadarobotics_devspace/install/adhoc_simulations/share/adhoc_simulations/tb3_urdf
[4.447s] -- Installing: /home/s/scott_spaces/decadarobotics_devspace/install/adhoc_simulations/share/adhoc_simulations/tb3_urdf/common_properties.xacro
[4.448s] -- Installing: /home/s/scott_spaces/decadarobotics_devspace/install/adhoc_simulations/share/adhoc_simulations/tb3_urdf/turtlebot3_waffle_pi.gazebo.xacro
[4.448s] -- Installing: /home/s/scott_spaces/decadarobotics_devspace/install/adhoc_simulations/share/adhoc_simulations/tb3_urdf/turtlebot3_burger_for_autorace.urdf.xacro
[4.448s] -- Installing: /home/s/scott_spaces/decadarobotics_devspace/install/adhoc_simulations/share/adhoc_simulations/tb3_urdf/turtlebot3_waffle_pi.urdf.xacro
[4.448s] -- Installing: /home/s/scott_spaces/decadarobotics_devspace/install/adhoc_simulations/share/adhoc_simulations/tb3_urdf/turtlebot3_waffle_for_open_manipulator.urdf.xacro
[4.448s] -- Installing: /home/s/scott_spaces/decadarobotics_devspace/install/adhoc_simulations/share/adhoc_simulations/tb3_urdf/turtlebot3_burger_for_autorace_2020.urdf.xacro
[4.448s] -- Installing: /home/s/scott_spaces/decadarobotics_devspace/install/adhoc_simulations/share/adhoc_simulations/tb3_urdf/turtlebot3_waffle_pi_for_open_manipulator.urdf.xacro
[4.450s] -- Installing: /home/s/scott_spaces/decadarobotics_devspace/install/adhoc_simulations/share/adhoc_simulations/tb3_urdf/turtlebot3_burger.urdf.xacro
[4.451s] -- Installing: /home/s/scott_spaces/decadarobotics_devspace/install/adhoc_simulations/share/adhoc_simulations/tb3_urdf/turtlebot3_burger.gazebo.xacro
[4.451s] -- Installing: /home/s/scott_spaces/decadarobotics_devspace/install/adhoc_simulations/share/adhoc_simulations/tb3_urdf/turtlebot3_waffle.gazebo.xacro
[4.451s] -- Installing: /home/s/scott_spaces/decadarobotics_devspace/install/adhoc_simulations/share/adhoc_simulations/tb3_urdf/turtlebot3_waffle_pi_for_open_manipulator.gazebo.xacro
[4.451s] -- Installing: /home/s/scott_spaces/decadarobotics_devspace/install/adhoc_simulations/share/adhoc_simulations/tb3_urdf/turtlebot3_waffle.urdf.xacro
[4.451s] -- Installing: /home/s/scott_spaces/decadarobotics_devspace/install/adhoc_simulations/share/adhoc_simulations/tb3_urdf/turtlebot3_burger_for_autorace.gazebo.xacro
[4.451s] -- Installing: /home/s/scott_spaces/decadarobotics_devspace/install/adhoc_simulations/share/adhoc_simulations/tb3_urdf/turtlebot3_burger_for_autorace_2020.gazebo.xacro
[4.451s] -- Installing: /home/s/scott_spaces/decadarobotics_devspace/install/adhoc_simulations/share/adhoc_simulations/worlds
[4.451s] -- Installing: /home/s/scott_spaces/decadarobotics_devspace/install/adhoc_simulations/share/adhoc_simulations/worlds/mbc.building.world
[4.451s] -- Installing: /home/s/scott_spaces/decadarobotics_devspace/install/adhoc_simulations/share/adhoc_simulations/worlds/mbc.building.nodoors.world
[4.451s] -- Installing: /home/s/scott_spaces/decadarobotics_devspace/install/adhoc_simulations/share/adhoc_simulations/worlds/empty.world
[4.451s] -- Installing: /home/s/scott_spaces/decadarobotics_devspace/install/adhoc_simulations/share/adhoc_simulations/worlds/mbc.building.nodoors.2.world
[4.452s] -- Installing: /home/s/scott_spaces/decadarobotics_devspace/install/adhoc_simulations/share/adhoc_simulations/scripts
[4.452s] -- Installing: /home/s/scott_spaces/decadarobotics_devspace/install/adhoc_simulations/share/adhoc_simulations/scripts/random_number_generator.py
[4.453s] Invoked command in '/home/s/scott_spaces/decadarobotics_devspace/build/adhoc_simulations' returned '0': CMAKE_PREFIX_PATH=/home/s/scott_spaces/decadarobotics_devspace/install/turtlebot3_navigation:/home/s/scott_spaces/decadarobotics_devspace/install/turtlebot3_gazebo:/home/s/scott_spaces/decadarobotics_devspace/install/turtlebot3_bringup:/home/s/scott_spaces/decadarobotics_devspace/install/turtlebot3_teleop:/home/s/scott_spaces/decadarobotics_devspace/install/turtlebot3_description:/home/s/scott_spaces/decadarobotics_devspace/install/robot_state_publisher:${CMAKE_PREFIX_PATH} LD_LIBRARY_PATH=/home/s/scott_spaces/decadarobotics_devspace/install/robot_state_publisher/lib:${LD_LIBRARY_PATH} PKG_CONFIG_PATH=/home/s/scott_spaces/decadarobotics_devspace/install/turtlebot3_navigation/lib/x86_64-linux-gnu/pkgconfig:/home/s/scott_spaces/decadarobotics_devspace/install/turtlebot3_navigation/lib/pkgconfig:/home/s/scott_spaces/decadarobotics_devspace/install/turtlebot3_gazebo/lib/x86_64-linux-gnu/pkgconfig:/home/s/scott_spaces/decadarobotics_devspace/install/turtlebot3_gazebo/lib/pkgconfig:/home/s/scott_spaces/decadarobotics_devspace/install/turtlebot3_bringup/lib/x86_64-linux-gnu/pkgconfig:/home/s/scott_spaces/decadarobotics_devspace/install/turtlebot3_bringup/lib/pkgconfig:/home/s/scott_spaces/decadarobotics_devspace/install/turtlebot3_teleop/lib/x86_64-linux-gnu/pkgconfig:/home/s/scott_spaces/decadarobotics_devspace/install/turtlebot3_teleop/lib/pkgconfig:/home/s/scott_spaces/decadarobotics_devspace/install/turtlebot3_description/lib/x86_64-linux-gnu/pkgconfig:/home/s/scott_spaces/decadarobotics_devspace/install/turtlebot3_description/lib/pkgconfig:/home/s/scott_spaces/decadarobotics_devspace/install/robot_state_publisher/lib/x86_64-linux-gnu/pkgconfig:/home/s/scott_spaces/decadarobotics_devspace/install/robot_state_publisher/lib/pkgconfig:${PKG_CONFIG_PATH} PYTHONPATH=/home/s/scott_spaces/decadarobotics_devspace/install/turtlebot3_teleop/lib/python3/dist-packages:${PYTHONPATH} ROS_PACKAGE_PATH=/home/s/scott_spaces/decadarobotics_devspace/install/turtlebot3_navigation/share:/home/s/scott_spaces/decadarobotics_devspace/install/turtlebot3_gazebo/share:/home/s/scott_spaces/decadarobotics_devspace/install/turtlebot3_bringup/share:/home/s/scott_spaces/decadarobotics_devspace/install/turtlebot3_teleop/share:/home/s/scott_spaces/decadarobotics_devspace/install/turtlebot3_description/share:/home/s/scott_spaces/decadarobotics_devspace/install/robot_state_publisher/share:${ROS_PACKAGE_PATH} /usr/bin/cmake --install /home/s/scott_spaces/decadarobotics_devspace/build/adhoc_simulations
