[01m[K/home/s/scott_spaces/decadarobotics_devspace/src/ff_client/free_fleet/free_fleet_client_ros1/src/tests/fake_docking_server.cpp:[m[K In function ‘[01m[Kbool trigger(std_srvs::Trigger::Request&, std_srvs::Trigger::Response&)[m[K’:
[01m[K/home/s/scott_spaces/decadarobotics_devspace/src/ff_client/free_fleet/free_fleet_client_ros1/src/tests/fake_docking_server.cpp:22:31:[m[K [01;35m[Kwarning: [m[Kunused parameter ‘[01m[Kreq[m[K’ [[01;35m[K-Wunused-parameter[m[K]
   22 |   [01;35m[Kstd_srvs::Trigger::Request& req[m[K,
      |   [01;35m[K~~~~~~~~~~~~~~~~~~~~~~~~~~~~^~~[m[K
In file included from [01m[K/opt/ros/noetic/include/actionlib/server/action_server.h:50[m[K,
                 from [01m[K/opt/ros/noetic/include/actionlib/server/simple_action_server.h:42[m[K,
                 from [01m[K/home/s/scott_spaces/decadarobotics_devspace/src/ff_client/free_fleet/free_fleet_client_ros1/src/tests/fake_action_server.cpp:23[m[K:
[01m[K/opt/ros/noetic/include/actionlib/server/status_tracker.h:59:32:[m[K [01;35m[Kwarning: [m[Kextra ‘[01m[K;[m[K’ [[01;35m[K-Wpedantic[m[K]
   59 |   ACTION_DEFINITION(ActionSpec)[01;35m[K;[m[K
      |                                [01;35m[K^[m[K
      |                                [31m[K-[m[K
In file included from [01m[K/opt/ros/noetic/include/actionlib/server/action_server.h:52[m[K,
                 from [01m[K/opt/ros/noetic/include/actionlib/server/simple_action_server.h:42[m[K,
                 from [01m[K/home/s/scott_spaces/decadarobotics_devspace/src/ff_client/free_fleet/free_fleet_client_ros1/src/tests/fake_action_server.cpp:23[m[K:
[01m[K/opt/ros/noetic/include/actionlib/server/server_goal_handle.h:67:32:[m[K [01;35m[Kwarning: [m[Kextra ‘[01m[K;[m[K’ [[01;35m[K-Wpedantic[m[K]
   67 |   ACTION_DEFINITION(ActionSpec)[01;35m[K;[m[K
      |                                [01;35m[K^[m[K
      |                                [31m[K-[m[K
In file included from [01m[K/opt/ros/noetic/include/actionlib/server/action_server.h:53[m[K,
                 from [01m[K/opt/ros/noetic/include/actionlib/server/simple_action_server.h:42[m[K,
                 from [01m[K/home/s/scott_spaces/decadarobotics_devspace/src/ff_client/free_fleet/free_fleet_client_ros1/src/tests/fake_action_server.cpp:23[m[K:
[01m[K/opt/ros/noetic/include/actionlib/server/action_server_base.h:71:32:[m[K [01;35m[Kwarning: [m[Kextra ‘[01m[K;[m[K’ [[01;35m[K-Wpedantic[m[K]
   71 |   ACTION_DEFINITION(ActionSpec)[01;35m[K;[m[K
      |                                [01;35m[K^[m[K
      |                                [31m[K-[m[K
In file included from [01m[K/opt/ros/noetic/include/actionlib/server/simple_action_server.h:42[m[K,
                 from [01m[K/home/s/scott_spaces/decadarobotics_devspace/src/ff_client/free_fleet/free_fleet_client_ros1/src/tests/fake_action_server.cpp:23[m[K:
[01m[K/opt/ros/noetic/include/actionlib/server/action_server.h:79:32:[m[K [01;35m[Kwarning: [m[Kextra ‘[01m[K;[m[K’ [[01;35m[K-Wpedantic[m[K]
   79 |   ACTION_DEFINITION(ActionSpec)[01;35m[K;[m[K
      |                                [01;35m[K^[m[K
      |                                [31m[K-[m[K
In file included from [01m[K/home/s/scott_spaces/decadarobotics_devspace/src/ff_client/free_fleet/free_fleet_client_ros1/src/tests/fake_action_server.cpp:23[m[K:
[01m[K/opt/ros/noetic/include/actionlib/server/simple_action_server.h:64:32:[m[K [01;35m[Kwarning: [m[Kextra ‘[01m[K;[m[K’ [[01;35m[K-Wpedantic[m[K]
   64 |   ACTION_DEFINITION(ActionSpec)[01;35m[K;[m[K
      |                                [01;35m[K^[m[K
      |                                [31m[K-[m[K
In file included from [01m[K/opt/ros/noetic/include/actionlib/client/action_client.h:38[m[K,
                 from [01m[K/opt/ros/noetic/include/actionlib/client/simple_action_client.h:47[m[K,
                 from [01m[K/home/s/scott_spaces/decadarobotics_devspace/src/ff_client/free_fleet/free_fleet_client_ros1/src/ClientNode.hpp:37[m[K,
                 from [01m[K/home/s/scott_spaces/decadarobotics_devspace/src/ff_client/free_fleet/free_fleet_client_ros1/src/main.cpp:19[m[K:
[01m[K/opt/ros/noetic/include/actionlib/client/client_helpers.h:73:32:[m[K [01;35m[Kwarning: [m[Kextra ‘[01m[K;[m[K’ [[01;35m[K-Wpedantic[m[K]
   73 |   ACTION_DEFINITION(ActionSpec)[01;35m[K;[m[K
      |                                [01;35m[K^[m[K
      |                                [31m[K-[m[K
[01m[K/opt/ros/noetic/include/actionlib/client/client_helpers.h:125:32:[m[K [01;35m[Kwarning: [m[Kextra ‘[01m[K;[m[K’ [[01;35m[K-Wpedantic[m[K]
  125 |   ACTION_DEFINITION(ActionSpec)[01;35m[K;[m[K
      |                                [01;35m[K^[m[K
      |                                [31m[K-[m[K
[01m[K/opt/ros/noetic/include/actionlib/client/client_helpers.h:225:32:[m[K [01;35m[Kwarning: [m[Kextra ‘[01m[K;[m[K’ [[01;35m[K-Wpedantic[m[K]
  225 |   ACTION_DEFINITION(ActionSpec)[01;35m[K;[m[K
      |                                [01;35m[K^[m[K
      |                                [31m[K-[m[K
In file included from [01m[K/opt/ros/noetic/include/actionlib/client/simple_action_client.h:47[m[K,
                 from [01m[K/home/s/scott_spaces/decadarobotics_devspace/src/ff_client/free_fleet/free_fleet_client_ros1/src/ClientNode.hpp:37[m[K,
                 from [01m[K/home/s/scott_spaces/decadarobotics_devspace/src/ff_client/free_fleet/free_fleet_client_ros1/src/main.cpp:19[m[K:
[01m[K/opt/ros/noetic/include/actionlib/client/action_client.h:65:32:[m[K [01;35m[Kwarning: [m[Kextra ‘[01m[K;[m[K’ [[01;35m[K-Wpedantic[m[K]
   65 |   ACTION_DEFINITION(ActionSpec)[01;35m[K;[m[K
      |                                [01;35m[K^[m[K
      |                                [31m[K-[m[K
In file included from [01m[K/home/s/scott_spaces/decadarobotics_devspace/src/ff_client/free_fleet/free_fleet_client_ros1/src/ClientNode.hpp:37[m[K,
                 from [01m[K/home/s/scott_spaces/decadarobotics_devspace/src/ff_client/free_fleet/free_fleet_client_ros1/src/main.cpp:19[m[K:
[01m[K/opt/ros/noetic/include/actionlib/client/simple_action_client.h:75:32:[m[K [01;35m[Kwarning: [m[Kextra ‘[01m[K;[m[K’ [[01;35m[K-Wpedantic[m[K]
   75 |   ACTION_DEFINITION(ActionSpec)[01;35m[K;[m[K
      |                                [01;35m[K^[m[K
      |                                [31m[K-[m[K
In file included from [01m[K/opt/ros/noetic/include/actionlib/client/action_client.h:38[m[K,
                 from [01m[K/opt/ros/noetic/include/actionlib/client/simple_action_client.h:47[m[K,
                 from [01m[K/home/s/scott_spaces/decadarobotics_devspace/src/ff_client/free_fleet/free_fleet_client_ros1/src/ClientNode.hpp:37[m[K,
                 from [01m[K/home/s/scott_spaces/decadarobotics_devspace/src/ff_client/free_fleet/free_fleet_client_ros1/src/ClientNode.cpp:19[m[K:
[01m[K/opt/ros/noetic/include/actionlib/client/client_helpers.h:73:32:[m[K [01;35m[Kwarning: [m[Kextra ‘[01m[K;[m[K’ [[01;35m[K-Wpedantic[m[K]
   73 |   ACTION_DEFINITION(ActionSpec)[01;35m[K;[m[K
      |                                [01;35m[K^[m[K
      |                                [31m[K-[m[K
[01m[K/opt/ros/noetic/include/actionlib/client/client_helpers.h:125:32:[m[K [01;35m[Kwarning: [m[Kextra ‘[01m[K;[m[K’ [[01;35m[K-Wpedantic[m[K]
  125 |   ACTION_DEFINITION(ActionSpec)[01;35m[K;[m[K
      |                                [01;35m[K^[m[K
      |                                [31m[K-[m[K
[01m[K/opt/ros/noetic/include/actionlib/client/client_helpers.h:225:32:[m[K [01;35m[Kwarning: [m[Kextra ‘[01m[K;[m[K’ [[01;35m[K-Wpedantic[m[K]
  225 |   ACTION_DEFINITION(ActionSpec)[01;35m[K;[m[K
      |                                [01;35m[K^[m[K
      |                                [31m[K-[m[K
In file included from [01m[K/opt/ros/noetic/include/actionlib/client/simple_action_client.h:47[m[K,
                 from [01m[K/home/s/scott_spaces/decadarobotics_devspace/src/ff_client/free_fleet/free_fleet_client_ros1/src/ClientNode.hpp:37[m[K,
                 from [01m[K/home/s/scott_spaces/decadarobotics_devspace/src/ff_client/free_fleet/free_fleet_client_ros1/src/ClientNode.cpp:19[m[K:
[01m[K/opt/ros/noetic/include/actionlib/client/action_client.h:65:32:[m[K [01;35m[Kwarning: [m[Kextra ‘[01m[K;[m[K’ [[01;35m[K-Wpedantic[m[K]
   65 |   ACTION_DEFINITION(ActionSpec)[01;35m[K;[m[K
      |                                [01;35m[K^[m[K
      |                                [31m[K-[m[K
In file included from [01m[K/home/s/scott_spaces/decadarobotics_devspace/src/ff_client/free_fleet/free_fleet_client_ros1/src/ClientNode.hpp:37[m[K,
                 from [01m[K/home/s/scott_spaces/decadarobotics_devspace/src/ff_client/free_fleet/free_fleet_client_ros1/src/ClientNode.cpp:19[m[K:
[01m[K/opt/ros/noetic/include/actionlib/client/simple_action_client.h:75:32:[m[K [01;35m[Kwarning: [m[Kextra ‘[01m[K;[m[K’ [[01;35m[K-Wpedantic[m[K]
   75 |   ACTION_DEFINITION(ActionSpec)[01;35m[K;[m[K
      |                                [01;35m[K^[m[K
      |                                [31m[K-[m[K
