-- The C compiler identification is GNU 9.3.0
-- The CXX compiler identification is GNU 9.3.0
-- Check for working C compiler: /usr/bin/cc
-- Check for working C compiler: /usr/bin/cc -- works
-- Detecting C compiler ABI info
-- Detecting C compiler ABI info - done
-- Detecting C compile features
-- Detecting C compile features - done
-- Check for working CXX compiler: /usr/bin/c++
-- Check for working CXX compiler: /usr/bin/c++ -- works
-- Detecting CXX compiler ABI info
-- Detecting CXX compiler ABI info - done
-- Detecting CXX compile features
-- Detecting CXX compile features - done
-- Using CATKIN_DEVEL_PREFIX: /home/s/scott_spaces/decadarobotics_devspace/build/free_fleet_client_ros1/devel
-- Using CMAKE_PREFIX_PATH: /home/s/scott_spaces/decadarobotics_devspace/install/free_fleet;/home/s/scott_spaces/decadarobotics_devspace/install/cyclonedds;/opt/ros/noetic
-- This workspace overlays: /opt/ros/noetic
-- Found PythonInterp: /usr/bin/python3 (found suitable version "3.8.5", minimum required is "3") 
-- Using PYTHON_EXECUTABLE: /usr/bin/python3
-- Using Debian Python package layout
-- Found PY_em: /usr/lib/python3/dist-packages/em.py  
-- Using empy: /usr/lib/python3/dist-packages/em.py
-- Using CATKIN_ENABLE_TESTING: ON
-- Call enable_testing()
-- Using CATKIN_TEST_RESULTS_DIR: /home/s/scott_spaces/decadarobotics_devspace/build/free_fleet_client_ros1/test_results
-- Forcing gtest/gmock from source, though one was otherwise available.
-- Found gtest sources under '/usr/src/googletest': gtests will be built
-- Found gmock sources under '/usr/src/googletest': gmock will be built
-- Found PythonInterp: /usr/bin/python3 (found version "3.8.5") 
-- Found Threads: TRUE  
-- Using Python nosetests: /usr/bin/nosetests3
-- catkin 0.8.10
-- BUILD_SHARED_LIBS is on
-- Using these message generators: gencpp;geneus;genlisp;gennodejs;genpy
-- Configuring done
-- Generating done
-- Build files have been written to: /home/s/scott_spaces/decadarobotics_devspace/build/free_fleet_client_ros1
[35m[1mScanning dependencies of target free_fleet_client_ros1[0m
[35m[1mScanning dependencies of target fake_docking_server[0m
[35m[1mScanning dependencies of target fake_action_server[0m
[ 11%] [32mBuilding CXX object CMakeFiles/fake_docking_server.dir/src/tests/fake_docking_server.cpp.o[0m
[ 22%] [32mBuilding CXX object CMakeFiles/fake_action_server.dir/src/tests/fake_action_server.cpp.o[0m
[ 33%] [32mBuilding CXX object CMakeFiles/free_fleet_client_ros1.dir/src/main.cpp.o[0m
[ 44%] [32mBuilding CXX object CMakeFiles/free_fleet_client_ros1.dir/src/utilities.cpp.o[0m
[ 55%] [32mBuilding CXX object CMakeFiles/free_fleet_client_ros1.dir/src/ClientNode.cpp.o[0m
[ 66%] [32m[1mLinking CXX executable devel/lib/free_fleet_client_ros1/fake_docking_server[0m
[ 66%] Built target fake_docking_server
[ 77%] [32mBuilding CXX object CMakeFiles/free_fleet_client_ros1.dir/src/ClientNodeConfig.cpp.o[0m
[ 88%] [32m[1mLinking CXX executable devel/lib/free_fleet_client_ros1/fake_action_server[0m
[ 88%] Built target fake_action_server
[100%] [32m[1mLinking CXX executable devel/lib/free_fleet_client_ros1/free_fleet_client_ros1[0m
[100%] Built target free_fleet_client_ros1
[35m[1mScanning dependencies of target tests[0m
Built target tests
-- Install configuration: "Release"
-- Installing: /home/s/scott_spaces/decadarobotics_devspace/install/free_fleet_client_ros1/lib/pkgconfig/free_fleet_client_ros1.pc
-- Installing: /home/s/scott_spaces/decadarobotics_devspace/install/free_fleet_client_ros1/share/free_fleet_client_ros1/cmake/free_fleet_client_ros1Config.cmake
-- Installing: /home/s/scott_spaces/decadarobotics_devspace/install/free_fleet_client_ros1/share/free_fleet_client_ros1/cmake/free_fleet_client_ros1Config-version.cmake
-- Installing: /home/s/scott_spaces/decadarobotics_devspace/install/free_fleet_client_ros1/share/free_fleet_client_ros1/package.xml
-- Installing: /home/s/scott_spaces/decadarobotics_devspace/install/free_fleet_client_ros1/lib/free_fleet_client_ros1/free_fleet_client_ros1
-- Set runtime path of "/home/s/scott_spaces/decadarobotics_devspace/install/free_fleet_client_ros1/lib/free_fleet_client_ros1/free_fleet_client_ros1" to ""
-- Installing: /home/s/scott_spaces/decadarobotics_devspace/install/free_fleet_client_ros1/lib/free_fleet_client_ros1/fake_action_server
-- Set runtime path of "/home/s/scott_spaces/decadarobotics_devspace/install/free_fleet_client_ros1/lib/free_fleet_client_ros1/fake_action_server" to ""
-- Installing: /home/s/scott_spaces/decadarobotics_devspace/install/free_fleet_client_ros1/lib/free_fleet_client_ros1/fake_docking_server
-- Set runtime path of "/home/s/scott_spaces/decadarobotics_devspace/install/free_fleet_client_ros1/lib/free_fleet_client_ros1/fake_docking_server" to ""
