-- The C compiler identification is GNU 9.3.0
-- The CXX compiler identification is GNU 9.3.0
-- Check for working C compiler: /usr/bin/cc
-- Check for working C compiler: /usr/bin/cc -- works
-- Detecting C compiler ABI info
-- Detecting C compiler ABI info - done
-- Detecting C compile features
-- Detecting C compile features - done
-- Check for working CXX compiler: /usr/bin/c++
-- Check for working CXX compiler: /usr/bin/c++ -- works
-- Detecting CXX compiler ABI info
-- Detecting CXX compiler ABI info - done
-- Detecting CXX compile features
-- Detecting CXX compile features - done
-- Using CATKIN_DEVEL_PREFIX: /home/s/scott_spaces/decadarobotics_devspace/build/free_fleet_client_ros1/devel
-- Using CMAKE_PREFIX_PATH: /home/s/scott_spaces/decadarobotics_devspace/install/free_fleet;/home/s/scott_spaces/decadarobotics_devspace/install/cyclonedds;/opt/ros/noetic
-- This workspace overlays: /opt/ros/noetic
-- Found PythonInterp: /usr/bin/python3 (found suitable version "3.8.5", minimum required is "3") 
-- Using PYTHON_EXECUTABLE: /usr/bin/python3
-- Using Debian Python package layout
-- Found PY_em: /usr/lib/python3/dist-packages/em.py  
-- Using empy: /usr/lib/python3/dist-packages/em.py
-- Using CATKIN_ENABLE_TESTING: ON
-- Call enable_testing()
-- Using CATKIN_TEST_RESULTS_DIR: /home/s/scott_spaces/decadarobotics_devspace/build/free_fleet_client_ros1/test_results
-- Forcing gtest/gmock from source, though one was otherwise available.
-- Found gtest sources under '/usr/src/googletest': gtests will be built
-- Found gmock sources under '/usr/src/googletest': gmock will be built
-- Found PythonInterp: /usr/bin/python3 (found version "3.8.5") 
-- Found Threads: TRUE  
-- Using Python nosetests: /usr/bin/nosetests3
-- catkin 0.8.10
-- BUILD_SHARED_LIBS is on
-- Using these message generators: gencpp;geneus;genlisp;gennodejs;genpy
-- Configuring done
-- Generating done
-- Build files have been written to: /home/s/scott_spaces/decadarobotics_devspace/build/free_fleet_client_ros1
[35m[1mScanning dependencies of target free_fleet_client_ros1[0m
[35m[1mScanning dependencies of target fake_docking_server[0m
[35m[1mScanning dependencies of target fake_action_server[0m
[ 11%] [32mBuilding CXX object CMakeFiles/fake_docking_server.dir/src/tests/fake_docking_server.cpp.o[0m
[ 22%] [32mBuilding CXX object CMakeFiles/fake_action_server.dir/src/tests/fake_action_server.cpp.o[0m
[ 33%] [32mBuilding CXX object CMakeFiles/free_fleet_client_ros1.dir/src/main.cpp.o[0m
[ 44%] [32mBuilding CXX object CMakeFiles/free_fleet_client_ros1.dir/src/utilities.cpp.o[0m
[ 55%] [32mBuilding CXX object CMakeFiles/free_fleet_client_ros1.dir/src/ClientNode.cpp.o[0m
[01m[K/home/s/scott_spaces/decadarobotics_devspace/src/ff_client/free_fleet/free_fleet_client_ros1/src/tests/fake_docking_server.cpp:[m[K In function ‘[01m[Kbool trigger(std_srvs::Trigger::Request&, std_srvs::Trigger::Response&)[m[K’:
[01m[K/home/s/scott_spaces/decadarobotics_devspace/src/ff_client/free_fleet/free_fleet_client_ros1/src/tests/fake_docking_server.cpp:22:31:[m[K [01;35m[Kwarning: [m[Kunused parameter ‘[01m[Kreq[m[K’ [[01;35m[K-Wunused-parameter[m[K]
   22 |   [01;35m[Kstd_srvs::Trigger::Request& req[m[K,
      |   [01;35m[K~~~~~~~~~~~~~~~~~~~~~~~~~~~~^~~[m[K
In file included from [01m[K/opt/ros/noetic/include/actionlib/server/action_server.h:50[m[K,
                 from [01m[K/opt/ros/noetic/include/actionlib/server/simple_action_server.h:42[m[K,
                 from [01m[K/home/s/scott_spaces/decadarobotics_devspace/src/ff_client/free_fleet/free_fleet_client_ros1/src/tests/fake_action_server.cpp:23[m[K:
[01m[K/opt/ros/noetic/include/actionlib/server/status_tracker.h:59:32:[m[K [01;35m[Kwarning: [m[Kextra ‘[01m[K;[m[K’ [[01;35m[K-Wpedantic[m[K]
   59 |   ACTION_DEFINITION(ActionSpec)[01;35m[K;[m[K
      |                                [01;35m[K^[m[K
      |                                [31m[K-[m[K
In file included from [01m[K/opt/ros/noetic/include/actionlib/server/action_server.h:52[m[K,
                 from [01m[K/opt/ros/noetic/include/actionlib/server/simple_action_server.h:42[m[K,
                 from [01m[K/home/s/scott_spaces/decadarobotics_devspace/src/ff_client/free_fleet/free_fleet_client_ros1/src/tests/fake_action_server.cpp:23[m[K:
[01m[K/opt/ros/noetic/include/actionlib/server/server_goal_handle.h:67:32:[m[K [01;35m[Kwarning: [m[Kextra ‘[01m[K;[m[K’ [[01;35m[K-Wpedantic[m[K]
   67 |   ACTION_DEFINITION(ActionSpec)[01;35m[K;[m[K
      |                                [01;35m[K^[m[K
      |                                [31m[K-[m[K
In file included from [01m[K/opt/ros/noetic/include/actionlib/server/action_server.h:53[m[K,
                 from [01m[K/opt/ros/noetic/include/actionlib/server/simple_action_server.h:42[m[K,
                 from [01m[K/home/s/scott_spaces/decadarobotics_devspace/src/ff_client/free_fleet/free_fleet_client_ros1/src/tests/fake_action_server.cpp:23[m[K:
[01m[K/opt/ros/noetic/include/actionlib/server/action_server_base.h:71:32:[m[K [01;35m[Kwarning: [m[Kextra ‘[01m[K;[m[K’ [[01;35m[K-Wpedantic[m[K]
   71 |   ACTION_DEFINITION(ActionSpec)[01;35m[K;[m[K
      |                                [01;35m[K^[m[K
      |                                [31m[K-[m[K
In file included from [01m[K/opt/ros/noetic/include/actionlib/server/simple_action_server.h:42[m[K,
                 from [01m[K/home/s/scott_spaces/decadarobotics_devspace/src/ff_client/free_fleet/free_fleet_client_ros1/src/tests/fake_action_server.cpp:23[m[K:
[01m[K/opt/ros/noetic/include/actionlib/server/action_server.h:79:32:[m[K [01;35m[Kwarning: [m[Kextra ‘[01m[K;[m[K’ [[01;35m[K-Wpedantic[m[K]
   79 |   ACTION_DEFINITION(ActionSpec)[01;35m[K;[m[K
      |                                [01;35m[K^[m[K
      |                                [31m[K-[m[K
In file included from [01m[K/home/s/scott_spaces/decadarobotics_devspace/src/ff_client/free_fleet/free_fleet_client_ros1/src/tests/fake_action_server.cpp:23[m[K:
[01m[K/opt/ros/noetic/include/actionlib/server/simple_action_server.h:64:32:[m[K [01;35m[Kwarning: [m[Kextra ‘[01m[K;[m[K’ [[01;35m[K-Wpedantic[m[K]
   64 |   ACTION_DEFINITION(ActionSpec)[01;35m[K;[m[K
      |                                [01;35m[K^[m[K
      |                                [31m[K-[m[K
[ 66%] [32m[1mLinking CXX executable devel/lib/free_fleet_client_ros1/fake_docking_server[0m
In file included from [01m[K/opt/ros/noetic/include/actionlib/client/action_client.h:38[m[K,
                 from [01m[K/opt/ros/noetic/include/actionlib/client/simple_action_client.h:47[m[K,
                 from [01m[K/home/s/scott_spaces/decadarobotics_devspace/src/ff_client/free_fleet/free_fleet_client_ros1/src/ClientNode.hpp:37[m[K,
                 from [01m[K/home/s/scott_spaces/decadarobotics_devspace/src/ff_client/free_fleet/free_fleet_client_ros1/src/main.cpp:19[m[K:
[01m[K/opt/ros/noetic/include/actionlib/client/client_helpers.h:73:32:[m[K [01;35m[Kwarning: [m[Kextra ‘[01m[K;[m[K’ [[01;35m[K-Wpedantic[m[K]
   73 |   ACTION_DEFINITION(ActionSpec)[01;35m[K;[m[K
      |                                [01;35m[K^[m[K
      |                                [31m[K-[m[K
[01m[K/opt/ros/noetic/include/actionlib/client/client_helpers.h:125:32:[m[K [01;35m[Kwarning: [m[Kextra ‘[01m[K;[m[K’ [[01;35m[K-Wpedantic[m[K]
  125 |   ACTION_DEFINITION(ActionSpec)[01;35m[K;[m[K
      |                                [01;35m[K^[m[K
      |                                [31m[K-[m[K
[01m[K/opt/ros/noetic/include/actionlib/client/client_helpers.h:225:32:[m[K [01;35m[Kwarning: [m[Kextra ‘[01m[K;[m[K’ [[01;35m[K-Wpedantic[m[K]
  225 |   ACTION_DEFINITION(ActionSpec)[01;35m[K;[m[K
      |                                [01;35m[K^[m[K
      |                                [31m[K-[m[K
In file included from [01m[K/opt/ros/noetic/include/actionlib/client/simple_action_client.h:47[m[K,
                 from [01m[K/home/s/scott_spaces/decadarobotics_devspace/src/ff_client/free_fleet/free_fleet_client_ros1/src/ClientNode.hpp:37[m[K,
                 from [01m[K/home/s/scott_spaces/decadarobotics_devspace/src/ff_client/free_fleet/free_fleet_client_ros1/src/main.cpp:19[m[K:
[01m[K/opt/ros/noetic/include/actionlib/client/action_client.h:65:32:[m[K [01;35m[Kwarning: [m[Kextra ‘[01m[K;[m[K’ [[01;35m[K-Wpedantic[m[K]
   65 |   ACTION_DEFINITION(ActionSpec)[01;35m[K;[m[K
      |                                [01;35m[K^[m[K
      |                                [31m[K-[m[K
In file included from [01m[K/home/s/scott_spaces/decadarobotics_devspace/src/ff_client/free_fleet/free_fleet_client_ros1/src/ClientNode.hpp:37[m[K,
                 from [01m[K/home/s/scott_spaces/decadarobotics_devspace/src/ff_client/free_fleet/free_fleet_client_ros1/src/main.cpp:19[m[K:
[01m[K/opt/ros/noetic/include/actionlib/client/simple_action_client.h:75:32:[m[K [01;35m[Kwarning: [m[Kextra ‘[01m[K;[m[K’ [[01;35m[K-Wpedantic[m[K]
   75 |   ACTION_DEFINITION(ActionSpec)[01;35m[K;[m[K
      |                                [01;35m[K^[m[K
      |                                [31m[K-[m[K
[ 66%] Built target fake_docking_server
[ 77%] [32mBuilding CXX object CMakeFiles/free_fleet_client_ros1.dir/src/ClientNodeConfig.cpp.o[0m
In file included from [01m[K/opt/ros/noetic/include/actionlib/client/action_client.h:38[m[K,
                 from [01m[K/opt/ros/noetic/include/actionlib/client/simple_action_client.h:47[m[K,
                 from [01m[K/home/s/scott_spaces/decadarobotics_devspace/src/ff_client/free_fleet/free_fleet_client_ros1/src/ClientNode.hpp:37[m[K,
                 from [01m[K/home/s/scott_spaces/decadarobotics_devspace/src/ff_client/free_fleet/free_fleet_client_ros1/src/ClientNode.cpp:19[m[K:
[01m[K/opt/ros/noetic/include/actionlib/client/client_helpers.h:73:32:[m[K [01;35m[Kwarning: [m[Kextra ‘[01m[K;[m[K’ [[01;35m[K-Wpedantic[m[K]
   73 |   ACTION_DEFINITION(ActionSpec)[01;35m[K;[m[K
      |                                [01;35m[K^[m[K
      |                                [31m[K-[m[K
[01m[K/opt/ros/noetic/include/actionlib/client/client_helpers.h:125:32:[m[K [01;35m[Kwarning: [m[Kextra ‘[01m[K;[m[K’ [[01;35m[K-Wpedantic[m[K]
  125 |   ACTION_DEFINITION(ActionSpec)[01;35m[K;[m[K
      |                                [01;35m[K^[m[K
      |                                [31m[K-[m[K
[01m[K/opt/ros/noetic/include/actionlib/client/client_helpers.h:225:32:[m[K [01;35m[Kwarning: [m[Kextra ‘[01m[K;[m[K’ [[01;35m[K-Wpedantic[m[K]
  225 |   ACTION_DEFINITION(ActionSpec)[01;35m[K;[m[K
      |                                [01;35m[K^[m[K
      |                                [31m[K-[m[K
In file included from [01m[K/opt/ros/noetic/include/actionlib/client/simple_action_client.h:47[m[K,
                 from [01m[K/home/s/scott_spaces/decadarobotics_devspace/src/ff_client/free_fleet/free_fleet_client_ros1/src/ClientNode.hpp:37[m[K,
                 from [01m[K/home/s/scott_spaces/decadarobotics_devspace/src/ff_client/free_fleet/free_fleet_client_ros1/src/ClientNode.cpp:19[m[K:
[01m[K/opt/ros/noetic/include/actionlib/client/action_client.h:65:32:[m[K [01;35m[Kwarning: [m[Kextra ‘[01m[K;[m[K’ [[01;35m[K-Wpedantic[m[K]
   65 |   ACTION_DEFINITION(ActionSpec)[01;35m[K;[m[K
      |                                [01;35m[K^[m[K
      |                                [31m[K-[m[K
In file included from [01m[K/home/s/scott_spaces/decadarobotics_devspace/src/ff_client/free_fleet/free_fleet_client_ros1/src/ClientNode.hpp:37[m[K,
                 from [01m[K/home/s/scott_spaces/decadarobotics_devspace/src/ff_client/free_fleet/free_fleet_client_ros1/src/ClientNode.cpp:19[m[K:
[01m[K/opt/ros/noetic/include/actionlib/client/simple_action_client.h:75:32:[m[K [01;35m[Kwarning: [m[Kextra ‘[01m[K;[m[K’ [[01;35m[K-Wpedantic[m[K]
   75 |   ACTION_DEFINITION(ActionSpec)[01;35m[K;[m[K
      |                                [01;35m[K^[m[K
      |                                [31m[K-[m[K
[ 88%] [32m[1mLinking CXX executable devel/lib/free_fleet_client_ros1/fake_action_server[0m
[ 88%] Built target fake_action_server
[100%] [32m[1mLinking CXX executable devel/lib/free_fleet_client_ros1/free_fleet_client_ros1[0m
[100%] Built target free_fleet_client_ros1
[35m[1mScanning dependencies of target tests[0m
Built target tests
-- Install configuration: "Release"
-- Installing: /home/s/scott_spaces/decadarobotics_devspace/install/free_fleet_client_ros1/lib/pkgconfig/free_fleet_client_ros1.pc
-- Installing: /home/s/scott_spaces/decadarobotics_devspace/install/free_fleet_client_ros1/share/free_fleet_client_ros1/cmake/free_fleet_client_ros1Config.cmake
-- Installing: /home/s/scott_spaces/decadarobotics_devspace/install/free_fleet_client_ros1/share/free_fleet_client_ros1/cmake/free_fleet_client_ros1Config-version.cmake
-- Installing: /home/s/scott_spaces/decadarobotics_devspace/install/free_fleet_client_ros1/share/free_fleet_client_ros1/package.xml
-- Installing: /home/s/scott_spaces/decadarobotics_devspace/install/free_fleet_client_ros1/lib/free_fleet_client_ros1/free_fleet_client_ros1
-- Set runtime path of "/home/s/scott_spaces/decadarobotics_devspace/install/free_fleet_client_ros1/lib/free_fleet_client_ros1/free_fleet_client_ros1" to ""
-- Installing: /home/s/scott_spaces/decadarobotics_devspace/install/free_fleet_client_ros1/lib/free_fleet_client_ros1/fake_action_server
-- Set runtime path of "/home/s/scott_spaces/decadarobotics_devspace/install/free_fleet_client_ros1/lib/free_fleet_client_ros1/fake_action_server" to ""
-- Installing: /home/s/scott_spaces/decadarobotics_devspace/install/free_fleet_client_ros1/lib/free_fleet_client_ros1/fake_docking_server
-- Set runtime path of "/home/s/scott_spaces/decadarobotics_devspace/install/free_fleet_client_ros1/lib/free_fleet_client_ros1/fake_docking_server" to ""
