[0.049s] Invoking command in '/home/s/scott_spaces/decadarobotics_devspace/build/free_fleet_client_ros1': CMAKE_PREFIX_PATH=/home/s/scott_spaces/decadarobotics_devspace/install/free_fleet:/home/s/scott_spaces/decadarobotics_devspace/install/cyclonedds:${CMAKE_PREFIX_PATH} LD_LIBRARY_PATH=/home/s/scott_spaces/decadarobotics_devspace/install/free_fleet/lib:/home/s/scott_spaces/decadarobotics_devspace/install/cyclonedds/lib:${LD_LIBRARY_PATH} PATH=/home/s/scott_spaces/decadarobotics_devspace/install/free_fleet/bin:/home/s/scott_spaces/decadarobotics_devspace/install/cyclonedds/bin:${PATH} PKG_CONFIG_PATH=/home/s/scott_spaces/decadarobotics_devspace/install/free_fleet/lib/x86_64-linux-gnu/pkgconfig:/home/s/scott_spaces/decadarobotics_devspace/install/free_fleet/lib/pkgconfig:/home/s/scott_spaces/decadarobotics_devspace/install/cyclonedds/lib/x86_64-linux-gnu/pkgconfig:/home/s/scott_spaces/decadarobotics_devspace/install/cyclonedds/lib/pkgconfig:${PKG_CONFIG_PATH} /usr/bin/cmake /home/s/scott_spaces/decadarobotics_devspace/src/ff_client/free_fleet/free_fleet_client_ros1 -DCMAKE_BUILD_TYPE=Release -DCATKIN_INSTALL_INTO_PREFIX_ROOT=0 -DCMAKE_INSTALL_PREFIX=/home/s/scott_spaces/decadarobotics_devspace/install/free_fleet_client_ros1
[0.291s] -- The C compiler identification is GNU 9.3.0
[0.395s] -- The CXX compiler identification is GNU 9.3.0
[0.418s] -- Check for working C compiler: /usr/bin/cc
[0.554s] -- Check for working C compiler: /usr/bin/cc -- works
[0.555s] -- Detecting C compiler ABI info
[0.803s] -- Detecting C compiler ABI info - done
[0.823s] -- Detecting C compile features
[0.824s] -- Detecting C compile features - done
[0.827s] -- Check for working CXX compiler: /usr/bin/c++
[1.119s] -- Check for working CXX compiler: /usr/bin/c++ -- works
[1.119s] -- Detecting CXX compiler ABI info
[1.410s] -- Detecting CXX compiler ABI info - done
[1.439s] -- Detecting CXX compile features
[1.441s] -- Detecting CXX compile features - done
[1.454s] -- Using CATKIN_DEVEL_PREFIX: /home/s/scott_spaces/decadarobotics_devspace/build/free_fleet_client_ros1/devel
[1.454s] -- Using CMAKE_PREFIX_PATH: /home/s/scott_spaces/decadarobotics_devspace/install/free_fleet;/home/s/scott_spaces/decadarobotics_devspace/install/cyclonedds;/opt/ros/noetic
[1.459s] -- This workspace overlays: /opt/ros/noetic
[1.531s] -- Found PythonInterp: /usr/bin/python3 (found suitable version "3.8.5", minimum required is "3") 
[1.531s] -- Using PYTHON_EXECUTABLE: /usr/bin/python3
[1.531s] -- Using Debian Python package layout
[1.673s] -- Found PY_em: /usr/lib/python3/dist-packages/em.py  
[1.674s] -- Using empy: /usr/lib/python3/dist-packages/em.py
[2.061s] -- Using CATKIN_ENABLE_TESTING: ON
[2.061s] -- Call enable_testing()
[2.062s] -- Using CATKIN_TEST_RESULTS_DIR: /home/s/scott_spaces/decadarobotics_devspace/build/free_fleet_client_ros1/test_results
[3.714s] -- Forcing gtest/gmock from source, though one was otherwise available.
[3.714s] -- Found gtest sources under '/usr/src/googletest': gtests will be built
[3.714s] -- Found gmock sources under '/usr/src/googletest': gmock will be built
[3.817s] -- Found PythonInterp: /usr/bin/python3 (found version "3.8.5") 
[3.820s] -- Found Threads: TRUE  
[3.831s] -- Using Python nosetests: /usr/bin/nosetests3
[4.002s] -- catkin 0.8.10
[4.005s] -- BUILD_SHARED_LIBS is on
[4.545s] -- Using these message generators: gencpp;geneus;genlisp;gennodejs;genpy
[5.396s] -- Configuring done
[5.493s] -- Generating done
[5.500s] -- Build files have been written to: /home/s/scott_spaces/decadarobotics_devspace/build/free_fleet_client_ros1
[5.530s] Invoked command in '/home/s/scott_spaces/decadarobotics_devspace/build/free_fleet_client_ros1' returned '0': CMAKE_PREFIX_PATH=/home/s/scott_spaces/decadarobotics_devspace/install/free_fleet:/home/s/scott_spaces/decadarobotics_devspace/install/cyclonedds:${CMAKE_PREFIX_PATH} LD_LIBRARY_PATH=/home/s/scott_spaces/decadarobotics_devspace/install/free_fleet/lib:/home/s/scott_spaces/decadarobotics_devspace/install/cyclonedds/lib:${LD_LIBRARY_PATH} PATH=/home/s/scott_spaces/decadarobotics_devspace/install/free_fleet/bin:/home/s/scott_spaces/decadarobotics_devspace/install/cyclonedds/bin:${PATH} PKG_CONFIG_PATH=/home/s/scott_spaces/decadarobotics_devspace/install/free_fleet/lib/x86_64-linux-gnu/pkgconfig:/home/s/scott_spaces/decadarobotics_devspace/install/free_fleet/lib/pkgconfig:/home/s/scott_spaces/decadarobotics_devspace/install/cyclonedds/lib/x86_64-linux-gnu/pkgconfig:/home/s/scott_spaces/decadarobotics_devspace/install/cyclonedds/lib/pkgconfig:${PKG_CONFIG_PATH} /usr/bin/cmake /home/s/scott_spaces/decadarobotics_devspace/src/ff_client/free_fleet/free_fleet_client_ros1 -DCMAKE_BUILD_TYPE=Release -DCATKIN_INSTALL_INTO_PREFIX_ROOT=0 -DCMAKE_INSTALL_PREFIX=/home/s/scott_spaces/decadarobotics_devspace/install/free_fleet_client_ros1
[5.532s] Invoking command in '/home/s/scott_spaces/decadarobotics_devspace/build/free_fleet_client_ros1': CMAKE_PREFIX_PATH=/home/s/scott_spaces/decadarobotics_devspace/install/free_fleet:/home/s/scott_spaces/decadarobotics_devspace/install/cyclonedds:${CMAKE_PREFIX_PATH} LD_LIBRARY_PATH=/home/s/scott_spaces/decadarobotics_devspace/install/free_fleet/lib:/home/s/scott_spaces/decadarobotics_devspace/install/cyclonedds/lib:${LD_LIBRARY_PATH} PATH=/home/s/scott_spaces/decadarobotics_devspace/install/free_fleet/bin:/home/s/scott_spaces/decadarobotics_devspace/install/cyclonedds/bin:${PATH} PKG_CONFIG_PATH=/home/s/scott_spaces/decadarobotics_devspace/install/free_fleet/lib/x86_64-linux-gnu/pkgconfig:/home/s/scott_spaces/decadarobotics_devspace/install/free_fleet/lib/pkgconfig:/home/s/scott_spaces/decadarobotics_devspace/install/cyclonedds/lib/x86_64-linux-gnu/pkgconfig:/home/s/scott_spaces/decadarobotics_devspace/install/cyclonedds/lib/pkgconfig:${PKG_CONFIG_PATH} /usr/bin/cmake --build /home/s/scott_spaces/decadarobotics_devspace/build/free_fleet_client_ros1 -- -j4 -l4
[5.598s] [35m[1mScanning dependencies of target free_fleet_client_ros1[0m
[5.611s] [35m[1mScanning dependencies of target fake_docking_server[0m
[5.628s] [35m[1mScanning dependencies of target fake_action_server[0m
[5.710s] [ 11%] [32mBuilding CXX object CMakeFiles/fake_docking_server.dir/src/tests/fake_docking_server.cpp.o[0m
[5.790s] [ 22%] [32mBuilding CXX object CMakeFiles/fake_action_server.dir/src/tests/fake_action_server.cpp.o[0m
[5.844s] [ 33%] [32mBuilding CXX object CMakeFiles/free_fleet_client_ros1.dir/src/main.cpp.o[0m
[5.869s] [ 44%] [32mBuilding CXX object CMakeFiles/free_fleet_client_ros1.dir/src/utilities.cpp.o[0m
[7.716s] [ 55%] [32mBuilding CXX object CMakeFiles/free_fleet_client_ros1.dir/src/ClientNode.cpp.o[0m
[10.003s] [01m[K/home/s/scott_spaces/decadarobotics_devspace/src/ff_client/free_fleet/free_fleet_client_ros1/src/tests/fake_docking_server.cpp:[m[K In function ‘[01m[Kbool trigger(std_srvs::Trigger::Request&, std_srvs::Trigger::Response&)[m[K’:
[10.003s] [01m[K/home/s/scott_spaces/decadarobotics_devspace/src/ff_client/free_fleet/free_fleet_client_ros1/src/tests/fake_docking_server.cpp:22:31:[m[K [01;35m[Kwarning: [m[Kunused parameter ‘[01m[Kreq[m[K’ [[01;35m[K-Wunused-parameter[m[K]
[10.003s]    22 |   [01;35m[Kstd_srvs::Trigger::Request& req[m[K,
[10.003s]       |   [01;35m[K~~~~~~~~~~~~~~~~~~~~~~~~~~~~^~~[m[K
[10.885s] In file included from [01m[K/opt/ros/noetic/include/actionlib/server/action_server.h:50[m[K,
[10.885s]                  from [01m[K/opt/ros/noetic/include/actionlib/server/simple_action_server.h:42[m[K,
[10.885s]                  from [01m[K/home/s/scott_spaces/decadarobotics_devspace/src/ff_client/free_fleet/free_fleet_client_ros1/src/tests/fake_action_server.cpp:23[m[K:
[10.885s] [01m[K/opt/ros/noetic/include/actionlib/server/status_tracker.h:59:32:[m[K [01;35m[Kwarning: [m[Kextra ‘[01m[K;[m[K’ [[01;35m[K-Wpedantic[m[K]
[10.885s]    59 |   ACTION_DEFINITION(ActionSpec)[01;35m[K;[m[K
[10.885s]       |                                [01;35m[K^[m[K
[10.885s]       |                                [31m[K-[m[K
[10.905s] In file included from [01m[K/opt/ros/noetic/include/actionlib/server/action_server.h:52[m[K,
[10.905s]                  from [01m[K/opt/ros/noetic/include/actionlib/server/simple_action_server.h:42[m[K,
[10.905s]                  from [01m[K/home/s/scott_spaces/decadarobotics_devspace/src/ff_client/free_fleet/free_fleet_client_ros1/src/tests/fake_action_server.cpp:23[m[K:
[10.905s] [01m[K/opt/ros/noetic/include/actionlib/server/server_goal_handle.h:67:32:[m[K [01;35m[Kwarning: [m[Kextra ‘[01m[K;[m[K’ [[01;35m[K-Wpedantic[m[K]
[10.905s]    67 |   ACTION_DEFINITION(ActionSpec)[01;35m[K;[m[K
[10.905s]       |                                [01;35m[K^[m[K
[10.905s]       |                                [31m[K-[m[K
[10.931s] In file included from [01m[K/opt/ros/noetic/include/actionlib/server/action_server.h:53[m[K,
[10.931s]                  from [01m[K/opt/ros/noetic/include/actionlib/server/simple_action_server.h:42[m[K,
[10.931s]                  from [01m[K/home/s/scott_spaces/decadarobotics_devspace/src/ff_client/free_fleet/free_fleet_client_ros1/src/tests/fake_action_server.cpp:23[m[K:
[10.932s] [01m[K/opt/ros/noetic/include/actionlib/server/action_server_base.h:71:32:[m[K [01;35m[Kwarning: [m[Kextra ‘[01m[K;[m[K’ [[01;35m[K-Wpedantic[m[K]
[10.932s]    71 |   ACTION_DEFINITION(ActionSpec)[01;35m[K;[m[K
[10.932s]       |                                [01;35m[K^[m[K
[10.932s]       |                                [31m[K-[m[K
[10.934s] In file included from [01m[K/opt/ros/noetic/include/actionlib/server/simple_action_server.h:42[m[K,
[10.934s]                  from [01m[K/home/s/scott_spaces/decadarobotics_devspace/src/ff_client/free_fleet/free_fleet_client_ros1/src/tests/fake_action_server.cpp:23[m[K:
[10.934s] [01m[K/opt/ros/noetic/include/actionlib/server/action_server.h:79:32:[m[K [01;35m[Kwarning: [m[Kextra ‘[01m[K;[m[K’ [[01;35m[K-Wpedantic[m[K]
[10.934s]    79 |   ACTION_DEFINITION(ActionSpec)[01;35m[K;[m[K
[10.934s]       |                                [01;35m[K^[m[K
[10.934s]       |                                [31m[K-[m[K
[10.966s] In file included from [01m[K/home/s/scott_spaces/decadarobotics_devspace/src/ff_client/free_fleet/free_fleet_client_ros1/src/tests/fake_action_server.cpp:23[m[K:
[10.966s] [01m[K/opt/ros/noetic/include/actionlib/server/simple_action_server.h:64:32:[m[K [01;35m[Kwarning: [m[Kextra ‘[01m[K;[m[K’ [[01;35m[K-Wpedantic[m[K]
[10.966s]    64 |   ACTION_DEFINITION(ActionSpec)[01;35m[K;[m[K
[10.966s]       |                                [01;35m[K^[m[K
[10.966s]       |                                [31m[K-[m[K
[12.587s] [ 66%] [32m[1mLinking CXX executable devel/lib/free_fleet_client_ros1/fake_docking_server[0m
[12.868s] In file included from [01m[K/opt/ros/noetic/include/actionlib/client/action_client.h:38[m[K,
[12.868s]                  from [01m[K/opt/ros/noetic/include/actionlib/client/simple_action_client.h:47[m[K,
[12.868s]                  from [01m[K/home/s/scott_spaces/decadarobotics_devspace/src/ff_client/free_fleet/free_fleet_client_ros1/src/ClientNode.hpp:37[m[K,
[12.868s]                  from [01m[K/home/s/scott_spaces/decadarobotics_devspace/src/ff_client/free_fleet/free_fleet_client_ros1/src/main.cpp:19[m[K:
[12.868s] [01m[K/opt/ros/noetic/include/actionlib/client/client_helpers.h:73:32:[m[K [01;35m[Kwarning: [m[Kextra ‘[01m[K;[m[K’ [[01;35m[K-Wpedantic[m[K]
[12.868s]    73 |   ACTION_DEFINITION(ActionSpec)[01;35m[K;[m[K
[12.869s]       |                                [01;35m[K^[m[K
[12.869s]       |                                [31m[K-[m[K
[12.870s] [01m[K/opt/ros/noetic/include/actionlib/client/client_helpers.h:125:32:[m[K [01;35m[Kwarning: [m[Kextra ‘[01m[K;[m[K’ [[01;35m[K-Wpedantic[m[K]
[12.870s]   125 |   ACTION_DEFINITION(ActionSpec)[01;35m[K;[m[K
[12.870s]       |                                [01;35m[K^[m[K
[12.870s]       |                                [31m[K-[m[K
[12.875s] [01m[K/opt/ros/noetic/include/actionlib/client/client_helpers.h:225:32:[m[K [01;35m[Kwarning: [m[Kextra ‘[01m[K;[m[K’ [[01;35m[K-Wpedantic[m[K]
[12.876s]   225 |   ACTION_DEFINITION(ActionSpec)[01;35m[K;[m[K
[12.876s]       |                                [01;35m[K^[m[K
[12.876s]       |                                [31m[K-[m[K
[12.935s] In file included from [01m[K/opt/ros/noetic/include/actionlib/client/simple_action_client.h:47[m[K,
[12.935s]                  from [01m[K/home/s/scott_spaces/decadarobotics_devspace/src/ff_client/free_fleet/free_fleet_client_ros1/src/ClientNode.hpp:37[m[K,
[12.935s]                  from [01m[K/home/s/scott_spaces/decadarobotics_devspace/src/ff_client/free_fleet/free_fleet_client_ros1/src/main.cpp:19[m[K:
[12.935s] [01m[K/opt/ros/noetic/include/actionlib/client/action_client.h:65:32:[m[K [01;35m[Kwarning: [m[Kextra ‘[01m[K;[m[K’ [[01;35m[K-Wpedantic[m[K]
[12.936s]    65 |   ACTION_DEFINITION(ActionSpec)[01;35m[K;[m[K
[12.936s]       |                                [01;35m[K^[m[K
[12.936s]       |                                [31m[K-[m[K
[12.951s] In file included from [01m[K/home/s/scott_spaces/decadarobotics_devspace/src/ff_client/free_fleet/free_fleet_client_ros1/src/ClientNode.hpp:37[m[K,
[12.952s]                  from [01m[K/home/s/scott_spaces/decadarobotics_devspace/src/ff_client/free_fleet/free_fleet_client_ros1/src/main.cpp:19[m[K:
[12.952s] [01m[K/opt/ros/noetic/include/actionlib/client/simple_action_client.h:75:32:[m[K [01;35m[Kwarning: [m[Kextra ‘[01m[K;[m[K’ [[01;35m[K-Wpedantic[m[K]
[12.952s]    75 |   ACTION_DEFINITION(ActionSpec)[01;35m[K;[m[K
[12.952s]       |                                [01;35m[K^[m[K
[12.952s]       |                                [31m[K-[m[K
[13.017s] [ 66%] Built target fake_docking_server
[13.060s] [ 77%] [32mBuilding CXX object CMakeFiles/free_fleet_client_ros1.dir/src/ClientNodeConfig.cpp.o[0m
[13.852s] In file included from [01m[K/opt/ros/noetic/include/actionlib/client/action_client.h:38[m[K,
[13.853s]                  from [01m[K/opt/ros/noetic/include/actionlib/client/simple_action_client.h:47[m[K,
[13.853s]                  from [01m[K/home/s/scott_spaces/decadarobotics_devspace/src/ff_client/free_fleet/free_fleet_client_ros1/src/ClientNode.hpp:37[m[K,
[13.853s]                  from [01m[K/home/s/scott_spaces/decadarobotics_devspace/src/ff_client/free_fleet/free_fleet_client_ros1/src/ClientNode.cpp:19[m[K:
[13.853s] [01m[K/opt/ros/noetic/include/actionlib/client/client_helpers.h:73:32:[m[K [01;35m[Kwarning: [m[Kextra ‘[01m[K;[m[K’ [[01;35m[K-Wpedantic[m[K]
[13.853s]    73 |   ACTION_DEFINITION(ActionSpec)[01;35m[K;[m[K
[13.853s]       |                                [01;35m[K^[m[K
[13.853s]       |                                [31m[K-[m[K
[13.853s] [01m[K/opt/ros/noetic/include/actionlib/client/client_helpers.h:125:32:[m[K [01;35m[Kwarning: [m[Kextra ‘[01m[K;[m[K’ [[01;35m[K-Wpedantic[m[K]
[13.853s]   125 |   ACTION_DEFINITION(ActionSpec)[01;35m[K;[m[K
[13.853s]       |                                [01;35m[K^[m[K
[13.854s]       |                                [31m[K-[m[K
[13.854s] [01m[K/opt/ros/noetic/include/actionlib/client/client_helpers.h:225:32:[m[K [01;35m[Kwarning: [m[Kextra ‘[01m[K;[m[K’ [[01;35m[K-Wpedantic[m[K]
[13.854s]   225 |   ACTION_DEFINITION(ActionSpec)[01;35m[K;[m[K
[13.854s]       |                                [01;35m[K^[m[K
[13.854s]       |                                [31m[K-[m[K
[13.890s] In file included from [01m[K/opt/ros/noetic/include/actionlib/client/simple_action_client.h:47[m[K,
[13.891s]                  from [01m[K/home/s/scott_spaces/decadarobotics_devspace/src/ff_client/free_fleet/free_fleet_client_ros1/src/ClientNode.hpp:37[m[K,
[13.891s]                  from [01m[K/home/s/scott_spaces/decadarobotics_devspace/src/ff_client/free_fleet/free_fleet_client_ros1/src/ClientNode.cpp:19[m[K:
[13.891s] [01m[K/opt/ros/noetic/include/actionlib/client/action_client.h:65:32:[m[K [01;35m[Kwarning: [m[Kextra ‘[01m[K;[m[K’ [[01;35m[K-Wpedantic[m[K]
[13.891s]    65 |   ACTION_DEFINITION(ActionSpec)[01;35m[K;[m[K
[13.891s]       |                                [01;35m[K^[m[K
[13.891s]       |                                [31m[K-[m[K
[13.903s] In file included from [01m[K/home/s/scott_spaces/decadarobotics_devspace/src/ff_client/free_fleet/free_fleet_client_ros1/src/ClientNode.hpp:37[m[K,
[13.903s]                  from [01m[K/home/s/scott_spaces/decadarobotics_devspace/src/ff_client/free_fleet/free_fleet_client_ros1/src/ClientNode.cpp:19[m[K:
[13.903s] [01m[K/opt/ros/noetic/include/actionlib/client/simple_action_client.h:75:32:[m[K [01;35m[Kwarning: [m[Kextra ‘[01m[K;[m[K’ [[01;35m[K-Wpedantic[m[K]
[13.903s]    75 |   ACTION_DEFINITION(ActionSpec)[01;35m[K;[m[K
[13.903s]       |                                [01;35m[K^[m[K
[13.903s]       |                                [31m[K-[m[K
[20.261s] [ 88%] [32m[1mLinking CXX executable devel/lib/free_fleet_client_ros1/fake_action_server[0m
[20.492s] [ 88%] Built target fake_action_server
[24.674s] [100%] [32m[1mLinking CXX executable devel/lib/free_fleet_client_ros1/free_fleet_client_ros1[0m
[24.919s] [100%] Built target free_fleet_client_ros1
[24.932s] Invoked command in '/home/s/scott_spaces/decadarobotics_devspace/build/free_fleet_client_ros1' returned '0': CMAKE_PREFIX_PATH=/home/s/scott_spaces/decadarobotics_devspace/install/free_fleet:/home/s/scott_spaces/decadarobotics_devspace/install/cyclonedds:${CMAKE_PREFIX_PATH} LD_LIBRARY_PATH=/home/s/scott_spaces/decadarobotics_devspace/install/free_fleet/lib:/home/s/scott_spaces/decadarobotics_devspace/install/cyclonedds/lib:${LD_LIBRARY_PATH} PATH=/home/s/scott_spaces/decadarobotics_devspace/install/free_fleet/bin:/home/s/scott_spaces/decadarobotics_devspace/install/cyclonedds/bin:${PATH} PKG_CONFIG_PATH=/home/s/scott_spaces/decadarobotics_devspace/install/free_fleet/lib/x86_64-linux-gnu/pkgconfig:/home/s/scott_spaces/decadarobotics_devspace/install/free_fleet/lib/pkgconfig:/home/s/scott_spaces/decadarobotics_devspace/install/cyclonedds/lib/x86_64-linux-gnu/pkgconfig:/home/s/scott_spaces/decadarobotics_devspace/install/cyclonedds/lib/pkgconfig:${PKG_CONFIG_PATH} /usr/bin/cmake --build /home/s/scott_spaces/decadarobotics_devspace/build/free_fleet_client_ros1 -- -j4 -l4
[25.003s] Invoking command in '/home/s/scott_spaces/decadarobotics_devspace/build/free_fleet_client_ros1': CMAKE_PREFIX_PATH=/home/s/scott_spaces/decadarobotics_devspace/install/free_fleet:/home/s/scott_spaces/decadarobotics_devspace/install/cyclonedds:${CMAKE_PREFIX_PATH} LD_LIBRARY_PATH=/home/s/scott_spaces/decadarobotics_devspace/install/free_fleet/lib:/home/s/scott_spaces/decadarobotics_devspace/install/cyclonedds/lib:${LD_LIBRARY_PATH} PATH=/home/s/scott_spaces/decadarobotics_devspace/install/free_fleet/bin:/home/s/scott_spaces/decadarobotics_devspace/install/cyclonedds/bin:${PATH} PKG_CONFIG_PATH=/home/s/scott_spaces/decadarobotics_devspace/install/free_fleet/lib/x86_64-linux-gnu/pkgconfig:/home/s/scott_spaces/decadarobotics_devspace/install/free_fleet/lib/pkgconfig:/home/s/scott_spaces/decadarobotics_devspace/install/cyclonedds/lib/x86_64-linux-gnu/pkgconfig:/home/s/scott_spaces/decadarobotics_devspace/install/cyclonedds/lib/pkgconfig:${PKG_CONFIG_PATH} /usr/bin/cmake --build /home/s/scott_spaces/decadarobotics_devspace/build/free_fleet_client_ros1 --target tests -- -j4 -l4
[25.063s] [35m[1mScanning dependencies of target tests[0m
[25.075s] Built target tests
[25.089s] Invoked command in '/home/s/scott_spaces/decadarobotics_devspace/build/free_fleet_client_ros1' returned '0': CMAKE_PREFIX_PATH=/home/s/scott_spaces/decadarobotics_devspace/install/free_fleet:/home/s/scott_spaces/decadarobotics_devspace/install/cyclonedds:${CMAKE_PREFIX_PATH} LD_LIBRARY_PATH=/home/s/scott_spaces/decadarobotics_devspace/install/free_fleet/lib:/home/s/scott_spaces/decadarobotics_devspace/install/cyclonedds/lib:${LD_LIBRARY_PATH} PATH=/home/s/scott_spaces/decadarobotics_devspace/install/free_fleet/bin:/home/s/scott_spaces/decadarobotics_devspace/install/cyclonedds/bin:${PATH} PKG_CONFIG_PATH=/home/s/scott_spaces/decadarobotics_devspace/install/free_fleet/lib/x86_64-linux-gnu/pkgconfig:/home/s/scott_spaces/decadarobotics_devspace/install/free_fleet/lib/pkgconfig:/home/s/scott_spaces/decadarobotics_devspace/install/cyclonedds/lib/x86_64-linux-gnu/pkgconfig:/home/s/scott_spaces/decadarobotics_devspace/install/cyclonedds/lib/pkgconfig:${PKG_CONFIG_PATH} /usr/bin/cmake --build /home/s/scott_spaces/decadarobotics_devspace/build/free_fleet_client_ros1 --target tests -- -j4 -l4
[25.165s] Invoking command in '/home/s/scott_spaces/decadarobotics_devspace/build/free_fleet_client_ros1': CMAKE_PREFIX_PATH=/home/s/scott_spaces/decadarobotics_devspace/install/free_fleet:/home/s/scott_spaces/decadarobotics_devspace/install/cyclonedds:${CMAKE_PREFIX_PATH} LD_LIBRARY_PATH=/home/s/scott_spaces/decadarobotics_devspace/install/free_fleet/lib:/home/s/scott_spaces/decadarobotics_devspace/install/cyclonedds/lib:${LD_LIBRARY_PATH} PATH=/home/s/scott_spaces/decadarobotics_devspace/install/free_fleet/bin:/home/s/scott_spaces/decadarobotics_devspace/install/cyclonedds/bin:${PATH} PKG_CONFIG_PATH=/home/s/scott_spaces/decadarobotics_devspace/install/free_fleet/lib/x86_64-linux-gnu/pkgconfig:/home/s/scott_spaces/decadarobotics_devspace/install/free_fleet/lib/pkgconfig:/home/s/scott_spaces/decadarobotics_devspace/install/cyclonedds/lib/x86_64-linux-gnu/pkgconfig:/home/s/scott_spaces/decadarobotics_devspace/install/cyclonedds/lib/pkgconfig:${PKG_CONFIG_PATH} /usr/bin/cmake --install /home/s/scott_spaces/decadarobotics_devspace/build/free_fleet_client_ros1
[25.175s] -- Install configuration: "Release"
[25.176s] -- Installing: /home/s/scott_spaces/decadarobotics_devspace/install/free_fleet_client_ros1/lib/pkgconfig/free_fleet_client_ros1.pc
[25.176s] -- Installing: /home/s/scott_spaces/decadarobotics_devspace/install/free_fleet_client_ros1/share/free_fleet_client_ros1/cmake/free_fleet_client_ros1Config.cmake
[25.176s] -- Installing: /home/s/scott_spaces/decadarobotics_devspace/install/free_fleet_client_ros1/share/free_fleet_client_ros1/cmake/free_fleet_client_ros1Config-version.cmake
[25.176s] -- Installing: /home/s/scott_spaces/decadarobotics_devspace/install/free_fleet_client_ros1/share/free_fleet_client_ros1/package.xml
[25.177s] -- Installing: /home/s/scott_spaces/decadarobotics_devspace/install/free_fleet_client_ros1/lib/free_fleet_client_ros1/free_fleet_client_ros1
[25.178s] -- Set runtime path of "/home/s/scott_spaces/decadarobotics_devspace/install/free_fleet_client_ros1/lib/free_fleet_client_ros1/free_fleet_client_ros1" to ""
[25.178s] -- Installing: /home/s/scott_spaces/decadarobotics_devspace/install/free_fleet_client_ros1/lib/free_fleet_client_ros1/fake_action_server
[25.179s] -- Set runtime path of "/home/s/scott_spaces/decadarobotics_devspace/install/free_fleet_client_ros1/lib/free_fleet_client_ros1/fake_action_server" to ""
[25.179s] -- Installing: /home/s/scott_spaces/decadarobotics_devspace/install/free_fleet_client_ros1/lib/free_fleet_client_ros1/fake_docking_server
[25.180s] -- Set runtime path of "/home/s/scott_spaces/decadarobotics_devspace/install/free_fleet_client_ros1/lib/free_fleet_client_ros1/fake_docking_server" to ""
[25.183s] Invoked command in '/home/s/scott_spaces/decadarobotics_devspace/build/free_fleet_client_ros1' returned '0': CMAKE_PREFIX_PATH=/home/s/scott_spaces/decadarobotics_devspace/install/free_fleet:/home/s/scott_spaces/decadarobotics_devspace/install/cyclonedds:${CMAKE_PREFIX_PATH} LD_LIBRARY_PATH=/home/s/scott_spaces/decadarobotics_devspace/install/free_fleet/lib:/home/s/scott_spaces/decadarobotics_devspace/install/cyclonedds/lib:${LD_LIBRARY_PATH} PATH=/home/s/scott_spaces/decadarobotics_devspace/install/free_fleet/bin:/home/s/scott_spaces/decadarobotics_devspace/install/cyclonedds/bin:${PATH} PKG_CONFIG_PATH=/home/s/scott_spaces/decadarobotics_devspace/install/free_fleet/lib/x86_64-linux-gnu/pkgconfig:/home/s/scott_spaces/decadarobotics_devspace/install/free_fleet/lib/pkgconfig:/home/s/scott_spaces/decadarobotics_devspace/install/cyclonedds/lib/x86_64-linux-gnu/pkgconfig:/home/s/scott_spaces/decadarobotics_devspace/install/cyclonedds/lib/pkgconfig:${PKG_CONFIG_PATH} /usr/bin/cmake --install /home/s/scott_spaces/decadarobotics_devspace/build/free_fleet_client_ros1
