[0.074s] Invoking command in '/home/s/scott_spaces/decadarobotics_devspace/build/free_fleet_server_ros2': CMAKE_PREFIX_PATH=/home/s/scott_spaces/decadarobotics_devspace/install/free_fleet:/home/s/scott_spaces/decadarobotics_devspace/install/cyclonedds:${CMAKE_PREFIX_PATH} LD_LIBRARY_PATH=/home/s/scott_spaces/decadarobotics_devspace/install/free_fleet/lib:/home/s/scott_spaces/decadarobotics_devspace/install/cyclonedds/lib:${LD_LIBRARY_PATH} PATH=/home/s/scott_spaces/decadarobotics_devspace/install/free_fleet/bin:/home/s/scott_spaces/decadarobotics_devspace/install/cyclonedds/bin:${PATH} PKG_CONFIG_PATH=/home/s/scott_spaces/decadarobotics_devspace/install/free_fleet/lib/x86_64-linux-gnu/pkgconfig:/home/s/scott_spaces/decadarobotics_devspace/install/free_fleet/lib/pkgconfig:/home/s/scott_spaces/decadarobotics_devspace/install/cyclonedds/lib/x86_64-linux-gnu/pkgconfig:/home/s/scott_spaces/decadarobotics_devspace/install/cyclonedds/lib/pkgconfig:${PKG_CONFIG_PATH} /usr/bin/cmake /home/s/scott_spaces/decadarobotics_devspace/src/ff_client/free_fleet/free_fleet_server_ros2 -DCMAKE_BUILD_TYPE=Release -DCMAKE_INSTALL_PREFIX=/home/s/scott_spaces/decadarobotics_devspace/install/free_fleet_server_ros2
[0.232s] -- The C compiler identification is GNU 9.3.0
[0.383s] -- The CXX compiler identification is GNU 9.3.0
[0.392s] -- Check for working C compiler: /usr/bin/cc
[0.687s] -- Check for working C compiler: /usr/bin/cc -- works
[0.688s] -- Detecting C compiler ABI info
[0.952s] -- Detecting C compiler ABI info - done
[0.972s] -- Detecting C compile features
[0.976s] -- Detecting C compile features - done
[0.979s] -- Check for working CXX compiler: /usr/bin/c++
[1.284s] -- Check for working CXX compiler: /usr/bin/c++ -- works
[1.286s] -- Detecting CXX compiler ABI info
[1.558s] -- Detecting CXX compiler ABI info - done
[1.573s] -- Detecting CXX compile features
[1.574s] -- Detecting CXX compile features - done
[1.594s] ament_cmake not found so skipping this ROS2 package
[1.595s] -- Configuring done
[1.595s] -- Generating done
[1.600s] -- Build files have been written to: /home/s/scott_spaces/decadarobotics_devspace/build/free_fleet_server_ros2
[1.612s] Invoked command in '/home/s/scott_spaces/decadarobotics_devspace/build/free_fleet_server_ros2' returned '0': CMAKE_PREFIX_PATH=/home/s/scott_spaces/decadarobotics_devspace/install/free_fleet:/home/s/scott_spaces/decadarobotics_devspace/install/cyclonedds:${CMAKE_PREFIX_PATH} LD_LIBRARY_PATH=/home/s/scott_spaces/decadarobotics_devspace/install/free_fleet/lib:/home/s/scott_spaces/decadarobotics_devspace/install/cyclonedds/lib:${LD_LIBRARY_PATH} PATH=/home/s/scott_spaces/decadarobotics_devspace/install/free_fleet/bin:/home/s/scott_spaces/decadarobotics_devspace/install/cyclonedds/bin:${PATH} PKG_CONFIG_PATH=/home/s/scott_spaces/decadarobotics_devspace/install/free_fleet/lib/x86_64-linux-gnu/pkgconfig:/home/s/scott_spaces/decadarobotics_devspace/install/free_fleet/lib/pkgconfig:/home/s/scott_spaces/decadarobotics_devspace/install/cyclonedds/lib/x86_64-linux-gnu/pkgconfig:/home/s/scott_spaces/decadarobotics_devspace/install/cyclonedds/lib/pkgconfig:${PKG_CONFIG_PATH} /usr/bin/cmake /home/s/scott_spaces/decadarobotics_devspace/src/ff_client/free_fleet/free_fleet_server_ros2 -DCMAKE_BUILD_TYPE=Release -DCMAKE_INSTALL_PREFIX=/home/s/scott_spaces/decadarobotics_devspace/install/free_fleet_server_ros2
[1.614s] Invoking command in '/home/s/scott_spaces/decadarobotics_devspace/build/free_fleet_server_ros2': CMAKE_PREFIX_PATH=/home/s/scott_spaces/decadarobotics_devspace/install/free_fleet:/home/s/scott_spaces/decadarobotics_devspace/install/cyclonedds:${CMAKE_PREFIX_PATH} LD_LIBRARY_PATH=/home/s/scott_spaces/decadarobotics_devspace/install/free_fleet/lib:/home/s/scott_spaces/decadarobotics_devspace/install/cyclonedds/lib:${LD_LIBRARY_PATH} PATH=/home/s/scott_spaces/decadarobotics_devspace/install/free_fleet/bin:/home/s/scott_spaces/decadarobotics_devspace/install/cyclonedds/bin:${PATH} PKG_CONFIG_PATH=/home/s/scott_spaces/decadarobotics_devspace/install/free_fleet/lib/x86_64-linux-gnu/pkgconfig:/home/s/scott_spaces/decadarobotics_devspace/install/free_fleet/lib/pkgconfig:/home/s/scott_spaces/decadarobotics_devspace/install/cyclonedds/lib/x86_64-linux-gnu/pkgconfig:/home/s/scott_spaces/decadarobotics_devspace/install/cyclonedds/lib/pkgconfig:${PKG_CONFIG_PATH} /usr/bin/cmake --build /home/s/scott_spaces/decadarobotics_devspace/build/free_fleet_server_ros2 -- -j4 -l4
[1.779s] Invoked command in '/home/s/scott_spaces/decadarobotics_devspace/build/free_fleet_server_ros2' returned '0': CMAKE_PREFIX_PATH=/home/s/scott_spaces/decadarobotics_devspace/install/free_fleet:/home/s/scott_spaces/decadarobotics_devspace/install/cyclonedds:${CMAKE_PREFIX_PATH} LD_LIBRARY_PATH=/home/s/scott_spaces/decadarobotics_devspace/install/free_fleet/lib:/home/s/scott_spaces/decadarobotics_devspace/install/cyclonedds/lib:${LD_LIBRARY_PATH} PATH=/home/s/scott_spaces/decadarobotics_devspace/install/free_fleet/bin:/home/s/scott_spaces/decadarobotics_devspace/install/cyclonedds/bin:${PATH} PKG_CONFIG_PATH=/home/s/scott_spaces/decadarobotics_devspace/install/free_fleet/lib/x86_64-linux-gnu/pkgconfig:/home/s/scott_spaces/decadarobotics_devspace/install/free_fleet/lib/pkgconfig:/home/s/scott_spaces/decadarobotics_devspace/install/cyclonedds/lib/x86_64-linux-gnu/pkgconfig:/home/s/scott_spaces/decadarobotics_devspace/install/cyclonedds/lib/pkgconfig:${PKG_CONFIG_PATH} /usr/bin/cmake --build /home/s/scott_spaces/decadarobotics_devspace/build/free_fleet_server_ros2 -- -j4 -l4
