[0.026s] Invoking command in '/home/s/scott_spaces/decadarobotics_devspace/build/turtlebot3_description': /usr/bin/cmake /home/s/scott_spaces/decadarobotics_devspace/src/turtlebot3/turtlebot3_description -DCMAKE_BUILD_TYPE=Release -DCATKIN_INSTALL_INTO_PREFIX_ROOT=0 -DCMAKE_INSTALL_PREFIX=/home/s/scott_spaces/decadarobotics_devspace/install/turtlebot3_description
[0.109s] -- The C compiler identification is GNU 9.3.0
[0.181s] -- The CXX compiler identification is GNU 9.3.0
[0.189s] -- Check for working C compiler: /usr/bin/cc
[0.267s] -- Check for working C compiler: /usr/bin/cc -- works
[0.268s] -- Detecting C compiler ABI info
[0.352s] -- Detecting C compiler ABI info - done
[0.367s] -- Detecting C compile features
[0.367s] -- Detecting C compile features - done
[0.371s] -- Check for working CXX compiler: /usr/bin/c++
[0.458s] -- Check for working CXX compiler: /usr/bin/c++ -- works
[0.459s] -- Detecting CXX compiler ABI info
[0.565s] -- Detecting CXX compiler ABI info - done
[0.584s] -- Detecting CXX compile features
[0.585s] -- Detecting CXX compile features - done
[0.588s] -- Using CATKIN_DEVEL_PREFIX: /home/s/scott_spaces/decadarobotics_devspace/build/turtlebot3_description/devel
[0.588s] -- Using CMAKE_PREFIX_PATH: /opt/ros/noetic
[0.589s] -- This workspace overlays: /opt/ros/noetic
[0.615s] -- Found PythonInterp: /usr/bin/python3 (found suitable version "3.8.5", minimum required is "3") 
[0.615s] -- Using PYTHON_EXECUTABLE: /usr/bin/python3
[0.615s] -- Using Debian Python package layout
[0.653s] -- Found PY_em: /usr/lib/python3/dist-packages/em.py  
[0.654s] -- Using empy: /usr/lib/python3/dist-packages/em.py
[0.796s] -- Using CATKIN_ENABLE_TESTING: ON
[0.796s] -- Call enable_testing()
[0.798s] -- Using CATKIN_TEST_RESULTS_DIR: /home/s/scott_spaces/decadarobotics_devspace/build/turtlebot3_description/test_results
[1.124s] -- Forcing gtest/gmock from source, though one was otherwise available.
[1.124s] -- Found gtest sources under '/usr/src/googletest': gtests will be built
[1.124s] -- Found gmock sources under '/usr/src/googletest': gmock will be built
[1.152s] -- Found PythonInterp: /usr/bin/python3 (found version "3.8.5") 
[1.154s] -- Found Threads: TRUE  
[1.160s] -- Using Python nosetests: /usr/bin/nosetests3
[1.227s] -- catkin 0.8.10
[1.227s] -- BUILD_SHARED_LIBS is on
[1.705s] -- Configuring done
[1.719s] -- Generating done
[1.722s] -- Build files have been written to: /home/s/scott_spaces/decadarobotics_devspace/build/turtlebot3_description
