[0.021s] Invoking command in '/home/s/scott_spaces/decadarobotics_devspace/build/caato': CMAKE_PREFIX_PATH=/home/s/scott_spaces/decadarobotics_devspace/install/caato_navigation:${CMAKE_PREFIX_PATH} PKG_CONFIG_PATH=/home/s/scott_spaces/decadarobotics_devspace/install/caato_navigation/lib/x86_64-linux-gnu/pkgconfig:/home/s/scott_spaces/decadarobotics_devspace/install/caato_navigation/lib/pkgconfig:${PKG_CONFIG_PATH} ROS_PACKAGE_PATH=/home/s/scott_spaces/decadarobotics_devspace/install/caato_navigation/share:${ROS_PACKAGE_PATH} /usr/bin/cmake /home/s/scott_spaces/decadarobotics_devspace/src/caato/caato -DCMAKE_BUILD_TYPE=Release -DCATKIN_INSTALL_INTO_PREFIX_ROOT=0 -DCMAKE_INSTALL_PREFIX=/home/s/scott_spaces/decadarobotics_devspace/install/caato
[0.129s] -- The C compiler identification is GNU 9.3.0
[0.224s] -- The CXX compiler identification is GNU 9.3.0
[0.230s] -- Check for working C compiler: /usr/bin/cc
[0.327s] -- Check for working C compiler: /usr/bin/cc -- works
[0.327s] -- Detecting C compiler ABI info
[0.542s] -- Detecting C compiler ABI info - done
[0.564s] -- Detecting C compile features
[0.565s] -- Detecting C compile features - done
[0.572s] -- Check for working CXX compiler: /usr/bin/c++
[0.823s] -- Check for working CXX compiler: /usr/bin/c++ -- works
[0.823s] -- Detecting CXX compiler ABI info
[1.010s] -- Detecting CXX compiler ABI info - done
[1.041s] -- Detecting CXX compile features
[1.048s] -- Detecting CXX compile features - done
[1.050s] -- Using CATKIN_DEVEL_PREFIX: /home/s/scott_spaces/decadarobotics_devspace/build/caato/devel
[1.050s] -- Using CMAKE_PREFIX_PATH: /home/s/scott_spaces/decadarobotics_devspace/install/caato_navigation;/opt/ros/noetic
[1.051s] -- This workspace overlays: /home/s/scott_spaces/decadarobotics_devspace/install/caato_navigation;/opt/ros/noetic
[1.095s] -- Found PythonInterp: /usr/bin/python3 (found suitable version "3.8.5", minimum required is "3") 
[1.095s] -- Using PYTHON_EXECUTABLE: /usr/bin/python3
[1.096s] -- Using Debian Python package layout
[1.136s] -- Found PY_em: /usr/lib/python3/dist-packages/em.py  
[1.137s] -- Using empy: /usr/lib/python3/dist-packages/em.py
[1.318s] -- Using CATKIN_ENABLE_TESTING: ON
[1.318s] -- Call enable_testing()
[1.320s] -- Using CATKIN_TEST_RESULTS_DIR: /home/s/scott_spaces/decadarobotics_devspace/build/caato/test_results
[1.816s] -- Forcing gtest/gmock from source, though one was otherwise available.
[1.816s] -- Found gtest sources under '/usr/src/googletest': gtests will be built
[1.816s] -- Found gmock sources under '/usr/src/googletest': gmock will be built
[1.858s] -- Found PythonInterp: /usr/bin/python3 (found version "3.8.5") 
[1.861s] -- Found Threads: TRUE  
[1.867s] -- Using Python nosetests: /usr/bin/nosetests3
[1.955s] -- catkin 0.8.10
[1.955s] -- BUILD_SHARED_LIBS is on
[2.481s] -- Configuring done
[2.500s] -- Generating done
[2.502s] -- Build files have been written to: /home/s/scott_spaces/decadarobotics_devspace/build/caato
[2.520s] Invoked command in '/home/s/scott_spaces/decadarobotics_devspace/build/caato' returned '0': CMAKE_PREFIX_PATH=/home/s/scott_spaces/decadarobotics_devspace/install/caato_navigation:${CMAKE_PREFIX_PATH} PKG_CONFIG_PATH=/home/s/scott_spaces/decadarobotics_devspace/install/caato_navigation/lib/x86_64-linux-gnu/pkgconfig:/home/s/scott_spaces/decadarobotics_devspace/install/caato_navigation/lib/pkgconfig:${PKG_CONFIG_PATH} ROS_PACKAGE_PATH=/home/s/scott_spaces/decadarobotics_devspace/install/caato_navigation/share:${ROS_PACKAGE_PATH} /usr/bin/cmake /home/s/scott_spaces/decadarobotics_devspace/src/caato/caato -DCMAKE_BUILD_TYPE=Release -DCATKIN_INSTALL_INTO_PREFIX_ROOT=0 -DCMAKE_INSTALL_PREFIX=/home/s/scott_spaces/decadarobotics_devspace/install/caato
[2.523s] Invoking command in '/home/s/scott_spaces/decadarobotics_devspace/build/caato': CMAKE_PREFIX_PATH=/home/s/scott_spaces/decadarobotics_devspace/install/caato_navigation:${CMAKE_PREFIX_PATH} PKG_CONFIG_PATH=/home/s/scott_spaces/decadarobotics_devspace/install/caato_navigation/lib/x86_64-linux-gnu/pkgconfig:/home/s/scott_spaces/decadarobotics_devspace/install/caato_navigation/lib/pkgconfig:${PKG_CONFIG_PATH} ROS_PACKAGE_PATH=/home/s/scott_spaces/decadarobotics_devspace/install/caato_navigation/share:${ROS_PACKAGE_PATH} /usr/bin/cmake --build /home/s/scott_spaces/decadarobotics_devspace/build/caato -- -j4 -l4
[2.630s] Invoked command in '/home/s/scott_spaces/decadarobotics_devspace/build/caato' returned '0': CMAKE_PREFIX_PATH=/home/s/scott_spaces/decadarobotics_devspace/install/caato_navigation:${CMAKE_PREFIX_PATH} PKG_CONFIG_PATH=/home/s/scott_spaces/decadarobotics_devspace/install/caato_navigation/lib/x86_64-linux-gnu/pkgconfig:/home/s/scott_spaces/decadarobotics_devspace/install/caato_navigation/lib/pkgconfig:${PKG_CONFIG_PATH} ROS_PACKAGE_PATH=/home/s/scott_spaces/decadarobotics_devspace/install/caato_navigation/share:${ROS_PACKAGE_PATH} /usr/bin/cmake --build /home/s/scott_spaces/decadarobotics_devspace/build/caato -- -j4 -l4
[2.790s] Invoking command in '/home/s/scott_spaces/decadarobotics_devspace/build/caato': CMAKE_PREFIX_PATH=/home/s/scott_spaces/decadarobotics_devspace/install/caato_navigation:${CMAKE_PREFIX_PATH} PKG_CONFIG_PATH=/home/s/scott_spaces/decadarobotics_devspace/install/caato_navigation/lib/x86_64-linux-gnu/pkgconfig:/home/s/scott_spaces/decadarobotics_devspace/install/caato_navigation/lib/pkgconfig:${PKG_CONFIG_PATH} ROS_PACKAGE_PATH=/home/s/scott_spaces/decadarobotics_devspace/install/caato_navigation/share:${ROS_PACKAGE_PATH} /usr/bin/cmake --build /home/s/scott_spaces/decadarobotics_devspace/build/caato --target tests -- -j4 -l4
[2.944s] [35m[1mScanning dependencies of target tests[0m
[2.974s] Built target tests
[3.000s] Invoked command in '/home/s/scott_spaces/decadarobotics_devspace/build/caato' returned '0': CMAKE_PREFIX_PATH=/home/s/scott_spaces/decadarobotics_devspace/install/caato_navigation:${CMAKE_PREFIX_PATH} PKG_CONFIG_PATH=/home/s/scott_spaces/decadarobotics_devspace/install/caato_navigation/lib/x86_64-linux-gnu/pkgconfig:/home/s/scott_spaces/decadarobotics_devspace/install/caato_navigation/lib/pkgconfig:${PKG_CONFIG_PATH} ROS_PACKAGE_PATH=/home/s/scott_spaces/decadarobotics_devspace/install/caato_navigation/share:${ROS_PACKAGE_PATH} /usr/bin/cmake --build /home/s/scott_spaces/decadarobotics_devspace/build/caato --target tests -- -j4 -l4
[3.134s] Invoking command in '/home/s/scott_spaces/decadarobotics_devspace/build/caato': CMAKE_PREFIX_PATH=/home/s/scott_spaces/decadarobotics_devspace/install/caato_navigation:${CMAKE_PREFIX_PATH} PKG_CONFIG_PATH=/home/s/scott_spaces/decadarobotics_devspace/install/caato_navigation/lib/x86_64-linux-gnu/pkgconfig:/home/s/scott_spaces/decadarobotics_devspace/install/caato_navigation/lib/pkgconfig:${PKG_CONFIG_PATH} ROS_PACKAGE_PATH=/home/s/scott_spaces/decadarobotics_devspace/install/caato_navigation/share:${ROS_PACKAGE_PATH} /usr/bin/cmake --install /home/s/scott_spaces/decadarobotics_devspace/build/caato
[3.157s] -- Install configuration: "Release"
[3.157s] -- Installing: /home/s/scott_spaces/decadarobotics_devspace/install/caato/share/caato/package.xml
[3.159s] Invoked command in '/home/s/scott_spaces/decadarobotics_devspace/build/caato' returned '0': CMAKE_PREFIX_PATH=/home/s/scott_spaces/decadarobotics_devspace/install/caato_navigation:${CMAKE_PREFIX_PATH} PKG_CONFIG_PATH=/home/s/scott_spaces/decadarobotics_devspace/install/caato_navigation/lib/x86_64-linux-gnu/pkgconfig:/home/s/scott_spaces/decadarobotics_devspace/install/caato_navigation/lib/pkgconfig:${PKG_CONFIG_PATH} ROS_PACKAGE_PATH=/home/s/scott_spaces/decadarobotics_devspace/install/caato_navigation/share:${ROS_PACKAGE_PATH} /usr/bin/cmake --install /home/s/scott_spaces/decadarobotics_devspace/build/caato
