[0.031s] Invoking command in '/home/s/scott_spaces/decadarobotics_devspace/build/robot_state_publisher': /usr/bin/cmake /home/s/scott_spaces/decadarobotics_devspace/src/robot_state_publisher -DCMAKE_BUILD_TYPE=Release -DCATKIN_INSTALL_INTO_PREFIX_ROOT=0 -DCMAKE_INSTALL_PREFIX=/home/s/scott_spaces/decadarobotics_devspace/install/robot_state_publisher
[0.102s] -- The C compiler identification is GNU 9.3.0
[0.176s] -- The CXX compiler identification is GNU 9.3.0
[0.184s] -- Check for working C compiler: /usr/bin/cc
[0.263s] -- Check for working C compiler: /usr/bin/cc -- works
[0.263s] -- Detecting C compiler ABI info
[0.355s] -- Detecting C compiler ABI info - done
[0.371s] -- Detecting C compile features
[0.372s] -- Detecting C compile features - done
[0.376s] -- Check for working CXX compiler: /usr/bin/c++
[0.469s] -- Check for working CXX compiler: /usr/bin/c++ -- works
[0.470s] -- Detecting CXX compiler ABI info
[0.561s] -- Detecting CXX compiler ABI info - done
[0.579s] -- Detecting CXX compile features
[0.579s] -- Detecting CXX compile features - done
[0.585s] -- Performing Test COMPILER_SUPPORTS_CXX11
[0.680s] -- Performing Test COMPILER_SUPPORTS_CXX11 - Success
[0.682s] -- Using CATKIN_DEVEL_PREFIX: /home/s/scott_spaces/decadarobotics_devspace/build/robot_state_publisher/devel
[0.682s] -- Using CMAKE_PREFIX_PATH: /opt/ros/noetic
[0.683s] -- This workspace overlays: /opt/ros/noetic
[0.709s] -- Found PythonInterp: /usr/bin/python3 (found suitable version "3.8.5", minimum required is "3") 
[0.710s] -- Using PYTHON_EXECUTABLE: /usr/bin/python3
[0.710s] -- Using Debian Python package layout
[0.746s] -- Found PY_em: /usr/lib/python3/dist-packages/em.py  
[0.746s] -- Using empy: /usr/lib/python3/dist-packages/em.py
[0.882s] -- Using CATKIN_ENABLE_TESTING: ON
[0.882s] -- Call enable_testing()
[0.884s] -- Using CATKIN_TEST_RESULTS_DIR: /home/s/scott_spaces/decadarobotics_devspace/build/robot_state_publisher/test_results
[1.210s] -- Forcing gtest/gmock from source, though one was otherwise available.
[1.210s] -- Found gtest sources under '/usr/src/googletest': gtests will be built
[1.210s] -- Found gmock sources under '/usr/src/googletest': gmock will be built
[1.238s] -- Found PythonInterp: /usr/bin/python3 (found version "3.8.5") 
[1.241s] -- Found Threads: TRUE  
[1.246s] -- Using Python nosetests: /usr/bin/nosetests3
[1.309s] -- catkin 0.8.10
[1.309s] -- BUILD_SHARED_LIBS is on
[1.594s] -- Using these message generators: gencpp;geneus;genlisp;gennodejs;genpy
[1.922s] -- Configuring done
[2.041s] -- Generating done
[2.049s] -- Build files have been written to: /home/s/scott_spaces/decadarobotics_devspace/build/robot_state_publisher
