-- The C compiler identification is GNU 9.3.0
-- The CXX compiler identification is GNU 9.3.0
-- Check for working C compiler: /usr/bin/cc
-- Check for working C compiler: /usr/bin/cc -- works
-- Detecting C compiler ABI info
-- Detecting C compiler ABI info - done
-- Detecting C compile features
-- Detecting C compile features - done
-- Check for working CXX compiler: /usr/bin/c++
-- Check for working CXX compiler: /usr/bin/c++ -- works
-- Detecting CXX compiler ABI info
-- Detecting CXX compiler ABI info - done
-- Detecting CXX compile features
-- Detecting CXX compile features - done
-- Using CATKIN_DEVEL_PREFIX: /home/s/scott_spaces/decadarobotics_devspace/build/turtlebot3_bringup/devel
-- Using CMAKE_PREFIX_PATH: /home/s/scott_spaces/decadarobotics_devspace/install/turtlebot3_teleop;/home/s/scott_spaces/decadarobotics_devspace/install/turtlebot3_description;/home/s/scott_spaces/decadarobotics_devspace/install/robot_state_publisher;/opt/ros/noetic
-- This workspace overlays: /home/s/scott_spaces/decadarobotics_devspace/install/turtlebot3_teleop;/home/s/scott_spaces/decadarobotics_devspace/install/turtlebot3_description;/home/s/scott_spaces/decadarobotics_devspace/install/robot_state_publisher;/opt/ros/noetic
-- Found PythonInterp: /usr/bin/python3 (found suitable version "3.8.5", minimum required is "3") 
-- Using PYTHON_EXECUTABLE: /usr/bin/python3
-- Using Debian Python package layout
-- Found PY_em: /usr/lib/python3/dist-packages/em.py  
-- Using empy: /usr/lib/python3/dist-packages/em.py
-- Using CATKIN_ENABLE_TESTING: ON
-- Call enable_testing()
-- Using CATKIN_TEST_RESULTS_DIR: /home/s/scott_spaces/decadarobotics_devspace/build/turtlebot3_bringup/test_results
-- Forcing gtest/gmock from source, though one was otherwise available.
-- Found gtest sources under '/usr/src/googletest': gtests will be built
-- Found gmock sources under '/usr/src/googletest': gmock will be built
-- Found PythonInterp: /usr/bin/python3 (found version "3.8.5") 
-- Found Threads: TRUE  
-- Using Python nosetests: /usr/bin/nosetests3
-- catkin 0.8.10
-- BUILD_SHARED_LIBS is on
-- Configuring done
-- Generating done
-- Build files have been written to: /home/s/scott_spaces/decadarobotics_devspace/build/turtlebot3_bringup
[35m[1mScanning dependencies of target geometry_msgs_generate_messages_eus[0m
[  0%] Built target geometry_msgs_generate_messages_eus
[35m[1mScanning dependencies of target turtlebot3_msgs_generate_messages_eus[0m
[  0%] Built target turtlebot3_msgs_generate_messages_eus
[35m[1mScanning dependencies of target turtlebot3_msgs_generate_messages_cpp[0m
[  0%] Built target turtlebot3_msgs_generate_messages_cpp
[35m[1mScanning dependencies of target diagnostic_msgs_generate_messages_nodejs[0m
[  0%] Built target diagnostic_msgs_generate_messages_nodejs
[35m[1mScanning dependencies of target diagnostic_msgs_generate_messages_lisp[0m
[  0%] Built target diagnostic_msgs_generate_messages_lisp
[35m[1mScanning dependencies of target diagnostic_msgs_generate_messages_eus[0m
[  0%] Built target diagnostic_msgs_generate_messages_eus
[35m[1mScanning dependencies of target rosgraph_msgs_generate_messages_eus[0m
[  0%] Built target rosgraph_msgs_generate_messages_eus
[35m[1mScanning dependencies of target rosgraph_msgs_generate_messages_cpp[0m
[  0%] Built target rosgraph_msgs_generate_messages_cpp
[35m[1mScanning dependencies of target roscpp_generate_messages_nodejs[0m
[  0%] Built target roscpp_generate_messages_nodejs
[35m[1mScanning dependencies of target std_msgs_generate_messages_eus[0m
[  0%] Built target std_msgs_generate_messages_eus
[35m[1mScanning dependencies of target turtlebot3_msgs_generate_messages_py[0m
[  0%] Built target turtlebot3_msgs_generate_messages_py
[35m[1mScanning dependencies of target geometry_msgs_generate_messages_lisp[0m
[  0%] Built target geometry_msgs_generate_messages_lisp
[35m[1mScanning dependencies of target geometry_msgs_generate_messages_py[0m
[  0%] Built target geometry_msgs_generate_messages_py
[35m[1mScanning dependencies of target sensor_msgs_generate_messages_py[0m
[  0%] Built target sensor_msgs_generate_messages_py
[35m[1mScanning dependencies of target geometry_msgs_generate_messages_cpp[0m
[  0%] Built target geometry_msgs_generate_messages_cpp
[35m[1mScanning dependencies of target geometry_msgs_generate_messages_nodejs[0m
[  0%] Built target geometry_msgs_generate_messages_nodejs
[35m[1mScanning dependencies of target roscpp_generate_messages_eus[0m
[  0%] Built target roscpp_generate_messages_eus
[35m[1mScanning dependencies of target sensor_msgs_generate_messages_lisp[0m
[  0%] Built target sensor_msgs_generate_messages_lisp
[35m[1mScanning dependencies of target sensor_msgs_generate_messages_nodejs[0m
[  0%] Built target sensor_msgs_generate_messages_nodejs
[35m[1mScanning dependencies of target roscpp_generate_messages_py[0m
[  0%] Built target roscpp_generate_messages_py
[35m[1mScanning dependencies of target roscpp_generate_messages_cpp[0m
[  0%] Built target roscpp_generate_messages_cpp
[35m[1mScanning dependencies of target sensor_msgs_generate_messages_eus[0m
[  0%] Built target sensor_msgs_generate_messages_eus
[35m[1mScanning dependencies of target rosgraph_msgs_generate_messages_py[0m
[  0%] Built target rosgraph_msgs_generate_messages_py
[35m[1mScanning dependencies of target rosgraph_msgs_generate_messages_lisp[0m
[  0%] Built target rosgraph_msgs_generate_messages_lisp
[35m[1mScanning dependencies of target std_msgs_generate_messages_lisp[0m
[  0%] Built target std_msgs_generate_messages_lisp
[35m[1mScanning dependencies of target roscpp_generate_messages_lisp[0m
[  0%] Built target roscpp_generate_messages_lisp
[35m[1mScanning dependencies of target rosgraph_msgs_generate_messages_nodejs[0m
[  0%] Built target rosgraph_msgs_generate_messages_nodejs
[35m[1mScanning dependencies of target diagnostic_msgs_generate_messages_cpp[0m
[  0%] Built target diagnostic_msgs_generate_messages_cpp
[35m[1mScanning dependencies of target std_msgs_generate_messages_cpp[0m
[  0%] Built target std_msgs_generate_messages_cpp
[35m[1mScanning dependencies of target std_msgs_generate_messages_py[0m
[  0%] Built target std_msgs_generate_messages_py
[35m[1mScanning dependencies of target sensor_msgs_generate_messages_cpp[0m
[  0%] Built target sensor_msgs_generate_messages_cpp
[35m[1mScanning dependencies of target diagnostic_msgs_generate_messages_py[0m
[  0%] Built target diagnostic_msgs_generate_messages_py
[35m[1mScanning dependencies of target std_msgs_generate_messages_nodejs[0m
[  0%] Built target std_msgs_generate_messages_nodejs
[35m[1mScanning dependencies of target turtlebot3_msgs_generate_messages_lisp[0m
[  0%] Built target turtlebot3_msgs_generate_messages_lisp
[35m[1mScanning dependencies of target turtlebot3_msgs_generate_messages_nodejs[0m
[  0%] Built target turtlebot3_msgs_generate_messages_nodejs
[35m[1mScanning dependencies of target turtlebot3_diagnostics[0m
[ 50%] [32mBuilding CXX object CMakeFiles/turtlebot3_diagnostics.dir/src/turtlebot3_diagnostics.cpp.o[0m
[100%] [32m[1mLinking CXX executable devel/lib/turtlebot3_bringup/turtlebot3_diagnostics[0m
[100%] Built target turtlebot3_diagnostics
[35m[1mScanning dependencies of target tests[0m
Built target tests
-- Install configuration: "Release"
-- Installing: /home/s/scott_spaces/decadarobotics_devspace/install/turtlebot3_bringup/lib/pkgconfig/turtlebot3_bringup.pc
-- Installing: /home/s/scott_spaces/decadarobotics_devspace/install/turtlebot3_bringup/share/turtlebot3_bringup/cmake/turtlebot3_bringupConfig.cmake
-- Installing: /home/s/scott_spaces/decadarobotics_devspace/install/turtlebot3_bringup/share/turtlebot3_bringup/cmake/turtlebot3_bringupConfig-version.cmake
-- Installing: /home/s/scott_spaces/decadarobotics_devspace/install/turtlebot3_bringup/share/turtlebot3_bringup/package.xml
-- Installing: /home/s/scott_spaces/decadarobotics_devspace/install/turtlebot3_bringup/lib/turtlebot3_bringup/turtlebot3_diagnostics
-- Set runtime path of "/home/s/scott_spaces/decadarobotics_devspace/install/turtlebot3_bringup/lib/turtlebot3_bringup/turtlebot3_diagnostics" to ""
-- Installing: /home/s/scott_spaces/decadarobotics_devspace/install/turtlebot3_bringup/lib/turtlebot3_bringup/create_udev_rules
-- Installing: /home/s/scott_spaces/decadarobotics_devspace/install/turtlebot3_bringup/share/turtlebot3_bringup/launch
-- Installing: /home/s/scott_spaces/decadarobotics_devspace/install/turtlebot3_bringup/share/turtlebot3_bringup/launch/turtlebot3_lidar.launch
-- Installing: /home/s/scott_spaces/decadarobotics_devspace/install/turtlebot3_bringup/share/turtlebot3_bringup/launch/turtlebot3_core.launch
-- Installing: /home/s/scott_spaces/decadarobotics_devspace/install/turtlebot3_bringup/share/turtlebot3_bringup/launch/turtlebot3_robot.launch
-- Installing: /home/s/scott_spaces/decadarobotics_devspace/install/turtlebot3_bringup/share/turtlebot3_bringup/launch/turtlebot3_remote.launch
-- Installing: /home/s/scott_spaces/decadarobotics_devspace/install/turtlebot3_bringup/share/turtlebot3_bringup/launch/turtlebot3_rpicamera.launch
-- Installing: /home/s/scott_spaces/decadarobotics_devspace/install/turtlebot3_bringup/share/turtlebot3_bringup/launch/includes
-- Installing: /home/s/scott_spaces/decadarobotics_devspace/install/turtlebot3_bringup/share/turtlebot3_bringup/launch/includes/description.launch.xml
-- Installing: /home/s/scott_spaces/decadarobotics_devspace/install/turtlebot3_bringup/share/turtlebot3_bringup/launch/turtlebot3_model.launch
-- Installing: /home/s/scott_spaces/decadarobotics_devspace/install/turtlebot3_bringup/share/turtlebot3_bringup/launch/turtlebot3_realsense.launch
-- Installing: /home/s/scott_spaces/decadarobotics_devspace/install/turtlebot3_bringup/share/turtlebot3_bringup/99-turtlebot3-cdc.rules
