[0.052s] Invoking command in '/home/s/scott_spaces/decadarobotics_devspace/build/turtlebot3_bringup': CMAKE_PREFIX_PATH=/home/s/scott_spaces/decadarobotics_devspace/install/turtlebot3_teleop:/home/s/scott_spaces/decadarobotics_devspace/install/turtlebot3_description:/home/s/scott_spaces/decadarobotics_devspace/install/robot_state_publisher:${CMAKE_PREFIX_PATH} LD_LIBRARY_PATH=/home/s/scott_spaces/decadarobotics_devspace/install/robot_state_publisher/lib:${LD_LIBRARY_PATH} PKG_CONFIG_PATH=/home/s/scott_spaces/decadarobotics_devspace/install/turtlebot3_teleop/lib/x86_64-linux-gnu/pkgconfig:/home/s/scott_spaces/decadarobotics_devspace/install/turtlebot3_teleop/lib/pkgconfig:/home/s/scott_spaces/decadarobotics_devspace/install/turtlebot3_description/lib/x86_64-linux-gnu/pkgconfig:/home/s/scott_spaces/decadarobotics_devspace/install/turtlebot3_description/lib/pkgconfig:/home/s/scott_spaces/decadarobotics_devspace/install/robot_state_publisher/lib/x86_64-linux-gnu/pkgconfig:/home/s/scott_spaces/decadarobotics_devspace/install/robot_state_publisher/lib/pkgconfig:${PKG_CONFIG_PATH} PYTHONPATH=/home/s/scott_spaces/decadarobotics_devspace/install/turtlebot3_teleop/lib/python3/dist-packages:${PYTHONPATH} ROS_PACKAGE_PATH=/home/s/scott_spaces/decadarobotics_devspace/install/turtlebot3_teleop/share:/home/s/scott_spaces/decadarobotics_devspace/install/turtlebot3_description/share:/home/s/scott_spaces/decadarobotics_devspace/install/robot_state_publisher/share:${ROS_PACKAGE_PATH} /usr/bin/cmake /home/s/scott_spaces/decadarobotics_devspace/src/turtlebot3/turtlebot3_bringup -DCMAKE_BUILD_TYPE=Release -DCATKIN_INSTALL_INTO_PREFIX_ROOT=0 -DCMAKE_INSTALL_PREFIX=/home/s/scott_spaces/decadarobotics_devspace/install/turtlebot3_bringup
[0.240s] -- The C compiler identification is GNU 9.3.0
[0.331s] -- The CXX compiler identification is GNU 9.3.0
[0.341s] -- Check for working C compiler: /usr/bin/cc
[0.530s] -- Check for working C compiler: /usr/bin/cc -- works
[0.531s] -- Detecting C compiler ABI info
[0.717s] -- Detecting C compiler ABI info - done
[0.739s] -- Detecting C compile features
[0.740s] -- Detecting C compile features - done
[0.750s] -- Check for working CXX compiler: /usr/bin/c++
[0.935s] -- Check for working CXX compiler: /usr/bin/c++ -- works
[0.936s] -- Detecting CXX compiler ABI info
[1.093s] -- Detecting CXX compiler ABI info - done
[1.121s] -- Detecting CXX compile features
[1.122s] -- Detecting CXX compile features - done
[1.131s] -- Using CATKIN_DEVEL_PREFIX: /home/s/scott_spaces/decadarobotics_devspace/build/turtlebot3_bringup/devel
[1.131s] -- Using CMAKE_PREFIX_PATH: /home/s/scott_spaces/decadarobotics_devspace/install/turtlebot3_teleop;/home/s/scott_spaces/decadarobotics_devspace/install/turtlebot3_description;/home/s/scott_spaces/decadarobotics_devspace/install/robot_state_publisher;/opt/ros/noetic
[1.132s] -- This workspace overlays: /home/s/scott_spaces/decadarobotics_devspace/install/turtlebot3_teleop;/home/s/scott_spaces/decadarobotics_devspace/install/turtlebot3_description;/home/s/scott_spaces/decadarobotics_devspace/install/robot_state_publisher;/opt/ros/noetic
[1.188s] -- Found PythonInterp: /usr/bin/python3 (found suitable version "3.8.5", minimum required is "3") 
[1.188s] -- Using PYTHON_EXECUTABLE: /usr/bin/python3
[1.188s] -- Using Debian Python package layout
[1.279s] -- Found PY_em: /usr/lib/python3/dist-packages/em.py  
[1.280s] -- Using empy: /usr/lib/python3/dist-packages/em.py
[1.564s] -- Using CATKIN_ENABLE_TESTING: ON
[1.564s] -- Call enable_testing()
[1.567s] -- Using CATKIN_TEST_RESULTS_DIR: /home/s/scott_spaces/decadarobotics_devspace/build/turtlebot3_bringup/test_results
[2.090s] -- Forcing gtest/gmock from source, though one was otherwise available.
[2.090s] -- Found gtest sources under '/usr/src/googletest': gtests will be built
[2.090s] -- Found gmock sources under '/usr/src/googletest': gmock will be built
[2.124s] -- Found PythonInterp: /usr/bin/python3 (found version "3.8.5") 
[2.127s] -- Found Threads: TRUE  
[2.134s] -- Using Python nosetests: /usr/bin/nosetests3
[2.214s] -- catkin 0.8.10
[2.215s] -- BUILD_SHARED_LIBS is on
[2.856s] -- Configuring done
[2.881s] -- Generating done
[2.887s] -- Build files have been written to: /home/s/scott_spaces/decadarobotics_devspace/build/turtlebot3_bringup
[2.900s] Invoked command in '/home/s/scott_spaces/decadarobotics_devspace/build/turtlebot3_bringup' returned '0': CMAKE_PREFIX_PATH=/home/s/scott_spaces/decadarobotics_devspace/install/turtlebot3_teleop:/home/s/scott_spaces/decadarobotics_devspace/install/turtlebot3_description:/home/s/scott_spaces/decadarobotics_devspace/install/robot_state_publisher:${CMAKE_PREFIX_PATH} LD_LIBRARY_PATH=/home/s/scott_spaces/decadarobotics_devspace/install/robot_state_publisher/lib:${LD_LIBRARY_PATH} PKG_CONFIG_PATH=/home/s/scott_spaces/decadarobotics_devspace/install/turtlebot3_teleop/lib/x86_64-linux-gnu/pkgconfig:/home/s/scott_spaces/decadarobotics_devspace/install/turtlebot3_teleop/lib/pkgconfig:/home/s/scott_spaces/decadarobotics_devspace/install/turtlebot3_description/lib/x86_64-linux-gnu/pkgconfig:/home/s/scott_spaces/decadarobotics_devspace/install/turtlebot3_description/lib/pkgconfig:/home/s/scott_spaces/decadarobotics_devspace/install/robot_state_publisher/lib/x86_64-linux-gnu/pkgconfig:/home/s/scott_spaces/decadarobotics_devspace/install/robot_state_publisher/lib/pkgconfig:${PKG_CONFIG_PATH} PYTHONPATH=/home/s/scott_spaces/decadarobotics_devspace/install/turtlebot3_teleop/lib/python3/dist-packages:${PYTHONPATH} ROS_PACKAGE_PATH=/home/s/scott_spaces/decadarobotics_devspace/install/turtlebot3_teleop/share:/home/s/scott_spaces/decadarobotics_devspace/install/turtlebot3_description/share:/home/s/scott_spaces/decadarobotics_devspace/install/robot_state_publisher/share:${ROS_PACKAGE_PATH} /usr/bin/cmake /home/s/scott_spaces/decadarobotics_devspace/src/turtlebot3/turtlebot3_bringup -DCMAKE_BUILD_TYPE=Release -DCATKIN_INSTALL_INTO_PREFIX_ROOT=0 -DCMAKE_INSTALL_PREFIX=/home/s/scott_spaces/decadarobotics_devspace/install/turtlebot3_bringup
[2.901s] Invoking command in '/home/s/scott_spaces/decadarobotics_devspace/build/turtlebot3_bringup': CMAKE_PREFIX_PATH=/home/s/scott_spaces/decadarobotics_devspace/install/turtlebot3_teleop:/home/s/scott_spaces/decadarobotics_devspace/install/turtlebot3_description:/home/s/scott_spaces/decadarobotics_devspace/install/robot_state_publisher:${CMAKE_PREFIX_PATH} LD_LIBRARY_PATH=/home/s/scott_spaces/decadarobotics_devspace/install/robot_state_publisher/lib:${LD_LIBRARY_PATH} PKG_CONFIG_PATH=/home/s/scott_spaces/decadarobotics_devspace/install/turtlebot3_teleop/lib/x86_64-linux-gnu/pkgconfig:/home/s/scott_spaces/decadarobotics_devspace/install/turtlebot3_teleop/lib/pkgconfig:/home/s/scott_spaces/decadarobotics_devspace/install/turtlebot3_description/lib/x86_64-linux-gnu/pkgconfig:/home/s/scott_spaces/decadarobotics_devspace/install/turtlebot3_description/lib/pkgconfig:/home/s/scott_spaces/decadarobotics_devspace/install/robot_state_publisher/lib/x86_64-linux-gnu/pkgconfig:/home/s/scott_spaces/decadarobotics_devspace/install/robot_state_publisher/lib/pkgconfig:${PKG_CONFIG_PATH} PYTHONPATH=/home/s/scott_spaces/decadarobotics_devspace/install/turtlebot3_teleop/lib/python3/dist-packages:${PYTHONPATH} ROS_PACKAGE_PATH=/home/s/scott_spaces/decadarobotics_devspace/install/turtlebot3_teleop/share:/home/s/scott_spaces/decadarobotics_devspace/install/turtlebot3_description/share:/home/s/scott_spaces/decadarobotics_devspace/install/robot_state_publisher/share:${ROS_PACKAGE_PATH} /usr/bin/cmake --build /home/s/scott_spaces/decadarobotics_devspace/build/turtlebot3_bringup -- -j4 -l4
[2.953s] [35m[1mScanning dependencies of target geometry_msgs_generate_messages_eus[0m
[2.966s] [  0%] Built target geometry_msgs_generate_messages_eus
[2.982s] [35m[1mScanning dependencies of target turtlebot3_msgs_generate_messages_eus[0m
[2.995s] [  0%] Built target turtlebot3_msgs_generate_messages_eus
[3.007s] [35m[1mScanning dependencies of target turtlebot3_msgs_generate_messages_cpp[0m
[3.019s] [  0%] Built target turtlebot3_msgs_generate_messages_cpp
[3.031s] [35m[1mScanning dependencies of target diagnostic_msgs_generate_messages_nodejs[0m
[3.043s] [  0%] Built target diagnostic_msgs_generate_messages_nodejs
[3.055s] [35m[1mScanning dependencies of target diagnostic_msgs_generate_messages_lisp[0m
[3.067s] [  0%] Built target diagnostic_msgs_generate_messages_lisp
[3.079s] [35m[1mScanning dependencies of target diagnostic_msgs_generate_messages_eus[0m
[3.092s] [  0%] Built target diagnostic_msgs_generate_messages_eus
[3.103s] [35m[1mScanning dependencies of target rosgraph_msgs_generate_messages_eus[0m
[3.115s] [  0%] Built target rosgraph_msgs_generate_messages_eus
[3.127s] [35m[1mScanning dependencies of target rosgraph_msgs_generate_messages_cpp[0m
[3.140s] [  0%] Built target rosgraph_msgs_generate_messages_cpp
[3.151s] [35m[1mScanning dependencies of target roscpp_generate_messages_nodejs[0m
[3.164s] [  0%] Built target roscpp_generate_messages_nodejs
[3.176s] [35m[1mScanning dependencies of target std_msgs_generate_messages_eus[0m
[3.190s] [  0%] Built target std_msgs_generate_messages_eus
[3.213s] [35m[1mScanning dependencies of target turtlebot3_msgs_generate_messages_py[0m
[3.227s] [  0%] Built target turtlebot3_msgs_generate_messages_py
[3.240s] [35m[1mScanning dependencies of target geometry_msgs_generate_messages_lisp[0m
[3.253s] [  0%] Built target geometry_msgs_generate_messages_lisp
[3.264s] [35m[1mScanning dependencies of target geometry_msgs_generate_messages_py[0m
[3.276s] [  0%] Built target geometry_msgs_generate_messages_py
[3.290s] [35m[1mScanning dependencies of target sensor_msgs_generate_messages_py[0m
[3.301s] [  0%] Built target sensor_msgs_generate_messages_py
[3.314s] [35m[1mScanning dependencies of target geometry_msgs_generate_messages_cpp[0m
[3.326s] [  0%] Built target geometry_msgs_generate_messages_cpp
[3.339s] [35m[1mScanning dependencies of target geometry_msgs_generate_messages_nodejs[0m
[3.351s] [  0%] Built target geometry_msgs_generate_messages_nodejs
[3.364s] [35m[1mScanning dependencies of target roscpp_generate_messages_eus[0m
[3.376s] [  0%] Built target roscpp_generate_messages_eus
[3.388s] [35m[1mScanning dependencies of target sensor_msgs_generate_messages_lisp[0m
[3.399s] [  0%] Built target sensor_msgs_generate_messages_lisp
[3.411s] [35m[1mScanning dependencies of target sensor_msgs_generate_messages_nodejs[0m
[3.423s] [  0%] Built target sensor_msgs_generate_messages_nodejs
[3.434s] [35m[1mScanning dependencies of target roscpp_generate_messages_py[0m
[3.447s] [  0%] Built target roscpp_generate_messages_py
[3.460s] [35m[1mScanning dependencies of target roscpp_generate_messages_cpp[0m
[3.473s] [  0%] Built target roscpp_generate_messages_cpp
[3.484s] [35m[1mScanning dependencies of target sensor_msgs_generate_messages_eus[0m
[3.500s] [  0%] Built target sensor_msgs_generate_messages_eus
[3.516s] [35m[1mScanning dependencies of target rosgraph_msgs_generate_messages_py[0m
[3.530s] [  0%] Built target rosgraph_msgs_generate_messages_py
[3.546s] [35m[1mScanning dependencies of target rosgraph_msgs_generate_messages_lisp[0m
[3.562s] [  0%] Built target rosgraph_msgs_generate_messages_lisp
[3.578s] [35m[1mScanning dependencies of target std_msgs_generate_messages_lisp[0m
[3.592s] [  0%] Built target std_msgs_generate_messages_lisp
[3.607s] [35m[1mScanning dependencies of target roscpp_generate_messages_lisp[0m
[3.624s] [  0%] Built target roscpp_generate_messages_lisp
[3.639s] [35m[1mScanning dependencies of target rosgraph_msgs_generate_messages_nodejs[0m
[3.653s] [  0%] Built target rosgraph_msgs_generate_messages_nodejs
[3.667s] [35m[1mScanning dependencies of target diagnostic_msgs_generate_messages_cpp[0m
[3.681s] [  0%] Built target diagnostic_msgs_generate_messages_cpp
[3.696s] [35m[1mScanning dependencies of target std_msgs_generate_messages_cpp[0m
[3.710s] [  0%] Built target std_msgs_generate_messages_cpp
[3.724s] [35m[1mScanning dependencies of target std_msgs_generate_messages_py[0m
[3.738s] [  0%] Built target std_msgs_generate_messages_py
[3.750s] [35m[1mScanning dependencies of target sensor_msgs_generate_messages_cpp[0m
[3.763s] [  0%] Built target sensor_msgs_generate_messages_cpp
[3.776s] [35m[1mScanning dependencies of target diagnostic_msgs_generate_messages_py[0m
[3.789s] [  0%] Built target diagnostic_msgs_generate_messages_py
[3.803s] [35m[1mScanning dependencies of target std_msgs_generate_messages_nodejs[0m
[3.815s] [  0%] Built target std_msgs_generate_messages_nodejs
[3.829s] [35m[1mScanning dependencies of target turtlebot3_msgs_generate_messages_lisp[0m
[3.843s] [  0%] Built target turtlebot3_msgs_generate_messages_lisp
[3.857s] [35m[1mScanning dependencies of target turtlebot3_msgs_generate_messages_nodejs[0m
[3.870s] [  0%] Built target turtlebot3_msgs_generate_messages_nodejs
[3.881s] [35m[1mScanning dependencies of target turtlebot3_diagnostics[0m
[3.938s] [ 50%] [32mBuilding CXX object CMakeFiles/turtlebot3_diagnostics.dir/src/turtlebot3_diagnostics.cpp.o[0m
[8.622s] [100%] [32m[1mLinking CXX executable devel/lib/turtlebot3_bringup/turtlebot3_diagnostics[0m
[8.792s] [100%] Built target turtlebot3_diagnostics
[8.806s] Invoked command in '/home/s/scott_spaces/decadarobotics_devspace/build/turtlebot3_bringup' returned '0': CMAKE_PREFIX_PATH=/home/s/scott_spaces/decadarobotics_devspace/install/turtlebot3_teleop:/home/s/scott_spaces/decadarobotics_devspace/install/turtlebot3_description:/home/s/scott_spaces/decadarobotics_devspace/install/robot_state_publisher:${CMAKE_PREFIX_PATH} LD_LIBRARY_PATH=/home/s/scott_spaces/decadarobotics_devspace/install/robot_state_publisher/lib:${LD_LIBRARY_PATH} PKG_CONFIG_PATH=/home/s/scott_spaces/decadarobotics_devspace/install/turtlebot3_teleop/lib/x86_64-linux-gnu/pkgconfig:/home/s/scott_spaces/decadarobotics_devspace/install/turtlebot3_teleop/lib/pkgconfig:/home/s/scott_spaces/decadarobotics_devspace/install/turtlebot3_description/lib/x86_64-linux-gnu/pkgconfig:/home/s/scott_spaces/decadarobotics_devspace/install/turtlebot3_description/lib/pkgconfig:/home/s/scott_spaces/decadarobotics_devspace/install/robot_state_publisher/lib/x86_64-linux-gnu/pkgconfig:/home/s/scott_spaces/decadarobotics_devspace/install/robot_state_publisher/lib/pkgconfig:${PKG_CONFIG_PATH} PYTHONPATH=/home/s/scott_spaces/decadarobotics_devspace/install/turtlebot3_teleop/lib/python3/dist-packages:${PYTHONPATH} ROS_PACKAGE_PATH=/home/s/scott_spaces/decadarobotics_devspace/install/turtlebot3_teleop/share:/home/s/scott_spaces/decadarobotics_devspace/install/turtlebot3_description/share:/home/s/scott_spaces/decadarobotics_devspace/install/robot_state_publisher/share:${ROS_PACKAGE_PATH} /usr/bin/cmake --build /home/s/scott_spaces/decadarobotics_devspace/build/turtlebot3_bringup -- -j4 -l4
[8.849s] Invoking command in '/home/s/scott_spaces/decadarobotics_devspace/build/turtlebot3_bringup': CMAKE_PREFIX_PATH=/home/s/scott_spaces/decadarobotics_devspace/install/turtlebot3_teleop:/home/s/scott_spaces/decadarobotics_devspace/install/turtlebot3_description:/home/s/scott_spaces/decadarobotics_devspace/install/robot_state_publisher:${CMAKE_PREFIX_PATH} LD_LIBRARY_PATH=/home/s/scott_spaces/decadarobotics_devspace/install/robot_state_publisher/lib:${LD_LIBRARY_PATH} PKG_CONFIG_PATH=/home/s/scott_spaces/decadarobotics_devspace/install/turtlebot3_teleop/lib/x86_64-linux-gnu/pkgconfig:/home/s/scott_spaces/decadarobotics_devspace/install/turtlebot3_teleop/lib/pkgconfig:/home/s/scott_spaces/decadarobotics_devspace/install/turtlebot3_description/lib/x86_64-linux-gnu/pkgconfig:/home/s/scott_spaces/decadarobotics_devspace/install/turtlebot3_description/lib/pkgconfig:/home/s/scott_spaces/decadarobotics_devspace/install/robot_state_publisher/lib/x86_64-linux-gnu/pkgconfig:/home/s/scott_spaces/decadarobotics_devspace/install/robot_state_publisher/lib/pkgconfig:${PKG_CONFIG_PATH} PYTHONPATH=/home/s/scott_spaces/decadarobotics_devspace/install/turtlebot3_teleop/lib/python3/dist-packages:${PYTHONPATH} ROS_PACKAGE_PATH=/home/s/scott_spaces/decadarobotics_devspace/install/turtlebot3_teleop/share:/home/s/scott_spaces/decadarobotics_devspace/install/turtlebot3_description/share:/home/s/scott_spaces/decadarobotics_devspace/install/robot_state_publisher/share:${ROS_PACKAGE_PATH} /usr/bin/cmake --build /home/s/scott_spaces/decadarobotics_devspace/build/turtlebot3_bringup --target tests -- -j4 -l4
[8.907s] [35m[1mScanning dependencies of target tests[0m
[8.918s] Built target tests
[8.930s] Invoked command in '/home/s/scott_spaces/decadarobotics_devspace/build/turtlebot3_bringup' returned '0': CMAKE_PREFIX_PATH=/home/s/scott_spaces/decadarobotics_devspace/install/turtlebot3_teleop:/home/s/scott_spaces/decadarobotics_devspace/install/turtlebot3_description:/home/s/scott_spaces/decadarobotics_devspace/install/robot_state_publisher:${CMAKE_PREFIX_PATH} LD_LIBRARY_PATH=/home/s/scott_spaces/decadarobotics_devspace/install/robot_state_publisher/lib:${LD_LIBRARY_PATH} PKG_CONFIG_PATH=/home/s/scott_spaces/decadarobotics_devspace/install/turtlebot3_teleop/lib/x86_64-linux-gnu/pkgconfig:/home/s/scott_spaces/decadarobotics_devspace/install/turtlebot3_teleop/lib/pkgconfig:/home/s/scott_spaces/decadarobotics_devspace/install/turtlebot3_description/lib/x86_64-linux-gnu/pkgconfig:/home/s/scott_spaces/decadarobotics_devspace/install/turtlebot3_description/lib/pkgconfig:/home/s/scott_spaces/decadarobotics_devspace/install/robot_state_publisher/lib/x86_64-linux-gnu/pkgconfig:/home/s/scott_spaces/decadarobotics_devspace/install/robot_state_publisher/lib/pkgconfig:${PKG_CONFIG_PATH} PYTHONPATH=/home/s/scott_spaces/decadarobotics_devspace/install/turtlebot3_teleop/lib/python3/dist-packages:${PYTHONPATH} ROS_PACKAGE_PATH=/home/s/scott_spaces/decadarobotics_devspace/install/turtlebot3_teleop/share:/home/s/scott_spaces/decadarobotics_devspace/install/turtlebot3_description/share:/home/s/scott_spaces/decadarobotics_devspace/install/robot_state_publisher/share:${ROS_PACKAGE_PATH} /usr/bin/cmake --build /home/s/scott_spaces/decadarobotics_devspace/build/turtlebot3_bringup --target tests -- -j4 -l4
[8.976s] Invoking command in '/home/s/scott_spaces/decadarobotics_devspace/build/turtlebot3_bringup': CMAKE_PREFIX_PATH=/home/s/scott_spaces/decadarobotics_devspace/install/turtlebot3_teleop:/home/s/scott_spaces/decadarobotics_devspace/install/turtlebot3_description:/home/s/scott_spaces/decadarobotics_devspace/install/robot_state_publisher:${CMAKE_PREFIX_PATH} LD_LIBRARY_PATH=/home/s/scott_spaces/decadarobotics_devspace/install/robot_state_publisher/lib:${LD_LIBRARY_PATH} PKG_CONFIG_PATH=/home/s/scott_spaces/decadarobotics_devspace/install/turtlebot3_teleop/lib/x86_64-linux-gnu/pkgconfig:/home/s/scott_spaces/decadarobotics_devspace/install/turtlebot3_teleop/lib/pkgconfig:/home/s/scott_spaces/decadarobotics_devspace/install/turtlebot3_description/lib/x86_64-linux-gnu/pkgconfig:/home/s/scott_spaces/decadarobotics_devspace/install/turtlebot3_description/lib/pkgconfig:/home/s/scott_spaces/decadarobotics_devspace/install/robot_state_publisher/lib/x86_64-linux-gnu/pkgconfig:/home/s/scott_spaces/decadarobotics_devspace/install/robot_state_publisher/lib/pkgconfig:${PKG_CONFIG_PATH} PYTHONPATH=/home/s/scott_spaces/decadarobotics_devspace/install/turtlebot3_teleop/lib/python3/dist-packages:${PYTHONPATH} ROS_PACKAGE_PATH=/home/s/scott_spaces/decadarobotics_devspace/install/turtlebot3_teleop/share:/home/s/scott_spaces/decadarobotics_devspace/install/turtlebot3_description/share:/home/s/scott_spaces/decadarobotics_devspace/install/robot_state_publisher/share:${ROS_PACKAGE_PATH} /usr/bin/cmake --install /home/s/scott_spaces/decadarobotics_devspace/build/turtlebot3_bringup
[8.988s] -- Install configuration: "Release"
[8.989s] -- Installing: /home/s/scott_spaces/decadarobotics_devspace/install/turtlebot3_bringup/lib/pkgconfig/turtlebot3_bringup.pc
[8.989s] -- Installing: /home/s/scott_spaces/decadarobotics_devspace/install/turtlebot3_bringup/share/turtlebot3_bringup/cmake/turtlebot3_bringupConfig.cmake
[8.989s] -- Installing: /home/s/scott_spaces/decadarobotics_devspace/install/turtlebot3_bringup/share/turtlebot3_bringup/cmake/turtlebot3_bringupConfig-version.cmake
[8.989s] -- Installing: /home/s/scott_spaces/decadarobotics_devspace/install/turtlebot3_bringup/share/turtlebot3_bringup/package.xml
[8.989s] -- Installing: /home/s/scott_spaces/decadarobotics_devspace/install/turtlebot3_bringup/lib/turtlebot3_bringup/turtlebot3_diagnostics
[8.990s] -- Set runtime path of "/home/s/scott_spaces/decadarobotics_devspace/install/turtlebot3_bringup/lib/turtlebot3_bringup/turtlebot3_diagnostics" to ""
[8.990s] -- Installing: /home/s/scott_spaces/decadarobotics_devspace/install/turtlebot3_bringup/lib/turtlebot3_bringup/create_udev_rules
[8.991s] -- Installing: /home/s/scott_spaces/decadarobotics_devspace/install/turtlebot3_bringup/share/turtlebot3_bringup/launch
[8.991s] -- Installing: /home/s/scott_spaces/decadarobotics_devspace/install/turtlebot3_bringup/share/turtlebot3_bringup/launch/turtlebot3_lidar.launch
[8.991s] -- Installing: /home/s/scott_spaces/decadarobotics_devspace/install/turtlebot3_bringup/share/turtlebot3_bringup/launch/turtlebot3_core.launch
[8.991s] -- Installing: /home/s/scott_spaces/decadarobotics_devspace/install/turtlebot3_bringup/share/turtlebot3_bringup/launch/turtlebot3_robot.launch
[8.991s] -- Installing: /home/s/scott_spaces/decadarobotics_devspace/install/turtlebot3_bringup/share/turtlebot3_bringup/launch/turtlebot3_remote.launch
[8.991s] -- Installing: /home/s/scott_spaces/decadarobotics_devspace/install/turtlebot3_bringup/share/turtlebot3_bringup/launch/turtlebot3_rpicamera.launch
[8.991s] -- Installing: /home/s/scott_spaces/decadarobotics_devspace/install/turtlebot3_bringup/share/turtlebot3_bringup/launch/includes
[8.991s] -- Installing: /home/s/scott_spaces/decadarobotics_devspace/install/turtlebot3_bringup/share/turtlebot3_bringup/launch/includes/description.launch.xml
[8.991s] -- Installing: /home/s/scott_spaces/decadarobotics_devspace/install/turtlebot3_bringup/share/turtlebot3_bringup/launch/turtlebot3_model.launch
[8.991s] -- Installing: /home/s/scott_spaces/decadarobotics_devspace/install/turtlebot3_bringup/share/turtlebot3_bringup/launch/turtlebot3_realsense.launch
[8.991s] -- Installing: /home/s/scott_spaces/decadarobotics_devspace/install/turtlebot3_bringup/share/turtlebot3_bringup/99-turtlebot3-cdc.rules
[8.993s] Invoked command in '/home/s/scott_spaces/decadarobotics_devspace/build/turtlebot3_bringup' returned '0': CMAKE_PREFIX_PATH=/home/s/scott_spaces/decadarobotics_devspace/install/turtlebot3_teleop:/home/s/scott_spaces/decadarobotics_devspace/install/turtlebot3_description:/home/s/scott_spaces/decadarobotics_devspace/install/robot_state_publisher:${CMAKE_PREFIX_PATH} LD_LIBRARY_PATH=/home/s/scott_spaces/decadarobotics_devspace/install/robot_state_publisher/lib:${LD_LIBRARY_PATH} PKG_CONFIG_PATH=/home/s/scott_spaces/decadarobotics_devspace/install/turtlebot3_teleop/lib/x86_64-linux-gnu/pkgconfig:/home/s/scott_spaces/decadarobotics_devspace/install/turtlebot3_teleop/lib/pkgconfig:/home/s/scott_spaces/decadarobotics_devspace/install/turtlebot3_description/lib/x86_64-linux-gnu/pkgconfig:/home/s/scott_spaces/decadarobotics_devspace/install/turtlebot3_description/lib/pkgconfig:/home/s/scott_spaces/decadarobotics_devspace/install/robot_state_publisher/lib/x86_64-linux-gnu/pkgconfig:/home/s/scott_spaces/decadarobotics_devspace/install/robot_state_publisher/lib/pkgconfig:${PKG_CONFIG_PATH} PYTHONPATH=/home/s/scott_spaces/decadarobotics_devspace/install/turtlebot3_teleop/lib/python3/dist-packages:${PYTHONPATH} ROS_PACKAGE_PATH=/home/s/scott_spaces/decadarobotics_devspace/install/turtlebot3_teleop/share:/home/s/scott_spaces/decadarobotics_devspace/install/turtlebot3_description/share:/home/s/scott_spaces/decadarobotics_devspace/install/robot_state_publisher/share:${ROS_PACKAGE_PATH} /usr/bin/cmake --install /home/s/scott_spaces/decadarobotics_devspace/build/turtlebot3_bringup
