-- The C compiler identification is GNU 9.3.0
-- The CXX compiler identification is GNU 9.3.0
-- Check for working C compiler: /usr/bin/cc
-- Check for working C compiler: /usr/bin/cc -- works
-- Detecting C compiler ABI info
-- Detecting C compiler ABI info - done
-- Detecting C compile features
-- Detecting C compile features - done
-- Check for working CXX compiler: /usr/bin/c++
-- Check for working CXX compiler: /usr/bin/c++ -- works
-- Detecting CXX compiler ABI info
-- Detecting CXX compiler ABI info - done
-- Detecting CXX compile features
-- Detecting CXX compile features - done
-- Using CATKIN_DEVEL_PREFIX: /home/s/scott_spaces/decadarobotics_devspace/build/turtlebot3_slam/devel
-- Using CMAKE_PREFIX_PATH: /home/s/scott_spaces/decadarobotics_devspace/install/turtlebot3_bringup;/home/s/scott_spaces/decadarobotics_devspace/install/turtlebot3_teleop;/home/s/scott_spaces/decadarobotics_devspace/install/turtlebot3_description;/home/s/scott_spaces/decadarobotics_devspace/install/robot_state_publisher;/opt/ros/noetic
-- This workspace overlays: /home/s/scott_spaces/decadarobotics_devspace/install/turtlebot3_bringup;/home/s/scott_spaces/decadarobotics_devspace/install/turtlebot3_teleop;/home/s/scott_spaces/decadarobotics_devspace/install/turtlebot3_description;/home/s/scott_spaces/decadarobotics_devspace/install/robot_state_publisher;/opt/ros/noetic
-- Found PythonInterp: /usr/bin/python3 (found suitable version "3.8.5", minimum required is "3") 
-- Using PYTHON_EXECUTABLE: /usr/bin/python3
-- Using Debian Python package layout
-- Found PY_em: /usr/lib/python3/dist-packages/em.py  
-- Using empy: /usr/lib/python3/dist-packages/em.py
-- Using CATKIN_ENABLE_TESTING: ON
-- Call enable_testing()
-- Using CATKIN_TEST_RESULTS_DIR: /home/s/scott_spaces/decadarobotics_devspace/build/turtlebot3_slam/test_results
-- Forcing gtest/gmock from source, though one was otherwise available.
-- Found gtest sources under '/usr/src/googletest': gtests will be built
-- Found gmock sources under '/usr/src/googletest': gmock will be built
-- Found PythonInterp: /usr/bin/python3 (found version "3.8.5") 
-- Found Threads: TRUE  
-- Using Python nosetests: /usr/bin/nosetests3
-- catkin 0.8.10
-- BUILD_SHARED_LIBS is on
-- Configuring done
-- Generating done
-- Build files have been written to: /home/s/scott_spaces/decadarobotics_devspace/build/turtlebot3_slam
[35m[1mScanning dependencies of target geometry_msgs_generate_messages_eus[0m
[  0%] Built target geometry_msgs_generate_messages_eus
[35m[1mScanning dependencies of target roscpp_generate_messages_nodejs[0m
[  0%] Built target roscpp_generate_messages_nodejs
[35m[1mScanning dependencies of target std_msgs_generate_messages_eus[0m
[  0%] Built target std_msgs_generate_messages_eus
[35m[1mScanning dependencies of target geometry_msgs_generate_messages_lisp[0m
[  0%] Built target geometry_msgs_generate_messages_lisp
[35m[1mScanning dependencies of target geometry_msgs_generate_messages_py[0m
[  0%] Built target geometry_msgs_generate_messages_py
[35m[1mScanning dependencies of target sensor_msgs_generate_messages_py[0m
[  0%] Built target sensor_msgs_generate_messages_py
[35m[1mScanning dependencies of target geometry_msgs_generate_messages_cpp[0m
[  0%] Built target geometry_msgs_generate_messages_cpp
[35m[1mScanning dependencies of target geometry_msgs_generate_messages_nodejs[0m
[  0%] Built target geometry_msgs_generate_messages_nodejs
[35m[1mScanning dependencies of target roscpp_generate_messages_eus[0m
[  0%] Built target roscpp_generate_messages_eus
[35m[1mScanning dependencies of target sensor_msgs_generate_messages_lisp[0m
[  0%] Built target sensor_msgs_generate_messages_lisp
[35m[1mScanning dependencies of target sensor_msgs_generate_messages_nodejs[0m
[  0%] Built target sensor_msgs_generate_messages_nodejs
[35m[1mScanning dependencies of target roscpp_generate_messages_py[0m
[  0%] Built target roscpp_generate_messages_py
[35m[1mScanning dependencies of target roscpp_generate_messages_cpp[0m
[  0%] Built target roscpp_generate_messages_cpp
[35m[1mScanning dependencies of target sensor_msgs_generate_messages_eus[0m
[  0%] Built target sensor_msgs_generate_messages_eus
[35m[1mScanning dependencies of target rosgraph_msgs_generate_messages_py[0m
[  0%] Built target rosgraph_msgs_generate_messages_py
[35m[1mScanning dependencies of target rosgraph_msgs_generate_messages_lisp[0m
[  0%] Built target rosgraph_msgs_generate_messages_lisp
[35m[1mScanning dependencies of target std_msgs_generate_messages_lisp[0m
[  0%] Built target std_msgs_generate_messages_lisp
[35m[1mScanning dependencies of target roscpp_generate_messages_lisp[0m
[  0%] Built target roscpp_generate_messages_lisp
[35m[1mScanning dependencies of target rosgraph_msgs_generate_messages_nodejs[0m
[  0%] Built target rosgraph_msgs_generate_messages_nodejs
[35m[1mScanning dependencies of target std_msgs_generate_messages_cpp[0m
[  0%] Built target std_msgs_generate_messages_cpp
[35m[1mScanning dependencies of target std_msgs_generate_messages_py[0m
[  0%] Built target std_msgs_generate_messages_py
[35m[1mScanning dependencies of target sensor_msgs_generate_messages_cpp[0m
[  0%] Built target sensor_msgs_generate_messages_cpp
[35m[1mScanning dependencies of target std_msgs_generate_messages_nodejs[0m
[  0%] Built target std_msgs_generate_messages_nodejs
[35m[1mScanning dependencies of target rosgraph_msgs_generate_messages_cpp[0m
[  0%] Built target rosgraph_msgs_generate_messages_cpp
[35m[1mScanning dependencies of target rosgraph_msgs_generate_messages_eus[0m
[  0%] Built target rosgraph_msgs_generate_messages_eus
[35m[1mScanning dependencies of target flat_world_imu_node[0m
[ 50%] [32mBuilding CXX object CMakeFiles/flat_world_imu_node.dir/src/flat_world_imu_node.cpp.o[0m
[100%] [32m[1mLinking CXX executable devel/lib/turtlebot3_slam/flat_world_imu_node[0m
[100%] Built target flat_world_imu_node
[35m[1mScanning dependencies of target tests[0m
Built target tests
-- Install configuration: "Release"
-- Installing: /home/s/scott_spaces/decadarobotics_devspace/install/turtlebot3_slam/lib/pkgconfig/turtlebot3_slam.pc
-- Installing: /home/s/scott_spaces/decadarobotics_devspace/install/turtlebot3_slam/share/turtlebot3_slam/cmake/turtlebot3_slamConfig.cmake
-- Installing: /home/s/scott_spaces/decadarobotics_devspace/install/turtlebot3_slam/share/turtlebot3_slam/cmake/turtlebot3_slamConfig-version.cmake
-- Installing: /home/s/scott_spaces/decadarobotics_devspace/install/turtlebot3_slam/share/turtlebot3_slam/package.xml
-- Installing: /home/s/scott_spaces/decadarobotics_devspace/install/turtlebot3_slam/lib/turtlebot3_slam/flat_world_imu_node
-- Set runtime path of "/home/s/scott_spaces/decadarobotics_devspace/install/turtlebot3_slam/lib/turtlebot3_slam/flat_world_imu_node" to ""
-- Installing: /home/s/scott_spaces/decadarobotics_devspace/install/turtlebot3_slam/include/turtlebot3_slam
-- Installing: /home/s/scott_spaces/decadarobotics_devspace/install/turtlebot3_slam/include/turtlebot3_slam/flat_world_imu_node.h
-- Installing: /home/s/scott_spaces/decadarobotics_devspace/install/turtlebot3_slam/share/turtlebot3_slam/bag
-- Installing: /home/s/scott_spaces/decadarobotics_devspace/install/turtlebot3_slam/share/turtlebot3_slam/bag/bag_files.md
-- Installing: /home/s/scott_spaces/decadarobotics_devspace/install/turtlebot3_slam/share/turtlebot3_slam/config
-- Installing: /home/s/scott_spaces/decadarobotics_devspace/install/turtlebot3_slam/share/turtlebot3_slam/config/turtlebot3_lds_2d.lua
-- Installing: /home/s/scott_spaces/decadarobotics_devspace/install/turtlebot3_slam/share/turtlebot3_slam/config/frontier_exploration.yaml
-- Installing: /home/s/scott_spaces/decadarobotics_devspace/install/turtlebot3_slam/share/turtlebot3_slam/config/turtlebot3_lds_2d_gazebo.lua
-- Installing: /home/s/scott_spaces/decadarobotics_devspace/install/turtlebot3_slam/share/turtlebot3_slam/config/gmapping_params.yaml
-- Installing: /home/s/scott_spaces/decadarobotics_devspace/install/turtlebot3_slam/share/turtlebot3_slam/config/karto_mapper_params.yaml
-- Installing: /home/s/scott_spaces/decadarobotics_devspace/install/turtlebot3_slam/share/turtlebot3_slam/launch
-- Installing: /home/s/scott_spaces/decadarobotics_devspace/install/turtlebot3_slam/share/turtlebot3_slam/launch/turtlebot3_karto.launch
-- Installing: /home/s/scott_spaces/decadarobotics_devspace/install/turtlebot3_slam/share/turtlebot3_slam/launch/turtlebot3_hector.launch
-- Installing: /home/s/scott_spaces/decadarobotics_devspace/install/turtlebot3_slam/share/turtlebot3_slam/launch/turtlebot3_manipulation_slam.launch
-- Installing: /home/s/scott_spaces/decadarobotics_devspace/install/turtlebot3_slam/share/turtlebot3_slam/launch/turtlebot3_gmapping.launch
-- Installing: /home/s/scott_spaces/decadarobotics_devspace/install/turtlebot3_slam/share/turtlebot3_slam/launch/turtlebot3_frontier_exploration.launch
-- Installing: /home/s/scott_spaces/decadarobotics_devspace/install/turtlebot3_slam/share/turtlebot3_slam/launch/turtlebot3_slam.launch
-- Installing: /home/s/scott_spaces/decadarobotics_devspace/install/turtlebot3_slam/share/turtlebot3_slam/launch/turtlebot3_cartographer.launch
-- Installing: /home/s/scott_spaces/decadarobotics_devspace/install/turtlebot3_slam/share/turtlebot3_slam/rviz
-- Installing: /home/s/scott_spaces/decadarobotics_devspace/install/turtlebot3_slam/share/turtlebot3_slam/rviz/turtlebot3_cartographer.rviz
-- Installing: /home/s/scott_spaces/decadarobotics_devspace/install/turtlebot3_slam/share/turtlebot3_slam/rviz/turtlebot3_frontier_exploration.rviz
-- Installing: /home/s/scott_spaces/decadarobotics_devspace/install/turtlebot3_slam/share/turtlebot3_slam/rviz/turtlebot3_karto.rviz
-- Installing: /home/s/scott_spaces/decadarobotics_devspace/install/turtlebot3_slam/share/turtlebot3_slam/rviz/turtlebot3_gmapping.rviz
-- Installing: /home/s/scott_spaces/decadarobotics_devspace/install/turtlebot3_slam/share/turtlebot3_slam/rviz/turtlebot3_hector.rviz
