[0.039s] Invoking command in '/home/s/scott_spaces/decadarobotics_devspace/build/turtlebot3_slam': CMAKE_PREFIX_PATH=/home/s/scott_spaces/decadarobotics_devspace/install/turtlebot3_bringup:/home/s/scott_spaces/decadarobotics_devspace/install/turtlebot3_teleop:/home/s/scott_spaces/decadarobotics_devspace/install/turtlebot3_description:/home/s/scott_spaces/decadarobotics_devspace/install/robot_state_publisher:${CMAKE_PREFIX_PATH} LD_LIBRARY_PATH=/home/s/scott_spaces/decadarobotics_devspace/install/robot_state_publisher/lib:${LD_LIBRARY_PATH} PKG_CONFIG_PATH=/home/s/scott_spaces/decadarobotics_devspace/install/turtlebot3_bringup/lib/x86_64-linux-gnu/pkgconfig:/home/s/scott_spaces/decadarobotics_devspace/install/turtlebot3_bringup/lib/pkgconfig:/home/s/scott_spaces/decadarobotics_devspace/install/turtlebot3_teleop/lib/x86_64-linux-gnu/pkgconfig:/home/s/scott_spaces/decadarobotics_devspace/install/turtlebot3_teleop/lib/pkgconfig:/home/s/scott_spaces/decadarobotics_devspace/install/turtlebot3_description/lib/x86_64-linux-gnu/pkgconfig:/home/s/scott_spaces/decadarobotics_devspace/install/turtlebot3_description/lib/pkgconfig:/home/s/scott_spaces/decadarobotics_devspace/install/robot_state_publisher/lib/x86_64-linux-gnu/pkgconfig:/home/s/scott_spaces/decadarobotics_devspace/install/robot_state_publisher/lib/pkgconfig:${PKG_CONFIG_PATH} PYTHONPATH=/home/s/scott_spaces/decadarobotics_devspace/install/turtlebot3_teleop/lib/python3/dist-packages:${PYTHONPATH} ROS_PACKAGE_PATH=/home/s/scott_spaces/decadarobotics_devspace/install/turtlebot3_bringup/share:/home/s/scott_spaces/decadarobotics_devspace/install/turtlebot3_teleop/share:/home/s/scott_spaces/decadarobotics_devspace/install/turtlebot3_description/share:/home/s/scott_spaces/decadarobotics_devspace/install/robot_state_publisher/share:${ROS_PACKAGE_PATH} /usr/bin/cmake /home/s/scott_spaces/decadarobotics_devspace/src/turtlebot3/turtlebot3_slam -DCMAKE_BUILD_TYPE=Release -DCATKIN_INSTALL_INTO_PREFIX_ROOT=0 -DCMAKE_INSTALL_PREFIX=/home/s/scott_spaces/decadarobotics_devspace/install/turtlebot3_slam
[0.172s] -- The C compiler identification is GNU 9.3.0
[0.248s] -- The CXX compiler identification is GNU 9.3.0
[0.256s] -- Check for working C compiler: /usr/bin/cc
[0.350s] -- Check for working C compiler: /usr/bin/cc -- works
[0.352s] -- Detecting C compiler ABI info
[0.463s] -- Detecting C compiler ABI info - done
[0.481s] -- Detecting C compile features
[0.481s] -- Detecting C compile features - done
[0.486s] -- Check for working CXX compiler: /usr/bin/c++
[0.586s] -- Check for working CXX compiler: /usr/bin/c++ -- works
[0.587s] -- Detecting CXX compiler ABI info
[0.726s] -- Detecting CXX compiler ABI info - done
[0.743s] -- Detecting CXX compile features
[0.744s] -- Detecting CXX compile features - done
[0.747s] -- Using CATKIN_DEVEL_PREFIX: /home/s/scott_spaces/decadarobotics_devspace/build/turtlebot3_slam/devel
[0.747s] -- Using CMAKE_PREFIX_PATH: /home/s/scott_spaces/decadarobotics_devspace/install/turtlebot3_bringup;/home/s/scott_spaces/decadarobotics_devspace/install/turtlebot3_teleop;/home/s/scott_spaces/decadarobotics_devspace/install/turtlebot3_description;/home/s/scott_spaces/decadarobotics_devspace/install/robot_state_publisher;/opt/ros/noetic
[0.748s] -- This workspace overlays: /home/s/scott_spaces/decadarobotics_devspace/install/turtlebot3_bringup;/home/s/scott_spaces/decadarobotics_devspace/install/turtlebot3_teleop;/home/s/scott_spaces/decadarobotics_devspace/install/turtlebot3_description;/home/s/scott_spaces/decadarobotics_devspace/install/robot_state_publisher;/opt/ros/noetic
[0.774s] -- Found PythonInterp: /usr/bin/python3 (found suitable version "3.8.5", minimum required is "3") 
[0.781s] -- Using PYTHON_EXECUTABLE: /usr/bin/python3
[0.781s] -- Using Debian Python package layout
[0.813s] -- Found PY_em: /usr/lib/python3/dist-packages/em.py  
[0.815s] -- Using empy: /usr/lib/python3/dist-packages/em.py
[0.988s] -- Using CATKIN_ENABLE_TESTING: ON
[0.988s] -- Call enable_testing()
[0.990s] -- Using CATKIN_TEST_RESULTS_DIR: /home/s/scott_spaces/decadarobotics_devspace/build/turtlebot3_slam/test_results
[1.543s] -- Forcing gtest/gmock from source, though one was otherwise available.
[1.544s] -- Found gtest sources under '/usr/src/googletest': gtests will be built
[1.545s] -- Found gmock sources under '/usr/src/googletest': gmock will be built
[1.587s] -- Found PythonInterp: /usr/bin/python3 (found version "3.8.5") 
[1.589s] -- Found Threads: TRUE  
[1.599s] -- Using Python nosetests: /usr/bin/nosetests3
[1.682s] -- catkin 0.8.10
[1.682s] -- BUILD_SHARED_LIBS is on
[2.276s] -- Configuring done
[2.301s] -- Generating done
[2.306s] -- Build files have been written to: /home/s/scott_spaces/decadarobotics_devspace/build/turtlebot3_slam
[2.327s] Invoked command in '/home/s/scott_spaces/decadarobotics_devspace/build/turtlebot3_slam' returned '0': CMAKE_PREFIX_PATH=/home/s/scott_spaces/decadarobotics_devspace/install/turtlebot3_bringup:/home/s/scott_spaces/decadarobotics_devspace/install/turtlebot3_teleop:/home/s/scott_spaces/decadarobotics_devspace/install/turtlebot3_description:/home/s/scott_spaces/decadarobotics_devspace/install/robot_state_publisher:${CMAKE_PREFIX_PATH} LD_LIBRARY_PATH=/home/s/scott_spaces/decadarobotics_devspace/install/robot_state_publisher/lib:${LD_LIBRARY_PATH} PKG_CONFIG_PATH=/home/s/scott_spaces/decadarobotics_devspace/install/turtlebot3_bringup/lib/x86_64-linux-gnu/pkgconfig:/home/s/scott_spaces/decadarobotics_devspace/install/turtlebot3_bringup/lib/pkgconfig:/home/s/scott_spaces/decadarobotics_devspace/install/turtlebot3_teleop/lib/x86_64-linux-gnu/pkgconfig:/home/s/scott_spaces/decadarobotics_devspace/install/turtlebot3_teleop/lib/pkgconfig:/home/s/scott_spaces/decadarobotics_devspace/install/turtlebot3_description/lib/x86_64-linux-gnu/pkgconfig:/home/s/scott_spaces/decadarobotics_devspace/install/turtlebot3_description/lib/pkgconfig:/home/s/scott_spaces/decadarobotics_devspace/install/robot_state_publisher/lib/x86_64-linux-gnu/pkgconfig:/home/s/scott_spaces/decadarobotics_devspace/install/robot_state_publisher/lib/pkgconfig:${PKG_CONFIG_PATH} PYTHONPATH=/home/s/scott_spaces/decadarobotics_devspace/install/turtlebot3_teleop/lib/python3/dist-packages:${PYTHONPATH} ROS_PACKAGE_PATH=/home/s/scott_spaces/decadarobotics_devspace/install/turtlebot3_bringup/share:/home/s/scott_spaces/decadarobotics_devspace/install/turtlebot3_teleop/share:/home/s/scott_spaces/decadarobotics_devspace/install/turtlebot3_description/share:/home/s/scott_spaces/decadarobotics_devspace/install/robot_state_publisher/share:${ROS_PACKAGE_PATH} /usr/bin/cmake /home/s/scott_spaces/decadarobotics_devspace/src/turtlebot3/turtlebot3_slam -DCMAKE_BUILD_TYPE=Release -DCATKIN_INSTALL_INTO_PREFIX_ROOT=0 -DCMAKE_INSTALL_PREFIX=/home/s/scott_spaces/decadarobotics_devspace/install/turtlebot3_slam
[2.328s] Invoking command in '/home/s/scott_spaces/decadarobotics_devspace/build/turtlebot3_slam': CMAKE_PREFIX_PATH=/home/s/scott_spaces/decadarobotics_devspace/install/turtlebot3_bringup:/home/s/scott_spaces/decadarobotics_devspace/install/turtlebot3_teleop:/home/s/scott_spaces/decadarobotics_devspace/install/turtlebot3_description:/home/s/scott_spaces/decadarobotics_devspace/install/robot_state_publisher:${CMAKE_PREFIX_PATH} LD_LIBRARY_PATH=/home/s/scott_spaces/decadarobotics_devspace/install/robot_state_publisher/lib:${LD_LIBRARY_PATH} PKG_CONFIG_PATH=/home/s/scott_spaces/decadarobotics_devspace/install/turtlebot3_bringup/lib/x86_64-linux-gnu/pkgconfig:/home/s/scott_spaces/decadarobotics_devspace/install/turtlebot3_bringup/lib/pkgconfig:/home/s/scott_spaces/decadarobotics_devspace/install/turtlebot3_teleop/lib/x86_64-linux-gnu/pkgconfig:/home/s/scott_spaces/decadarobotics_devspace/install/turtlebot3_teleop/lib/pkgconfig:/home/s/scott_spaces/decadarobotics_devspace/install/turtlebot3_description/lib/x86_64-linux-gnu/pkgconfig:/home/s/scott_spaces/decadarobotics_devspace/install/turtlebot3_description/lib/pkgconfig:/home/s/scott_spaces/decadarobotics_devspace/install/robot_state_publisher/lib/x86_64-linux-gnu/pkgconfig:/home/s/scott_spaces/decadarobotics_devspace/install/robot_state_publisher/lib/pkgconfig:${PKG_CONFIG_PATH} PYTHONPATH=/home/s/scott_spaces/decadarobotics_devspace/install/turtlebot3_teleop/lib/python3/dist-packages:${PYTHONPATH} ROS_PACKAGE_PATH=/home/s/scott_spaces/decadarobotics_devspace/install/turtlebot3_bringup/share:/home/s/scott_spaces/decadarobotics_devspace/install/turtlebot3_teleop/share:/home/s/scott_spaces/decadarobotics_devspace/install/turtlebot3_description/share:/home/s/scott_spaces/decadarobotics_devspace/install/robot_state_publisher/share:${ROS_PACKAGE_PATH} /usr/bin/cmake --build /home/s/scott_spaces/decadarobotics_devspace/build/turtlebot3_slam -- -j4 -l4
[2.375s] [35m[1mScanning dependencies of target geometry_msgs_generate_messages_eus[0m
[2.387s] [  0%] Built target geometry_msgs_generate_messages_eus
[2.402s] [35m[1mScanning dependencies of target roscpp_generate_messages_nodejs[0m
[2.414s] [  0%] Built target roscpp_generate_messages_nodejs
[2.424s] [35m[1mScanning dependencies of target std_msgs_generate_messages_eus[0m
[2.436s] [  0%] Built target std_msgs_generate_messages_eus
[2.451s] [35m[1mScanning dependencies of target geometry_msgs_generate_messages_lisp[0m
[2.463s] [  0%] Built target geometry_msgs_generate_messages_lisp
[2.474s] [35m[1mScanning dependencies of target geometry_msgs_generate_messages_py[0m
[2.486s] [  0%] Built target geometry_msgs_generate_messages_py
[2.498s] [35m[1mScanning dependencies of target sensor_msgs_generate_messages_py[0m
[2.509s] [  0%] Built target sensor_msgs_generate_messages_py
[2.520s] [35m[1mScanning dependencies of target geometry_msgs_generate_messages_cpp[0m
[2.532s] [  0%] Built target geometry_msgs_generate_messages_cpp
[2.545s] [35m[1mScanning dependencies of target geometry_msgs_generate_messages_nodejs[0m
[2.559s] [  0%] Built target geometry_msgs_generate_messages_nodejs
[2.569s] [35m[1mScanning dependencies of target roscpp_generate_messages_eus[0m
[2.581s] [  0%] Built target roscpp_generate_messages_eus
[2.595s] [35m[1mScanning dependencies of target sensor_msgs_generate_messages_lisp[0m
[2.607s] [  0%] Built target sensor_msgs_generate_messages_lisp
[2.618s] [35m[1mScanning dependencies of target sensor_msgs_generate_messages_nodejs[0m
[2.631s] [  0%] Built target sensor_msgs_generate_messages_nodejs
[2.649s] [35m[1mScanning dependencies of target roscpp_generate_messages_py[0m
[2.660s] [  0%] Built target roscpp_generate_messages_py
[2.671s] [35m[1mScanning dependencies of target roscpp_generate_messages_cpp[0m
[2.683s] [  0%] Built target roscpp_generate_messages_cpp
[2.694s] [35m[1mScanning dependencies of target sensor_msgs_generate_messages_eus[0m
[2.706s] [  0%] Built target sensor_msgs_generate_messages_eus
[2.717s] [35m[1mScanning dependencies of target rosgraph_msgs_generate_messages_py[0m
[2.730s] [  0%] Built target rosgraph_msgs_generate_messages_py
[2.744s] [35m[1mScanning dependencies of target rosgraph_msgs_generate_messages_lisp[0m
[2.757s] [  0%] Built target rosgraph_msgs_generate_messages_lisp
[2.768s] [35m[1mScanning dependencies of target std_msgs_generate_messages_lisp[0m
[2.778s] [  0%] Built target std_msgs_generate_messages_lisp
[2.789s] [35m[1mScanning dependencies of target roscpp_generate_messages_lisp[0m
[2.800s] [  0%] Built target roscpp_generate_messages_lisp
[2.813s] [35m[1mScanning dependencies of target rosgraph_msgs_generate_messages_nodejs[0m
[2.825s] [  0%] Built target rosgraph_msgs_generate_messages_nodejs
[2.837s] [35m[1mScanning dependencies of target std_msgs_generate_messages_cpp[0m
[2.848s] [  0%] Built target std_msgs_generate_messages_cpp
[2.863s] [35m[1mScanning dependencies of target std_msgs_generate_messages_py[0m
[2.870s] [  0%] Built target std_msgs_generate_messages_py
[2.892s] [35m[1mScanning dependencies of target sensor_msgs_generate_messages_cpp[0m
[2.907s] [  0%] Built target sensor_msgs_generate_messages_cpp
[2.922s] [35m[1mScanning dependencies of target std_msgs_generate_messages_nodejs[0m
[2.937s] [  0%] Built target std_msgs_generate_messages_nodejs
[2.947s] [35m[1mScanning dependencies of target rosgraph_msgs_generate_messages_cpp[0m
[2.959s] [  0%] Built target rosgraph_msgs_generate_messages_cpp
[2.970s] [35m[1mScanning dependencies of target rosgraph_msgs_generate_messages_eus[0m
[2.981s] [  0%] Built target rosgraph_msgs_generate_messages_eus
[2.993s] [35m[1mScanning dependencies of target flat_world_imu_node[0m
[3.013s] [ 50%] [32mBuilding CXX object CMakeFiles/flat_world_imu_node.dir/src/flat_world_imu_node.cpp.o[0m
[6.456s] [100%] [32m[1mLinking CXX executable devel/lib/turtlebot3_slam/flat_world_imu_node[0m
[6.768s] [100%] Built target flat_world_imu_node
[6.834s] Invoked command in '/home/s/scott_spaces/decadarobotics_devspace/build/turtlebot3_slam' returned '0': CMAKE_PREFIX_PATH=/home/s/scott_spaces/decadarobotics_devspace/install/turtlebot3_bringup:/home/s/scott_spaces/decadarobotics_devspace/install/turtlebot3_teleop:/home/s/scott_spaces/decadarobotics_devspace/install/turtlebot3_description:/home/s/scott_spaces/decadarobotics_devspace/install/robot_state_publisher:${CMAKE_PREFIX_PATH} LD_LIBRARY_PATH=/home/s/scott_spaces/decadarobotics_devspace/install/robot_state_publisher/lib:${LD_LIBRARY_PATH} PKG_CONFIG_PATH=/home/s/scott_spaces/decadarobotics_devspace/install/turtlebot3_bringup/lib/x86_64-linux-gnu/pkgconfig:/home/s/scott_spaces/decadarobotics_devspace/install/turtlebot3_bringup/lib/pkgconfig:/home/s/scott_spaces/decadarobotics_devspace/install/turtlebot3_teleop/lib/x86_64-linux-gnu/pkgconfig:/home/s/scott_spaces/decadarobotics_devspace/install/turtlebot3_teleop/lib/pkgconfig:/home/s/scott_spaces/decadarobotics_devspace/install/turtlebot3_description/lib/x86_64-linux-gnu/pkgconfig:/home/s/scott_spaces/decadarobotics_devspace/install/turtlebot3_description/lib/pkgconfig:/home/s/scott_spaces/decadarobotics_devspace/install/robot_state_publisher/lib/x86_64-linux-gnu/pkgconfig:/home/s/scott_spaces/decadarobotics_devspace/install/robot_state_publisher/lib/pkgconfig:${PKG_CONFIG_PATH} PYTHONPATH=/home/s/scott_spaces/decadarobotics_devspace/install/turtlebot3_teleop/lib/python3/dist-packages:${PYTHONPATH} ROS_PACKAGE_PATH=/home/s/scott_spaces/decadarobotics_devspace/install/turtlebot3_bringup/share:/home/s/scott_spaces/decadarobotics_devspace/install/turtlebot3_teleop/share:/home/s/scott_spaces/decadarobotics_devspace/install/turtlebot3_description/share:/home/s/scott_spaces/decadarobotics_devspace/install/robot_state_publisher/share:${ROS_PACKAGE_PATH} /usr/bin/cmake --build /home/s/scott_spaces/decadarobotics_devspace/build/turtlebot3_slam -- -j4 -l4
[6.916s] Invoking command in '/home/s/scott_spaces/decadarobotics_devspace/build/turtlebot3_slam': CMAKE_PREFIX_PATH=/home/s/scott_spaces/decadarobotics_devspace/install/turtlebot3_bringup:/home/s/scott_spaces/decadarobotics_devspace/install/turtlebot3_teleop:/home/s/scott_spaces/decadarobotics_devspace/install/turtlebot3_description:/home/s/scott_spaces/decadarobotics_devspace/install/robot_state_publisher:${CMAKE_PREFIX_PATH} LD_LIBRARY_PATH=/home/s/scott_spaces/decadarobotics_devspace/install/robot_state_publisher/lib:${LD_LIBRARY_PATH} PKG_CONFIG_PATH=/home/s/scott_spaces/decadarobotics_devspace/install/turtlebot3_bringup/lib/x86_64-linux-gnu/pkgconfig:/home/s/scott_spaces/decadarobotics_devspace/install/turtlebot3_bringup/lib/pkgconfig:/home/s/scott_spaces/decadarobotics_devspace/install/turtlebot3_teleop/lib/x86_64-linux-gnu/pkgconfig:/home/s/scott_spaces/decadarobotics_devspace/install/turtlebot3_teleop/lib/pkgconfig:/home/s/scott_spaces/decadarobotics_devspace/install/turtlebot3_description/lib/x86_64-linux-gnu/pkgconfig:/home/s/scott_spaces/decadarobotics_devspace/install/turtlebot3_description/lib/pkgconfig:/home/s/scott_spaces/decadarobotics_devspace/install/robot_state_publisher/lib/x86_64-linux-gnu/pkgconfig:/home/s/scott_spaces/decadarobotics_devspace/install/robot_state_publisher/lib/pkgconfig:${PKG_CONFIG_PATH} PYTHONPATH=/home/s/scott_spaces/decadarobotics_devspace/install/turtlebot3_teleop/lib/python3/dist-packages:${PYTHONPATH} ROS_PACKAGE_PATH=/home/s/scott_spaces/decadarobotics_devspace/install/turtlebot3_bringup/share:/home/s/scott_spaces/decadarobotics_devspace/install/turtlebot3_teleop/share:/home/s/scott_spaces/decadarobotics_devspace/install/turtlebot3_description/share:/home/s/scott_spaces/decadarobotics_devspace/install/robot_state_publisher/share:${ROS_PACKAGE_PATH} /usr/bin/cmake --build /home/s/scott_spaces/decadarobotics_devspace/build/turtlebot3_slam --target tests -- -j4 -l4
[7.029s] [35m[1mScanning dependencies of target tests[0m
[7.049s] Built target tests
[7.070s] Invoked command in '/home/s/scott_spaces/decadarobotics_devspace/build/turtlebot3_slam' returned '0': CMAKE_PREFIX_PATH=/home/s/scott_spaces/decadarobotics_devspace/install/turtlebot3_bringup:/home/s/scott_spaces/decadarobotics_devspace/install/turtlebot3_teleop:/home/s/scott_spaces/decadarobotics_devspace/install/turtlebot3_description:/home/s/scott_spaces/decadarobotics_devspace/install/robot_state_publisher:${CMAKE_PREFIX_PATH} LD_LIBRARY_PATH=/home/s/scott_spaces/decadarobotics_devspace/install/robot_state_publisher/lib:${LD_LIBRARY_PATH} PKG_CONFIG_PATH=/home/s/scott_spaces/decadarobotics_devspace/install/turtlebot3_bringup/lib/x86_64-linux-gnu/pkgconfig:/home/s/scott_spaces/decadarobotics_devspace/install/turtlebot3_bringup/lib/pkgconfig:/home/s/scott_spaces/decadarobotics_devspace/install/turtlebot3_teleop/lib/x86_64-linux-gnu/pkgconfig:/home/s/scott_spaces/decadarobotics_devspace/install/turtlebot3_teleop/lib/pkgconfig:/home/s/scott_spaces/decadarobotics_devspace/install/turtlebot3_description/lib/x86_64-linux-gnu/pkgconfig:/home/s/scott_spaces/decadarobotics_devspace/install/turtlebot3_description/lib/pkgconfig:/home/s/scott_spaces/decadarobotics_devspace/install/robot_state_publisher/lib/x86_64-linux-gnu/pkgconfig:/home/s/scott_spaces/decadarobotics_devspace/install/robot_state_publisher/lib/pkgconfig:${PKG_CONFIG_PATH} PYTHONPATH=/home/s/scott_spaces/decadarobotics_devspace/install/turtlebot3_teleop/lib/python3/dist-packages:${PYTHONPATH} ROS_PACKAGE_PATH=/home/s/scott_spaces/decadarobotics_devspace/install/turtlebot3_bringup/share:/home/s/scott_spaces/decadarobotics_devspace/install/turtlebot3_teleop/share:/home/s/scott_spaces/decadarobotics_devspace/install/turtlebot3_description/share:/home/s/scott_spaces/decadarobotics_devspace/install/robot_state_publisher/share:${ROS_PACKAGE_PATH} /usr/bin/cmake --build /home/s/scott_spaces/decadarobotics_devspace/build/turtlebot3_slam --target tests -- -j4 -l4
[7.134s] Invoking command in '/home/s/scott_spaces/decadarobotics_devspace/build/turtlebot3_slam': CMAKE_PREFIX_PATH=/home/s/scott_spaces/decadarobotics_devspace/install/turtlebot3_bringup:/home/s/scott_spaces/decadarobotics_devspace/install/turtlebot3_teleop:/home/s/scott_spaces/decadarobotics_devspace/install/turtlebot3_description:/home/s/scott_spaces/decadarobotics_devspace/install/robot_state_publisher:${CMAKE_PREFIX_PATH} LD_LIBRARY_PATH=/home/s/scott_spaces/decadarobotics_devspace/install/robot_state_publisher/lib:${LD_LIBRARY_PATH} PKG_CONFIG_PATH=/home/s/scott_spaces/decadarobotics_devspace/install/turtlebot3_bringup/lib/x86_64-linux-gnu/pkgconfig:/home/s/scott_spaces/decadarobotics_devspace/install/turtlebot3_bringup/lib/pkgconfig:/home/s/scott_spaces/decadarobotics_devspace/install/turtlebot3_teleop/lib/x86_64-linux-gnu/pkgconfig:/home/s/scott_spaces/decadarobotics_devspace/install/turtlebot3_teleop/lib/pkgconfig:/home/s/scott_spaces/decadarobotics_devspace/install/turtlebot3_description/lib/x86_64-linux-gnu/pkgconfig:/home/s/scott_spaces/decadarobotics_devspace/install/turtlebot3_description/lib/pkgconfig:/home/s/scott_spaces/decadarobotics_devspace/install/robot_state_publisher/lib/x86_64-linux-gnu/pkgconfig:/home/s/scott_spaces/decadarobotics_devspace/install/robot_state_publisher/lib/pkgconfig:${PKG_CONFIG_PATH} PYTHONPATH=/home/s/scott_spaces/decadarobotics_devspace/install/turtlebot3_teleop/lib/python3/dist-packages:${PYTHONPATH} ROS_PACKAGE_PATH=/home/s/scott_spaces/decadarobotics_devspace/install/turtlebot3_bringup/share:/home/s/scott_spaces/decadarobotics_devspace/install/turtlebot3_teleop/share:/home/s/scott_spaces/decadarobotics_devspace/install/turtlebot3_description/share:/home/s/scott_spaces/decadarobotics_devspace/install/robot_state_publisher/share:${ROS_PACKAGE_PATH} /usr/bin/cmake --install /home/s/scott_spaces/decadarobotics_devspace/build/turtlebot3_slam
[7.151s] -- Install configuration: "Release"
[7.152s] -- Installing: /home/s/scott_spaces/decadarobotics_devspace/install/turtlebot3_slam/lib/pkgconfig/turtlebot3_slam.pc
[7.152s] -- Installing: /home/s/scott_spaces/decadarobotics_devspace/install/turtlebot3_slam/share/turtlebot3_slam/cmake/turtlebot3_slamConfig.cmake
[7.152s] -- Installing: /home/s/scott_spaces/decadarobotics_devspace/install/turtlebot3_slam/share/turtlebot3_slam/cmake/turtlebot3_slamConfig-version.cmake
[7.153s] -- Installing: /home/s/scott_spaces/decadarobotics_devspace/install/turtlebot3_slam/share/turtlebot3_slam/package.xml
[7.153s] -- Installing: /home/s/scott_spaces/decadarobotics_devspace/install/turtlebot3_slam/lib/turtlebot3_slam/flat_world_imu_node
[7.154s] -- Set runtime path of "/home/s/scott_spaces/decadarobotics_devspace/install/turtlebot3_slam/lib/turtlebot3_slam/flat_world_imu_node" to ""
[7.154s] -- Installing: /home/s/scott_spaces/decadarobotics_devspace/install/turtlebot3_slam/include/turtlebot3_slam
[7.155s] -- Installing: /home/s/scott_spaces/decadarobotics_devspace/install/turtlebot3_slam/include/turtlebot3_slam/flat_world_imu_node.h
[7.155s] -- Installing: /home/s/scott_spaces/decadarobotics_devspace/install/turtlebot3_slam/share/turtlebot3_slam/bag
[7.155s] -- Installing: /home/s/scott_spaces/decadarobotics_devspace/install/turtlebot3_slam/share/turtlebot3_slam/bag/bag_files.md
[7.156s] -- Installing: /home/s/scott_spaces/decadarobotics_devspace/install/turtlebot3_slam/share/turtlebot3_slam/config
[7.156s] -- Installing: /home/s/scott_spaces/decadarobotics_devspace/install/turtlebot3_slam/share/turtlebot3_slam/config/turtlebot3_lds_2d.lua
[7.156s] -- Installing: /home/s/scott_spaces/decadarobotics_devspace/install/turtlebot3_slam/share/turtlebot3_slam/config/frontier_exploration.yaml
[7.157s] -- Installing: /home/s/scott_spaces/decadarobotics_devspace/install/turtlebot3_slam/share/turtlebot3_slam/config/turtlebot3_lds_2d_gazebo.lua
[7.157s] -- Installing: /home/s/scott_spaces/decadarobotics_devspace/install/turtlebot3_slam/share/turtlebot3_slam/config/gmapping_params.yaml
[7.157s] -- Installing: /home/s/scott_spaces/decadarobotics_devspace/install/turtlebot3_slam/share/turtlebot3_slam/config/karto_mapper_params.yaml
[7.157s] -- Installing: /home/s/scott_spaces/decadarobotics_devspace/install/turtlebot3_slam/share/turtlebot3_slam/launch
[7.158s] -- Installing: /home/s/scott_spaces/decadarobotics_devspace/install/turtlebot3_slam/share/turtlebot3_slam/launch/turtlebot3_karto.launch
[7.158s] -- Installing: /home/s/scott_spaces/decadarobotics_devspace/install/turtlebot3_slam/share/turtlebot3_slam/launch/turtlebot3_hector.launch
[7.158s] -- Installing: /home/s/scott_spaces/decadarobotics_devspace/install/turtlebot3_slam/share/turtlebot3_slam/launch/turtlebot3_manipulation_slam.launch
[7.159s] -- Installing: /home/s/scott_spaces/decadarobotics_devspace/install/turtlebot3_slam/share/turtlebot3_slam/launch/turtlebot3_gmapping.launch
[7.159s] -- Installing: /home/s/scott_spaces/decadarobotics_devspace/install/turtlebot3_slam/share/turtlebot3_slam/launch/turtlebot3_frontier_exploration.launch
[7.159s] -- Installing: /home/s/scott_spaces/decadarobotics_devspace/install/turtlebot3_slam/share/turtlebot3_slam/launch/turtlebot3_slam.launch
[7.160s] -- Installing: /home/s/scott_spaces/decadarobotics_devspace/install/turtlebot3_slam/share/turtlebot3_slam/launch/turtlebot3_cartographer.launch
[7.160s] -- Installing: /home/s/scott_spaces/decadarobotics_devspace/install/turtlebot3_slam/share/turtlebot3_slam/rviz
[7.160s] -- Installing: /home/s/scott_spaces/decadarobotics_devspace/install/turtlebot3_slam/share/turtlebot3_slam/rviz/turtlebot3_cartographer.rviz
[7.160s] -- Installing: /home/s/scott_spaces/decadarobotics_devspace/install/turtlebot3_slam/share/turtlebot3_slam/rviz/turtlebot3_frontier_exploration.rviz
[7.161s] -- Installing: /home/s/scott_spaces/decadarobotics_devspace/install/turtlebot3_slam/share/turtlebot3_slam/rviz/turtlebot3_karto.rviz
[7.161s] -- Installing: /home/s/scott_spaces/decadarobotics_devspace/install/turtlebot3_slam/share/turtlebot3_slam/rviz/turtlebot3_gmapping.rviz
[7.161s] -- Installing: /home/s/scott_spaces/decadarobotics_devspace/install/turtlebot3_slam/share/turtlebot3_slam/rviz/turtlebot3_hector.rviz
[7.166s] Invoked command in '/home/s/scott_spaces/decadarobotics_devspace/build/turtlebot3_slam' returned '0': CMAKE_PREFIX_PATH=/home/s/scott_spaces/decadarobotics_devspace/install/turtlebot3_bringup:/home/s/scott_spaces/decadarobotics_devspace/install/turtlebot3_teleop:/home/s/scott_spaces/decadarobotics_devspace/install/turtlebot3_description:/home/s/scott_spaces/decadarobotics_devspace/install/robot_state_publisher:${CMAKE_PREFIX_PATH} LD_LIBRARY_PATH=/home/s/scott_spaces/decadarobotics_devspace/install/robot_state_publisher/lib:${LD_LIBRARY_PATH} PKG_CONFIG_PATH=/home/s/scott_spaces/decadarobotics_devspace/install/turtlebot3_bringup/lib/x86_64-linux-gnu/pkgconfig:/home/s/scott_spaces/decadarobotics_devspace/install/turtlebot3_bringup/lib/pkgconfig:/home/s/scott_spaces/decadarobotics_devspace/install/turtlebot3_teleop/lib/x86_64-linux-gnu/pkgconfig:/home/s/scott_spaces/decadarobotics_devspace/install/turtlebot3_teleop/lib/pkgconfig:/home/s/scott_spaces/decadarobotics_devspace/install/turtlebot3_description/lib/x86_64-linux-gnu/pkgconfig:/home/s/scott_spaces/decadarobotics_devspace/install/turtlebot3_description/lib/pkgconfig:/home/s/scott_spaces/decadarobotics_devspace/install/robot_state_publisher/lib/x86_64-linux-gnu/pkgconfig:/home/s/scott_spaces/decadarobotics_devspace/install/robot_state_publisher/lib/pkgconfig:${PKG_CONFIG_PATH} PYTHONPATH=/home/s/scott_spaces/decadarobotics_devspace/install/turtlebot3_teleop/lib/python3/dist-packages:${PYTHONPATH} ROS_PACKAGE_PATH=/home/s/scott_spaces/decadarobotics_devspace/install/turtlebot3_bringup/share:/home/s/scott_spaces/decadarobotics_devspace/install/turtlebot3_teleop/share:/home/s/scott_spaces/decadarobotics_devspace/install/turtlebot3_description/share:/home/s/scott_spaces/decadarobotics_devspace/install/robot_state_publisher/share:${ROS_PACKAGE_PATH} /usr/bin/cmake --install /home/s/scott_spaces/decadarobotics_devspace/build/turtlebot3_slam
