-- The C compiler identification is GNU 9.3.0
-- The CXX compiler identification is GNU 9.3.0
-- Check for working C compiler: /usr/bin/cc
-- Check for working C compiler: /usr/bin/cc -- works
-- Detecting C compiler ABI info
-- Detecting C compiler ABI info - done
-- Detecting C compile features
-- Detecting C compile features - done
-- Check for working CXX compiler: /usr/bin/c++
-- Check for working CXX compiler: /usr/bin/c++ -- works
-- Detecting CXX compiler ABI info
-- Detecting CXX compiler ABI info - done
-- Detecting CXX compile features
-- Detecting CXX compile features - done
-- Using CATKIN_DEVEL_PREFIX: /home/s/scott_spaces/decadarobotics_devspace/build/turtlebot3_gazebo/devel
-- Using CMAKE_PREFIX_PATH: /home/s/scott_spaces/decadarobotics_devspace/install/turtlebot3_description;/opt/ros/noetic
-- This workspace overlays: /home/s/scott_spaces/decadarobotics_devspace/install/turtlebot3_description;/opt/ros/noetic
-- Found PythonInterp: /usr/bin/python3 (found suitable version "3.8.5", minimum required is "3") 
-- Using PYTHON_EXECUTABLE: /usr/bin/python3
-- Using Debian Python package layout
-- Found PY_em: /usr/lib/python3/dist-packages/em.py  
-- Using empy: /usr/lib/python3/dist-packages/em.py
-- Using CATKIN_ENABLE_TESTING: ON
-- Call enable_testing()
-- Using CATKIN_TEST_RESULTS_DIR: /home/s/scott_spaces/decadarobotics_devspace/build/turtlebot3_gazebo/test_results
-- Forcing gtest/gmock from source, though one was otherwise available.
-- Found gtest sources under '/usr/src/googletest': gtests will be built
-- Found gmock sources under '/usr/src/googletest': gmock will be built
-- Found PythonInterp: /usr/bin/python3 (found version "3.8.5") 
-- Found Threads: TRUE  
-- Using Python nosetests: /usr/bin/nosetests3
-- catkin 0.8.10
-- BUILD_SHARED_LIBS is on
-- Using these message generators: gencpp;geneus;genlisp;gennodejs;genpy
-- Found PkgConfig: /usr/bin/pkg-config (found version "0.29.1") 
-- Checking for module 'bullet>=2.82'
--   Found bullet, version 2.88
-- Found ccd: /usr/include (found suitable version "2.0", minimum required is "2.0") 
-- Found fcl: /opt/ros/noetic/include (found suitable version "0.6.1", minimum required is "0.3.2") 
-- Found assimp: /usr/include (found version "5.0.0") 
-- Found DART: /usr/include (Required is at least version "6.6") found components: dart 
-- Found Boost: /usr/lib/x86_64-linux-gnu/cmake/Boost-1.71.0/BoostConfig.cmake (found suitable version "1.71.0", minimum required is "1.40.0") found components: thread system filesystem program_options regex iostreams date_time 
-- Found Protobuf: /usr/lib/x86_64-linux-gnu/libprotobuf.so;-lpthread (found version "3.6.1") 
-- Looking for ignition-math6 -- found version 6.8.0
-- Searching for dependencies of ignition-math6
-- Looking for OGRE...
-- OGRE_PREFIX_WATCH changed.
-- Checking for module 'OGRE'
--   Found OGRE, version 1.9.0
-- Found Ogre Ghadamon (1.9.0)
-- Found OGRE: optimized;/usr/lib/x86_64-linux-gnu/libOgreMain.so;debug;/usr/lib/x86_64-linux-gnu/libOgreMain.so
-- Looking for OGRE_Paging...
-- Found OGRE_Paging: optimized;/usr/lib/x86_64-linux-gnu/libOgrePaging.so;debug;/usr/lib/x86_64-linux-gnu/libOgrePaging.so
-- Looking for OGRE_Terrain...
-- Found OGRE_Terrain: optimized;/usr/lib/x86_64-linux-gnu/libOgreTerrain.so;debug;/usr/lib/x86_64-linux-gnu/libOgreTerrain.so
-- Looking for OGRE_Property...
-- Found OGRE_Property: optimized;/usr/lib/x86_64-linux-gnu/libOgreProperty.so;debug;/usr/lib/x86_64-linux-gnu/libOgreProperty.so
-- Looking for OGRE_RTShaderSystem...
-- Found OGRE_RTShaderSystem: optimized;/usr/lib/x86_64-linux-gnu/libOgreRTShaderSystem.so;debug;/usr/lib/x86_64-linux-gnu/libOgreRTShaderSystem.so
-- Looking for OGRE_Volume...
-- Found OGRE_Volume: optimized;/usr/lib/x86_64-linux-gnu/libOgreVolume.so;debug;/usr/lib/x86_64-linux-gnu/libOgreVolume.so
-- Looking for OGRE_Overlay...
-- Found OGRE_Overlay: optimized;/usr/lib/x86_64-linux-gnu/libOgreOverlay.so;debug;/usr/lib/x86_64-linux-gnu/libOgreOverlay.so
-- Looking for ignition-math6 -- found version 6.8.0
-- Looking for ignition-transport8 -- found version 8.2.0
-- Searching for dependencies of ignition-transport8
-- Found Protobuf: /usr/lib/x86_64-linux-gnu/libprotobuf.so;-lpthread (found suitable version "3.6.1", minimum required is "3") 
-- Config-file not installed for ZeroMQ -- checking for pkg-config
-- Checking for module 'libzmq >= 4'
--   Found libzmq , version 4.3.2
-- Found ZeroMQ: TRUE (Required is at least version "4") 
-- Checking for module 'uuid'
--   Found uuid, version 2.34.0
-- Found UUID: TRUE  
-- Looking for ignition-msgs5 -- found version 5.7.0
-- Searching for dependencies of ignition-msgs5
-- Looking for ignition-math6 -- found version 6.8.0
-- Checking for module 'tinyxml2'
--   Found tinyxml2, version 6.2.0
-- Looking for ignition-msgs5 -- found version 5.7.0
-- Looking for ignition-common3 -- found version 3.13.2
-- Searching for dependencies of ignition-common3
-- Looking for dlfcn.h - found
-- Looking for libdl - found
-- Found DL: TRUE  
-- Searching for <ignition-common3> component [graphics]
-- Looking for ignition-common3-graphics -- found version 3.13.2
-- Searching for dependencies of ignition-common3-graphics
-- Looking for ignition-math6 -- found version 6.8.0
-- Looking for ignition-fuel_tools4 -- found version 4.3.0
-- Searching for dependencies of ignition-fuel_tools4
-- Found CURL: /usr/lib/x86_64-linux-gnu/libcurl.so (found version "7.68.0")  
-- Checking for module 'jsoncpp'
--   Found jsoncpp, version 1.7.4
-- Found JSONCPP: TRUE  
-- Checking for module 'yaml-0.1'
--   Found yaml-0.1, version 0.2.2
-- Found YAML: TRUE  
-- Checking for module 'libzip'
--   Found libzip, version 1.5.1
-- Found ZIP: TRUE  
-- Looking for ignition-common3 -- found version 3.13.2
-- Looking for ignition-msgs5 -- found version 5.7.0
-- Configuring done
-- Generating done
-- Build files have been written to: /home/s/scott_spaces/decadarobotics_devspace/build/turtlebot3_gazebo
[35m[1mScanning dependencies of target std_srvs_generate_messages_lisp[0m
[  0%] Built target std_srvs_generate_messages_lisp
[35m[1mScanning dependencies of target trajectory_msgs_generate_messages_nodejs[0m
[35m[1mScanning dependencies of target trajectory_msgs_generate_messages_cpp[0m
[35m[1mScanning dependencies of target trajectory_msgs_generate_messages_lisp[0m
[35m[1mScanning dependencies of target gazebo_msgs_generate_messages_py[0m
[  0%] Built target trajectory_msgs_generate_messages_cpp
[  0%] Built target gazebo_msgs_generate_messages_py
[  0%] Built target trajectory_msgs_generate_messages_lisp
[  0%] Built target trajectory_msgs_generate_messages_nodejs
[35m[1mScanning dependencies of target gazebo_msgs_generate_messages_nodejs[0m
[35m[1mScanning dependencies of target gazebo_msgs_generate_messages_cpp[0m
[35m[1mScanning dependencies of target dynamic_reconfigure_gencfg[0m
[35m[1mScanning dependencies of target dynamic_reconfigure_generate_messages_cpp[0m
[  0%] Built target gazebo_msgs_generate_messages_nodejs
[  0%] Built target gazebo_msgs_generate_messages_cpp
[  0%] Built target dynamic_reconfigure_gencfg
[  0%] Built target dynamic_reconfigure_generate_messages_cpp
[35m[1mScanning dependencies of target std_srvs_generate_messages_nodejs[0m
[35m[1mScanning dependencies of target std_msgs_generate_messages_py[0m
[35m[1mScanning dependencies of target geometry_msgs_generate_messages_eus[0m
[35m[1mScanning dependencies of target std_msgs_generate_messages_nodejs[0m
[  0%] Built target std_msgs_generate_messages_py
[  0%] Built target std_srvs_generate_messages_nodejs
[35m[1mScanning dependencies of target std_msgs_generate_messages_cpp[0m
[  0%] Built target std_msgs_generate_messages_nodejs
[  0%] Built target geometry_msgs_generate_messages_eus
[35m[1mScanning dependencies of target dynamic_reconfigure_generate_messages_lisp[0m
[35m[1mScanning dependencies of target rosgraph_msgs_generate_messages_nodejs[0m
[  0%] Built target std_msgs_generate_messages_cpp
[  0%] Built target rosgraph_msgs_generate_messages_nodejs
[35m[1mScanning dependencies of target tf2_msgs_generate_messages_cpp[0m
[  0%] Built target dynamic_reconfigure_generate_messages_lisp
[35m[1mScanning dependencies of target actionlib_msgs_generate_messages_py[0m
[35m[1mScanning dependencies of target roscpp_generate_messages_lisp[0m
[  0%] Built target actionlib_msgs_generate_messages_py
[35m[1mScanning dependencies of target actionlib_generate_messages_cpp[0m
[  0%] Built target tf2_msgs_generate_messages_cpp
[  0%] Built target roscpp_generate_messages_lisp
[35m[1mScanning dependencies of target std_msgs_generate_messages_lisp[0m
[35m[1mScanning dependencies of target actionlib_generate_messages_lisp[0m
[  0%] Built target actionlib_generate_messages_cpp
[  0%] Built target std_msgs_generate_messages_lisp
[35m[1mScanning dependencies of target std_srvs_generate_messages_cpp[0m
[  0%] Built target actionlib_generate_messages_lisp
[  0%] Built target std_srvs_generate_messages_cpp
[35m[1mScanning dependencies of target rosgraph_msgs_generate_messages_lisp[0m
[35m[1mScanning dependencies of target tf_generate_messages_eus[0m
[35m[1mScanning dependencies of target sensor_msgs_generate_messages_cpp[0m
[35m[1mScanning dependencies of target nav_msgs_generate_messages_nodejs[0m
[  0%] Built target rosgraph_msgs_generate_messages_lisp
[  0%] Built target sensor_msgs_generate_messages_cpp
[  0%] Built target tf_generate_messages_eus
[  0%] Built target nav_msgs_generate_messages_nodejs
[35m[1mScanning dependencies of target actionlib_msgs_generate_messages_eus[0m
[  0%] Built target actionlib_msgs_generate_messages_eus
[35m[1mScanning dependencies of target rosgraph_msgs_generate_messages_py[0m
[35m[1mScanning dependencies of target roscpp_generate_messages_cpp[0m
[35m[1mScanning dependencies of target trajectory_msgs_generate_messages_eus[0m
[35m[1mScanning dependencies of target dynamic_reconfigure_generate_messages_py[0m
[  0%] Built target rosgraph_msgs_generate_messages_py
[  0%] Built target roscpp_generate_messages_cpp
[  0%] Built target trajectory_msgs_generate_messages_eus
[35m[1mScanning dependencies of target roscpp_generate_messages_py[0m
[  0%] Built target dynamic_reconfigure_generate_messages_py
[35m[1mScanning dependencies of target sensor_msgs_generate_messages_nodejs[0m
[35m[1mScanning dependencies of target sensor_msgs_generate_messages_eus[0m
[  0%] Built target roscpp_generate_messages_py
[  0%] Built target sensor_msgs_generate_messages_nodejs
[  0%] Built target sensor_msgs_generate_messages_eus
[35m[1mScanning dependencies of target sensor_msgs_generate_messages_lisp[0m
[35m[1mScanning dependencies of target gazebo_msgs_generate_messages_eus[0m
[35m[1mScanning dependencies of target roscpp_generate_messages_eus[0m
[  0%] Built target sensor_msgs_generate_messages_lisp
[  0%] Built target gazebo_msgs_generate_messages_eus
[35m[1mScanning dependencies of target dynamic_reconfigure_generate_messages_eus[0m
[  0%] Built target roscpp_generate_messages_eus
[35m[1mScanning dependencies of target geometry_msgs_generate_messages_cpp[0m
[35m[1mScanning dependencies of target gazebo_msgs_generate_messages_lisp[0m
[  0%] Built target dynamic_reconfigure_generate_messages_eus
[35m[1mScanning dependencies of target geometry_msgs_generate_messages_nodejs[0m
[  0%] Built target geometry_msgs_generate_messages_cpp
[35m[1mScanning dependencies of target tf2_msgs_generate_messages_py[0m
[  0%] Built target gazebo_msgs_generate_messages_lisp
[  0%] Built target geometry_msgs_generate_messages_nodejs
[35m[1mScanning dependencies of target dynamic_reconfigure_generate_messages_nodejs[0m
[  0%] Built target tf2_msgs_generate_messages_py
[35m[1mScanning dependencies of target tf2_msgs_generate_messages_eus[0m
[35m[1mScanning dependencies of target sensor_msgs_generate_messages_py[0m
[  0%] Built target dynamic_reconfigure_generate_messages_nodejs
[35m[1mScanning dependencies of target geometry_msgs_generate_messages_lisp[0m
[  0%] Built target tf2_msgs_generate_messages_eus
[35m[1mScanning dependencies of target tf_generate_messages_cpp[0m
[  0%] Built target geometry_msgs_generate_messages_lisp
[  0%] Built target sensor_msgs_generate_messages_py
[35m[1mScanning dependencies of target roscpp_generate_messages_nodejs[0m
[  0%] Built target tf_generate_messages_cpp
[35m[1mScanning dependencies of target std_srvs_generate_messages_py[0m
[35m[1mScanning dependencies of target rosgraph_msgs_generate_messages_eus[0m
[35m[1mScanning dependencies of target nav_msgs_generate_messages_cpp[0m
[  0%] Built target roscpp_generate_messages_nodejs
[  0%] Built target std_srvs_generate_messages_py
[  0%] Built target rosgraph_msgs_generate_messages_eus
[  0%] Built target nav_msgs_generate_messages_cpp
[35m[1mScanning dependencies of target nav_msgs_generate_messages_eus[0m
[35m[1mScanning dependencies of target nav_msgs_generate_messages_lisp[0m
[35m[1mScanning dependencies of target actionlib_msgs_generate_messages_cpp[0m
[35m[1mScanning dependencies of target trajectory_msgs_generate_messages_py[0m
[  0%] Built target nav_msgs_generate_messages_eus
[  0%] Built target trajectory_msgs_generate_messages_py
[35m[1mScanning dependencies of target actionlib_generate_messages_eus[0m
[  0%] Built target nav_msgs_generate_messages_lisp
[  0%] Built target actionlib_msgs_generate_messages_cpp
[  0%] Built target actionlib_generate_messages_eus
[35m[1mScanning dependencies of target tf_generate_messages_py[0m
[35m[1mScanning dependencies of target rosgraph_msgs_generate_messages_cpp[0m
[35m[1mScanning dependencies of target std_msgs_generate_messages_eus[0m
[35m[1mScanning dependencies of target actionlib_msgs_generate_messages_lisp[0m
[  0%] Built target rosgraph_msgs_generate_messages_cpp
[  0%] Built target tf_generate_messages_py
[  0%] Built target std_msgs_generate_messages_eus
[  0%] Built target actionlib_msgs_generate_messages_lisp
[35m[1mScanning dependencies of target actionlib_generate_messages_py[0m
[35m[1mScanning dependencies of target nav_msgs_generate_messages_py[0m
[35m[1mScanning dependencies of target actionlib_msgs_generate_messages_nodejs[0m
[  0%] Built target actionlib_generate_messages_py
[35m[1mScanning dependencies of target tf_generate_messages_lisp[0m
[  0%] Built target nav_msgs_generate_messages_py
[  0%] Built target actionlib_msgs_generate_messages_nodejs
[  0%] Built target tf_generate_messages_lisp
[35m[1mScanning dependencies of target actionlib_generate_messages_nodejs[0m
[35m[1mScanning dependencies of target tf_generate_messages_nodejs[0m
[  0%] Built target actionlib_generate_messages_nodejs
[35m[1mScanning dependencies of target tf2_msgs_generate_messages_lisp[0m
[35m[1mScanning dependencies of target tf2_msgs_generate_messages_nodejs[0m
[  0%] Built target tf_generate_messages_nodejs
[  0%] Built target tf2_msgs_generate_messages_lisp
[35m[1mScanning dependencies of target geometry_msgs_generate_messages_py[0m
[  0%] Built target tf2_msgs_generate_messages_nodejs
[35m[1mScanning dependencies of target std_srvs_generate_messages_eus[0m
[35m[1mScanning dependencies of target gazebo_ros_gencfg[0m
[  0%] Built target geometry_msgs_generate_messages_py
[  0%] Built target std_srvs_generate_messages_eus
[  0%] Built target gazebo_ros_gencfg
[35m[1mScanning dependencies of target turtlebot3_drive[0m
[ 50%] [32mBuilding CXX object CMakeFiles/turtlebot3_drive.dir/src/turtlebot3_drive.cpp.o[0m
[100%] [32m[1mLinking CXX executable devel/lib/turtlebot3_gazebo/turtlebot3_drive[0m
[100%] Built target turtlebot3_drive
[35m[1mScanning dependencies of target tests[0m
Built target tests
-- Install configuration: "Release"
-- Installing: /home/s/scott_spaces/decadarobotics_devspace/install/turtlebot3_gazebo/lib/pkgconfig/turtlebot3_gazebo.pc
-- Installing: /home/s/scott_spaces/decadarobotics_devspace/install/turtlebot3_gazebo/share/turtlebot3_gazebo/cmake/turtlebot3_gazeboConfig.cmake
-- Installing: /home/s/scott_spaces/decadarobotics_devspace/install/turtlebot3_gazebo/share/turtlebot3_gazebo/cmake/turtlebot3_gazeboConfig-version.cmake
-- Installing: /home/s/scott_spaces/decadarobotics_devspace/install/turtlebot3_gazebo/share/turtlebot3_gazebo/package.xml
-- Installing: /home/s/scott_spaces/decadarobotics_devspace/install/turtlebot3_gazebo/lib/turtlebot3_gazebo/turtlebot3_drive
-- Set runtime path of "/home/s/scott_spaces/decadarobotics_devspace/install/turtlebot3_gazebo/lib/turtlebot3_gazebo/turtlebot3_drive" to ""
-- Installing: /home/s/scott_spaces/decadarobotics_devspace/install/turtlebot3_gazebo/include/turtlebot3_gazebo
-- Installing: /home/s/scott_spaces/decadarobotics_devspace/install/turtlebot3_gazebo/include/turtlebot3_gazebo/turtlebot3_drive.h
-- Installing: /home/s/scott_spaces/decadarobotics_devspace/install/turtlebot3_gazebo/share/turtlebot3_gazebo/launch
-- Installing: /home/s/scott_spaces/decadarobotics_devspace/install/turtlebot3_gazebo/share/turtlebot3_gazebo/launch/turtlebot3_stage_1.launch
-- Installing: /home/s/scott_spaces/decadarobotics_devspace/install/turtlebot3_gazebo/share/turtlebot3_gazebo/launch/multi_turtlebot3_slam.launch
-- Installing: /home/s/scott_spaces/decadarobotics_devspace/install/turtlebot3_gazebo/share/turtlebot3_gazebo/launch/turtlebot3_empty_world.launch
-- Installing: /home/s/scott_spaces/decadarobotics_devspace/install/turtlebot3_gazebo/share/turtlebot3_gazebo/launch/turtlebot3_world.launch
-- Installing: /home/s/scott_spaces/decadarobotics_devspace/install/turtlebot3_gazebo/share/turtlebot3_gazebo/launch/turtlebot3_simulation.launch
-- Installing: /home/s/scott_spaces/decadarobotics_devspace/install/turtlebot3_gazebo/share/turtlebot3_gazebo/launch/turtlebot3_stage_2.launch
-- Installing: /home/s/scott_spaces/decadarobotics_devspace/install/turtlebot3_gazebo/share/turtlebot3_gazebo/launch/turtlebot3_autorace.launch
-- Installing: /home/s/scott_spaces/decadarobotics_devspace/install/turtlebot3_gazebo/share/turtlebot3_gazebo/launch/turtlebot3_stage_3.launch
-- Installing: /home/s/scott_spaces/decadarobotics_devspace/install/turtlebot3_gazebo/share/turtlebot3_gazebo/launch/turtlebot3_autorace_2020.launch
-- Installing: /home/s/scott_spaces/decadarobotics_devspace/install/turtlebot3_gazebo/share/turtlebot3_gazebo/launch/turtlebot3_gazebo_rviz.launch
-- Installing: /home/s/scott_spaces/decadarobotics_devspace/install/turtlebot3_gazebo/share/turtlebot3_gazebo/launch/multi_turtlebot3.launch
-- Installing: /home/s/scott_spaces/decadarobotics_devspace/install/turtlebot3_gazebo/share/turtlebot3_gazebo/launch/turtlebot3_house.launch
-- Installing: /home/s/scott_spaces/decadarobotics_devspace/install/turtlebot3_gazebo/share/turtlebot3_gazebo/launch/turtlebot3_autorace_mission.launch
-- Installing: /home/s/scott_spaces/decadarobotics_devspace/install/turtlebot3_gazebo/share/turtlebot3_gazebo/launch/multi_map_merge.launch
-- Installing: /home/s/scott_spaces/decadarobotics_devspace/install/turtlebot3_gazebo/share/turtlebot3_gazebo/launch/turtlebot3_stage_4.launch
-- Installing: /home/s/scott_spaces/decadarobotics_devspace/install/turtlebot3_gazebo/share/turtlebot3_gazebo/models
-- Installing: /home/s/scott_spaces/decadarobotics_devspace/install/turtlebot3_gazebo/share/turtlebot3_gazebo/models/turtlebot3_plaza
-- Installing: /home/s/scott_spaces/decadarobotics_devspace/install/turtlebot3_gazebo/share/turtlebot3_gazebo/models/turtlebot3_plaza/model.config
-- Installing: /home/s/scott_spaces/decadarobotics_devspace/install/turtlebot3_gazebo/share/turtlebot3_gazebo/models/turtlebot3_plaza/goal_box
-- Installing: /home/s/scott_spaces/decadarobotics_devspace/install/turtlebot3_gazebo/share/turtlebot3_gazebo/models/turtlebot3_plaza/goal_box/model.config
-- Installing: /home/s/scott_spaces/decadarobotics_devspace/install/turtlebot3_gazebo/share/turtlebot3_gazebo/models/turtlebot3_plaza/goal_box/model.sdf
-- Installing: /home/s/scott_spaces/decadarobotics_devspace/install/turtlebot3_gazebo/share/turtlebot3_gazebo/models/turtlebot3_plaza/model.sdf
-- Installing: /home/s/scott_spaces/decadarobotics_devspace/install/turtlebot3_gazebo/share/turtlebot3_gazebo/models/turtlebot3_world
-- Installing: /home/s/scott_spaces/decadarobotics_devspace/install/turtlebot3_gazebo/share/turtlebot3_gazebo/models/turtlebot3_world/model.config
-- Installing: /home/s/scott_spaces/decadarobotics_devspace/install/turtlebot3_gazebo/share/turtlebot3_gazebo/models/turtlebot3_world/meshes
-- Installing: /home/s/scott_spaces/decadarobotics_devspace/install/turtlebot3_gazebo/share/turtlebot3_gazebo/models/turtlebot3_world/meshes/hexagon.dae
-- Installing: /home/s/scott_spaces/decadarobotics_devspace/install/turtlebot3_gazebo/share/turtlebot3_gazebo/models/turtlebot3_world/meshes/wall.dae
-- Installing: /home/s/scott_spaces/decadarobotics_devspace/install/turtlebot3_gazebo/share/turtlebot3_gazebo/models/turtlebot3_world/model.sdf
-- Installing: /home/s/scott_spaces/decadarobotics_devspace/install/turtlebot3_gazebo/share/turtlebot3_gazebo/models/turtlebot3_world/model-1_4.sdf
-- Installing: /home/s/scott_spaces/decadarobotics_devspace/install/turtlebot3_gazebo/share/turtlebot3_gazebo/models/turtlebot3_square
-- Installing: /home/s/scott_spaces/decadarobotics_devspace/install/turtlebot3_gazebo/share/turtlebot3_gazebo/models/turtlebot3_square/model.config
-- Installing: /home/s/scott_spaces/decadarobotics_devspace/install/turtlebot3_gazebo/share/turtlebot3_gazebo/models/turtlebot3_square/goal_box
-- Installing: /home/s/scott_spaces/decadarobotics_devspace/install/turtlebot3_gazebo/share/turtlebot3_gazebo/models/turtlebot3_square/goal_box/model.config
-- Installing: /home/s/scott_spaces/decadarobotics_devspace/install/turtlebot3_gazebo/share/turtlebot3_gazebo/models/turtlebot3_square/goal_box/model.sdf
-- Installing: /home/s/scott_spaces/decadarobotics_devspace/install/turtlebot3_gazebo/share/turtlebot3_gazebo/models/turtlebot3_square/model.sdf
-- Installing: /home/s/scott_spaces/decadarobotics_devspace/install/turtlebot3_gazebo/share/turtlebot3_gazebo/models/turtlebot3_house
-- Installing: /home/s/scott_spaces/decadarobotics_devspace/install/turtlebot3_gazebo/share/turtlebot3_gazebo/models/turtlebot3_house/model.config
-- Installing: /home/s/scott_spaces/decadarobotics_devspace/install/turtlebot3_gazebo/share/turtlebot3_gazebo/models/turtlebot3_house/model.sdf
-- Installing: /home/s/scott_spaces/decadarobotics_devspace/install/turtlebot3_gazebo/share/turtlebot3_gazebo/models/turtlebot3_autorace
-- Installing: /home/s/scott_spaces/decadarobotics_devspace/install/turtlebot3_gazebo/share/turtlebot3_gazebo/models/turtlebot3_autorace/traffic_tunnel
-- Installing: /home/s/scott_spaces/decadarobotics_devspace/install/turtlebot3_gazebo/share/turtlebot3_gazebo/models/turtlebot3_autorace/traffic_tunnel/model.config
-- Installing: /home/s/scott_spaces/decadarobotics_devspace/install/turtlebot3_gazebo/share/turtlebot3_gazebo/models/turtlebot3_autorace/traffic_tunnel/materials
-- Installing: /home/s/scott_spaces/decadarobotics_devspace/install/turtlebot3_gazebo/share/turtlebot3_gazebo/models/turtlebot3_autorace/traffic_tunnel/materials/scripts
-- Installing: /home/s/scott_spaces/decadarobotics_devspace/install/turtlebot3_gazebo/share/turtlebot3_gazebo/models/turtlebot3_autorace/traffic_tunnel/materials/scripts/tunnel.material
-- Installing: /home/s/scott_spaces/decadarobotics_devspace/install/turtlebot3_gazebo/share/turtlebot3_gazebo/models/turtlebot3_autorace/traffic_tunnel/materials/textures
-- Installing: /home/s/scott_spaces/decadarobotics_devspace/install/turtlebot3_gazebo/share/turtlebot3_gazebo/models/turtlebot3_autorace/traffic_tunnel/materials/textures/tunnel.png
-- Installing: /home/s/scott_spaces/decadarobotics_devspace/install/turtlebot3_gazebo/share/turtlebot3_gazebo/models/turtlebot3_autorace/traffic_tunnel/model.sdf
-- Installing: /home/s/scott_spaces/decadarobotics_devspace/install/turtlebot3_gazebo/share/turtlebot3_gazebo/models/turtlebot3_autorace/traffic_light_green
-- Installing: /home/s/scott_spaces/decadarobotics_devspace/install/turtlebot3_gazebo/share/turtlebot3_gazebo/models/turtlebot3_autorace/traffic_light_green/model.config
-- Installing: /home/s/scott_spaces/decadarobotics_devspace/install/turtlebot3_gazebo/share/turtlebot3_gazebo/models/turtlebot3_autorace/traffic_light_green/model.sdf
-- Installing: /home/s/scott_spaces/decadarobotics_devspace/install/turtlebot3_gazebo/share/turtlebot3_gazebo/models/turtlebot3_autorace/traffic_light_red
-- Installing: /home/s/scott_spaces/decadarobotics_devspace/install/turtlebot3_gazebo/share/turtlebot3_gazebo/models/turtlebot3_autorace/traffic_light_red/model.config
-- Installing: /home/s/scott_spaces/decadarobotics_devspace/install/turtlebot3_gazebo/share/turtlebot3_gazebo/models/turtlebot3_autorace/traffic_light_red/model.sdf
-- Installing: /home/s/scott_spaces/decadarobotics_devspace/install/turtlebot3_gazebo/share/turtlebot3_gazebo/models/turtlebot3_autorace/traffic_stop
-- Installing: /home/s/scott_spaces/decadarobotics_devspace/install/turtlebot3_gazebo/share/turtlebot3_gazebo/models/turtlebot3_autorace/traffic_stop/model.config
-- Installing: /home/s/scott_spaces/decadarobotics_devspace/install/turtlebot3_gazebo/share/turtlebot3_gazebo/models/turtlebot3_autorace/traffic_stop/materials
-- Installing: /home/s/scott_spaces/decadarobotics_devspace/install/turtlebot3_gazebo/share/turtlebot3_gazebo/models/turtlebot3_autorace/traffic_stop/materials/scripts
-- Installing: /home/s/scott_spaces/decadarobotics_devspace/install/turtlebot3_gazebo/share/turtlebot3_gazebo/models/turtlebot3_autorace/traffic_stop/materials/scripts/traffic_stop.material
-- Installing: /home/s/scott_spaces/decadarobotics_devspace/install/turtlebot3_gazebo/share/turtlebot3_gazebo/models/turtlebot3_autorace/traffic_stop/materials/textures
-- Installing: /home/s/scott_spaces/decadarobotics_devspace/install/turtlebot3_gazebo/share/turtlebot3_gazebo/models/turtlebot3_autorace/traffic_stop/materials/textures/traffic_stop.png
-- Installing: /home/s/scott_spaces/decadarobotics_devspace/install/turtlebot3_gazebo/share/turtlebot3_gazebo/models/turtlebot3_autorace/traffic_stop/model.sdf
-- Installing: /home/s/scott_spaces/decadarobotics_devspace/install/turtlebot3_gazebo/share/turtlebot3_gazebo/models/turtlebot3_autorace/traffic_bar_down
-- Installing: /home/s/scott_spaces/decadarobotics_devspace/install/turtlebot3_gazebo/share/turtlebot3_gazebo/models/turtlebot3_autorace/traffic_bar_down/model.config
-- Installing: /home/s/scott_spaces/decadarobotics_devspace/install/turtlebot3_gazebo/share/turtlebot3_gazebo/models/turtlebot3_autorace/traffic_bar_down/materials
-- Installing: /home/s/scott_spaces/decadarobotics_devspace/install/turtlebot3_gazebo/share/turtlebot3_gazebo/models/turtlebot3_autorace/traffic_bar_down/materials/scripts
-- Installing: /home/s/scott_spaces/decadarobotics_devspace/install/turtlebot3_gazebo/share/turtlebot3_gazebo/models/turtlebot3_autorace/traffic_bar_down/materials/scripts/traffic_bar.material
-- Installing: /home/s/scott_spaces/decadarobotics_devspace/install/turtlebot3_gazebo/share/turtlebot3_gazebo/models/turtlebot3_autorace/traffic_bar_down/materials/textures
-- Installing: /home/s/scott_spaces/decadarobotics_devspace/install/turtlebot3_gazebo/share/turtlebot3_gazebo/models/turtlebot3_autorace/traffic_bar_down/materials/textures/traffic_bar.png
-- Installing: /home/s/scott_spaces/decadarobotics_devspace/install/turtlebot3_gazebo/share/turtlebot3_gazebo/models/turtlebot3_autorace/traffic_bar_down/model.sdf
-- Installing: /home/s/scott_spaces/decadarobotics_devspace/install/turtlebot3_gazebo/share/turtlebot3_gazebo/models/turtlebot3_autorace/traffic_light_yellow
-- Installing: /home/s/scott_spaces/decadarobotics_devspace/install/turtlebot3_gazebo/share/turtlebot3_gazebo/models/turtlebot3_autorace/traffic_light_yellow/model.config
-- Installing: /home/s/scott_spaces/decadarobotics_devspace/install/turtlebot3_gazebo/share/turtlebot3_gazebo/models/turtlebot3_autorace/traffic_light_yellow/model.sdf
-- Installing: /home/s/scott_spaces/decadarobotics_devspace/install/turtlebot3_gazebo/share/turtlebot3_gazebo/models/turtlebot3_autorace/traffic_bar_up
-- Installing: /home/s/scott_spaces/decadarobotics_devspace/install/turtlebot3_gazebo/share/turtlebot3_gazebo/models/turtlebot3_autorace/traffic_bar_up/model.config
-- Installing: /home/s/scott_spaces/decadarobotics_devspace/install/turtlebot3_gazebo/share/turtlebot3_gazebo/models/turtlebot3_autorace/traffic_bar_up/materials
-- Installing: /home/s/scott_spaces/decadarobotics_devspace/install/turtlebot3_gazebo/share/turtlebot3_gazebo/models/turtlebot3_autorace/traffic_bar_up/materials/scripts
-- Installing: /home/s/scott_spaces/decadarobotics_devspace/install/turtlebot3_gazebo/share/turtlebot3_gazebo/models/turtlebot3_autorace/traffic_bar_up/materials/scripts/traffic_bar.material
-- Installing: /home/s/scott_spaces/decadarobotics_devspace/install/turtlebot3_gazebo/share/turtlebot3_gazebo/models/turtlebot3_autorace/traffic_bar_up/materials/textures
-- Installing: /home/s/scott_spaces/decadarobotics_devspace/install/turtlebot3_gazebo/share/turtlebot3_gazebo/models/turtlebot3_autorace/traffic_bar_up/materials/textures/traffic_bar.png
-- Installing: /home/s/scott_spaces/decadarobotics_devspace/install/turtlebot3_gazebo/share/turtlebot3_gazebo/models/turtlebot3_autorace/traffic_bar_up/model.sdf
-- Installing: /home/s/scott_spaces/decadarobotics_devspace/install/turtlebot3_gazebo/share/turtlebot3_gazebo/models/turtlebot3_autorace/course
-- Installing: /home/s/scott_spaces/decadarobotics_devspace/install/turtlebot3_gazebo/share/turtlebot3_gazebo/models/turtlebot3_autorace/course/model.config
-- Installing: /home/s/scott_spaces/decadarobotics_devspace/install/turtlebot3_gazebo/share/turtlebot3_gazebo/models/turtlebot3_autorace/course/materials
-- Installing: /home/s/scott_spaces/decadarobotics_devspace/install/turtlebot3_gazebo/share/turtlebot3_gazebo/models/turtlebot3_autorace/course/materials/scripts
-- Installing: /home/s/scott_spaces/decadarobotics_devspace/install/turtlebot3_gazebo/share/turtlebot3_gazebo/models/turtlebot3_autorace/course/materials/scripts/course.material
-- Installing: /home/s/scott_spaces/decadarobotics_devspace/install/turtlebot3_gazebo/share/turtlebot3_gazebo/models/turtlebot3_autorace/course/materials/textures
-- Installing: /home/s/scott_spaces/decadarobotics_devspace/install/turtlebot3_gazebo/share/turtlebot3_gazebo/models/turtlebot3_autorace/course/materials/textures/course.png
-- Installing: /home/s/scott_spaces/decadarobotics_devspace/install/turtlebot3_gazebo/share/turtlebot3_gazebo/models/turtlebot3_autorace/course/model.sdf
-- Installing: /home/s/scott_spaces/decadarobotics_devspace/install/turtlebot3_gazebo/share/turtlebot3_gazebo/models/turtlebot3_autorace/traffic_parking
-- Installing: /home/s/scott_spaces/decadarobotics_devspace/install/turtlebot3_gazebo/share/turtlebot3_gazebo/models/turtlebot3_autorace/traffic_parking/model.config
-- Installing: /home/s/scott_spaces/decadarobotics_devspace/install/turtlebot3_gazebo/share/turtlebot3_gazebo/models/turtlebot3_autorace/traffic_parking/materials
-- Installing: /home/s/scott_spaces/decadarobotics_devspace/install/turtlebot3_gazebo/share/turtlebot3_gazebo/models/turtlebot3_autorace/traffic_parking/materials/scripts
-- Installing: /home/s/scott_spaces/decadarobotics_devspace/install/turtlebot3_gazebo/share/turtlebot3_gazebo/models/turtlebot3_autorace/traffic_parking/materials/scripts/traffic_parking.material
-- Installing: /home/s/scott_spaces/decadarobotics_devspace/install/turtlebot3_gazebo/share/turtlebot3_gazebo/models/turtlebot3_autorace/traffic_parking/materials/textures
-- Installing: /home/s/scott_spaces/decadarobotics_devspace/install/turtlebot3_gazebo/share/turtlebot3_gazebo/models/turtlebot3_autorace/traffic_parking/materials/textures/traffic_parking.png
-- Installing: /home/s/scott_spaces/decadarobotics_devspace/install/turtlebot3_gazebo/share/turtlebot3_gazebo/models/turtlebot3_autorace/traffic_parking/model.sdf
-- Installing: /home/s/scott_spaces/decadarobotics_devspace/install/turtlebot3_gazebo/share/turtlebot3_gazebo/models/turtlebot3_burger
-- Installing: /home/s/scott_spaces/decadarobotics_devspace/install/turtlebot3_gazebo/share/turtlebot3_gazebo/models/turtlebot3_burger/model.config
-- Installing: /home/s/scott_spaces/decadarobotics_devspace/install/turtlebot3_gazebo/share/turtlebot3_gazebo/models/turtlebot3_burger/model.sdf
-- Installing: /home/s/scott_spaces/decadarobotics_devspace/install/turtlebot3_gazebo/share/turtlebot3_gazebo/models/turtlebot3_burger/model-1_4.sdf
-- Installing: /home/s/scott_spaces/decadarobotics_devspace/install/turtlebot3_gazebo/share/turtlebot3_gazebo/models/turtlebot3_autorace_2020
-- Installing: /home/s/scott_spaces/decadarobotics_devspace/install/turtlebot3_gazebo/share/turtlebot3_gazebo/models/turtlebot3_autorace_2020/traffic_construction
-- Installing: /home/s/scott_spaces/decadarobotics_devspace/install/turtlebot3_gazebo/share/turtlebot3_gazebo/models/turtlebot3_autorace_2020/traffic_construction/model.config
-- Installing: /home/s/scott_spaces/decadarobotics_devspace/install/turtlebot3_gazebo/share/turtlebot3_gazebo/models/turtlebot3_autorace_2020/traffic_construction/materials
-- Installing: /home/s/scott_spaces/decadarobotics_devspace/install/turtlebot3_gazebo/share/turtlebot3_gazebo/models/turtlebot3_autorace_2020/traffic_construction/materials/scripts
-- Installing: /home/s/scott_spaces/decadarobotics_devspace/install/turtlebot3_gazebo/share/turtlebot3_gazebo/models/turtlebot3_autorace_2020/traffic_construction/materials/scripts/traffic_construction.material
-- Installing: /home/s/scott_spaces/decadarobotics_devspace/install/turtlebot3_gazebo/share/turtlebot3_gazebo/models/turtlebot3_autorace_2020/traffic_construction/materials/textures
-- Installing: /home/s/scott_spaces/decadarobotics_devspace/install/turtlebot3_gazebo/share/turtlebot3_gazebo/models/turtlebot3_autorace_2020/traffic_construction/materials/textures/traffic_construction_white_background.png
-- Installing: /home/s/scott_spaces/decadarobotics_devspace/install/turtlebot3_gazebo/share/turtlebot3_gazebo/models/turtlebot3_autorace_2020/traffic_construction/materials/textures/traffic_construction.png
-- Installing: /home/s/scott_spaces/decadarobotics_devspace/install/turtlebot3_gazebo/share/turtlebot3_gazebo/models/turtlebot3_autorace_2020/traffic_construction/model.sdf
-- Installing: /home/s/scott_spaces/decadarobotics_devspace/install/turtlebot3_gazebo/share/turtlebot3_gazebo/models/turtlebot3_autorace_2020/traffic_tunnel
-- Installing: /home/s/scott_spaces/decadarobotics_devspace/install/turtlebot3_gazebo/share/turtlebot3_gazebo/models/turtlebot3_autorace_2020/traffic_tunnel/model.config
-- Installing: /home/s/scott_spaces/decadarobotics_devspace/install/turtlebot3_gazebo/share/turtlebot3_gazebo/models/turtlebot3_autorace_2020/traffic_tunnel/materials
-- Installing: /home/s/scott_spaces/decadarobotics_devspace/install/turtlebot3_gazebo/share/turtlebot3_gazebo/models/turtlebot3_autorace_2020/traffic_tunnel/materials/scripts
-- Installing: /home/s/scott_spaces/decadarobotics_devspace/install/turtlebot3_gazebo/share/turtlebot3_gazebo/models/turtlebot3_autorace_2020/traffic_tunnel/materials/scripts/tunnel.material
-- Installing: /home/s/scott_spaces/decadarobotics_devspace/install/turtlebot3_gazebo/share/turtlebot3_gazebo/models/turtlebot3_autorace_2020/traffic_tunnel/materials/textures
-- Installing: /home/s/scott_spaces/decadarobotics_devspace/install/turtlebot3_gazebo/share/turtlebot3_gazebo/models/turtlebot3_autorace_2020/traffic_tunnel/materials/textures/tunnel_white_background.png
-- Installing: /home/s/scott_spaces/decadarobotics_devspace/install/turtlebot3_gazebo/share/turtlebot3_gazebo/models/turtlebot3_autorace_2020/traffic_tunnel/materials/textures/tunnel.png
-- Installing: /home/s/scott_spaces/decadarobotics_devspace/install/turtlebot3_gazebo/share/turtlebot3_gazebo/models/turtlebot3_autorace_2020/traffic_tunnel/model.sdf
-- Installing: /home/s/scott_spaces/decadarobotics_devspace/install/turtlebot3_gazebo/share/turtlebot3_gazebo/models/turtlebot3_autorace_2020/traffic_noentry
-- Installing: /home/s/scott_spaces/decadarobotics_devspace/install/turtlebot3_gazebo/share/turtlebot3_gazebo/models/turtlebot3_autorace_2020/traffic_noentry/model.config
-- Installing: /home/s/scott_spaces/decadarobotics_devspace/install/turtlebot3_gazebo/share/turtlebot3_gazebo/models/turtlebot3_autorace_2020/traffic_noentry/materials
-- Installing: /home/s/scott_spaces/decadarobotics_devspace/install/turtlebot3_gazebo/share/turtlebot3_gazebo/models/turtlebot3_autorace_2020/traffic_noentry/materials/scripts
-- Installing: /home/s/scott_spaces/decadarobotics_devspace/install/turtlebot3_gazebo/share/turtlebot3_gazebo/models/turtlebot3_autorace_2020/traffic_noentry/materials/scripts/traffic_noentry.material
-- Installing: /home/s/scott_spaces/decadarobotics_devspace/install/turtlebot3_gazebo/share/turtlebot3_gazebo/models/turtlebot3_autorace_2020/traffic_noentry/materials/textures
-- Installing: /home/s/scott_spaces/decadarobotics_devspace/install/turtlebot3_gazebo/share/turtlebot3_gazebo/models/turtlebot3_autorace_2020/traffic_noentry/materials/textures/traffic_noentry.png
-- Installing: /home/s/scott_spaces/decadarobotics_devspace/install/turtlebot3_gazebo/share/turtlebot3_gazebo/models/turtlebot3_autorace_2020/traffic_noentry/materials/textures/traffic_noentry_white_background.png
-- Installing: /home/s/scott_spaces/decadarobotics_devspace/install/turtlebot3_gazebo/share/turtlebot3_gazebo/models/turtlebot3_autorace_2020/traffic_noentry/model.sdf
-- Installing: /home/s/scott_spaces/decadarobotics_devspace/install/turtlebot3_gazebo/share/turtlebot3_gazebo/models/turtlebot3_autorace_2020/traffic_light_green
-- Installing: /home/s/scott_spaces/decadarobotics_devspace/install/turtlebot3_gazebo/share/turtlebot3_gazebo/models/turtlebot3_autorace_2020/traffic_light_green/model.config
-- Installing: /home/s/scott_spaces/decadarobotics_devspace/install/turtlebot3_gazebo/share/turtlebot3_gazebo/models/turtlebot3_autorace_2020/traffic_light_green/materials
-- Installing: /home/s/scott_spaces/decadarobotics_devspace/install/turtlebot3_gazebo/share/turtlebot3_gazebo/models/turtlebot3_autorace_2020/traffic_light_green/materials/scripts
-- Installing: /home/s/scott_spaces/decadarobotics_devspace/install/turtlebot3_gazebo/share/turtlebot3_gazebo/models/turtlebot3_autorace_2020/traffic_light_green/materials/scripts/traffic_light_green.material
-- Installing: /home/s/scott_spaces/decadarobotics_devspace/install/turtlebot3_gazebo/share/turtlebot3_gazebo/models/turtlebot3_autorace_2020/traffic_light_green/materials/textures
-- Installing: /home/s/scott_spaces/decadarobotics_devspace/install/turtlebot3_gazebo/share/turtlebot3_gazebo/models/turtlebot3_autorace_2020/traffic_light_green/materials/textures/traffic_light_green.png
-- Installing: /home/s/scott_spaces/decadarobotics_devspace/install/turtlebot3_gazebo/share/turtlebot3_gazebo/models/turtlebot3_autorace_2020/traffic_light_green/model.sdf
-- Installing: /home/s/scott_spaces/decadarobotics_devspace/install/turtlebot3_gazebo/share/turtlebot3_gazebo/models/turtlebot3_autorace_2020/checker
-- Installing: /home/s/scott_spaces/decadarobotics_devspace/install/turtlebot3_gazebo/share/turtlebot3_gazebo/models/turtlebot3_autorace_2020/checker/model.config
-- Installing: /home/s/scott_spaces/decadarobotics_devspace/install/turtlebot3_gazebo/share/turtlebot3_gazebo/models/turtlebot3_autorace_2020/checker/materials
-- Installing: /home/s/scott_spaces/decadarobotics_devspace/install/turtlebot3_gazebo/share/turtlebot3_gazebo/models/turtlebot3_autorace_2020/checker/materials/checker.png
-- Installing: /home/s/scott_spaces/decadarobotics_devspace/install/turtlebot3_gazebo/share/turtlebot3_gazebo/models/turtlebot3_autorace_2020/checker/materials/scripts
-- Installing: /home/s/scott_spaces/decadarobotics_devspace/install/turtlebot3_gazebo/share/turtlebot3_gazebo/models/turtlebot3_autorace_2020/checker/materials/scripts/checker.material
-- Installing: /home/s/scott_spaces/decadarobotics_devspace/install/turtlebot3_gazebo/share/turtlebot3_gazebo/models/turtlebot3_autorace_2020/checker/materials/textures
-- Installing: /home/s/scott_spaces/decadarobotics_devspace/install/turtlebot3_gazebo/share/turtlebot3_gazebo/models/turtlebot3_autorace_2020/checker/materials/textures/checker.png
-- Installing: /home/s/scott_spaces/decadarobotics_devspace/install/turtlebot3_gazebo/share/turtlebot3_gazebo/models/turtlebot3_autorace_2020/checker/model.sdf
-- Installing: /home/s/scott_spaces/decadarobotics_devspace/install/turtlebot3_gazebo/share/turtlebot3_gazebo/models/turtlebot3_autorace_2020/traffic_pl_left
-- Installing: /home/s/scott_spaces/decadarobotics_devspace/install/turtlebot3_gazebo/share/turtlebot3_gazebo/models/turtlebot3_autorace_2020/traffic_pl_left/model.config
-- Installing: /home/s/scott_spaces/decadarobotics_devspace/install/turtlebot3_gazebo/share/turtlebot3_gazebo/models/turtlebot3_autorace_2020/traffic_pl_left/materials
-- Installing: /home/s/scott_spaces/decadarobotics_devspace/install/turtlebot3_gazebo/share/turtlebot3_gazebo/models/turtlebot3_autorace_2020/traffic_pl_left/materials/scripts
-- Installing: /home/s/scott_spaces/decadarobotics_devspace/install/turtlebot3_gazebo/share/turtlebot3_gazebo/models/turtlebot3_autorace_2020/traffic_pl_left/materials/scripts/traffic_pl_left.material
-- Installing: /home/s/scott_spaces/decadarobotics_devspace/install/turtlebot3_gazebo/share/turtlebot3_gazebo/models/turtlebot3_autorace_2020/traffic_pl_left/materials/textures
-- Installing: /home/s/scott_spaces/decadarobotics_devspace/install/turtlebot3_gazebo/share/turtlebot3_gazebo/models/turtlebot3_autorace_2020/traffic_pl_left/materials/textures/traffic_pl_left.png
-- Installing: /home/s/scott_spaces/decadarobotics_devspace/install/turtlebot3_gazebo/share/turtlebot3_gazebo/models/turtlebot3_autorace_2020/traffic_pl_left/materials/textures/traffic_pl_left_white_background.png
-- Installing: /home/s/scott_spaces/decadarobotics_devspace/install/turtlebot3_gazebo/share/turtlebot3_gazebo/models/turtlebot3_autorace_2020/traffic_pl_left/model.sdf
-- Installing: /home/s/scott_spaces/decadarobotics_devspace/install/turtlebot3_gazebo/share/turtlebot3_gazebo/models/turtlebot3_autorace_2020/traffic_left
-- Installing: /home/s/scott_spaces/decadarobotics_devspace/install/turtlebot3_gazebo/share/turtlebot3_gazebo/models/turtlebot3_autorace_2020/traffic_left/model.config
-- Installing: /home/s/scott_spaces/decadarobotics_devspace/install/turtlebot3_gazebo/share/turtlebot3_gazebo/models/turtlebot3_autorace_2020/traffic_left/materials
-- Installing: /home/s/scott_spaces/decadarobotics_devspace/install/turtlebot3_gazebo/share/turtlebot3_gazebo/models/turtlebot3_autorace_2020/traffic_left/materials/scripts
-- Installing: /home/s/scott_spaces/decadarobotics_devspace/install/turtlebot3_gazebo/share/turtlebot3_gazebo/models/turtlebot3_autorace_2020/traffic_left/materials/scripts/traffic_is_left.material
-- Installing: /home/s/scott_spaces/decadarobotics_devspace/install/turtlebot3_gazebo/share/turtlebot3_gazebo/models/turtlebot3_autorace_2020/traffic_left/materials/textures
-- Installing: /home/s/scott_spaces/decadarobotics_devspace/install/turtlebot3_gazebo/share/turtlebot3_gazebo/models/turtlebot3_autorace_2020/traffic_left/materials/textures/traffic_left_white_background.png
-- Installing: /home/s/scott_spaces/decadarobotics_devspace/install/turtlebot3_gazebo/share/turtlebot3_gazebo/models/turtlebot3_autorace_2020/traffic_left/materials/textures/traffic_left.png
-- Installing: /home/s/scott_spaces/decadarobotics_devspace/install/turtlebot3_gazebo/share/turtlebot3_gazebo/models/turtlebot3_autorace_2020/traffic_left/model.sdf
-- Installing: /home/s/scott_spaces/decadarobotics_devspace/install/turtlebot3_gazebo/share/turtlebot3_gazebo/models/turtlebot3_autorace_2020/traffic_light_red
-- Installing: /home/s/scott_spaces/decadarobotics_devspace/install/turtlebot3_gazebo/share/turtlebot3_gazebo/models/turtlebot3_autorace_2020/traffic_light_red/model.config
-- Installing: /home/s/scott_spaces/decadarobotics_devspace/install/turtlebot3_gazebo/share/turtlebot3_gazebo/models/turtlebot3_autorace_2020/traffic_light_red/materials
-- Installing: /home/s/scott_spaces/decadarobotics_devspace/install/turtlebot3_gazebo/share/turtlebot3_gazebo/models/turtlebot3_autorace_2020/traffic_light_red/materials/scripts
-- Installing: /home/s/scott_spaces/decadarobotics_devspace/install/turtlebot3_gazebo/share/turtlebot3_gazebo/models/turtlebot3_autorace_2020/traffic_light_red/materials/scripts/traffic_light_red.material
-- Installing: /home/s/scott_spaces/decadarobotics_devspace/install/turtlebot3_gazebo/share/turtlebot3_gazebo/models/turtlebot3_autorace_2020/traffic_light_red/materials/textures
-- Installing: /home/s/scott_spaces/decadarobotics_devspace/install/turtlebot3_gazebo/share/turtlebot3_gazebo/models/turtlebot3_autorace_2020/traffic_light_red/materials/textures/traffic_light_red.png
-- Installing: /home/s/scott_spaces/decadarobotics_devspace/install/turtlebot3_gazebo/share/turtlebot3_gazebo/models/turtlebot3_autorace_2020/traffic_light_red/materials/textures/traffic_light.png
-- Installing: /home/s/scott_spaces/decadarobotics_devspace/install/turtlebot3_gazebo/share/turtlebot3_gazebo/models/turtlebot3_autorace_2020/traffic_light_red/model.sdf
-- Installing: /home/s/scott_spaces/decadarobotics_devspace/install/turtlebot3_gazebo/share/turtlebot3_gazebo/models/turtlebot3_autorace_2020/traffic_stop
-- Installing: /home/s/scott_spaces/decadarobotics_devspace/install/turtlebot3_gazebo/share/turtlebot3_gazebo/models/turtlebot3_autorace_2020/traffic_stop/model.config
-- Installing: /home/s/scott_spaces/decadarobotics_devspace/install/turtlebot3_gazebo/share/turtlebot3_gazebo/models/turtlebot3_autorace_2020/traffic_stop/materials
-- Installing: /home/s/scott_spaces/decadarobotics_devspace/install/turtlebot3_gazebo/share/turtlebot3_gazebo/models/turtlebot3_autorace_2020/traffic_stop/materials/scripts
-- Installing: /home/s/scott_spaces/decadarobotics_devspace/install/turtlebot3_gazebo/share/turtlebot3_gazebo/models/turtlebot3_autorace_2020/traffic_stop/materials/scripts/traffic_stop.material
-- Installing: /home/s/scott_spaces/decadarobotics_devspace/install/turtlebot3_gazebo/share/turtlebot3_gazebo/models/turtlebot3_autorace_2020/traffic_stop/materials/textures
-- Installing: /home/s/scott_spaces/decadarobotics_devspace/install/turtlebot3_gazebo/share/turtlebot3_gazebo/models/turtlebot3_autorace_2020/traffic_stop/materials/textures/traffic_stop_white_background.png
-- Installing: /home/s/scott_spaces/decadarobotics_devspace/install/turtlebot3_gazebo/share/turtlebot3_gazebo/models/turtlebot3_autorace_2020/traffic_stop/materials/textures/traffic_stop.png
-- Installing: /home/s/scott_spaces/decadarobotics_devspace/install/turtlebot3_gazebo/share/turtlebot3_gazebo/models/turtlebot3_autorace_2020/traffic_stop/model.sdf
-- Installing: /home/s/scott_spaces/decadarobotics_devspace/install/turtlebot3_gazebo/share/turtlebot3_gazebo/models/turtlebot3_autorace_2020/traffic_right
-- Installing: /home/s/scott_spaces/decadarobotics_devspace/install/turtlebot3_gazebo/share/turtlebot3_gazebo/models/turtlebot3_autorace_2020/traffic_right/model.config
-- Installing: /home/s/scott_spaces/decadarobotics_devspace/install/turtlebot3_gazebo/share/turtlebot3_gazebo/models/turtlebot3_autorace_2020/traffic_right/materials
-- Installing: /home/s/scott_spaces/decadarobotics_devspace/install/turtlebot3_gazebo/share/turtlebot3_gazebo/models/turtlebot3_autorace_2020/traffic_right/materials/scripts
-- Installing: /home/s/scott_spaces/decadarobotics_devspace/install/turtlebot3_gazebo/share/turtlebot3_gazebo/models/turtlebot3_autorace_2020/traffic_right/materials/scripts/traffic_right.material
-- Installing: /home/s/scott_spaces/decadarobotics_devspace/install/turtlebot3_gazebo/share/turtlebot3_gazebo/models/turtlebot3_autorace_2020/traffic_right/materials/textures
-- Installing: /home/s/scott_spaces/decadarobotics_devspace/install/turtlebot3_gazebo/share/turtlebot3_gazebo/models/turtlebot3_autorace_2020/traffic_right/materials/textures/traffic_right.png
-- Installing: /home/s/scott_spaces/decadarobotics_devspace/install/turtlebot3_gazebo/share/turtlebot3_gazebo/models/turtlebot3_autorace_2020/traffic_right/materials/textures/traffic_right_white_background.png
-- Installing: /home/s/scott_spaces/decadarobotics_devspace/install/turtlebot3_gazebo/share/turtlebot3_gazebo/models/turtlebot3_autorace_2020/traffic_right/model.sdf
-- Installing: /home/s/scott_spaces/decadarobotics_devspace/install/turtlebot3_gazebo/share/turtlebot3_gazebo/models/turtlebot3_autorace_2020/traffic_bar_down
-- Installing: /home/s/scott_spaces/decadarobotics_devspace/install/turtlebot3_gazebo/share/turtlebot3_gazebo/models/turtlebot3_autorace_2020/traffic_bar_down/model.config
-- Installing: /home/s/scott_spaces/decadarobotics_devspace/install/turtlebot3_gazebo/share/turtlebot3_gazebo/models/turtlebot3_autorace_2020/traffic_bar_down/materials
-- Installing: /home/s/scott_spaces/decadarobotics_devspace/install/turtlebot3_gazebo/share/turtlebot3_gazebo/models/turtlebot3_autorace_2020/traffic_bar_down/materials/scripts
-- Installing: /home/s/scott_spaces/decadarobotics_devspace/install/turtlebot3_gazebo/share/turtlebot3_gazebo/models/turtlebot3_autorace_2020/traffic_bar_down/materials/scripts/traffic_bar_down.material
-- Installing: /home/s/scott_spaces/decadarobotics_devspace/install/turtlebot3_gazebo/share/turtlebot3_gazebo/models/turtlebot3_autorace_2020/traffic_bar_down/materials/textures
-- Installing: /home/s/scott_spaces/decadarobotics_devspace/install/turtlebot3_gazebo/share/turtlebot3_gazebo/models/turtlebot3_autorace_2020/traffic_bar_down/materials/textures/traffic_bar_down.png
-- Installing: /home/s/scott_spaces/decadarobotics_devspace/install/turtlebot3_gazebo/share/turtlebot3_gazebo/models/turtlebot3_autorace_2020/traffic_bar_down/model.sdf
-- Installing: /home/s/scott_spaces/decadarobotics_devspace/install/turtlebot3_gazebo/share/turtlebot3_gazebo/models/turtlebot3_autorace_2020/traffic_light_yellow
-- Installing: /home/s/scott_spaces/decadarobotics_devspace/install/turtlebot3_gazebo/share/turtlebot3_gazebo/models/turtlebot3_autorace_2020/traffic_light_yellow/model.config
-- Installing: /home/s/scott_spaces/decadarobotics_devspace/install/turtlebot3_gazebo/share/turtlebot3_gazebo/models/turtlebot3_autorace_2020/traffic_light_yellow/materials
-- Installing: /home/s/scott_spaces/decadarobotics_devspace/install/turtlebot3_gazebo/share/turtlebot3_gazebo/models/turtlebot3_autorace_2020/traffic_light_yellow/materials/scripts
-- Installing: /home/s/scott_spaces/decadarobotics_devspace/install/turtlebot3_gazebo/share/turtlebot3_gazebo/models/turtlebot3_autorace_2020/traffic_light_yellow/materials/scripts/traffic_light_yellow.material
-- Installing: /home/s/scott_spaces/decadarobotics_devspace/install/turtlebot3_gazebo/share/turtlebot3_gazebo/models/turtlebot3_autorace_2020/traffic_light_yellow/materials/textures
-- Installing: /home/s/scott_spaces/decadarobotics_devspace/install/turtlebot3_gazebo/share/turtlebot3_gazebo/models/turtlebot3_autorace_2020/traffic_light_yellow/materials/textures/traffic_light_yellow.png
-- Installing: /home/s/scott_spaces/decadarobotics_devspace/install/turtlebot3_gazebo/share/turtlebot3_gazebo/models/turtlebot3_autorace_2020/traffic_light_yellow/model.sdf
-- Installing: /home/s/scott_spaces/decadarobotics_devspace/install/turtlebot3_gazebo/share/turtlebot3_gazebo/models/turtlebot3_autorace_2020/traffic_bar_up
-- Installing: /home/s/scott_spaces/decadarobotics_devspace/install/turtlebot3_gazebo/share/turtlebot3_gazebo/models/turtlebot3_autorace_2020/traffic_bar_up/model.config
-- Installing: /home/s/scott_spaces/decadarobotics_devspace/install/turtlebot3_gazebo/share/turtlebot3_gazebo/models/turtlebot3_autorace_2020/traffic_bar_up/materials
-- Installing: /home/s/scott_spaces/decadarobotics_devspace/install/turtlebot3_gazebo/share/turtlebot3_gazebo/models/turtlebot3_autorace_2020/traffic_bar_up/materials/scripts
-- Installing: /home/s/scott_spaces/decadarobotics_devspace/install/turtlebot3_gazebo/share/turtlebot3_gazebo/models/turtlebot3_autorace_2020/traffic_bar_up/materials/scripts/traffic_bar_up.material
-- Installing: /home/s/scott_spaces/decadarobotics_devspace/install/turtlebot3_gazebo/share/turtlebot3_gazebo/models/turtlebot3_autorace_2020/traffic_bar_up/materials/textures
-- Installing: /home/s/scott_spaces/decadarobotics_devspace/install/turtlebot3_gazebo/share/turtlebot3_gazebo/models/turtlebot3_autorace_2020/traffic_bar_up/materials/textures/traffic_bar_up.png
-- Installing: /home/s/scott_spaces/decadarobotics_devspace/install/turtlebot3_gazebo/share/turtlebot3_gazebo/models/turtlebot3_autorace_2020/traffic_bar_up/model.sdf
-- Installing: /home/s/scott_spaces/decadarobotics_devspace/install/turtlebot3_gazebo/share/turtlebot3_gazebo/models/turtlebot3_autorace_2020/traffic_intersection
-- Installing: /home/s/scott_spaces/decadarobotics_devspace/install/turtlebot3_gazebo/share/turtlebot3_gazebo/models/turtlebot3_autorace_2020/traffic_intersection/model.config
-- Installing: /home/s/scott_spaces/decadarobotics_devspace/install/turtlebot3_gazebo/share/turtlebot3_gazebo/models/turtlebot3_autorace_2020/traffic_intersection/materials
-- Installing: /home/s/scott_spaces/decadarobotics_devspace/install/turtlebot3_gazebo/share/turtlebot3_gazebo/models/turtlebot3_autorace_2020/traffic_intersection/materials/scripts
-- Installing: /home/s/scott_spaces/decadarobotics_devspace/install/turtlebot3_gazebo/share/turtlebot3_gazebo/models/turtlebot3_autorace_2020/traffic_intersection/materials/scripts/traffic_intersection.material
-- Installing: /home/s/scott_spaces/decadarobotics_devspace/install/turtlebot3_gazebo/share/turtlebot3_gazebo/models/turtlebot3_autorace_2020/traffic_intersection/materials/textures
-- Installing: /home/s/scott_spaces/decadarobotics_devspace/install/turtlebot3_gazebo/share/turtlebot3_gazebo/models/turtlebot3_autorace_2020/traffic_intersection/materials/textures/traffic_intersection.png
-- Installing: /home/s/scott_spaces/decadarobotics_devspace/install/turtlebot3_gazebo/share/turtlebot3_gazebo/models/turtlebot3_autorace_2020/traffic_intersection/materials/textures/traffic_intersection_white_background.png
-- Installing: /home/s/scott_spaces/decadarobotics_devspace/install/turtlebot3_gazebo/share/turtlebot3_gazebo/models/turtlebot3_autorace_2020/traffic_intersection/model.sdf
-- Installing: /home/s/scott_spaces/decadarobotics_devspace/install/turtlebot3_gazebo/share/turtlebot3_gazebo/models/turtlebot3_autorace_2020/course
-- Installing: /home/s/scott_spaces/decadarobotics_devspace/install/turtlebot3_gazebo/share/turtlebot3_gazebo/models/turtlebot3_autorace_2020/course/model.config
-- Installing: /home/s/scott_spaces/decadarobotics_devspace/install/turtlebot3_gazebo/share/turtlebot3_gazebo/models/turtlebot3_autorace_2020/course/materials
-- Installing: /home/s/scott_spaces/decadarobotics_devspace/install/turtlebot3_gazebo/share/turtlebot3_gazebo/models/turtlebot3_autorace_2020/course/materials/scripts
-- Installing: /home/s/scott_spaces/decadarobotics_devspace/install/turtlebot3_gazebo/share/turtlebot3_gazebo/models/turtlebot3_autorace_2020/course/materials/scripts/course.material
-- Installing: /home/s/scott_spaces/decadarobotics_devspace/install/turtlebot3_gazebo/share/turtlebot3_gazebo/models/turtlebot3_autorace_2020/course/materials/textures
-- Installing: /home/s/scott_spaces/decadarobotics_devspace/install/turtlebot3_gazebo/share/turtlebot3_gazebo/models/turtlebot3_autorace_2020/course/materials/textures/course.png
-- Installing: /home/s/scott_spaces/decadarobotics_devspace/install/turtlebot3_gazebo/share/turtlebot3_gazebo/models/turtlebot3_autorace_2020/course/model.sdf
-- Installing: /home/s/scott_spaces/decadarobotics_devspace/install/turtlebot3_gazebo/share/turtlebot3_gazebo/models/turtlebot3_autorace_2020/traffic_parking
-- Installing: /home/s/scott_spaces/decadarobotics_devspace/install/turtlebot3_gazebo/share/turtlebot3_gazebo/models/turtlebot3_autorace_2020/traffic_parking/model.config
-- Installing: /home/s/scott_spaces/decadarobotics_devspace/install/turtlebot3_gazebo/share/turtlebot3_gazebo/models/turtlebot3_autorace_2020/traffic_parking/materials
-- Installing: /home/s/scott_spaces/decadarobotics_devspace/install/turtlebot3_gazebo/share/turtlebot3_gazebo/models/turtlebot3_autorace_2020/traffic_parking/materials/scripts
-- Installing: /home/s/scott_spaces/decadarobotics_devspace/install/turtlebot3_gazebo/share/turtlebot3_gazebo/models/turtlebot3_autorace_2020/traffic_parking/materials/scripts/traffic_parking.material
-- Installing: /home/s/scott_spaces/decadarobotics_devspace/install/turtlebot3_gazebo/share/turtlebot3_gazebo/models/turtlebot3_autorace_2020/traffic_parking/materials/textures
-- Installing: /home/s/scott_spaces/decadarobotics_devspace/install/turtlebot3_gazebo/share/turtlebot3_gazebo/models/turtlebot3_autorace_2020/traffic_parking/materials/textures/traffic_parking_white_background.png
-- Installing: /home/s/scott_spaces/decadarobotics_devspace/install/turtlebot3_gazebo/share/turtlebot3_gazebo/models/turtlebot3_autorace_2020/traffic_parking/materials/textures/traffic_parking.png
-- Installing: /home/s/scott_spaces/decadarobotics_devspace/install/turtlebot3_gazebo/share/turtlebot3_gazebo/models/turtlebot3_autorace_2020/traffic_parking/model.sdf
-- Installing: /home/s/scott_spaces/decadarobotics_devspace/install/turtlebot3_gazebo/share/turtlebot3_gazebo/models/turtlebot3_common_meshes
-- Installing: /home/s/scott_spaces/decadarobotics_devspace/install/turtlebot3_gazebo/share/turtlebot3_gazebo/models/turtlebot3_common_meshes/waffle_base.dae
-- Installing: /home/s/scott_spaces/decadarobotics_devspace/install/turtlebot3_gazebo/share/turtlebot3_gazebo/models/turtlebot3_common_meshes/r200.dae
-- Installing: /home/s/scott_spaces/decadarobotics_devspace/install/turtlebot3_gazebo/share/turtlebot3_gazebo/models/turtlebot3_common_meshes/tire.dae
-- Installing: /home/s/scott_spaces/decadarobotics_devspace/install/turtlebot3_gazebo/share/turtlebot3_gazebo/models/turtlebot3_common_meshes/lds.dae
-- Installing: /home/s/scott_spaces/decadarobotics_devspace/install/turtlebot3_gazebo/share/turtlebot3_gazebo/models/turtlebot3_common_meshes/waffle_pi_base.dae
-- Installing: /home/s/scott_spaces/decadarobotics_devspace/install/turtlebot3_gazebo/share/turtlebot3_gazebo/models/turtlebot3_common_meshes/burger_base.dae
-- Installing: /home/s/scott_spaces/decadarobotics_devspace/install/turtlebot3_gazebo/share/turtlebot3_gazebo/models/turtlebot3_waffle
-- Installing: /home/s/scott_spaces/decadarobotics_devspace/install/turtlebot3_gazebo/share/turtlebot3_gazebo/models/turtlebot3_waffle/model.config
-- Installing: /home/s/scott_spaces/decadarobotics_devspace/install/turtlebot3_gazebo/share/turtlebot3_gazebo/models/turtlebot3_waffle/model.sdf
-- Installing: /home/s/scott_spaces/decadarobotics_devspace/install/turtlebot3_gazebo/share/turtlebot3_gazebo/models/turtlebot3_waffle/model-1_4.sdf
-- Installing: /home/s/scott_spaces/decadarobotics_devspace/install/turtlebot3_gazebo/share/turtlebot3_gazebo/models/turtlebot3_waffle_pi
-- Installing: /home/s/scott_spaces/decadarobotics_devspace/install/turtlebot3_gazebo/share/turtlebot3_gazebo/models/turtlebot3_waffle_pi/model.config
-- Installing: /home/s/scott_spaces/decadarobotics_devspace/install/turtlebot3_gazebo/share/turtlebot3_gazebo/models/turtlebot3_waffle_pi/model.sdf
-- Installing: /home/s/scott_spaces/decadarobotics_devspace/install/turtlebot3_gazebo/share/turtlebot3_gazebo/models/turtlebot3_waffle_pi/model-1_4.sdf
-- Installing: /home/s/scott_spaces/decadarobotics_devspace/install/turtlebot3_gazebo/share/turtlebot3_gazebo/rviz
-- Installing: /home/s/scott_spaces/decadarobotics_devspace/install/turtlebot3_gazebo/share/turtlebot3_gazebo/rviz/multi_turtlebot3_slam.rviz
-- Installing: /home/s/scott_spaces/decadarobotics_devspace/install/turtlebot3_gazebo/share/turtlebot3_gazebo/rviz/turtlebot3_gazebo_model.rviz
-- Installing: /home/s/scott_spaces/decadarobotics_devspace/install/turtlebot3_gazebo/share/turtlebot3_gazebo/worlds
-- Installing: /home/s/scott_spaces/decadarobotics_devspace/install/turtlebot3_gazebo/share/turtlebot3_gazebo/worlds/turtlebot3_world.world
-- Installing: /home/s/scott_spaces/decadarobotics_devspace/install/turtlebot3_gazebo/share/turtlebot3_gazebo/worlds/turtlebot3_autorace_2020.world
-- Installing: /home/s/scott_spaces/decadarobotics_devspace/install/turtlebot3_gazebo/share/turtlebot3_gazebo/worlds/turtlebot3_stage_1.world
-- Installing: /home/s/scott_spaces/decadarobotics_devspace/install/turtlebot3_gazebo/share/turtlebot3_gazebo/worlds/turtlebot3_stage_3.world
-- Installing: /home/s/scott_spaces/decadarobotics_devspace/install/turtlebot3_gazebo/share/turtlebot3_gazebo/worlds/empty.world
-- Installing: /home/s/scott_spaces/decadarobotics_devspace/install/turtlebot3_gazebo/share/turtlebot3_gazebo/worlds/turtlebot3_stage_2.world
-- Installing: /home/s/scott_spaces/decadarobotics_devspace/install/turtlebot3_gazebo/share/turtlebot3_gazebo/worlds/turtlebot3_house.world
-- Installing: /home/s/scott_spaces/decadarobotics_devspace/install/turtlebot3_gazebo/share/turtlebot3_gazebo/worlds/turtlebot3_stage_4.world
-- Installing: /home/s/scott_spaces/decadarobotics_devspace/install/turtlebot3_gazebo/share/turtlebot3_gazebo/worlds/turtlebot3_autorace.world
