[0.036s] Invoking command in '/home/s/scott_spaces/decadarobotics_devspace/build/turtlebot3_gazebo': CMAKE_PREFIX_PATH=/home/s/scott_spaces/decadarobotics_devspace/install/turtlebot3_description:${CMAKE_PREFIX_PATH} PKG_CONFIG_PATH=/home/s/scott_spaces/decadarobotics_devspace/install/turtlebot3_description/lib/x86_64-linux-gnu/pkgconfig:/home/s/scott_spaces/decadarobotics_devspace/install/turtlebot3_description/lib/pkgconfig:${PKG_CONFIG_PATH} ROS_PACKAGE_PATH=/home/s/scott_spaces/decadarobotics_devspace/install/turtlebot3_description/share:${ROS_PACKAGE_PATH} /usr/bin/cmake /home/s/scott_spaces/decadarobotics_devspace/src/turtlebot3_simulations/turtlebot3_gazebo -DCMAKE_BUILD_TYPE=Release -DCATKIN_INSTALL_INTO_PREFIX_ROOT=0 -DCMAKE_INSTALL_PREFIX=/home/s/scott_spaces/decadarobotics_devspace/install/turtlebot3_gazebo
[0.119s] -- The C compiler identification is GNU 9.3.0
[0.212s] -- The CXX compiler identification is GNU 9.3.0
[0.228s] -- Check for working C compiler: /usr/bin/cc
[0.317s] -- Check for working C compiler: /usr/bin/cc -- works
[0.317s] -- Detecting C compiler ABI info
[0.411s] -- Detecting C compiler ABI info - done
[0.428s] -- Detecting C compile features
[0.429s] -- Detecting C compile features - done
[0.434s] -- Check for working CXX compiler: /usr/bin/c++
[0.549s] -- Check for working CXX compiler: /usr/bin/c++ -- works
[0.550s] -- Detecting CXX compiler ABI info
[0.651s] -- Detecting CXX compiler ABI info - done
[0.668s] -- Detecting CXX compile features
[0.668s] -- Detecting CXX compile features - done
[0.671s] -- Using CATKIN_DEVEL_PREFIX: /home/s/scott_spaces/decadarobotics_devspace/build/turtlebot3_gazebo/devel
[0.671s] -- Using CMAKE_PREFIX_PATH: /home/s/scott_spaces/decadarobotics_devspace/install/turtlebot3_description;/opt/ros/noetic
[0.671s] -- This workspace overlays: /home/s/scott_spaces/decadarobotics_devspace/install/turtlebot3_description;/opt/ros/noetic
[0.696s] -- Found PythonInterp: /usr/bin/python3 (found suitable version "3.8.5", minimum required is "3") 
[0.696s] -- Using PYTHON_EXECUTABLE: /usr/bin/python3
[0.696s] -- Using Debian Python package layout
[0.732s] -- Found PY_em: /usr/lib/python3/dist-packages/em.py  
[0.732s] -- Using empy: /usr/lib/python3/dist-packages/em.py
[0.879s] -- Using CATKIN_ENABLE_TESTING: ON
[0.879s] -- Call enable_testing()
[0.881s] -- Using CATKIN_TEST_RESULTS_DIR: /home/s/scott_spaces/decadarobotics_devspace/build/turtlebot3_gazebo/test_results
[1.269s] -- Forcing gtest/gmock from source, though one was otherwise available.
[1.269s] -- Found gtest sources under '/usr/src/googletest': gtests will be built
[1.269s] -- Found gmock sources under '/usr/src/googletest': gmock will be built
[1.297s] -- Found PythonInterp: /usr/bin/python3 (found version "3.8.5") 
[1.300s] -- Found Threads: TRUE  
[1.305s] -- Using Python nosetests: /usr/bin/nosetests3
[1.376s] -- catkin 0.8.10
[1.376s] -- BUILD_SHARED_LIBS is on
[1.644s] -- Using these message generators: gencpp;geneus;genlisp;gennodejs;genpy
[1.884s] -- Found PkgConfig: /usr/bin/pkg-config (found version "0.29.1") 
[1.887s] -- Checking for module 'bullet>=2.82'
[1.908s] --   Found bullet, version 2.88
[2.112s] -- Found ccd: /usr/include (found suitable version "2.0", minimum required is "2.0") 
[2.321s] -- Found fcl: /opt/ros/noetic/include (found suitable version "0.6.1", minimum required is "0.3.2") 
[2.521s] -- Found assimp: /usr/include (found version "5.0.0") 
[2.571s] -- Found DART: /usr/include (Required is at least version "6.6") found components: dart 
[2.647s] -- Found Boost: /usr/lib/x86_64-linux-gnu/cmake/Boost-1.71.0/BoostConfig.cmake (found suitable version "1.71.0", minimum required is "1.40.0") found components: thread system filesystem program_options regex iostreams date_time 
[2.717s] -- Found Protobuf: /usr/lib/x86_64-linux-gnu/libprotobuf.so;-lpthread (found version "3.6.1") 
[2.723s] -- Looking for ignition-math6 -- found version 6.8.0
[2.739s] -- Searching for dependencies of ignition-math6
[2.741s] -- Looking for OGRE...
[2.747s] -- OGRE_PREFIX_WATCH changed.
[2.757s] -- Checking for module 'OGRE'
[2.831s] --   Found OGRE, version 1.9.0
[2.984s] -- Found Ogre Ghadamon (1.9.0)
[3.017s] -- Found OGRE: optimized;/usr/lib/x86_64-linux-gnu/libOgreMain.so;debug;/usr/lib/x86_64-linux-gnu/libOgreMain.so
[3.051s] -- Looking for OGRE_Paging...
[3.083s] -- Found OGRE_Paging: optimized;/usr/lib/x86_64-linux-gnu/libOgrePaging.so;debug;/usr/lib/x86_64-linux-gnu/libOgrePaging.so
[3.083s] -- Looking for OGRE_Terrain...
[3.111s] -- Found OGRE_Terrain: optimized;/usr/lib/x86_64-linux-gnu/libOgreTerrain.so;debug;/usr/lib/x86_64-linux-gnu/libOgreTerrain.so
[3.112s] -- Looking for OGRE_Property...
[3.147s] -- Found OGRE_Property: optimized;/usr/lib/x86_64-linux-gnu/libOgreProperty.so;debug;/usr/lib/x86_64-linux-gnu/libOgreProperty.so
[3.147s] -- Looking for OGRE_RTShaderSystem...
[3.170s] -- Found OGRE_RTShaderSystem: optimized;/usr/lib/x86_64-linux-gnu/libOgreRTShaderSystem.so;debug;/usr/lib/x86_64-linux-gnu/libOgreRTShaderSystem.so
[3.170s] -- Looking for OGRE_Volume...
[3.203s] -- Found OGRE_Volume: optimized;/usr/lib/x86_64-linux-gnu/libOgreVolume.so;debug;/usr/lib/x86_64-linux-gnu/libOgreVolume.so
[3.203s] -- Looking for OGRE_Overlay...
[3.230s] -- Found OGRE_Overlay: optimized;/usr/lib/x86_64-linux-gnu/libOgreOverlay.so;debug;/usr/lib/x86_64-linux-gnu/libOgreOverlay.so
[3.793s] -- Looking for ignition-math6 -- found version 6.8.0
[3.795s] -- Looking for ignition-transport8 -- found version 8.2.0
[3.796s] -- Searching for dependencies of ignition-transport8
[3.840s] -- Found Protobuf: /usr/lib/x86_64-linux-gnu/libprotobuf.so;-lpthread (found suitable version "3.6.1", minimum required is "3") 
[3.861s] -- Config-file not installed for ZeroMQ -- checking for pkg-config
[3.874s] -- Checking for module 'libzmq >= 4'
[3.929s] --   Found libzmq , version 4.3.2
[4.108s] -- Found ZeroMQ: TRUE (Required is at least version "4") 
[4.122s] -- Checking for module 'uuid'
[4.185s] --   Found uuid, version 2.34.0
[4.293s] -- Found UUID: TRUE  
[4.296s] -- Looking for ignition-msgs5 -- found version 5.7.0
[4.307s] -- Searching for dependencies of ignition-msgs5
[4.345s] -- Looking for ignition-math6 -- found version 6.8.0
[4.357s] -- Checking for module 'tinyxml2'
[4.416s] --   Found tinyxml2, version 6.2.0
[4.592s] -- Looking for ignition-msgs5 -- found version 5.7.0
[4.594s] -- Looking for ignition-common3 -- found version 3.13.2
[4.595s] -- Searching for dependencies of ignition-common3
[4.595s] -- Looking for dlfcn.h - found
[4.597s] -- Looking for libdl - found
[4.600s] -- Found DL: TRUE  
[4.617s] -- Searching for <ignition-common3> component [graphics]
[4.620s] -- Looking for ignition-common3-graphics -- found version 3.13.2
[4.621s] -- Searching for dependencies of ignition-common3-graphics
[4.621s] -- Looking for ignition-math6 -- found version 6.8.0
[4.631s] -- Looking for ignition-fuel_tools4 -- found version 4.3.0
[4.632s] -- Searching for dependencies of ignition-fuel_tools4
[4.872s] -- Found CURL: /usr/lib/x86_64-linux-gnu/libcurl.so (found version "7.68.0")  
[4.900s] -- Checking for module 'jsoncpp'
[4.955s] --   Found jsoncpp, version 1.7.4
[5.128s] -- Found JSONCPP: TRUE  
[5.164s] -- Checking for module 'yaml-0.1'
[5.227s] --   Found yaml-0.1, version 0.2.2
[5.395s] -- Found YAML: TRUE  
[5.407s] -- Checking for module 'libzip'
[5.511s] --   Found libzip, version 1.5.1
[5.741s] -- Found ZIP: TRUE  
[5.742s] -- Looking for ignition-common3 -- found version 3.13.2
[5.743s] -- Looking for ignition-msgs5 -- found version 5.7.0
[5.897s] CMake Warning at /opt/ros/noetic/share/catkin/cmake/catkin_package.cmake:166 (message):
[5.897s]   catkin_package() DEPENDS on 'gazebo' but neither 'gazebo_INCLUDE_DIRS' nor
[5.897s]   'gazebo_LIBRARIES' is defined.
[5.897s] Call Stack (most recent call first):
[5.897s]   /opt/ros/noetic/share/catkin/cmake/catkin_package.cmake:102 (_catkin_package)
[5.897s]   CMakeLists.txt:40 (catkin_package)
[5.897s] 
[5.897s] 
[6.235s] -- Configuring done
[6.384s] -- Generating done
[6.401s] -- Build files have been written to: /home/s/scott_spaces/decadarobotics_devspace/build/turtlebot3_gazebo
[6.434s] Invoked command in '/home/s/scott_spaces/decadarobotics_devspace/build/turtlebot3_gazebo' returned '0': CMAKE_PREFIX_PATH=/home/s/scott_spaces/decadarobotics_devspace/install/turtlebot3_description:${CMAKE_PREFIX_PATH} PKG_CONFIG_PATH=/home/s/scott_spaces/decadarobotics_devspace/install/turtlebot3_description/lib/x86_64-linux-gnu/pkgconfig:/home/s/scott_spaces/decadarobotics_devspace/install/turtlebot3_description/lib/pkgconfig:${PKG_CONFIG_PATH} ROS_PACKAGE_PATH=/home/s/scott_spaces/decadarobotics_devspace/install/turtlebot3_description/share:${ROS_PACKAGE_PATH} /usr/bin/cmake /home/s/scott_spaces/decadarobotics_devspace/src/turtlebot3_simulations/turtlebot3_gazebo -DCMAKE_BUILD_TYPE=Release -DCATKIN_INSTALL_INTO_PREFIX_ROOT=0 -DCMAKE_INSTALL_PREFIX=/home/s/scott_spaces/decadarobotics_devspace/install/turtlebot3_gazebo
[6.435s] Invoking command in '/home/s/scott_spaces/decadarobotics_devspace/build/turtlebot3_gazebo': CMAKE_PREFIX_PATH=/home/s/scott_spaces/decadarobotics_devspace/install/turtlebot3_description:${CMAKE_PREFIX_PATH} PKG_CONFIG_PATH=/home/s/scott_spaces/decadarobotics_devspace/install/turtlebot3_description/lib/x86_64-linux-gnu/pkgconfig:/home/s/scott_spaces/decadarobotics_devspace/install/turtlebot3_description/lib/pkgconfig:${PKG_CONFIG_PATH} ROS_PACKAGE_PATH=/home/s/scott_spaces/decadarobotics_devspace/install/turtlebot3_description/share:${ROS_PACKAGE_PATH} /usr/bin/cmake --build /home/s/scott_spaces/decadarobotics_devspace/build/turtlebot3_gazebo -- -j4 -l4
[6.509s] [35m[1mScanning dependencies of target std_srvs_generate_messages_lisp[0m
[6.534s] [  0%] Built target std_srvs_generate_messages_lisp
[6.543s] [35m[1mScanning dependencies of target trajectory_msgs_generate_messages_nodejs[0m
[6.544s] [35m[1mScanning dependencies of target trajectory_msgs_generate_messages_cpp[0m
[6.551s] [35m[1mScanning dependencies of target trajectory_msgs_generate_messages_lisp[0m
[6.578s] [35m[1mScanning dependencies of target gazebo_msgs_generate_messages_py[0m
[6.580s] [  0%] Built target trajectory_msgs_generate_messages_cpp
[6.591s] [  0%] Built target gazebo_msgs_generate_messages_py
[6.595s] [  0%] Built target trajectory_msgs_generate_messages_lisp
[6.608s] [  0%] Built target trajectory_msgs_generate_messages_nodejs
[6.625s] [35m[1mScanning dependencies of target gazebo_msgs_generate_messages_nodejs[0m
[6.655s] [35m[1mScanning dependencies of target gazebo_msgs_generate_messages_cpp[0m
[6.689s] [35m[1mScanning dependencies of target dynamic_reconfigure_gencfg[0m
[6.703s] [35m[1mScanning dependencies of target dynamic_reconfigure_generate_messages_cpp[0m
[6.706s] [  0%] Built target gazebo_msgs_generate_messages_nodejs
[6.712s] [  0%] Built target gazebo_msgs_generate_messages_cpp
[6.726s] [  0%] Built target dynamic_reconfigure_gencfg
[6.739s] [  0%] Built target dynamic_reconfigure_generate_messages_cpp
[6.751s] [35m[1mScanning dependencies of target std_srvs_generate_messages_nodejs[0m
[6.751s] [35m[1mScanning dependencies of target std_msgs_generate_messages_py[0m
[6.757s] [35m[1mScanning dependencies of target geometry_msgs_generate_messages_eus[0m
[6.779s] [35m[1mScanning dependencies of target std_msgs_generate_messages_nodejs[0m
[6.790s] [  0%] Built target std_msgs_generate_messages_py
[6.825s] [  0%] Built target std_srvs_generate_messages_nodejs
[6.827s] [35m[1mScanning dependencies of target std_msgs_generate_messages_cpp[0m
[6.843s] [  0%] Built target std_msgs_generate_messages_nodejs
[6.847s] [  0%] Built target geometry_msgs_generate_messages_eus
[6.862s] [35m[1mScanning dependencies of target dynamic_reconfigure_generate_messages_lisp[0m
[6.867s] [35m[1mScanning dependencies of target rosgraph_msgs_generate_messages_nodejs[0m
[6.869s] [  0%] Built target std_msgs_generate_messages_cpp
[6.889s] [  0%] Built target rosgraph_msgs_generate_messages_nodejs
[6.895s] [35m[1mScanning dependencies of target tf2_msgs_generate_messages_cpp[0m
[6.905s] [  0%] Built target dynamic_reconfigure_generate_messages_lisp
[6.908s] [35m[1mScanning dependencies of target actionlib_msgs_generate_messages_py[0m
[6.926s] [35m[1mScanning dependencies of target roscpp_generate_messages_lisp[0m
[6.939s] [  0%] Built target actionlib_msgs_generate_messages_py
[6.943s] [35m[1mScanning dependencies of target actionlib_generate_messages_cpp[0m
[6.956s] [  0%] Built target tf2_msgs_generate_messages_cpp
[6.975s] [  0%] Built target roscpp_generate_messages_lisp
[6.976s] [35m[1mScanning dependencies of target std_msgs_generate_messages_lisp[0m
[6.989s] [35m[1mScanning dependencies of target actionlib_generate_messages_lisp[0m
[6.991s] [  0%] Built target actionlib_generate_messages_cpp
[7.012s] [  0%] Built target std_msgs_generate_messages_lisp
[7.025s] [35m[1mScanning dependencies of target std_srvs_generate_messages_cpp[0m
[7.039s] [  0%] Built target actionlib_generate_messages_lisp
[7.043s] [  0%] Built target std_srvs_generate_messages_cpp
[7.057s] [35m[1mScanning dependencies of target rosgraph_msgs_generate_messages_lisp[0m
[7.073s] [35m[1mScanning dependencies of target tf_generate_messages_eus[0m
[7.073s] [35m[1mScanning dependencies of target sensor_msgs_generate_messages_cpp[0m
[7.090s] [35m[1mScanning dependencies of target nav_msgs_generate_messages_nodejs[0m
[7.125s] [  0%] Built target rosgraph_msgs_generate_messages_lisp
[7.133s] [  0%] Built target sensor_msgs_generate_messages_cpp
[7.135s] [  0%] Built target tf_generate_messages_eus
[7.148s] [  0%] Built target nav_msgs_generate_messages_nodejs
[7.157s] [35m[1mScanning dependencies of target actionlib_msgs_generate_messages_eus[0m
[7.172s] [  0%] Built target actionlib_msgs_generate_messages_eus
[7.178s] [35m[1mScanning dependencies of target rosgraph_msgs_generate_messages_py[0m
[7.178s] [35m[1mScanning dependencies of target roscpp_generate_messages_cpp[0m
[7.189s] [35m[1mScanning dependencies of target trajectory_msgs_generate_messages_eus[0m
[7.202s] [35m[1mScanning dependencies of target dynamic_reconfigure_generate_messages_py[0m
[7.202s] [  0%] Built target rosgraph_msgs_generate_messages_py
[7.212s] [  0%] Built target roscpp_generate_messages_cpp
[7.231s] [  0%] Built target trajectory_msgs_generate_messages_eus
[7.231s] [35m[1mScanning dependencies of target roscpp_generate_messages_py[0m
[7.245s] [  0%] Built target dynamic_reconfigure_generate_messages_py
[7.257s] [35m[1mScanning dependencies of target sensor_msgs_generate_messages_nodejs[0m
[7.268s] [35m[1mScanning dependencies of target sensor_msgs_generate_messages_eus[0m
[7.303s] [  0%] Built target roscpp_generate_messages_py
[7.339s] [  0%] Built target sensor_msgs_generate_messages_nodejs
[7.354s] [  0%] Built target sensor_msgs_generate_messages_eus
[7.379s] [35m[1mScanning dependencies of target sensor_msgs_generate_messages_lisp[0m
[7.390s] [35m[1mScanning dependencies of target gazebo_msgs_generate_messages_eus[0m
[7.399s] [35m[1mScanning dependencies of target roscpp_generate_messages_eus[0m
[7.403s] [  0%] Built target sensor_msgs_generate_messages_lisp
[7.413s] [  0%] Built target gazebo_msgs_generate_messages_eus
[7.420s] [35m[1mScanning dependencies of target dynamic_reconfigure_generate_messages_eus[0m
[7.433s] [  0%] Built target roscpp_generate_messages_eus
[7.441s] [35m[1mScanning dependencies of target geometry_msgs_generate_messages_cpp[0m
[7.474s] [35m[1mScanning dependencies of target gazebo_msgs_generate_messages_lisp[0m
[7.475s] [  0%] Built target dynamic_reconfigure_generate_messages_eus
[7.483s] [35m[1mScanning dependencies of target geometry_msgs_generate_messages_nodejs[0m
[7.483s] [  0%] Built target geometry_msgs_generate_messages_cpp
[7.504s] [35m[1mScanning dependencies of target tf2_msgs_generate_messages_py[0m
[7.516s] [  0%] Built target gazebo_msgs_generate_messages_lisp
[7.516s] [  0%] Built target geometry_msgs_generate_messages_nodejs
[7.527s] [35m[1mScanning dependencies of target dynamic_reconfigure_generate_messages_nodejs[0m
[7.528s] [  0%] Built target tf2_msgs_generate_messages_py
[7.541s] [35m[1mScanning dependencies of target tf2_msgs_generate_messages_eus[0m
[7.542s] [35m[1mScanning dependencies of target sensor_msgs_generate_messages_py[0m
[7.560s] [  0%] Built target dynamic_reconfigure_generate_messages_nodejs
[7.573s] [35m[1mScanning dependencies of target geometry_msgs_generate_messages_lisp[0m
[7.601s] [  0%] Built target tf2_msgs_generate_messages_eus
[7.639s] [35m[1mScanning dependencies of target tf_generate_messages_cpp[0m
[7.641s] [  0%] Built target geometry_msgs_generate_messages_lisp
[7.649s] [  0%] Built target sensor_msgs_generate_messages_py
[7.679s] [35m[1mScanning dependencies of target roscpp_generate_messages_nodejs[0m
[7.699s] [  0%] Built target tf_generate_messages_cpp
[7.717s] [35m[1mScanning dependencies of target std_srvs_generate_messages_py[0m
[7.724s] [35m[1mScanning dependencies of target rosgraph_msgs_generate_messages_eus[0m
[7.748s] [35m[1mScanning dependencies of target nav_msgs_generate_messages_cpp[0m
[7.750s] [  0%] Built target roscpp_generate_messages_nodejs
[7.766s] [  0%] Built target std_srvs_generate_messages_py
[7.776s] [  0%] Built target rosgraph_msgs_generate_messages_eus
[7.795s] [  0%] Built target nav_msgs_generate_messages_cpp
[7.805s] [35m[1mScanning dependencies of target nav_msgs_generate_messages_eus[0m
[7.820s] [35m[1mScanning dependencies of target nav_msgs_generate_messages_lisp[0m
[7.827s] [35m[1mScanning dependencies of target actionlib_msgs_generate_messages_cpp[0m
[7.841s] [35m[1mScanning dependencies of target trajectory_msgs_generate_messages_py[0m
[7.855s] [  0%] Built target nav_msgs_generate_messages_eus
[7.863s] [  0%] Built target trajectory_msgs_generate_messages_py
[7.875s] [35m[1mScanning dependencies of target actionlib_generate_messages_eus[0m
[7.879s] [  0%] Built target nav_msgs_generate_messages_lisp
[7.887s] [  0%] Built target actionlib_msgs_generate_messages_cpp
[7.898s] [  0%] Built target actionlib_generate_messages_eus
[7.915s] [35m[1mScanning dependencies of target tf_generate_messages_py[0m
[7.915s] [35m[1mScanning dependencies of target rosgraph_msgs_generate_messages_cpp[0m
[7.931s] [35m[1mScanning dependencies of target std_msgs_generate_messages_eus[0m
[7.941s] [35m[1mScanning dependencies of target actionlib_msgs_generate_messages_lisp[0m
[7.974s] [  0%] Built target rosgraph_msgs_generate_messages_cpp
[7.983s] [  0%] Built target tf_generate_messages_py
[8.007s] [  0%] Built target std_msgs_generate_messages_eus
[8.011s] [  0%] Built target actionlib_msgs_generate_messages_lisp
[8.036s] [35m[1mScanning dependencies of target actionlib_generate_messages_py[0m
[8.040s] [35m[1mScanning dependencies of target nav_msgs_generate_messages_py[0m
[8.047s] [35m[1mScanning dependencies of target actionlib_msgs_generate_messages_nodejs[0m
[8.060s] [  0%] Built target actionlib_generate_messages_py
[8.060s] [35m[1mScanning dependencies of target tf_generate_messages_lisp[0m
[8.079s] [  0%] Built target nav_msgs_generate_messages_py
[8.082s] [  0%] Built target actionlib_msgs_generate_messages_nodejs
[8.091s] [  0%] Built target tf_generate_messages_lisp
[8.102s] [35m[1mScanning dependencies of target actionlib_generate_messages_nodejs[0m
[8.115s] [35m[1mScanning dependencies of target tf_generate_messages_nodejs[0m
[8.117s] [  0%] Built target actionlib_generate_messages_nodejs
[8.143s] [35m[1mScanning dependencies of target tf2_msgs_generate_messages_lisp[0m
[8.148s] [35m[1mScanning dependencies of target tf2_msgs_generate_messages_nodejs[0m
[8.181s] [  0%] Built target tf_generate_messages_nodejs
[8.182s] [  0%] Built target tf2_msgs_generate_messages_lisp
[8.199s] [35m[1mScanning dependencies of target geometry_msgs_generate_messages_py[0m
[8.203s] [  0%] Built target tf2_msgs_generate_messages_nodejs
[8.203s] [35m[1mScanning dependencies of target std_srvs_generate_messages_eus[0m
[8.214s] [35m[1mScanning dependencies of target gazebo_ros_gencfg[0m
[8.236s] [  0%] Built target geometry_msgs_generate_messages_py
[8.277s] [  0%] Built target std_srvs_generate_messages_eus
[8.289s] [  0%] Built target gazebo_ros_gencfg
[8.324s] [35m[1mScanning dependencies of target turtlebot3_drive[0m
[8.464s] [ 50%] [32mBuilding CXX object CMakeFiles/turtlebot3_drive.dir/src/turtlebot3_drive.cpp.o[0m
[14.871s] [100%] [32m[1mLinking CXX executable devel/lib/turtlebot3_gazebo/turtlebot3_drive[0m
[15.431s] [100%] Built target turtlebot3_drive
[15.448s] Invoked command in '/home/s/scott_spaces/decadarobotics_devspace/build/turtlebot3_gazebo' returned '0': CMAKE_PREFIX_PATH=/home/s/scott_spaces/decadarobotics_devspace/install/turtlebot3_description:${CMAKE_PREFIX_PATH} PKG_CONFIG_PATH=/home/s/scott_spaces/decadarobotics_devspace/install/turtlebot3_description/lib/x86_64-linux-gnu/pkgconfig:/home/s/scott_spaces/decadarobotics_devspace/install/turtlebot3_description/lib/pkgconfig:${PKG_CONFIG_PATH} ROS_PACKAGE_PATH=/home/s/scott_spaces/decadarobotics_devspace/install/turtlebot3_description/share:${ROS_PACKAGE_PATH} /usr/bin/cmake --build /home/s/scott_spaces/decadarobotics_devspace/build/turtlebot3_gazebo -- -j4 -l4
[16.102s] Invoking command in '/home/s/scott_spaces/decadarobotics_devspace/build/turtlebot3_gazebo': CMAKE_PREFIX_PATH=/home/s/scott_spaces/decadarobotics_devspace/install/turtlebot3_description:${CMAKE_PREFIX_PATH} PKG_CONFIG_PATH=/home/s/scott_spaces/decadarobotics_devspace/install/turtlebot3_description/lib/x86_64-linux-gnu/pkgconfig:/home/s/scott_spaces/decadarobotics_devspace/install/turtlebot3_description/lib/pkgconfig:${PKG_CONFIG_PATH} ROS_PACKAGE_PATH=/home/s/scott_spaces/decadarobotics_devspace/install/turtlebot3_description/share:${ROS_PACKAGE_PATH} /usr/bin/cmake --build /home/s/scott_spaces/decadarobotics_devspace/build/turtlebot3_gazebo --target tests -- -j4 -l4
[16.243s] [35m[1mScanning dependencies of target tests[0m
[16.281s] Built target tests
[16.301s] Invoked command in '/home/s/scott_spaces/decadarobotics_devspace/build/turtlebot3_gazebo' returned '0': CMAKE_PREFIX_PATH=/home/s/scott_spaces/decadarobotics_devspace/install/turtlebot3_description:${CMAKE_PREFIX_PATH} PKG_CONFIG_PATH=/home/s/scott_spaces/decadarobotics_devspace/install/turtlebot3_description/lib/x86_64-linux-gnu/pkgconfig:/home/s/scott_spaces/decadarobotics_devspace/install/turtlebot3_description/lib/pkgconfig:${PKG_CONFIG_PATH} ROS_PACKAGE_PATH=/home/s/scott_spaces/decadarobotics_devspace/install/turtlebot3_description/share:${ROS_PACKAGE_PATH} /usr/bin/cmake --build /home/s/scott_spaces/decadarobotics_devspace/build/turtlebot3_gazebo --target tests -- -j4 -l4
[16.656s] Invoking command in '/home/s/scott_spaces/decadarobotics_devspace/build/turtlebot3_gazebo': CMAKE_PREFIX_PATH=/home/s/scott_spaces/decadarobotics_devspace/install/turtlebot3_description:${CMAKE_PREFIX_PATH} PKG_CONFIG_PATH=/home/s/scott_spaces/decadarobotics_devspace/install/turtlebot3_description/lib/x86_64-linux-gnu/pkgconfig:/home/s/scott_spaces/decadarobotics_devspace/install/turtlebot3_description/lib/pkgconfig:${PKG_CONFIG_PATH} ROS_PACKAGE_PATH=/home/s/scott_spaces/decadarobotics_devspace/install/turtlebot3_description/share:${ROS_PACKAGE_PATH} /usr/bin/cmake --install /home/s/scott_spaces/decadarobotics_devspace/build/turtlebot3_gazebo
[16.681s] -- Install configuration: "Release"
[16.681s] -- Installing: /home/s/scott_spaces/decadarobotics_devspace/install/turtlebot3_gazebo/lib/pkgconfig/turtlebot3_gazebo.pc
[16.681s] -- Installing: /home/s/scott_spaces/decadarobotics_devspace/install/turtlebot3_gazebo/share/turtlebot3_gazebo/cmake/turtlebot3_gazeboConfig.cmake
[16.681s] -- Installing: /home/s/scott_spaces/decadarobotics_devspace/install/turtlebot3_gazebo/share/turtlebot3_gazebo/cmake/turtlebot3_gazeboConfig-version.cmake
[16.681s] -- Installing: /home/s/scott_spaces/decadarobotics_devspace/install/turtlebot3_gazebo/share/turtlebot3_gazebo/package.xml
[16.681s] -- Installing: /home/s/scott_spaces/decadarobotics_devspace/install/turtlebot3_gazebo/lib/turtlebot3_gazebo/turtlebot3_drive
[16.682s] -- Set runtime path of "/home/s/scott_spaces/decadarobotics_devspace/install/turtlebot3_gazebo/lib/turtlebot3_gazebo/turtlebot3_drive" to ""
[16.682s] -- Installing: /home/s/scott_spaces/decadarobotics_devspace/install/turtlebot3_gazebo/include/turtlebot3_gazebo
[16.682s] -- Installing: /home/s/scott_spaces/decadarobotics_devspace/install/turtlebot3_gazebo/include/turtlebot3_gazebo/turtlebot3_drive.h
[16.682s] -- Installing: /home/s/scott_spaces/decadarobotics_devspace/install/turtlebot3_gazebo/share/turtlebot3_gazebo/launch
[16.687s] -- Installing: /home/s/scott_spaces/decadarobotics_devspace/install/turtlebot3_gazebo/share/turtlebot3_gazebo/launch/turtlebot3_stage_1.launch
[16.687s] -- Installing: /home/s/scott_spaces/decadarobotics_devspace/install/turtlebot3_gazebo/share/turtlebot3_gazebo/launch/multi_turtlebot3_slam.launch
[16.687s] -- Installing: /home/s/scott_spaces/decadarobotics_devspace/install/turtlebot3_gazebo/share/turtlebot3_gazebo/launch/turtlebot3_empty_world.launch
[16.687s] -- Installing: /home/s/scott_spaces/decadarobotics_devspace/install/turtlebot3_gazebo/share/turtlebot3_gazebo/launch/turtlebot3_world.launch
[16.687s] -- Installing: /home/s/scott_spaces/decadarobotics_devspace/install/turtlebot3_gazebo/share/turtlebot3_gazebo/launch/turtlebot3_simulation.launch
[16.687s] -- Installing: /home/s/scott_spaces/decadarobotics_devspace/install/turtlebot3_gazebo/share/turtlebot3_gazebo/launch/turtlebot3_stage_2.launch
[16.687s] -- Installing: /home/s/scott_spaces/decadarobotics_devspace/install/turtlebot3_gazebo/share/turtlebot3_gazebo/launch/turtlebot3_autorace.launch
[16.687s] -- Installing: /home/s/scott_spaces/decadarobotics_devspace/install/turtlebot3_gazebo/share/turtlebot3_gazebo/launch/turtlebot3_stage_3.launch
[16.687s] -- Installing: /home/s/scott_spaces/decadarobotics_devspace/install/turtlebot3_gazebo/share/turtlebot3_gazebo/launch/turtlebot3_autorace_2020.launch
[16.687s] -- Installing: /home/s/scott_spaces/decadarobotics_devspace/install/turtlebot3_gazebo/share/turtlebot3_gazebo/launch/turtlebot3_gazebo_rviz.launch
[16.688s] -- Installing: /home/s/scott_spaces/decadarobotics_devspace/install/turtlebot3_gazebo/share/turtlebot3_gazebo/launch/multi_turtlebot3.launch
[16.688s] -- Installing: /home/s/scott_spaces/decadarobotics_devspace/install/turtlebot3_gazebo/share/turtlebot3_gazebo/launch/turtlebot3_house.launch
[16.688s] -- Installing: /home/s/scott_spaces/decadarobotics_devspace/install/turtlebot3_gazebo/share/turtlebot3_gazebo/launch/turtlebot3_autorace_mission.launch
[16.688s] -- Installing: /home/s/scott_spaces/decadarobotics_devspace/install/turtlebot3_gazebo/share/turtlebot3_gazebo/launch/multi_map_merge.launch
[16.688s] -- Installing: /home/s/scott_spaces/decadarobotics_devspace/install/turtlebot3_gazebo/share/turtlebot3_gazebo/launch/turtlebot3_stage_4.launch
[16.688s] -- Installing: /home/s/scott_spaces/decadarobotics_devspace/install/turtlebot3_gazebo/share/turtlebot3_gazebo/models
[16.688s] -- Installing: /home/s/scott_spaces/decadarobotics_devspace/install/turtlebot3_gazebo/share/turtlebot3_gazebo/models/turtlebot3_plaza
[16.688s] -- Installing: /home/s/scott_spaces/decadarobotics_devspace/install/turtlebot3_gazebo/share/turtlebot3_gazebo/models/turtlebot3_plaza/model.config
[16.688s] -- Installing: /home/s/scott_spaces/decadarobotics_devspace/install/turtlebot3_gazebo/share/turtlebot3_gazebo/models/turtlebot3_plaza/goal_box
[16.688s] -- Installing: /home/s/scott_spaces/decadarobotics_devspace/install/turtlebot3_gazebo/share/turtlebot3_gazebo/models/turtlebot3_plaza/goal_box/model.config
[16.688s] -- Installing: /home/s/scott_spaces/decadarobotics_devspace/install/turtlebot3_gazebo/share/turtlebot3_gazebo/models/turtlebot3_plaza/goal_box/model.sdf
[16.688s] -- Installing: /home/s/scott_spaces/decadarobotics_devspace/install/turtlebot3_gazebo/share/turtlebot3_gazebo/models/turtlebot3_plaza/model.sdf
[16.689s] -- Installing: /home/s/scott_spaces/decadarobotics_devspace/install/turtlebot3_gazebo/share/turtlebot3_gazebo/models/turtlebot3_world
[16.689s] -- Installing: /home/s/scott_spaces/decadarobotics_devspace/install/turtlebot3_gazebo/share/turtlebot3_gazebo/models/turtlebot3_world/model.config
[16.689s] -- Installing: /home/s/scott_spaces/decadarobotics_devspace/install/turtlebot3_gazebo/share/turtlebot3_gazebo/models/turtlebot3_world/meshes
[16.689s] -- Installing: /home/s/scott_spaces/decadarobotics_devspace/install/turtlebot3_gazebo/share/turtlebot3_gazebo/models/turtlebot3_world/meshes/hexagon.dae
[16.689s] -- Installing: /home/s/scott_spaces/decadarobotics_devspace/install/turtlebot3_gazebo/share/turtlebot3_gazebo/models/turtlebot3_world/meshes/wall.dae
[16.689s] -- Installing: /home/s/scott_spaces/decadarobotics_devspace/install/turtlebot3_gazebo/share/turtlebot3_gazebo/models/turtlebot3_world/model.sdf
[16.689s] -- Installing: /home/s/scott_spaces/decadarobotics_devspace/install/turtlebot3_gazebo/share/turtlebot3_gazebo/models/turtlebot3_world/model-1_4.sdf
[16.689s] -- Installing: /home/s/scott_spaces/decadarobotics_devspace/install/turtlebot3_gazebo/share/turtlebot3_gazebo/models/turtlebot3_square
[16.689s] -- Installing: /home/s/scott_spaces/decadarobotics_devspace/install/turtlebot3_gazebo/share/turtlebot3_gazebo/models/turtlebot3_square/model.config
[16.689s] -- Installing: /home/s/scott_spaces/decadarobotics_devspace/install/turtlebot3_gazebo/share/turtlebot3_gazebo/models/turtlebot3_square/goal_box
[16.689s] -- Installing: /home/s/scott_spaces/decadarobotics_devspace/install/turtlebot3_gazebo/share/turtlebot3_gazebo/models/turtlebot3_square/goal_box/model.config
[16.689s] -- Installing: /home/s/scott_spaces/decadarobotics_devspace/install/turtlebot3_gazebo/share/turtlebot3_gazebo/models/turtlebot3_square/goal_box/model.sdf
[16.689s] -- Installing: /home/s/scott_spaces/decadarobotics_devspace/install/turtlebot3_gazebo/share/turtlebot3_gazebo/models/turtlebot3_square/model.sdf
[16.690s] -- Installing: /home/s/scott_spaces/decadarobotics_devspace/install/turtlebot3_gazebo/share/turtlebot3_gazebo/models/turtlebot3_house
[16.690s] -- Installing: /home/s/scott_spaces/decadarobotics_devspace/install/turtlebot3_gazebo/share/turtlebot3_gazebo/models/turtlebot3_house/model.config
[16.690s] -- Installing: /home/s/scott_spaces/decadarobotics_devspace/install/turtlebot3_gazebo/share/turtlebot3_gazebo/models/turtlebot3_house/model.sdf
[16.690s] -- Installing: /home/s/scott_spaces/decadarobotics_devspace/install/turtlebot3_gazebo/share/turtlebot3_gazebo/models/turtlebot3_autorace
[16.690s] -- Installing: /home/s/scott_spaces/decadarobotics_devspace/install/turtlebot3_gazebo/share/turtlebot3_gazebo/models/turtlebot3_autorace/traffic_tunnel
[16.690s] -- Installing: /home/s/scott_spaces/decadarobotics_devspace/install/turtlebot3_gazebo/share/turtlebot3_gazebo/models/turtlebot3_autorace/traffic_tunnel/model.config
[16.690s] -- Installing: /home/s/scott_spaces/decadarobotics_devspace/install/turtlebot3_gazebo/share/turtlebot3_gazebo/models/turtlebot3_autorace/traffic_tunnel/materials
[16.690s] -- Installing: /home/s/scott_spaces/decadarobotics_devspace/install/turtlebot3_gazebo/share/turtlebot3_gazebo/models/turtlebot3_autorace/traffic_tunnel/materials/scripts
[16.690s] -- Installing: /home/s/scott_spaces/decadarobotics_devspace/install/turtlebot3_gazebo/share/turtlebot3_gazebo/models/turtlebot3_autorace/traffic_tunnel/materials/scripts/tunnel.material
[16.690s] -- Installing: /home/s/scott_spaces/decadarobotics_devspace/install/turtlebot3_gazebo/share/turtlebot3_gazebo/models/turtlebot3_autorace/traffic_tunnel/materials/textures
[16.690s] -- Installing: /home/s/scott_spaces/decadarobotics_devspace/install/turtlebot3_gazebo/share/turtlebot3_gazebo/models/turtlebot3_autorace/traffic_tunnel/materials/textures/tunnel.png
[16.691s] -- Installing: /home/s/scott_spaces/decadarobotics_devspace/install/turtlebot3_gazebo/share/turtlebot3_gazebo/models/turtlebot3_autorace/traffic_tunnel/model.sdf
[16.692s] -- Installing: /home/s/scott_spaces/decadarobotics_devspace/install/turtlebot3_gazebo/share/turtlebot3_gazebo/models/turtlebot3_autorace/traffic_light_green
[16.692s] -- Installing: /home/s/scott_spaces/decadarobotics_devspace/install/turtlebot3_gazebo/share/turtlebot3_gazebo/models/turtlebot3_autorace/traffic_light_green/model.config
[16.692s] -- Installing: /home/s/scott_spaces/decadarobotics_devspace/install/turtlebot3_gazebo/share/turtlebot3_gazebo/models/turtlebot3_autorace/traffic_light_green/model.sdf
[16.692s] -- Installing: /home/s/scott_spaces/decadarobotics_devspace/install/turtlebot3_gazebo/share/turtlebot3_gazebo/models/turtlebot3_autorace/traffic_light_red
[16.692s] -- Installing: /home/s/scott_spaces/decadarobotics_devspace/install/turtlebot3_gazebo/share/turtlebot3_gazebo/models/turtlebot3_autorace/traffic_light_red/model.config
[16.692s] -- Installing: /home/s/scott_spaces/decadarobotics_devspace/install/turtlebot3_gazebo/share/turtlebot3_gazebo/models/turtlebot3_autorace/traffic_light_red/model.sdf
[16.693s] -- Installing: /home/s/scott_spaces/decadarobotics_devspace/install/turtlebot3_gazebo/share/turtlebot3_gazebo/models/turtlebot3_autorace/traffic_stop
[16.693s] -- Installing: /home/s/scott_spaces/decadarobotics_devspace/install/turtlebot3_gazebo/share/turtlebot3_gazebo/models/turtlebot3_autorace/traffic_stop/model.config
[16.693s] -- Installing: /home/s/scott_spaces/decadarobotics_devspace/install/turtlebot3_gazebo/share/turtlebot3_gazebo/models/turtlebot3_autorace/traffic_stop/materials
[16.693s] -- Installing: /home/s/scott_spaces/decadarobotics_devspace/install/turtlebot3_gazebo/share/turtlebot3_gazebo/models/turtlebot3_autorace/traffic_stop/materials/scripts
[16.693s] -- Installing: /home/s/scott_spaces/decadarobotics_devspace/install/turtlebot3_gazebo/share/turtlebot3_gazebo/models/turtlebot3_autorace/traffic_stop/materials/scripts/traffic_stop.material
[16.695s] -- Installing: /home/s/scott_spaces/decadarobotics_devspace/install/turtlebot3_gazebo/share/turtlebot3_gazebo/models/turtlebot3_autorace/traffic_stop/materials/textures
[16.695s] -- Installing: /home/s/scott_spaces/decadarobotics_devspace/install/turtlebot3_gazebo/share/turtlebot3_gazebo/models/turtlebot3_autorace/traffic_stop/materials/textures/traffic_stop.png
[16.695s] -- Installing: /home/s/scott_spaces/decadarobotics_devspace/install/turtlebot3_gazebo/share/turtlebot3_gazebo/models/turtlebot3_autorace/traffic_stop/model.sdf
[16.695s] -- Installing: /home/s/scott_spaces/decadarobotics_devspace/install/turtlebot3_gazebo/share/turtlebot3_gazebo/models/turtlebot3_autorace/traffic_bar_down
[16.695s] -- Installing: /home/s/scott_spaces/decadarobotics_devspace/install/turtlebot3_gazebo/share/turtlebot3_gazebo/models/turtlebot3_autorace/traffic_bar_down/model.config
[16.695s] -- Installing: /home/s/scott_spaces/decadarobotics_devspace/install/turtlebot3_gazebo/share/turtlebot3_gazebo/models/turtlebot3_autorace/traffic_bar_down/materials
[16.695s] -- Installing: /home/s/scott_spaces/decadarobotics_devspace/install/turtlebot3_gazebo/share/turtlebot3_gazebo/models/turtlebot3_autorace/traffic_bar_down/materials/scripts
[16.695s] -- Installing: /home/s/scott_spaces/decadarobotics_devspace/install/turtlebot3_gazebo/share/turtlebot3_gazebo/models/turtlebot3_autorace/traffic_bar_down/materials/scripts/traffic_bar.material
[16.695s] -- Installing: /home/s/scott_spaces/decadarobotics_devspace/install/turtlebot3_gazebo/share/turtlebot3_gazebo/models/turtlebot3_autorace/traffic_bar_down/materials/textures
[16.695s] -- Installing: /home/s/scott_spaces/decadarobotics_devspace/install/turtlebot3_gazebo/share/turtlebot3_gazebo/models/turtlebot3_autorace/traffic_bar_down/materials/textures/traffic_bar.png
[16.696s] -- Installing: /home/s/scott_spaces/decadarobotics_devspace/install/turtlebot3_gazebo/share/turtlebot3_gazebo/models/turtlebot3_autorace/traffic_bar_down/model.sdf
[16.696s] -- Installing: /home/s/scott_spaces/decadarobotics_devspace/install/turtlebot3_gazebo/share/turtlebot3_gazebo/models/turtlebot3_autorace/traffic_light_yellow
[16.696s] -- Installing: /home/s/scott_spaces/decadarobotics_devspace/install/turtlebot3_gazebo/share/turtlebot3_gazebo/models/turtlebot3_autorace/traffic_light_yellow/model.config
[16.696s] -- Installing: /home/s/scott_spaces/decadarobotics_devspace/install/turtlebot3_gazebo/share/turtlebot3_gazebo/models/turtlebot3_autorace/traffic_light_yellow/model.sdf
[16.696s] -- Installing: /home/s/scott_spaces/decadarobotics_devspace/install/turtlebot3_gazebo/share/turtlebot3_gazebo/models/turtlebot3_autorace/traffic_bar_up
[16.696s] -- Installing: /home/s/scott_spaces/decadarobotics_devspace/install/turtlebot3_gazebo/share/turtlebot3_gazebo/models/turtlebot3_autorace/traffic_bar_up/model.config
[16.696s] -- Installing: /home/s/scott_spaces/decadarobotics_devspace/install/turtlebot3_gazebo/share/turtlebot3_gazebo/models/turtlebot3_autorace/traffic_bar_up/materials
[16.696s] -- Installing: /home/s/scott_spaces/decadarobotics_devspace/install/turtlebot3_gazebo/share/turtlebot3_gazebo/models/turtlebot3_autorace/traffic_bar_up/materials/scripts
[16.697s] -- Installing: /home/s/scott_spaces/decadarobotics_devspace/install/turtlebot3_gazebo/share/turtlebot3_gazebo/models/turtlebot3_autorace/traffic_bar_up/materials/scripts/traffic_bar.material
[16.697s] -- Installing: /home/s/scott_spaces/decadarobotics_devspace/install/turtlebot3_gazebo/share/turtlebot3_gazebo/models/turtlebot3_autorace/traffic_bar_up/materials/textures
[16.697s] -- Installing: /home/s/scott_spaces/decadarobotics_devspace/install/turtlebot3_gazebo/share/turtlebot3_gazebo/models/turtlebot3_autorace/traffic_bar_up/materials/textures/traffic_bar.png
[16.697s] -- Installing: /home/s/scott_spaces/decadarobotics_devspace/install/turtlebot3_gazebo/share/turtlebot3_gazebo/models/turtlebot3_autorace/traffic_bar_up/model.sdf
[16.698s] -- Installing: /home/s/scott_spaces/decadarobotics_devspace/install/turtlebot3_gazebo/share/turtlebot3_gazebo/models/turtlebot3_autorace/course
[16.699s] -- Installing: /home/s/scott_spaces/decadarobotics_devspace/install/turtlebot3_gazebo/share/turtlebot3_gazebo/models/turtlebot3_autorace/course/model.config
[16.699s] -- Installing: /home/s/scott_spaces/decadarobotics_devspace/install/turtlebot3_gazebo/share/turtlebot3_gazebo/models/turtlebot3_autorace/course/materials
[16.699s] -- Installing: /home/s/scott_spaces/decadarobotics_devspace/install/turtlebot3_gazebo/share/turtlebot3_gazebo/models/turtlebot3_autorace/course/materials/scripts
[16.699s] -- Installing: /home/s/scott_spaces/decadarobotics_devspace/install/turtlebot3_gazebo/share/turtlebot3_gazebo/models/turtlebot3_autorace/course/materials/scripts/course.material
[16.699s] -- Installing: /home/s/scott_spaces/decadarobotics_devspace/install/turtlebot3_gazebo/share/turtlebot3_gazebo/models/turtlebot3_autorace/course/materials/textures
[16.699s] -- Installing: /home/s/scott_spaces/decadarobotics_devspace/install/turtlebot3_gazebo/share/turtlebot3_gazebo/models/turtlebot3_autorace/course/materials/textures/course.png
[16.699s] -- Installing: /home/s/scott_spaces/decadarobotics_devspace/install/turtlebot3_gazebo/share/turtlebot3_gazebo/models/turtlebot3_autorace/course/model.sdf
[16.700s] -- Installing: /home/s/scott_spaces/decadarobotics_devspace/install/turtlebot3_gazebo/share/turtlebot3_gazebo/models/turtlebot3_autorace/traffic_parking
[16.700s] -- Installing: /home/s/scott_spaces/decadarobotics_devspace/install/turtlebot3_gazebo/share/turtlebot3_gazebo/models/turtlebot3_autorace/traffic_parking/model.config
[16.700s] -- Installing: /home/s/scott_spaces/decadarobotics_devspace/install/turtlebot3_gazebo/share/turtlebot3_gazebo/models/turtlebot3_autorace/traffic_parking/materials
[16.700s] -- Installing: /home/s/scott_spaces/decadarobotics_devspace/install/turtlebot3_gazebo/share/turtlebot3_gazebo/models/turtlebot3_autorace/traffic_parking/materials/scripts
[16.700s] -- Installing: /home/s/scott_spaces/decadarobotics_devspace/install/turtlebot3_gazebo/share/turtlebot3_gazebo/models/turtlebot3_autorace/traffic_parking/materials/scripts/traffic_parking.material
[16.700s] -- Installing: /home/s/scott_spaces/decadarobotics_devspace/install/turtlebot3_gazebo/share/turtlebot3_gazebo/models/turtlebot3_autorace/traffic_parking/materials/textures
[16.700s] -- Installing: /home/s/scott_spaces/decadarobotics_devspace/install/turtlebot3_gazebo/share/turtlebot3_gazebo/models/turtlebot3_autorace/traffic_parking/materials/textures/traffic_parking.png
[16.700s] -- Installing: /home/s/scott_spaces/decadarobotics_devspace/install/turtlebot3_gazebo/share/turtlebot3_gazebo/models/turtlebot3_autorace/traffic_parking/model.sdf
[16.700s] -- Installing: /home/s/scott_spaces/decadarobotics_devspace/install/turtlebot3_gazebo/share/turtlebot3_gazebo/models/turtlebot3_burger
[16.701s] -- Installing: /home/s/scott_spaces/decadarobotics_devspace/install/turtlebot3_gazebo/share/turtlebot3_gazebo/models/turtlebot3_burger/model.config
[16.701s] -- Installing: /home/s/scott_spaces/decadarobotics_devspace/install/turtlebot3_gazebo/share/turtlebot3_gazebo/models/turtlebot3_burger/model.sdf
[16.701s] -- Installing: /home/s/scott_spaces/decadarobotics_devspace/install/turtlebot3_gazebo/share/turtlebot3_gazebo/models/turtlebot3_burger/model-1_4.sdf
[16.702s] -- Installing: /home/s/scott_spaces/decadarobotics_devspace/install/turtlebot3_gazebo/share/turtlebot3_gazebo/models/turtlebot3_autorace_2020
[16.702s] -- Installing: /home/s/scott_spaces/decadarobotics_devspace/install/turtlebot3_gazebo/share/turtlebot3_gazebo/models/turtlebot3_autorace_2020/traffic_construction
[16.702s] -- Installing: /home/s/scott_spaces/decadarobotics_devspace/install/turtlebot3_gazebo/share/turtlebot3_gazebo/models/turtlebot3_autorace_2020/traffic_construction/model.config
[16.702s] -- Installing: /home/s/scott_spaces/decadarobotics_devspace/install/turtlebot3_gazebo/share/turtlebot3_gazebo/models/turtlebot3_autorace_2020/traffic_construction/materials
[16.702s] -- Installing: /home/s/scott_spaces/decadarobotics_devspace/install/turtlebot3_gazebo/share/turtlebot3_gazebo/models/turtlebot3_autorace_2020/traffic_construction/materials/scripts
[16.702s] -- Installing: /home/s/scott_spaces/decadarobotics_devspace/install/turtlebot3_gazebo/share/turtlebot3_gazebo/models/turtlebot3_autorace_2020/traffic_construction/materials/scripts/traffic_construction.material
[16.702s] -- Installing: /home/s/scott_spaces/decadarobotics_devspace/install/turtlebot3_gazebo/share/turtlebot3_gazebo/models/turtlebot3_autorace_2020/traffic_construction/materials/textures
[16.703s] -- Installing: /home/s/scott_spaces/decadarobotics_devspace/install/turtlebot3_gazebo/share/turtlebot3_gazebo/models/turtlebot3_autorace_2020/traffic_construction/materials/textures/traffic_construction_white_background.png
[16.703s] -- Installing: /home/s/scott_spaces/decadarobotics_devspace/install/turtlebot3_gazebo/share/turtlebot3_gazebo/models/turtlebot3_autorace_2020/traffic_construction/materials/textures/traffic_construction.png
[16.703s] -- Installing: /home/s/scott_spaces/decadarobotics_devspace/install/turtlebot3_gazebo/share/turtlebot3_gazebo/models/turtlebot3_autorace_2020/traffic_construction/model.sdf
[16.703s] -- Installing: /home/s/scott_spaces/decadarobotics_devspace/install/turtlebot3_gazebo/share/turtlebot3_gazebo/models/turtlebot3_autorace_2020/traffic_tunnel
[16.703s] -- Installing: /home/s/scott_spaces/decadarobotics_devspace/install/turtlebot3_gazebo/share/turtlebot3_gazebo/models/turtlebot3_autorace_2020/traffic_tunnel/model.config
[16.703s] -- Installing: /home/s/scott_spaces/decadarobotics_devspace/install/turtlebot3_gazebo/share/turtlebot3_gazebo/models/turtlebot3_autorace_2020/traffic_tunnel/materials
[16.707s] -- Installing: /home/s/scott_spaces/decadarobotics_devspace/install/turtlebot3_gazebo/share/turtlebot3_gazebo/models/turtlebot3_autorace_2020/traffic_tunnel/materials/scripts
[16.707s] -- Installing: /home/s/scott_spaces/decadarobotics_devspace/install/turtlebot3_gazebo/share/turtlebot3_gazebo/models/turtlebot3_autorace_2020/traffic_tunnel/materials/scripts/tunnel.material
[16.707s] -- Installing: /home/s/scott_spaces/decadarobotics_devspace/install/turtlebot3_gazebo/share/turtlebot3_gazebo/models/turtlebot3_autorace_2020/traffic_tunnel/materials/textures
[16.707s] -- Installing: /home/s/scott_spaces/decadarobotics_devspace/install/turtlebot3_gazebo/share/turtlebot3_gazebo/models/turtlebot3_autorace_2020/traffic_tunnel/materials/textures/tunnel_white_background.png
[16.708s] -- Installing: /home/s/scott_spaces/decadarobotics_devspace/install/turtlebot3_gazebo/share/turtlebot3_gazebo/models/turtlebot3_autorace_2020/traffic_tunnel/materials/textures/tunnel.png
[16.708s] -- Installing: /home/s/scott_spaces/decadarobotics_devspace/install/turtlebot3_gazebo/share/turtlebot3_gazebo/models/turtlebot3_autorace_2020/traffic_tunnel/model.sdf
[16.708s] -- Installing: /home/s/scott_spaces/decadarobotics_devspace/install/turtlebot3_gazebo/share/turtlebot3_gazebo/models/turtlebot3_autorace_2020/traffic_noentry
[16.709s] -- Installing: /home/s/scott_spaces/decadarobotics_devspace/install/turtlebot3_gazebo/share/turtlebot3_gazebo/models/turtlebot3_autorace_2020/traffic_noentry/model.config
[16.709s] -- Installing: /home/s/scott_spaces/decadarobotics_devspace/install/turtlebot3_gazebo/share/turtlebot3_gazebo/models/turtlebot3_autorace_2020/traffic_noentry/materials
[16.709s] -- Installing: /home/s/scott_spaces/decadarobotics_devspace/install/turtlebot3_gazebo/share/turtlebot3_gazebo/models/turtlebot3_autorace_2020/traffic_noentry/materials/scripts
[16.709s] -- Installing: /home/s/scott_spaces/decadarobotics_devspace/install/turtlebot3_gazebo/share/turtlebot3_gazebo/models/turtlebot3_autorace_2020/traffic_noentry/materials/scripts/traffic_noentry.material
[16.709s] -- Installing: /home/s/scott_spaces/decadarobotics_devspace/install/turtlebot3_gazebo/share/turtlebot3_gazebo/models/turtlebot3_autorace_2020/traffic_noentry/materials/textures
[16.710s] -- Installing: /home/s/scott_spaces/decadarobotics_devspace/install/turtlebot3_gazebo/share/turtlebot3_gazebo/models/turtlebot3_autorace_2020/traffic_noentry/materials/textures/traffic_noentry.png
[16.710s] -- Installing: /home/s/scott_spaces/decadarobotics_devspace/install/turtlebot3_gazebo/share/turtlebot3_gazebo/models/turtlebot3_autorace_2020/traffic_noentry/materials/textures/traffic_noentry_white_background.png
[16.710s] -- Installing: /home/s/scott_spaces/decadarobotics_devspace/install/turtlebot3_gazebo/share/turtlebot3_gazebo/models/turtlebot3_autorace_2020/traffic_noentry/model.sdf
[16.711s] -- Installing: /home/s/scott_spaces/decadarobotics_devspace/install/turtlebot3_gazebo/share/turtlebot3_gazebo/models/turtlebot3_autorace_2020/traffic_light_green
[16.711s] -- Installing: /home/s/scott_spaces/decadarobotics_devspace/install/turtlebot3_gazebo/share/turtlebot3_gazebo/models/turtlebot3_autorace_2020/traffic_light_green/model.config
[16.711s] -- Installing: /home/s/scott_spaces/decadarobotics_devspace/install/turtlebot3_gazebo/share/turtlebot3_gazebo/models/turtlebot3_autorace_2020/traffic_light_green/materials
[16.711s] -- Installing: /home/s/scott_spaces/decadarobotics_devspace/install/turtlebot3_gazebo/share/turtlebot3_gazebo/models/turtlebot3_autorace_2020/traffic_light_green/materials/scripts
[16.711s] -- Installing: /home/s/scott_spaces/decadarobotics_devspace/install/turtlebot3_gazebo/share/turtlebot3_gazebo/models/turtlebot3_autorace_2020/traffic_light_green/materials/scripts/traffic_light_green.material
[16.712s] -- Installing: /home/s/scott_spaces/decadarobotics_devspace/install/turtlebot3_gazebo/share/turtlebot3_gazebo/models/turtlebot3_autorace_2020/traffic_light_green/materials/textures
[16.712s] -- Installing: /home/s/scott_spaces/decadarobotics_devspace/install/turtlebot3_gazebo/share/turtlebot3_gazebo/models/turtlebot3_autorace_2020/traffic_light_green/materials/textures/traffic_light_green.png
[16.712s] -- Installing: /home/s/scott_spaces/decadarobotics_devspace/install/turtlebot3_gazebo/share/turtlebot3_gazebo/models/turtlebot3_autorace_2020/traffic_light_green/model.sdf
[16.712s] -- Installing: /home/s/scott_spaces/decadarobotics_devspace/install/turtlebot3_gazebo/share/turtlebot3_gazebo/models/turtlebot3_autorace_2020/checker
[16.713s] -- Installing: /home/s/scott_spaces/decadarobotics_devspace/install/turtlebot3_gazebo/share/turtlebot3_gazebo/models/turtlebot3_autorace_2020/checker/model.config
[16.713s] -- Installing: /home/s/scott_spaces/decadarobotics_devspace/install/turtlebot3_gazebo/share/turtlebot3_gazebo/models/turtlebot3_autorace_2020/checker/materials
[16.713s] -- Installing: /home/s/scott_spaces/decadarobotics_devspace/install/turtlebot3_gazebo/share/turtlebot3_gazebo/models/turtlebot3_autorace_2020/checker/materials/checker.png
[16.713s] -- Installing: /home/s/scott_spaces/decadarobotics_devspace/install/turtlebot3_gazebo/share/turtlebot3_gazebo/models/turtlebot3_autorace_2020/checker/materials/scripts
[16.713s] -- Installing: /home/s/scott_spaces/decadarobotics_devspace/install/turtlebot3_gazebo/share/turtlebot3_gazebo/models/turtlebot3_autorace_2020/checker/materials/scripts/checker.material
[16.714s] -- Installing: /home/s/scott_spaces/decadarobotics_devspace/install/turtlebot3_gazebo/share/turtlebot3_gazebo/models/turtlebot3_autorace_2020/checker/materials/textures
[16.714s] -- Installing: /home/s/scott_spaces/decadarobotics_devspace/install/turtlebot3_gazebo/share/turtlebot3_gazebo/models/turtlebot3_autorace_2020/checker/materials/textures/checker.png
[16.714s] -- Installing: /home/s/scott_spaces/decadarobotics_devspace/install/turtlebot3_gazebo/share/turtlebot3_gazebo/models/turtlebot3_autorace_2020/checker/model.sdf
[16.714s] -- Installing: /home/s/scott_spaces/decadarobotics_devspace/install/turtlebot3_gazebo/share/turtlebot3_gazebo/models/turtlebot3_autorace_2020/traffic_pl_left
[16.715s] -- Installing: /home/s/scott_spaces/decadarobotics_devspace/install/turtlebot3_gazebo/share/turtlebot3_gazebo/models/turtlebot3_autorace_2020/traffic_pl_left/model.config
[16.723s] -- Installing: /home/s/scott_spaces/decadarobotics_devspace/install/turtlebot3_gazebo/share/turtlebot3_gazebo/models/turtlebot3_autorace_2020/traffic_pl_left/materials
[16.723s] -- Installing: /home/s/scott_spaces/decadarobotics_devspace/install/turtlebot3_gazebo/share/turtlebot3_gazebo/models/turtlebot3_autorace_2020/traffic_pl_left/materials/scripts
[16.723s] -- Installing: /home/s/scott_spaces/decadarobotics_devspace/install/turtlebot3_gazebo/share/turtlebot3_gazebo/models/turtlebot3_autorace_2020/traffic_pl_left/materials/scripts/traffic_pl_left.material
[16.723s] -- Installing: /home/s/scott_spaces/decadarobotics_devspace/install/turtlebot3_gazebo/share/turtlebot3_gazebo/models/turtlebot3_autorace_2020/traffic_pl_left/materials/textures
[16.724s] -- Installing: /home/s/scott_spaces/decadarobotics_devspace/install/turtlebot3_gazebo/share/turtlebot3_gazebo/models/turtlebot3_autorace_2020/traffic_pl_left/materials/textures/traffic_pl_left.png
[16.724s] -- Installing: /home/s/scott_spaces/decadarobotics_devspace/install/turtlebot3_gazebo/share/turtlebot3_gazebo/models/turtlebot3_autorace_2020/traffic_pl_left/materials/textures/traffic_pl_left_white_background.png
[16.724s] -- Installing: /home/s/scott_spaces/decadarobotics_devspace/install/turtlebot3_gazebo/share/turtlebot3_gazebo/models/turtlebot3_autorace_2020/traffic_pl_left/model.sdf
[16.724s] -- Installing: /home/s/scott_spaces/decadarobotics_devspace/install/turtlebot3_gazebo/share/turtlebot3_gazebo/models/turtlebot3_autorace_2020/traffic_left
[16.725s] -- Installing: /home/s/scott_spaces/decadarobotics_devspace/install/turtlebot3_gazebo/share/turtlebot3_gazebo/models/turtlebot3_autorace_2020/traffic_left/model.config
[16.725s] -- Installing: /home/s/scott_spaces/decadarobotics_devspace/install/turtlebot3_gazebo/share/turtlebot3_gazebo/models/turtlebot3_autorace_2020/traffic_left/materials
[16.725s] -- Installing: /home/s/scott_spaces/decadarobotics_devspace/install/turtlebot3_gazebo/share/turtlebot3_gazebo/models/turtlebot3_autorace_2020/traffic_left/materials/scripts
[16.725s] -- Installing: /home/s/scott_spaces/decadarobotics_devspace/install/turtlebot3_gazebo/share/turtlebot3_gazebo/models/turtlebot3_autorace_2020/traffic_left/materials/scripts/traffic_is_left.material
[16.725s] -- Installing: /home/s/scott_spaces/decadarobotics_devspace/install/turtlebot3_gazebo/share/turtlebot3_gazebo/models/turtlebot3_autorace_2020/traffic_left/materials/textures
[16.726s] -- Installing: /home/s/scott_spaces/decadarobotics_devspace/install/turtlebot3_gazebo/share/turtlebot3_gazebo/models/turtlebot3_autorace_2020/traffic_left/materials/textures/traffic_left_white_background.png
[16.726s] -- Installing: /home/s/scott_spaces/decadarobotics_devspace/install/turtlebot3_gazebo/share/turtlebot3_gazebo/models/turtlebot3_autorace_2020/traffic_left/materials/textures/traffic_left.png
[16.726s] -- Installing: /home/s/scott_spaces/decadarobotics_devspace/install/turtlebot3_gazebo/share/turtlebot3_gazebo/models/turtlebot3_autorace_2020/traffic_left/model.sdf
[16.727s] -- Installing: /home/s/scott_spaces/decadarobotics_devspace/install/turtlebot3_gazebo/share/turtlebot3_gazebo/models/turtlebot3_autorace_2020/traffic_light_red
[16.727s] -- Installing: /home/s/scott_spaces/decadarobotics_devspace/install/turtlebot3_gazebo/share/turtlebot3_gazebo/models/turtlebot3_autorace_2020/traffic_light_red/model.config
[16.727s] -- Installing: /home/s/scott_spaces/decadarobotics_devspace/install/turtlebot3_gazebo/share/turtlebot3_gazebo/models/turtlebot3_autorace_2020/traffic_light_red/materials
[16.727s] -- Installing: /home/s/scott_spaces/decadarobotics_devspace/install/turtlebot3_gazebo/share/turtlebot3_gazebo/models/turtlebot3_autorace_2020/traffic_light_red/materials/scripts
[16.727s] -- Installing: /home/s/scott_spaces/decadarobotics_devspace/install/turtlebot3_gazebo/share/turtlebot3_gazebo/models/turtlebot3_autorace_2020/traffic_light_red/materials/scripts/traffic_light_red.material
[16.728s] -- Installing: /home/s/scott_spaces/decadarobotics_devspace/install/turtlebot3_gazebo/share/turtlebot3_gazebo/models/turtlebot3_autorace_2020/traffic_light_red/materials/textures
[16.728s] -- Installing: /home/s/scott_spaces/decadarobotics_devspace/install/turtlebot3_gazebo/share/turtlebot3_gazebo/models/turtlebot3_autorace_2020/traffic_light_red/materials/textures/traffic_light_red.png
[16.728s] -- Installing: /home/s/scott_spaces/decadarobotics_devspace/install/turtlebot3_gazebo/share/turtlebot3_gazebo/models/turtlebot3_autorace_2020/traffic_light_red/materials/textures/traffic_light.png
[16.728s] -- Installing: /home/s/scott_spaces/decadarobotics_devspace/install/turtlebot3_gazebo/share/turtlebot3_gazebo/models/turtlebot3_autorace_2020/traffic_light_red/model.sdf
[16.729s] -- Installing: /home/s/scott_spaces/decadarobotics_devspace/install/turtlebot3_gazebo/share/turtlebot3_gazebo/models/turtlebot3_autorace_2020/traffic_stop
[16.729s] -- Installing: /home/s/scott_spaces/decadarobotics_devspace/install/turtlebot3_gazebo/share/turtlebot3_gazebo/models/turtlebot3_autorace_2020/traffic_stop/model.config
[16.729s] -- Installing: /home/s/scott_spaces/decadarobotics_devspace/install/turtlebot3_gazebo/share/turtlebot3_gazebo/models/turtlebot3_autorace_2020/traffic_stop/materials
[16.729s] -- Installing: /home/s/scott_spaces/decadarobotics_devspace/install/turtlebot3_gazebo/share/turtlebot3_gazebo/models/turtlebot3_autorace_2020/traffic_stop/materials/scripts
[16.729s] -- Installing: /home/s/scott_spaces/decadarobotics_devspace/install/turtlebot3_gazebo/share/turtlebot3_gazebo/models/turtlebot3_autorace_2020/traffic_stop/materials/scripts/traffic_stop.material
[16.730s] -- Installing: /home/s/scott_spaces/decadarobotics_devspace/install/turtlebot3_gazebo/share/turtlebot3_gazebo/models/turtlebot3_autorace_2020/traffic_stop/materials/textures
[16.730s] -- Installing: /home/s/scott_spaces/decadarobotics_devspace/install/turtlebot3_gazebo/share/turtlebot3_gazebo/models/turtlebot3_autorace_2020/traffic_stop/materials/textures/traffic_stop_white_background.png
[16.730s] -- Installing: /home/s/scott_spaces/decadarobotics_devspace/install/turtlebot3_gazebo/share/turtlebot3_gazebo/models/turtlebot3_autorace_2020/traffic_stop/materials/textures/traffic_stop.png
[16.731s] -- Installing: /home/s/scott_spaces/decadarobotics_devspace/install/turtlebot3_gazebo/share/turtlebot3_gazebo/models/turtlebot3_autorace_2020/traffic_stop/model.sdf
[16.731s] -- Installing: /home/s/scott_spaces/decadarobotics_devspace/install/turtlebot3_gazebo/share/turtlebot3_gazebo/models/turtlebot3_autorace_2020/traffic_right
[16.731s] -- Installing: /home/s/scott_spaces/decadarobotics_devspace/install/turtlebot3_gazebo/share/turtlebot3_gazebo/models/turtlebot3_autorace_2020/traffic_right/model.config
[16.731s] -- Installing: /home/s/scott_spaces/decadarobotics_devspace/install/turtlebot3_gazebo/share/turtlebot3_gazebo/models/turtlebot3_autorace_2020/traffic_right/materials
[16.731s] -- Installing: /home/s/scott_spaces/decadarobotics_devspace/install/turtlebot3_gazebo/share/turtlebot3_gazebo/models/turtlebot3_autorace_2020/traffic_right/materials/scripts
[16.732s] -- Installing: /home/s/scott_spaces/decadarobotics_devspace/install/turtlebot3_gazebo/share/turtlebot3_gazebo/models/turtlebot3_autorace_2020/traffic_right/materials/scripts/traffic_right.material
[16.732s] -- Installing: /home/s/scott_spaces/decadarobotics_devspace/install/turtlebot3_gazebo/share/turtlebot3_gazebo/models/turtlebot3_autorace_2020/traffic_right/materials/textures
[16.732s] -- Installing: /home/s/scott_spaces/decadarobotics_devspace/install/turtlebot3_gazebo/share/turtlebot3_gazebo/models/turtlebot3_autorace_2020/traffic_right/materials/textures/traffic_right.png
[16.732s] -- Installing: /home/s/scott_spaces/decadarobotics_devspace/install/turtlebot3_gazebo/share/turtlebot3_gazebo/models/turtlebot3_autorace_2020/traffic_right/materials/textures/traffic_right_white_background.png
[16.733s] -- Installing: /home/s/scott_spaces/decadarobotics_devspace/install/turtlebot3_gazebo/share/turtlebot3_gazebo/models/turtlebot3_autorace_2020/traffic_right/model.sdf
[16.733s] -- Installing: /home/s/scott_spaces/decadarobotics_devspace/install/turtlebot3_gazebo/share/turtlebot3_gazebo/models/turtlebot3_autorace_2020/traffic_bar_down
[16.733s] -- Installing: /home/s/scott_spaces/decadarobotics_devspace/install/turtlebot3_gazebo/share/turtlebot3_gazebo/models/turtlebot3_autorace_2020/traffic_bar_down/model.config
[16.733s] -- Installing: /home/s/scott_spaces/decadarobotics_devspace/install/turtlebot3_gazebo/share/turtlebot3_gazebo/models/turtlebot3_autorace_2020/traffic_bar_down/materials
[16.734s] -- Installing: /home/s/scott_spaces/decadarobotics_devspace/install/turtlebot3_gazebo/share/turtlebot3_gazebo/models/turtlebot3_autorace_2020/traffic_bar_down/materials/scripts
[16.734s] -- Installing: /home/s/scott_spaces/decadarobotics_devspace/install/turtlebot3_gazebo/share/turtlebot3_gazebo/models/turtlebot3_autorace_2020/traffic_bar_down/materials/scripts/traffic_bar_down.material
[16.734s] -- Installing: /home/s/scott_spaces/decadarobotics_devspace/install/turtlebot3_gazebo/share/turtlebot3_gazebo/models/turtlebot3_autorace_2020/traffic_bar_down/materials/textures
[16.734s] -- Installing: /home/s/scott_spaces/decadarobotics_devspace/install/turtlebot3_gazebo/share/turtlebot3_gazebo/models/turtlebot3_autorace_2020/traffic_bar_down/materials/textures/traffic_bar_down.png
[16.735s] -- Installing: /home/s/scott_spaces/decadarobotics_devspace/install/turtlebot3_gazebo/share/turtlebot3_gazebo/models/turtlebot3_autorace_2020/traffic_bar_down/model.sdf
[16.735s] -- Installing: /home/s/scott_spaces/decadarobotics_devspace/install/turtlebot3_gazebo/share/turtlebot3_gazebo/models/turtlebot3_autorace_2020/traffic_light_yellow
[16.735s] -- Installing: /home/s/scott_spaces/decadarobotics_devspace/install/turtlebot3_gazebo/share/turtlebot3_gazebo/models/turtlebot3_autorace_2020/traffic_light_yellow/model.config
[16.735s] -- Installing: /home/s/scott_spaces/decadarobotics_devspace/install/turtlebot3_gazebo/share/turtlebot3_gazebo/models/turtlebot3_autorace_2020/traffic_light_yellow/materials
[16.735s] -- Installing: /home/s/scott_spaces/decadarobotics_devspace/install/turtlebot3_gazebo/share/turtlebot3_gazebo/models/turtlebot3_autorace_2020/traffic_light_yellow/materials/scripts
[16.735s] -- Installing: /home/s/scott_spaces/decadarobotics_devspace/install/turtlebot3_gazebo/share/turtlebot3_gazebo/models/turtlebot3_autorace_2020/traffic_light_yellow/materials/scripts/traffic_light_yellow.material
[16.735s] -- Installing: /home/s/scott_spaces/decadarobotics_devspace/install/turtlebot3_gazebo/share/turtlebot3_gazebo/models/turtlebot3_autorace_2020/traffic_light_yellow/materials/textures
[16.735s] -- Installing: /home/s/scott_spaces/decadarobotics_devspace/install/turtlebot3_gazebo/share/turtlebot3_gazebo/models/turtlebot3_autorace_2020/traffic_light_yellow/materials/textures/traffic_light_yellow.png
[16.736s] -- Installing: /home/s/scott_spaces/decadarobotics_devspace/install/turtlebot3_gazebo/share/turtlebot3_gazebo/models/turtlebot3_autorace_2020/traffic_light_yellow/model.sdf
[16.736s] -- Installing: /home/s/scott_spaces/decadarobotics_devspace/install/turtlebot3_gazebo/share/turtlebot3_gazebo/models/turtlebot3_autorace_2020/traffic_bar_up
[16.736s] -- Installing: /home/s/scott_spaces/decadarobotics_devspace/install/turtlebot3_gazebo/share/turtlebot3_gazebo/models/turtlebot3_autorace_2020/traffic_bar_up/model.config
[16.736s] -- Installing: /home/s/scott_spaces/decadarobotics_devspace/install/turtlebot3_gazebo/share/turtlebot3_gazebo/models/turtlebot3_autorace_2020/traffic_bar_up/materials
[16.736s] -- Installing: /home/s/scott_spaces/decadarobotics_devspace/install/turtlebot3_gazebo/share/turtlebot3_gazebo/models/turtlebot3_autorace_2020/traffic_bar_up/materials/scripts
[16.736s] -- Installing: /home/s/scott_spaces/decadarobotics_devspace/install/turtlebot3_gazebo/share/turtlebot3_gazebo/models/turtlebot3_autorace_2020/traffic_bar_up/materials/scripts/traffic_bar_up.material
[16.736s] -- Installing: /home/s/scott_spaces/decadarobotics_devspace/install/turtlebot3_gazebo/share/turtlebot3_gazebo/models/turtlebot3_autorace_2020/traffic_bar_up/materials/textures
[16.736s] -- Installing: /home/s/scott_spaces/decadarobotics_devspace/install/turtlebot3_gazebo/share/turtlebot3_gazebo/models/turtlebot3_autorace_2020/traffic_bar_up/materials/textures/traffic_bar_up.png
[16.736s] -- Installing: /home/s/scott_spaces/decadarobotics_devspace/install/turtlebot3_gazebo/share/turtlebot3_gazebo/models/turtlebot3_autorace_2020/traffic_bar_up/model.sdf
[16.737s] -- Installing: /home/s/scott_spaces/decadarobotics_devspace/install/turtlebot3_gazebo/share/turtlebot3_gazebo/models/turtlebot3_autorace_2020/traffic_intersection
[16.737s] -- Installing: /home/s/scott_spaces/decadarobotics_devspace/install/turtlebot3_gazebo/share/turtlebot3_gazebo/models/turtlebot3_autorace_2020/traffic_intersection/model.config
[16.737s] -- Installing: /home/s/scott_spaces/decadarobotics_devspace/install/turtlebot3_gazebo/share/turtlebot3_gazebo/models/turtlebot3_autorace_2020/traffic_intersection/materials
[16.737s] -- Installing: /home/s/scott_spaces/decadarobotics_devspace/install/turtlebot3_gazebo/share/turtlebot3_gazebo/models/turtlebot3_autorace_2020/traffic_intersection/materials/scripts
[16.737s] -- Installing: /home/s/scott_spaces/decadarobotics_devspace/install/turtlebot3_gazebo/share/turtlebot3_gazebo/models/turtlebot3_autorace_2020/traffic_intersection/materials/scripts/traffic_intersection.material
[16.737s] -- Installing: /home/s/scott_spaces/decadarobotics_devspace/install/turtlebot3_gazebo/share/turtlebot3_gazebo/models/turtlebot3_autorace_2020/traffic_intersection/materials/textures
[16.737s] -- Installing: /home/s/scott_spaces/decadarobotics_devspace/install/turtlebot3_gazebo/share/turtlebot3_gazebo/models/turtlebot3_autorace_2020/traffic_intersection/materials/textures/traffic_intersection.png
[16.737s] -- Installing: /home/s/scott_spaces/decadarobotics_devspace/install/turtlebot3_gazebo/share/turtlebot3_gazebo/models/turtlebot3_autorace_2020/traffic_intersection/materials/textures/traffic_intersection_white_background.png
[16.738s] -- Installing: /home/s/scott_spaces/decadarobotics_devspace/install/turtlebot3_gazebo/share/turtlebot3_gazebo/models/turtlebot3_autorace_2020/traffic_intersection/model.sdf
[16.740s] -- Installing: /home/s/scott_spaces/decadarobotics_devspace/install/turtlebot3_gazebo/share/turtlebot3_gazebo/models/turtlebot3_autorace_2020/course
[16.740s] -- Installing: /home/s/scott_spaces/decadarobotics_devspace/install/turtlebot3_gazebo/share/turtlebot3_gazebo/models/turtlebot3_autorace_2020/course/model.config
[16.740s] -- Installing: /home/s/scott_spaces/decadarobotics_devspace/install/turtlebot3_gazebo/share/turtlebot3_gazebo/models/turtlebot3_autorace_2020/course/materials
[16.741s] -- Installing: /home/s/scott_spaces/decadarobotics_devspace/install/turtlebot3_gazebo/share/turtlebot3_gazebo/models/turtlebot3_autorace_2020/course/materials/scripts
[16.741s] -- Installing: /home/s/scott_spaces/decadarobotics_devspace/install/turtlebot3_gazebo/share/turtlebot3_gazebo/models/turtlebot3_autorace_2020/course/materials/scripts/course.material
[16.741s] -- Installing: /home/s/scott_spaces/decadarobotics_devspace/install/turtlebot3_gazebo/share/turtlebot3_gazebo/models/turtlebot3_autorace_2020/course/materials/textures
[16.741s] -- Installing: /home/s/scott_spaces/decadarobotics_devspace/install/turtlebot3_gazebo/share/turtlebot3_gazebo/models/turtlebot3_autorace_2020/course/materials/textures/course.png
[16.741s] -- Installing: /home/s/scott_spaces/decadarobotics_devspace/install/turtlebot3_gazebo/share/turtlebot3_gazebo/models/turtlebot3_autorace_2020/course/model.sdf
[16.741s] -- Installing: /home/s/scott_spaces/decadarobotics_devspace/install/turtlebot3_gazebo/share/turtlebot3_gazebo/models/turtlebot3_autorace_2020/traffic_parking
[16.741s] -- Installing: /home/s/scott_spaces/decadarobotics_devspace/install/turtlebot3_gazebo/share/turtlebot3_gazebo/models/turtlebot3_autorace_2020/traffic_parking/model.config
[16.741s] -- Installing: /home/s/scott_spaces/decadarobotics_devspace/install/turtlebot3_gazebo/share/turtlebot3_gazebo/models/turtlebot3_autorace_2020/traffic_parking/materials
[16.741s] -- Installing: /home/s/scott_spaces/decadarobotics_devspace/install/turtlebot3_gazebo/share/turtlebot3_gazebo/models/turtlebot3_autorace_2020/traffic_parking/materials/scripts
[16.742s] -- Installing: /home/s/scott_spaces/decadarobotics_devspace/install/turtlebot3_gazebo/share/turtlebot3_gazebo/models/turtlebot3_autorace_2020/traffic_parking/materials/scripts/traffic_parking.material
[16.742s] -- Installing: /home/s/scott_spaces/decadarobotics_devspace/install/turtlebot3_gazebo/share/turtlebot3_gazebo/models/turtlebot3_autorace_2020/traffic_parking/materials/textures
[16.742s] -- Installing: /home/s/scott_spaces/decadarobotics_devspace/install/turtlebot3_gazebo/share/turtlebot3_gazebo/models/turtlebot3_autorace_2020/traffic_parking/materials/textures/traffic_parking_white_background.png
[16.742s] -- Installing: /home/s/scott_spaces/decadarobotics_devspace/install/turtlebot3_gazebo/share/turtlebot3_gazebo/models/turtlebot3_autorace_2020/traffic_parking/materials/textures/traffic_parking.png
[16.742s] -- Installing: /home/s/scott_spaces/decadarobotics_devspace/install/turtlebot3_gazebo/share/turtlebot3_gazebo/models/turtlebot3_autorace_2020/traffic_parking/model.sdf
[16.742s] -- Installing: /home/s/scott_spaces/decadarobotics_devspace/install/turtlebot3_gazebo/share/turtlebot3_gazebo/models/turtlebot3_common_meshes
[16.743s] -- Installing: /home/s/scott_spaces/decadarobotics_devspace/install/turtlebot3_gazebo/share/turtlebot3_gazebo/models/turtlebot3_common_meshes/waffle_base.dae
[16.743s] -- Installing: /home/s/scott_spaces/decadarobotics_devspace/install/turtlebot3_gazebo/share/turtlebot3_gazebo/models/turtlebot3_common_meshes/r200.dae
[16.743s] -- Installing: /home/s/scott_spaces/decadarobotics_devspace/install/turtlebot3_gazebo/share/turtlebot3_gazebo/models/turtlebot3_common_meshes/tire.dae
[16.743s] -- Installing: /home/s/scott_spaces/decadarobotics_devspace/install/turtlebot3_gazebo/share/turtlebot3_gazebo/models/turtlebot3_common_meshes/lds.dae
[16.751s] -- Installing: /home/s/scott_spaces/decadarobotics_devspace/install/turtlebot3_gazebo/share/turtlebot3_gazebo/models/turtlebot3_common_meshes/waffle_pi_base.dae
[16.751s] -- Installing: /home/s/scott_spaces/decadarobotics_devspace/install/turtlebot3_gazebo/share/turtlebot3_gazebo/models/turtlebot3_common_meshes/burger_base.dae
[16.751s] -- Installing: /home/s/scott_spaces/decadarobotics_devspace/install/turtlebot3_gazebo/share/turtlebot3_gazebo/models/turtlebot3_waffle
[16.751s] -- Installing: /home/s/scott_spaces/decadarobotics_devspace/install/turtlebot3_gazebo/share/turtlebot3_gazebo/models/turtlebot3_waffle/model.config
[16.751s] -- Installing: /home/s/scott_spaces/decadarobotics_devspace/install/turtlebot3_gazebo/share/turtlebot3_gazebo/models/turtlebot3_waffle/model.sdf
[16.751s] -- Installing: /home/s/scott_spaces/decadarobotics_devspace/install/turtlebot3_gazebo/share/turtlebot3_gazebo/models/turtlebot3_waffle/model-1_4.sdf
[16.751s] -- Installing: /home/s/scott_spaces/decadarobotics_devspace/install/turtlebot3_gazebo/share/turtlebot3_gazebo/models/turtlebot3_waffle_pi
[16.751s] -- Installing: /home/s/scott_spaces/decadarobotics_devspace/install/turtlebot3_gazebo/share/turtlebot3_gazebo/models/turtlebot3_waffle_pi/model.config
[16.752s] -- Installing: /home/s/scott_spaces/decadarobotics_devspace/install/turtlebot3_gazebo/share/turtlebot3_gazebo/models/turtlebot3_waffle_pi/model.sdf
[16.752s] -- Installing: /home/s/scott_spaces/decadarobotics_devspace/install/turtlebot3_gazebo/share/turtlebot3_gazebo/models/turtlebot3_waffle_pi/model-1_4.sdf
[16.752s] -- Installing: /home/s/scott_spaces/decadarobotics_devspace/install/turtlebot3_gazebo/share/turtlebot3_gazebo/rviz
[16.752s] -- Installing: /home/s/scott_spaces/decadarobotics_devspace/install/turtlebot3_gazebo/share/turtlebot3_gazebo/rviz/multi_turtlebot3_slam.rviz
[16.752s] -- Installing: /home/s/scott_spaces/decadarobotics_devspace/install/turtlebot3_gazebo/share/turtlebot3_gazebo/rviz/turtlebot3_gazebo_model.rviz
[16.752s] -- Installing: /home/s/scott_spaces/decadarobotics_devspace/install/turtlebot3_gazebo/share/turtlebot3_gazebo/worlds
[16.752s] -- Installing: /home/s/scott_spaces/decadarobotics_devspace/install/turtlebot3_gazebo/share/turtlebot3_gazebo/worlds/turtlebot3_world.world
[16.752s] -- Installing: /home/s/scott_spaces/decadarobotics_devspace/install/turtlebot3_gazebo/share/turtlebot3_gazebo/worlds/turtlebot3_autorace_2020.world
[16.753s] -- Installing: /home/s/scott_spaces/decadarobotics_devspace/install/turtlebot3_gazebo/share/turtlebot3_gazebo/worlds/turtlebot3_stage_1.world
[16.753s] -- Installing: /home/s/scott_spaces/decadarobotics_devspace/install/turtlebot3_gazebo/share/turtlebot3_gazebo/worlds/turtlebot3_stage_3.world
[16.753s] -- Installing: /home/s/scott_spaces/decadarobotics_devspace/install/turtlebot3_gazebo/share/turtlebot3_gazebo/worlds/empty.world
[16.753s] -- Installing: /home/s/scott_spaces/decadarobotics_devspace/install/turtlebot3_gazebo/share/turtlebot3_gazebo/worlds/turtlebot3_stage_2.world
[16.753s] -- Installing: /home/s/scott_spaces/decadarobotics_devspace/install/turtlebot3_gazebo/share/turtlebot3_gazebo/worlds/turtlebot3_house.world
[16.753s] -- Installing: /home/s/scott_spaces/decadarobotics_devspace/install/turtlebot3_gazebo/share/turtlebot3_gazebo/worlds/turtlebot3_stage_4.world
[16.753s] -- Installing: /home/s/scott_spaces/decadarobotics_devspace/install/turtlebot3_gazebo/share/turtlebot3_gazebo/worlds/turtlebot3_autorace.world
[16.758s] Invoked command in '/home/s/scott_spaces/decadarobotics_devspace/build/turtlebot3_gazebo' returned '0': CMAKE_PREFIX_PATH=/home/s/scott_spaces/decadarobotics_devspace/install/turtlebot3_description:${CMAKE_PREFIX_PATH} PKG_CONFIG_PATH=/home/s/scott_spaces/decadarobotics_devspace/install/turtlebot3_description/lib/x86_64-linux-gnu/pkgconfig:/home/s/scott_spaces/decadarobotics_devspace/install/turtlebot3_description/lib/pkgconfig:${PKG_CONFIG_PATH} ROS_PACKAGE_PATH=/home/s/scott_spaces/decadarobotics_devspace/install/turtlebot3_description/share:${ROS_PACKAGE_PATH} /usr/bin/cmake --install /home/s/scott_spaces/decadarobotics_devspace/build/turtlebot3_gazebo
