[35m[1mScanning dependencies of target turtlebot3_description_xacro_generated_to_devel_space_[0m
Built target turtlebot3_description_xacro_generated_to_devel_space_
[35m[1mScanning dependencies of target tests[0m
Built target tests
-- Install configuration: "Release"
-- Installing: /home/s/scott_spaces/decadarobotics_devspace/install/turtlebot3_description/lib/pkgconfig/turtlebot3_description.pc
-- Installing: /home/s/scott_spaces/decadarobotics_devspace/install/turtlebot3_description/share/turtlebot3_description/cmake/turtlebot3_descriptionConfig.cmake
-- Installing: /home/s/scott_spaces/decadarobotics_devspace/install/turtlebot3_description/share/turtlebot3_description/cmake/turtlebot3_descriptionConfig-version.cmake
-- Installing: /home/s/scott_spaces/decadarobotics_devspace/install/turtlebot3_description/share/turtlebot3_description/package.xml
-- Installing: /home/s/scott_spaces/decadarobotics_devspace/install/turtlebot3_description/share/turtlebot3_description/meshes
-- Installing: /home/s/scott_spaces/decadarobotics_devspace/install/turtlebot3_description/share/turtlebot3_description/meshes/sensors
-- Installing: /home/s/scott_spaces/decadarobotics_devspace/install/turtlebot3_description/share/turtlebot3_description/meshes/sensors/lds.stl
-- Installing: /home/s/scott_spaces/decadarobotics_devspace/install/turtlebot3_description/share/turtlebot3_description/meshes/sensors/r200.jpg
-- Installing: /home/s/scott_spaces/decadarobotics_devspace/install/turtlebot3_description/share/turtlebot3_description/meshes/sensors/r200.dae
-- Installing: /home/s/scott_spaces/decadarobotics_devspace/install/turtlebot3_description/share/turtlebot3_description/meshes/sensors/astra.dae
-- Installing: /home/s/scott_spaces/decadarobotics_devspace/install/turtlebot3_description/share/turtlebot3_description/meshes/sensors/astra.jpg
-- Installing: /home/s/scott_spaces/decadarobotics_devspace/install/turtlebot3_description/share/turtlebot3_description/meshes/bases
-- Installing: /home/s/scott_spaces/decadarobotics_devspace/install/turtlebot3_description/share/turtlebot3_description/meshes/bases/waffle_pi_base_for_open_manipulator.stl
-- Installing: /home/s/scott_spaces/decadarobotics_devspace/install/turtlebot3_description/share/turtlebot3_description/meshes/bases/waffle_pi_base.stl
-- Installing: /home/s/scott_spaces/decadarobotics_devspace/install/turtlebot3_description/share/turtlebot3_description/meshes/bases/waffle_base_for_open_manipulator.stl
-- Installing: /home/s/scott_spaces/decadarobotics_devspace/install/turtlebot3_description/share/turtlebot3_description/meshes/bases/burger_base.stl
-- Installing: /home/s/scott_spaces/decadarobotics_devspace/install/turtlebot3_description/share/turtlebot3_description/meshes/bases/waffle_base.stl
-- Installing: /home/s/scott_spaces/decadarobotics_devspace/install/turtlebot3_description/share/turtlebot3_description/meshes/wheels
-- Installing: /home/s/scott_spaces/decadarobotics_devspace/install/turtlebot3_description/share/turtlebot3_description/meshes/wheels/right_tire.stl
-- Installing: /home/s/scott_spaces/decadarobotics_devspace/install/turtlebot3_description/share/turtlebot3_description/meshes/wheels/left_tire.stl
-- Installing: /home/s/scott_spaces/decadarobotics_devspace/install/turtlebot3_description/share/turtlebot3_description/rviz
-- Installing: /home/s/scott_spaces/decadarobotics_devspace/install/turtlebot3_description/share/turtlebot3_description/rviz/model.rviz
-- Installing: /home/s/scott_spaces/decadarobotics_devspace/install/turtlebot3_description/share/turtlebot3_description/urdf
-- Installing: /home/s/scott_spaces/decadarobotics_devspace/install/turtlebot3_description/share/turtlebot3_description/urdf/common_properties.xacro
-- Installing: /home/s/scott_spaces/decadarobotics_devspace/install/turtlebot3_description/share/turtlebot3_description/urdf/turtlebot3_waffle_pi.gazebo.xacro
-- Installing: /home/s/scott_spaces/decadarobotics_devspace/install/turtlebot3_description/share/turtlebot3_description/urdf/turtlebot3_burger_for_autorace.urdf.xacro
-- Installing: /home/s/scott_spaces/decadarobotics_devspace/install/turtlebot3_description/share/turtlebot3_description/urdf/turtlebot3_waffle_pi.urdf.xacro
-- Installing: /home/s/scott_spaces/decadarobotics_devspace/install/turtlebot3_description/share/turtlebot3_description/urdf/turtlebot3_waffle_for_open_manipulator.urdf.xacro
-- Installing: /home/s/scott_spaces/decadarobotics_devspace/install/turtlebot3_description/share/turtlebot3_description/urdf/turtlebot3_burger_for_autorace_2020.urdf.xacro
-- Installing: /home/s/scott_spaces/decadarobotics_devspace/install/turtlebot3_description/share/turtlebot3_description/urdf/turtlebot3_waffle_pi_for_open_manipulator.urdf.xacro
-- Installing: /home/s/scott_spaces/decadarobotics_devspace/install/turtlebot3_description/share/turtlebot3_description/urdf/turtlebot3_burger.urdf.xacro
-- Installing: /home/s/scott_spaces/decadarobotics_devspace/install/turtlebot3_description/share/turtlebot3_description/urdf/turtlebot3_burger.gazebo.xacro
-- Installing: /home/s/scott_spaces/decadarobotics_devspace/install/turtlebot3_description/share/turtlebot3_description/urdf/turtlebot3_waffle.gazebo.xacro
-- Installing: /home/s/scott_spaces/decadarobotics_devspace/install/turtlebot3_description/share/turtlebot3_description/urdf/turtlebot3_waffle_pi_for_open_manipulator.gazebo.xacro
-- Installing: /home/s/scott_spaces/decadarobotics_devspace/install/turtlebot3_description/share/turtlebot3_description/urdf/turtlebot3_waffle.urdf.xacro
-- Installing: /home/s/scott_spaces/decadarobotics_devspace/install/turtlebot3_description/share/turtlebot3_description/urdf/turtlebot3_burger_for_autorace.gazebo.xacro
-- Installing: /home/s/scott_spaces/decadarobotics_devspace/install/turtlebot3_description/share/turtlebot3_description/urdf/turtlebot3_burger_for_autorace_2020.gazebo.xacro
