[0.031s] Invoking command in '/home/s/scott_spaces/decadarobotics_devspace/build/turtlebot3_description': /usr/bin/cmake --build /home/s/scott_spaces/decadarobotics_devspace/build/turtlebot3_description -- -j4 -l4
[0.080s] [35m[1mScanning dependencies of target turtlebot3_description_xacro_generated_to_devel_space_[0m
[0.090s] Built target turtlebot3_description_xacro_generated_to_devel_space_
[0.107s] Invoked command in '/home/s/scott_spaces/decadarobotics_devspace/build/turtlebot3_description' returned '0': /usr/bin/cmake --build /home/s/scott_spaces/decadarobotics_devspace/build/turtlebot3_description -- -j4 -l4
[0.164s] Invoking command in '/home/s/scott_spaces/decadarobotics_devspace/build/turtlebot3_description': /usr/bin/cmake --build /home/s/scott_spaces/decadarobotics_devspace/build/turtlebot3_description --target tests -- -j4 -l4
[0.240s] [35m[1mScanning dependencies of target tests[0m
[0.253s] Built target tests
[0.276s] Invoked command in '/home/s/scott_spaces/decadarobotics_devspace/build/turtlebot3_description' returned '0': /usr/bin/cmake --build /home/s/scott_spaces/decadarobotics_devspace/build/turtlebot3_description --target tests -- -j4 -l4
[0.330s] Invoking command in '/home/s/scott_spaces/decadarobotics_devspace/build/turtlebot3_description': /usr/bin/cmake --install /home/s/scott_spaces/decadarobotics_devspace/build/turtlebot3_description
[0.341s] -- Install configuration: "Release"
[0.341s] -- Installing: /home/s/scott_spaces/decadarobotics_devspace/install/turtlebot3_description/lib/pkgconfig/turtlebot3_description.pc
[0.341s] -- Installing: /home/s/scott_spaces/decadarobotics_devspace/install/turtlebot3_description/share/turtlebot3_description/cmake/turtlebot3_descriptionConfig.cmake
[0.342s] -- Installing: /home/s/scott_spaces/decadarobotics_devspace/install/turtlebot3_description/share/turtlebot3_description/cmake/turtlebot3_descriptionConfig-version.cmake
[0.342s] -- Installing: /home/s/scott_spaces/decadarobotics_devspace/install/turtlebot3_description/share/turtlebot3_description/package.xml
[0.342s] -- Installing: /home/s/scott_spaces/decadarobotics_devspace/install/turtlebot3_description/share/turtlebot3_description/meshes
[0.342s] -- Installing: /home/s/scott_spaces/decadarobotics_devspace/install/turtlebot3_description/share/turtlebot3_description/meshes/sensors
[0.342s] -- Installing: /home/s/scott_spaces/decadarobotics_devspace/install/turtlebot3_description/share/turtlebot3_description/meshes/sensors/lds.stl
[0.343s] -- Installing: /home/s/scott_spaces/decadarobotics_devspace/install/turtlebot3_description/share/turtlebot3_description/meshes/sensors/r200.jpg
[0.343s] -- Installing: /home/s/scott_spaces/decadarobotics_devspace/install/turtlebot3_description/share/turtlebot3_description/meshes/sensors/r200.dae
[0.343s] -- Installing: /home/s/scott_spaces/decadarobotics_devspace/install/turtlebot3_description/share/turtlebot3_description/meshes/sensors/astra.dae
[0.352s] -- Installing: /home/s/scott_spaces/decadarobotics_devspace/install/turtlebot3_description/share/turtlebot3_description/meshes/sensors/astra.jpg
[0.352s] -- Installing: /home/s/scott_spaces/decadarobotics_devspace/install/turtlebot3_description/share/turtlebot3_description/meshes/bases
[0.352s] -- Installing: /home/s/scott_spaces/decadarobotics_devspace/install/turtlebot3_description/share/turtlebot3_description/meshes/bases/waffle_pi_base_for_open_manipulator.stl
[0.355s] -- Installing: /home/s/scott_spaces/decadarobotics_devspace/install/turtlebot3_description/share/turtlebot3_description/meshes/bases/waffle_pi_base.stl
[0.358s] -- Installing: /home/s/scott_spaces/decadarobotics_devspace/install/turtlebot3_description/share/turtlebot3_description/meshes/bases/waffle_base_for_open_manipulator.stl
[0.361s] -- Installing: /home/s/scott_spaces/decadarobotics_devspace/install/turtlebot3_description/share/turtlebot3_description/meshes/bases/burger_base.stl
[0.363s] -- Installing: /home/s/scott_spaces/decadarobotics_devspace/install/turtlebot3_description/share/turtlebot3_description/meshes/bases/waffle_base.stl
[0.368s] -- Installing: /home/s/scott_spaces/decadarobotics_devspace/install/turtlebot3_description/share/turtlebot3_description/meshes/wheels
[0.368s] -- Installing: /home/s/scott_spaces/decadarobotics_devspace/install/turtlebot3_description/share/turtlebot3_description/meshes/wheels/right_tire.stl
[0.369s] -- Installing: /home/s/scott_spaces/decadarobotics_devspace/install/turtlebot3_description/share/turtlebot3_description/meshes/wheels/left_tire.stl
[0.370s] -- Installing: /home/s/scott_spaces/decadarobotics_devspace/install/turtlebot3_description/share/turtlebot3_description/rviz
[0.370s] -- Installing: /home/s/scott_spaces/decadarobotics_devspace/install/turtlebot3_description/share/turtlebot3_description/rviz/model.rviz
[0.370s] -- Installing: /home/s/scott_spaces/decadarobotics_devspace/install/turtlebot3_description/share/turtlebot3_description/urdf
[0.370s] -- Installing: /home/s/scott_spaces/decadarobotics_devspace/install/turtlebot3_description/share/turtlebot3_description/urdf/common_properties.xacro
[0.370s] -- Installing: /home/s/scott_spaces/decadarobotics_devspace/install/turtlebot3_description/share/turtlebot3_description/urdf/turtlebot3_waffle_pi.gazebo.xacro
[0.371s] -- Installing: /home/s/scott_spaces/decadarobotics_devspace/install/turtlebot3_description/share/turtlebot3_description/urdf/turtlebot3_burger_for_autorace.urdf.xacro
[0.371s] -- Installing: /home/s/scott_spaces/decadarobotics_devspace/install/turtlebot3_description/share/turtlebot3_description/urdf/turtlebot3_waffle_pi.urdf.xacro
[0.371s] -- Installing: /home/s/scott_spaces/decadarobotics_devspace/install/turtlebot3_description/share/turtlebot3_description/urdf/turtlebot3_waffle_for_open_manipulator.urdf.xacro
[0.371s] -- Installing: /home/s/scott_spaces/decadarobotics_devspace/install/turtlebot3_description/share/turtlebot3_description/urdf/turtlebot3_burger_for_autorace_2020.urdf.xacro
[0.371s] -- Installing: /home/s/scott_spaces/decadarobotics_devspace/install/turtlebot3_description/share/turtlebot3_description/urdf/turtlebot3_waffle_pi_for_open_manipulator.urdf.xacro
[0.371s] -- Installing: /home/s/scott_spaces/decadarobotics_devspace/install/turtlebot3_description/share/turtlebot3_description/urdf/turtlebot3_burger.urdf.xacro
[0.371s] -- Installing: /home/s/scott_spaces/decadarobotics_devspace/install/turtlebot3_description/share/turtlebot3_description/urdf/turtlebot3_burger.gazebo.xacro
[0.371s] -- Installing: /home/s/scott_spaces/decadarobotics_devspace/install/turtlebot3_description/share/turtlebot3_description/urdf/turtlebot3_waffle.gazebo.xacro
[0.371s] -- Installing: /home/s/scott_spaces/decadarobotics_devspace/install/turtlebot3_description/share/turtlebot3_description/urdf/turtlebot3_waffle_pi_for_open_manipulator.gazebo.xacro
[0.371s] -- Installing: /home/s/scott_spaces/decadarobotics_devspace/install/turtlebot3_description/share/turtlebot3_description/urdf/turtlebot3_waffle.urdf.xacro
[0.372s] -- Installing: /home/s/scott_spaces/decadarobotics_devspace/install/turtlebot3_description/share/turtlebot3_description/urdf/turtlebot3_burger_for_autorace.gazebo.xacro
[0.372s] -- Installing: /home/s/scott_spaces/decadarobotics_devspace/install/turtlebot3_description/share/turtlebot3_description/urdf/turtlebot3_burger_for_autorace_2020.gazebo.xacro
[0.376s] Invoked command in '/home/s/scott_spaces/decadarobotics_devspace/build/turtlebot3_description' returned '0': /usr/bin/cmake --install /home/s/scott_spaces/decadarobotics_devspace/build/turtlebot3_description
