[35m[1mScanning dependencies of target tests[0m
Built target tests
-- Install configuration: "Release"
+ cd /home/s/scott_spaces/decadarobotics_devspace/src/turtlebot3/turtlebot3_teleop
+ mkdir -p /home/s/scott_spaces/decadarobotics_devspace/install/turtlebot3_teleop/lib/python3/dist-packages
+ /usr/bin/env PYTHONPATH=/home/s/scott_spaces/decadarobotics_devspace/install/turtlebot3_teleop/lib/python3/dist-packages:/home/s/scott_spaces/decadarobotics_devspace/build/turtlebot3_teleop/lib/python3/dist-packages:/opt/ros/noetic/lib/python3/dist-packages CATKIN_BINARY_DIR=/home/s/scott_spaces/decadarobotics_devspace/build/turtlebot3_teleop /usr/bin/python3 /home/s/scott_spaces/decadarobotics_devspace/src/turtlebot3/turtlebot3_teleop/setup.py build --build-base /home/s/scott_spaces/decadarobotics_devspace/build/turtlebot3_teleop install --root=/ --install-layout=deb --prefix=/home/s/scott_spaces/decadarobotics_devspace/install/turtlebot3_teleop --install-scripts=/home/s/scott_spaces/decadarobotics_devspace/install/turtlebot3_teleop/bin
running build
running build_py
creating /home/s/scott_spaces/decadarobotics_devspace/build/turtlebot3_teleop/lib
creating /home/s/scott_spaces/decadarobotics_devspace/build/turtlebot3_teleop/lib/turtlebot3_teleop
copying src/turtlebot3_teleop/__init__.py -> /home/s/scott_spaces/decadarobotics_devspace/build/turtlebot3_teleop/lib/turtlebot3_teleop
running install
running install_lib
creating /home/s/scott_spaces/decadarobotics_devspace/install/turtlebot3_teleop/lib/python3/dist-packages/turtlebot3_teleop
copying /home/s/scott_spaces/decadarobotics_devspace/build/turtlebot3_teleop/lib/turtlebot3_teleop/__init__.py -> /home/s/scott_spaces/decadarobotics_devspace/install/turtlebot3_teleop/lib/python3/dist-packages/turtlebot3_teleop
byte-compiling /home/s/scott_spaces/decadarobotics_devspace/install/turtlebot3_teleop/lib/python3/dist-packages/turtlebot3_teleop/__init__.py to __init__.cpython-38.pyc
running install_egg_info
Writing /home/s/scott_spaces/decadarobotics_devspace/install/turtlebot3_teleop/lib/python3/dist-packages/turtlebot3_teleop-1.2.5.egg-info
-- Installing: /home/s/scott_spaces/decadarobotics_devspace/install/turtlebot3_teleop/lib/pkgconfig/turtlebot3_teleop.pc
-- Installing: /home/s/scott_spaces/decadarobotics_devspace/install/turtlebot3_teleop/share/turtlebot3_teleop/cmake/turtlebot3_teleopConfig.cmake
-- Installing: /home/s/scott_spaces/decadarobotics_devspace/install/turtlebot3_teleop/share/turtlebot3_teleop/cmake/turtlebot3_teleopConfig-version.cmake
-- Installing: /home/s/scott_spaces/decadarobotics_devspace/install/turtlebot3_teleop/share/turtlebot3_teleop/package.xml
-- Installing: /home/s/scott_spaces/decadarobotics_devspace/install/turtlebot3_teleop/lib/turtlebot3_teleop/turtlebot3_teleop_key
-- Installing: /home/s/scott_spaces/decadarobotics_devspace/install/turtlebot3_teleop/share/turtlebot3_teleop/launch
-- Installing: /home/s/scott_spaces/decadarobotics_devspace/install/turtlebot3_teleop/share/turtlebot3_teleop/launch/turtlebot3_teleop_key.launch
