[0.029s] Invoking command in '/home/s/scott_spaces/decadarobotics_devspace/build/turtlebot3_teleop': /usr/bin/cmake --build /home/s/scott_spaces/decadarobotics_devspace/build/turtlebot3_teleop -- -j4 -l4
[0.078s] Invoked command in '/home/s/scott_spaces/decadarobotics_devspace/build/turtlebot3_teleop' returned '0': /usr/bin/cmake --build /home/s/scott_spaces/decadarobotics_devspace/build/turtlebot3_teleop -- -j4 -l4
[0.136s] Invoking command in '/home/s/scott_spaces/decadarobotics_devspace/build/turtlebot3_teleop': /usr/bin/cmake --build /home/s/scott_spaces/decadarobotics_devspace/build/turtlebot3_teleop --target tests -- -j4 -l4
[0.194s] [35m[1mScanning dependencies of target tests[0m
[0.204s] Built target tests
[0.219s] Invoked command in '/home/s/scott_spaces/decadarobotics_devspace/build/turtlebot3_teleop' returned '0': /usr/bin/cmake --build /home/s/scott_spaces/decadarobotics_devspace/build/turtlebot3_teleop --target tests -- -j4 -l4
[0.264s] Invoking command in '/home/s/scott_spaces/decadarobotics_devspace/build/turtlebot3_teleop': /usr/bin/cmake --install /home/s/scott_spaces/decadarobotics_devspace/build/turtlebot3_teleop
[0.276s] -- Install configuration: "Release"
[0.277s] + cd /home/s/scott_spaces/decadarobotics_devspace/src/turtlebot3/turtlebot3_teleop
[0.277s] + mkdir -p /home/s/scott_spaces/decadarobotics_devspace/install/turtlebot3_teleop/lib/python3/dist-packages
[0.279s] + /usr/bin/env PYTHONPATH=/home/s/scott_spaces/decadarobotics_devspace/install/turtlebot3_teleop/lib/python3/dist-packages:/home/s/scott_spaces/decadarobotics_devspace/build/turtlebot3_teleop/lib/python3/dist-packages:/opt/ros/noetic/lib/python3/dist-packages CATKIN_BINARY_DIR=/home/s/scott_spaces/decadarobotics_devspace/build/turtlebot3_teleop /usr/bin/python3 /home/s/scott_spaces/decadarobotics_devspace/src/turtlebot3/turtlebot3_teleop/setup.py build --build-base /home/s/scott_spaces/decadarobotics_devspace/build/turtlebot3_teleop install --root=/ --install-layout=deb --prefix=/home/s/scott_spaces/decadarobotics_devspace/install/turtlebot3_teleop --install-scripts=/home/s/scott_spaces/decadarobotics_devspace/install/turtlebot3_teleop/bin
[0.358s] running build
[0.358s] running build_py
[0.361s] creating /home/s/scott_spaces/decadarobotics_devspace/build/turtlebot3_teleop/lib
[0.361s] creating /home/s/scott_spaces/decadarobotics_devspace/build/turtlebot3_teleop/lib/turtlebot3_teleop
[0.361s] copying src/turtlebot3_teleop/__init__.py -> /home/s/scott_spaces/decadarobotics_devspace/build/turtlebot3_teleop/lib/turtlebot3_teleop
[0.361s] running install
[0.361s] running install_lib
[0.362s] creating /home/s/scott_spaces/decadarobotics_devspace/install/turtlebot3_teleop/lib/python3/dist-packages/turtlebot3_teleop
[0.362s] copying /home/s/scott_spaces/decadarobotics_devspace/build/turtlebot3_teleop/lib/turtlebot3_teleop/__init__.py -> /home/s/scott_spaces/decadarobotics_devspace/install/turtlebot3_teleop/lib/python3/dist-packages/turtlebot3_teleop
[0.371s] byte-compiling /home/s/scott_spaces/decadarobotics_devspace/install/turtlebot3_teleop/lib/python3/dist-packages/turtlebot3_teleop/__init__.py to __init__.cpython-38.pyc
[0.371s] running install_egg_info
[0.371s] Writing /home/s/scott_spaces/decadarobotics_devspace/install/turtlebot3_teleop/lib/python3/dist-packages/turtlebot3_teleop-1.2.5.egg-info
[0.380s] -- Installing: /home/s/scott_spaces/decadarobotics_devspace/install/turtlebot3_teleop/lib/pkgconfig/turtlebot3_teleop.pc
[0.380s] -- Installing: /home/s/scott_spaces/decadarobotics_devspace/install/turtlebot3_teleop/share/turtlebot3_teleop/cmake/turtlebot3_teleopConfig.cmake
[0.381s] -- Installing: /home/s/scott_spaces/decadarobotics_devspace/install/turtlebot3_teleop/share/turtlebot3_teleop/cmake/turtlebot3_teleopConfig-version.cmake
[0.381s] -- Installing: /home/s/scott_spaces/decadarobotics_devspace/install/turtlebot3_teleop/share/turtlebot3_teleop/package.xml
[0.382s] -- Installing: /home/s/scott_spaces/decadarobotics_devspace/install/turtlebot3_teleop/lib/turtlebot3_teleop/turtlebot3_teleop_key
[0.382s] -- Installing: /home/s/scott_spaces/decadarobotics_devspace/install/turtlebot3_teleop/share/turtlebot3_teleop/launch
[0.382s] -- Installing: /home/s/scott_spaces/decadarobotics_devspace/install/turtlebot3_teleop/share/turtlebot3_teleop/launch/turtlebot3_teleop_key.launch
[0.387s] Invoked command in '/home/s/scott_spaces/decadarobotics_devspace/build/turtlebot3_teleop' returned '0': /usr/bin/cmake --install /home/s/scott_spaces/decadarobotics_devspace/build/turtlebot3_teleop
