[0.024s] Invoking command in '/home/s/scott_spaces/decadarobotics_devspace/build/turtlebot3_teleop': /usr/bin/cmake /home/s/scott_spaces/decadarobotics_devspace/src/turtlebot3/turtlebot3_teleop -DCMAKE_BUILD_TYPE=Release -DCATKIN_INSTALL_INTO_PREFIX_ROOT=0 -DCMAKE_INSTALL_PREFIX=/home/s/scott_spaces/decadarobotics_devspace/install/turtlebot3_teleop
[0.101s] -- The C compiler identification is GNU 9.3.0
[0.175s] -- The CXX compiler identification is GNU 9.3.0
[0.182s] -- Check for working C compiler: /usr/bin/cc
[0.265s] -- Check for working C compiler: /usr/bin/cc -- works
[0.266s] -- Detecting C compiler ABI info
[0.344s] -- Detecting C compiler ABI info - done
[0.361s] -- Detecting C compile features
[0.361s] -- Detecting C compile features - done
[0.366s] -- Check for working CXX compiler: /usr/bin/c++
[0.459s] -- Check for working CXX compiler: /usr/bin/c++ -- works
[0.459s] -- Detecting CXX compiler ABI info
[0.551s] -- Detecting CXX compiler ABI info - done
[0.569s] -- Detecting CXX compile features
[0.569s] -- Detecting CXX compile features - done
[0.572s] -- Using CATKIN_DEVEL_PREFIX: /home/s/scott_spaces/decadarobotics_devspace/build/turtlebot3_teleop/devel
[0.572s] -- Using CMAKE_PREFIX_PATH: /opt/ros/noetic
[0.572s] -- This workspace overlays: /opt/ros/noetic
[0.599s] -- Found PythonInterp: /usr/bin/python3 (found suitable version "3.8.5", minimum required is "3") 
[0.600s] -- Using PYTHON_EXECUTABLE: /usr/bin/python3
[0.600s] -- Using Debian Python package layout
[0.641s] -- Found PY_em: /usr/lib/python3/dist-packages/em.py  
[0.641s] -- Using empy: /usr/lib/python3/dist-packages/em.py
[0.792s] -- Using CATKIN_ENABLE_TESTING: ON
[0.792s] -- Call enable_testing()
[0.794s] -- Using CATKIN_TEST_RESULTS_DIR: /home/s/scott_spaces/decadarobotics_devspace/build/turtlebot3_teleop/test_results
[1.117s] -- Forcing gtest/gmock from source, though one was otherwise available.
[1.118s] -- Found gtest sources under '/usr/src/googletest': gtests will be built
[1.118s] -- Found gmock sources under '/usr/src/googletest': gmock will be built
[1.146s] -- Found PythonInterp: /usr/bin/python3 (found version "3.8.5") 
[1.148s] -- Found Threads: TRUE  
[1.153s] -- Using Python nosetests: /usr/bin/nosetests3
[1.220s] -- catkin 0.8.10
[1.220s] -- BUILD_SHARED_LIBS is on
[2.109s] -- Installing devel-space wrapper /home/s/scott_spaces/decadarobotics_devspace/src/turtlebot3/turtlebot3_teleop/nodes/turtlebot3_teleop_key to /home/s/scott_spaces/decadarobotics_devspace/build/turtlebot3_teleop/devel/lib/turtlebot3_teleop
[2.112s] -- Configuring done
[2.126s] -- Generating done
[2.128s] -- Build files have been written to: /home/s/scott_spaces/decadarobotics_devspace/build/turtlebot3_teleop
