-- The C compiler identification is GNU 9.3.0
-- Check for working C compiler: /usr/bin/cc
-- Check for working C compiler: /usr/bin/cc -- works
-- Detecting C compiler ABI info
-- Detecting C compiler ABI info - done
-- Detecting C compile features
-- Detecting C compile features - done
-- Found OpenSSL: /usr/lib/x86_64-linux-gnu/libcrypto.so (found version "1.1.1f")  
-- Building with OpenSSL support
-- Check target architecture - done
-- Looking for stdint.h
-- Looking for stdint.h - found
-- Looking for inttypes.h
-- Looking for inttypes.h - found
-- Looking for sys/types.h
-- Looking for sys/types.h - found
-- Looking for stdint.h
-- Looking for stdint.h - found
-- Looking for stddef.h
-- Looking for stddef.h - found
-- Check size of intmax_t
-- Check size of intmax_t - done
-- Looking for stpcpy
-- Looking for stpcpy - found
-- Looking for strlcpy
-- Looking for strlcpy - not found
-- Looking for strlcat
-- Looking for strlcat - not found
-- Performing Test COMPILER_HAS_HIDDEN_VISIBILITY
-- Performing Test COMPILER_HAS_HIDDEN_VISIBILITY - Success
-- Performing Test COMPILER_HAS_HIDDEN_INLINE_VISIBILITY
-- Performing Test COMPILER_HAS_HIDDEN_INLINE_VISIBILITY - Failed
-- Performing Test COMPILER_HAS_DEPRECATED_ATTR
-- Performing Test COMPILER_HAS_DEPRECATED_ATTR - Success
-- Looking for getopt.h
-- Looking for getopt.h - found
-- Looking for pthread.h
-- Looking for pthread.h - found
-- Performing Test CMAKE_HAVE_LIBC_PTHREAD
-- Performing Test CMAKE_HAVE_LIBC_PTHREAD - Failed
-- Looking for pthread_create in pthreads
-- Looking for pthread_create in pthreads - not found
-- Looking for pthread_create in pthread
-- Looking for pthread_create in pthread - found
-- Found Threads: TRUE  
-- Looking for clock_gettime in c
-- Looking for clock_gettime in c - found
-- Found BISON: /usr/bin/bison (found suitable version "3.5.1", minimum required is "3.0.4") 
-- Configuring done
-- Generating done
-- Build files have been written to: /home/s/scott_spaces/decadarobotics_devspace/build/cyclonedds
[  0%] [34m[1m[BISON][parser] Building parser with bison 3.5.1[0m
[35m[1mScanning dependencies of target ddsconf[0m
[35m[1mScanning dependencies of target idlpp[0m
[  0%] [32mBuilding C object src/tools/idlpp/CMakeFiles/idlpp.dir/src/eval.c.o[0m
[  0%] [32mBuilding C object src/tools/idlpp/CMakeFiles/idlpp.dir/src/directive.c.o[0m
[  0%] [32mBuilding C object src/tools/ddsconf/CMakeFiles/ddsconf.dir/ddsconf.c.o[0m
[35m[1mScanning dependencies of target idl[0m
[  0%] [32mBuilding C object src/idl/CMakeFiles/idl.dir/src/symbol.c.o[0m
[  1%] [32mBuilding C object src/idl/CMakeFiles/idl.dir/src/directive.c.o[0m
[  2%] [32mBuilding C object src/tools/ddsconf/CMakeFiles/ddsconf.dir/rnc.c.o[0m
[  2%] [32mBuilding C object src/idl/CMakeFiles/idl.dir/src/expression.c.o[0m
[  2%] [32mBuilding C object src/tools/ddsconf/CMakeFiles/ddsconf.dir/md.c.o[0m
[  3%] [32mBuilding C object src/tools/ddsconf/CMakeFiles/ddsconf.dir/xsd.c.o[0m
[  3%] [32mBuilding C object src/tools/ddsconf/CMakeFiles/ddsconf.dir/defconfig.c.o[0m
[  4%] [32mBuilding C object src/tools/idlpp/CMakeFiles/idlpp.dir/src/expand.c.o[0m
[  5%] [32mBuilding C object src/idl/CMakeFiles/idl.dir/src/file.c.o[0m
[  5%] [32mBuilding C object src/tools/ddsconf/CMakeFiles/ddsconf.dir/__/__/core/ddsi/src/q_config.c.o[0m
[  5%] [32mBuilding C object src/idl/CMakeFiles/idl.dir/src/processor.c.o[0m
[  5%] [32mBuilding C object src/idl/CMakeFiles/idl.dir/src/scanner.c.o[0m
[  6%] [32mBuilding C object src/idl/CMakeFiles/idl.dir/src/string.c.o[0m
[  6%] [32mBuilding C object src/idl/CMakeFiles/idl.dir/src/annotation.c.o[0m
[  6%] [32mBuilding C object src/idl/CMakeFiles/idl.dir/src/scope.c.o[0m
[  7%] [32mBuilding C object src/idl/CMakeFiles/idl.dir/src/tree.c.o[0m
[  7%] [32mBuilding C object src/tools/idlpp/CMakeFiles/idlpp.dir/src/main.c.o[0m
[  8%] [32mBuilding C object src/tools/ddsconf/CMakeFiles/ddsconf.dir/__/__/ddsrt/src/bswap.c.o[0m
[  8%] [32mBuilding C object src/tools/ddsconf/CMakeFiles/ddsconf.dir/__/__/ddsrt/src/io.c.o[0m
[  8%] [32mBuilding C object src/tools/ddsconf/CMakeFiles/ddsconf.dir/__/__/ddsrt/src/log.c.o[0m
[  9%] [32mBuilding C object src/tools/idlpp/CMakeFiles/idlpp.dir/src/mbchar.c.o[0m
[ 10%] [32mBuilding C object src/tools/ddsconf/CMakeFiles/ddsconf.dir/__/__/ddsrt/src/retcode.c.o[0m
[ 10%] [32mBuilding C object src/tools/ddsconf/CMakeFiles/ddsconf.dir/__/__/ddsrt/src/strtod.c.o[0m
[ 10%] [32mBuilding C object src/tools/idlpp/CMakeFiles/idlpp.dir/src/support.c.o[0m
[ 11%] [32mBuilding C object src/tools/ddsconf/CMakeFiles/ddsconf.dir/__/__/ddsrt/src/strtol.c.o[0m
[ 11%] [32mBuilding C object src/tools/idlpp/CMakeFiles/idlpp.dir/src/system.c.o[0m
[ 11%] [32mBuilding C object src/idl/CMakeFiles/idl.dir/src/visit.c.o[0m
[ 11%] [32mBuilding C object src/tools/ddsconf/CMakeFiles/ddsconf.dir/__/__/ddsrt/src/mh3.c.o[0m
[ 11%] [32mBuilding C object src/tools/ddsconf/CMakeFiles/ddsconf.dir/__/__/ddsrt/src/avl.c.o[0m
[ 12%] [32mBuilding C object src/idl/CMakeFiles/idl.dir/src/thread.c.o[0m
[ 12%] [32mBuilding C object src/idl/CMakeFiles/idl.dir/src/print.c.o[0m
[ 12%] [32mBuilding C object src/idl/CMakeFiles/idl.dir/hashid.c.o[0m
[ 13%] [32mBuilding C object src/idl/CMakeFiles/idl.dir/parser.c.o[0m
[ 14%] [32mBuilding C object src/tools/ddsconf/CMakeFiles/ddsconf.dir/__/__/ddsrt/src/environ.c.o[0m
[ 14%] [32m[1mLinking C shared library ../../lib/libidl.so[0m
[ 14%] [32mBuilding C object src/tools/ddsconf/CMakeFiles/ddsconf.dir/__/__/ddsrt/src/expand_vars.c.o[0m
[ 14%] [32mBuilding C object src/tools/ddsconf/CMakeFiles/ddsconf.dir/__/__/ddsrt/src/fibheap.c.o[0m
[ 14%] Built target idl
[ 15%] [32mBuilding C object src/tools/ddsconf/CMakeFiles/ddsconf.dir/__/__/ddsrt/src/hopscotch.c.o[0m
[ 15%] [32mBuilding C object src/tools/ddsconf/CMakeFiles/ddsconf.dir/__/__/ddsrt/src/xmlparser.c.o[0m
[ 16%] [32m[1mLinking C static library ../../../lib/libidlpp.a[0m
[ 17%] [32mBuilding C object src/tools/ddsconf/CMakeFiles/ddsconf.dir/__/__/ddsrt/src/circlist.c.o[0m
[ 17%] Built target idlpp
[ 17%] [32mBuilding C object src/tools/ddsconf/CMakeFiles/ddsconf.dir/__/__/ddsrt/src/atomics.c.o[0m
[ 17%] [32mBuilding C object src/tools/ddsconf/CMakeFiles/ddsconf.dir/__/__/ddsrt/src/cdtors.c.o[0m
[ 18%] [32mBuilding C object src/tools/ddsconf/CMakeFiles/ddsconf.dir/__/__/ddsrt/src/environ/posix/environ.c.o[0m
[ 18%] [32mBuilding C object src/tools/ddsconf/CMakeFiles/ddsconf.dir/__/__/ddsrt/src/heap/posix/heap.c.o[0m
[35m[1mScanning dependencies of target idlc[0m
[ 18%] [32mBuilding C object src/tools/idlc/CMakeFiles/idlc.dir/src/idlc.c.o[0m
[ 18%] [32mBuilding C object src/tools/ddsconf/CMakeFiles/ddsconf.dir/__/__/ddsrt/src/ifaddrs.c.o[0m
[ 19%] [32mBuilding C object src/tools/ddsconf/CMakeFiles/ddsconf.dir/__/__/ddsrt/src/ifaddrs/posix/ifaddrs.c.o[0m
[ 19%] [32mBuilding C object src/tools/ddsconf/CMakeFiles/ddsconf.dir/__/__/ddsrt/src/random.c.o[0m
[ 20%] [32mBuilding C object src/tools/ddsconf/CMakeFiles/ddsconf.dir/__/__/ddsrt/src/random/posix/random.c.o[0m
[ 21%] [32mBuilding C object src/tools/idlc/CMakeFiles/idlc.dir/src/plugin.c.o[0m
[ 21%] [32mBuilding C object src/tools/ddsconf/CMakeFiles/ddsconf.dir/__/__/ddsrt/src/rusage/posix/rusage.c.o[0m
[ 21%] [32mBuilding C object src/tools/ddsconf/CMakeFiles/ddsconf.dir/__/__/ddsrt/src/sockets.c.o[0m
[ 21%] [32mBuilding C object src/tools/idlc/CMakeFiles/idlc.dir/src/options.c.o[0m
[ 22%] [32mBuilding C object src/tools/idlc/CMakeFiles/idlc.dir/src/generator.c.o[0m
[ 23%] [32mBuilding C object src/tools/ddsconf/CMakeFiles/ddsconf.dir/__/__/ddsrt/src/sockets/posix/gethostname.c.o[0m
[ 23%] [32mBuilding C object src/tools/idlc/CMakeFiles/idlc.dir/src/descriptor.c.o[0m
[ 23%] [32mBuilding C object src/tools/ddsconf/CMakeFiles/ddsconf.dir/__/__/ddsrt/src/sockets/posix/socket.c.o[0m
[ 24%] [32mBuilding C object src/tools/ddsconf/CMakeFiles/ddsconf.dir/__/__/ddsrt/src/string/posix/strerror.c.o[0m
[ 24%] [32mBuilding C object src/tools/ddsconf/CMakeFiles/ddsconf.dir/__/__/ddsrt/src/string.c.o[0m
[ 24%] [32mBuilding C object src/tools/ddsconf/CMakeFiles/ddsconf.dir/__/__/ddsrt/src/sync/posix/sync.c.o[0m
[ 24%] [32mBuilding C object src/tools/ddsconf/CMakeFiles/ddsconf.dir/__/__/ddsrt/src/threads/posix/threads.c.o[0m
[ 25%] [32mBuilding C object src/tools/ddsconf/CMakeFiles/ddsconf.dir/__/__/ddsrt/src/threads.c.o[0m
[ 25%] [32mBuilding C object src/tools/idlc/CMakeFiles/idlc.dir/src/types.c.o[0m
[ 25%] [32mBuilding C object src/tools/ddsconf/CMakeFiles/ddsconf.dir/__/__/ddsrt/src/time.c.o[0m
[ 26%] [32mBuilding C object src/tools/ddsconf/CMakeFiles/ddsconf.dir/__/__/ddsrt/src/time/posix/time.c.o[0m
[ 26%] [32mBuilding C object src/tools/ddsconf/CMakeFiles/ddsconf.dir/__/__/ddsrt/src/md5.c.o[0m
[ 27%] [32m[1mLinking C executable ../../../bin/idlc[0m
[ 28%] [32mBuilding C object src/tools/ddsconf/CMakeFiles/ddsconf.dir/__/__/ddsrt/src/process/posix/process.c.o[0m
[ 28%] [32mBuilding C object src/tools/ddsconf/CMakeFiles/ddsconf.dir/__/__/ddsrt/src/netstat/linux/netstat.c.o[0m
[ 28%] Built target idlc
[35m[1mScanning dependencies of target ddsperf_types_generate[0m
[ 28%] [32mBuilding C object src/tools/ddsconf/CMakeFiles/ddsconf.dir/__/__/ddsrt/src/dynlib/posix/dynlib.c.o[0m
[ 29%] [34m[1mGenerating ddsperf_types.c, ddsperf_types.h[0m
[ 30%] [32mBuilding C object src/tools/ddsconf/CMakeFiles/ddsconf.dir/__/__/ddsrt/src/filesystem/posix/filesystem.c.o[0m
[35m[1mScanning dependencies of target InitSampleDeliv_lib_generate[0m
[35m[1mScanning dependencies of target RhcTypes_generate[0m
[ 30%] Built target ddsperf_types_generate
[ 30%] [34m[1mGenerating InitSampleDelivData.c, InitSampleDelivData.h[0m
[ 30%] [34m[1mGenerating RhcTypes.c, RhcTypes.h[0m
[ 30%] [32m[1mLinking C executable ../../../bin/ddsconf[0m
[ 30%] Built target InitSampleDeliv_lib_generate
[ 30%] Built target RhcTypes_generate
[ 30%] Built target ddsconf
[ 31%] [34m[1mGenerating defconfig.c[0m
[35m[1mScanning dependencies of target schema[0m
[ 32%] [34m[1mGenerating cyclonedds.rnc, cyclonedds.xsd, manual/options.md[0m
[35m[1mScanning dependencies of target ddsc[0m
[ 32%] Built target schema
[ 32%] [32mBuilding C object src/core/CMakeFiles/ddsc.dir/ddsi/src/ddsi_eth.c.o[0m
[ 32%] [32mBuilding C object src/core/CMakeFiles/ddsc.dir/ddsi/src/ddsi_tcp.c.o[0m
[ 33%] [32mBuilding C object src/core/CMakeFiles/ddsc.dir/ddsi/src/ddsi_ssl.c.o[0m
[ 33%] [32mBuilding C object src/core/CMakeFiles/ddsc.dir/ddsi/src/ddsi_tran.c.o[0m
[ 34%] [32mBuilding C object src/core/CMakeFiles/ddsc.dir/ddsi/src/ddsi_udp.c.o[0m
[ 34%] [32mBuilding C object src/core/CMakeFiles/ddsc.dir/ddsi/src/ddsi_raweth.c.o[0m
[ 34%] [32mBuilding C object src/core/CMakeFiles/ddsc.dir/ddsi/src/ddsi_ipaddr.c.o[0m
[ 35%] [32mBuilding C object src/core/CMakeFiles/ddsc.dir/ddsi/src/ddsi_mcgroup.c.o[0m
[ 35%] [32mBuilding C object src/core/CMakeFiles/ddsc.dir/ddsi/src/ddsi_security_util.c.o[0m
[ 36%] [32mBuilding C object src/core/CMakeFiles/ddsc.dir/ddsi/src/ddsi_security_omg.c.o[0m
[ 36%] [32mBuilding C object src/core/CMakeFiles/ddsc.dir/ddsi/src/ddsi_handshake.c.o[0m
[ 36%] [32mBuilding C object src/core/CMakeFiles/ddsc.dir/ddsi/src/ddsi_portmapping.c.o[0m
[ 37%] [32mBuilding C object src/core/CMakeFiles/ddsc.dir/ddsi/src/ddsi_serdata.c.o[0m
[ 37%] [32mBuilding C object src/core/CMakeFiles/ddsc.dir/ddsi/src/ddsi_serdata_default.c.o[0m
[ 37%] [32mBuilding C object src/core/CMakeFiles/ddsc.dir/ddsi/src/ddsi_serdata_pserop.c.o[0m
[ 38%] [32mBuilding C object src/core/CMakeFiles/ddsc.dir/ddsi/src/ddsi_serdata_plist.c.o[0m
[ 38%] [32mBuilding C object src/core/CMakeFiles/ddsc.dir/ddsi/src/ddsi_sertype.c.o[0m
[ 39%] [32mBuilding C object src/core/CMakeFiles/ddsc.dir/ddsi/src/ddsi_sertype_default.c.o[0m
[ 39%] [32mBuilding C object src/core/CMakeFiles/ddsc.dir/ddsi/src/ddsi_sertype_pserop.c.o[0m
[ 39%] [32mBuilding C object src/core/CMakeFiles/ddsc.dir/ddsi/src/ddsi_sertype_plist.c.o[0m
[ 40%] [32mBuilding C object src/core/CMakeFiles/ddsc.dir/ddsi/src/ddsi_sertopic.c.o[0m
[ 40%] [32mBuilding C object src/core/CMakeFiles/ddsc.dir/ddsi/src/ddsi_statistics.c.o[0m
[ 41%] [32mBuilding C object src/core/CMakeFiles/ddsc.dir/ddsi/src/ddsi_iid.c.o[0m
[ 41%] [32mBuilding C object src/core/CMakeFiles/ddsc.dir/ddsi/src/ddsi_tkmap.c.o[0m
[ 41%] [32mBuilding C object src/core/CMakeFiles/ddsc.dir/ddsi/src/ddsi_vendor.c.o[0m
[ 42%] [32mBuilding C object src/core/CMakeFiles/ddsc.dir/ddsi/src/ddsi_threadmon.c.o[0m
[ 42%] [32mBuilding C object src/core/CMakeFiles/ddsc.dir/ddsi/src/ddsi_rhc.c.o[0m
[ 42%] [32mBuilding C object src/core/CMakeFiles/ddsc.dir/ddsi/src/ddsi_pmd.c.o[0m
[ 43%] [32mBuilding C object src/core/CMakeFiles/ddsc.dir/ddsi/src/ddsi_entity_index.c.o[0m
[ 43%] [32mBuilding C object src/core/CMakeFiles/ddsc.dir/ddsi/src/ddsi_deadline.c.o[0m
[ 44%] [32mBuilding C object src/core/CMakeFiles/ddsc.dir/ddsi/src/ddsi_deliver_locally.c.o[0m
[ 44%] [32mBuilding C object src/core/CMakeFiles/ddsc.dir/ddsi/src/ddsi_plist.c.o[0m
[ 44%] [32mBuilding C object src/core/CMakeFiles/ddsc.dir/ddsi/src/ddsi_cdrstream.c.o[0m
[ 45%] [32mBuilding C object src/core/CMakeFiles/ddsc.dir/ddsi/src/ddsi_time.c.o[0m
[ 45%] [32mBuilding C object src/core/CMakeFiles/ddsc.dir/ddsi/src/ddsi_ownip.c.o[0m
[ 45%] [32mBuilding C object src/core/CMakeFiles/ddsc.dir/ddsi/src/ddsi_acknack.c.o[0m
[ 46%] [32mBuilding C object src/core/CMakeFiles/ddsc.dir/ddsi/src/ddsi_list_genptr.c.o[0m
[ 46%] [32mBuilding C object src/core/CMakeFiles/ddsc.dir/ddsi/src/q_addrset.c.o[0m
[ 47%] [32mBuilding C object src/core/CMakeFiles/ddsc.dir/ddsi/src/q_bitset_inlines.c.o[0m
[ 47%] [32mBuilding C object src/core/CMakeFiles/ddsc.dir/ddsi/src/q_bswap.c.o[0m
[ 47%] [32mBuilding C object src/core/CMakeFiles/ddsc.dir/ddsi/src/q_config.c.o[0m
[ 48%] [32mBuilding C object src/core/CMakeFiles/ddsc.dir/ddsi/src/q_ddsi_discovery.c.o[0m
[ 48%] [32mBuilding C object src/core/CMakeFiles/ddsc.dir/ddsi/src/q_debmon.c.o[0m
[ 48%] [32mBuilding C object src/core/CMakeFiles/ddsc.dir/ddsi/src/q_entity.c.o[0m
[ 49%] [32mBuilding C object src/core/CMakeFiles/ddsc.dir/ddsi/src/q_gc.c.o[0m
[ 50%] [32mBuilding C object src/core/CMakeFiles/ddsc.dir/ddsi/src/q_lat_estim.c.o[0m
[ 50%] [32mBuilding C object src/core/CMakeFiles/ddsc.dir/ddsi/src/q_init.c.o[0m
[ 50%] [32mBuilding C object src/core/CMakeFiles/ddsc.dir/ddsi/src/q_lease.c.o[0m
[ 50%] [32mBuilding C object src/core/CMakeFiles/ddsc.dir/ddsi/src/q_misc.c.o[0m
[ 51%] [32mBuilding C object src/core/CMakeFiles/ddsc.dir/ddsi/src/q_pcap.c.o[0m
[ 51%] [32mBuilding C object src/core/CMakeFiles/ddsc.dir/ddsi/src/q_qosmatch.c.o[0m
[ 51%] [32mBuilding C object src/core/CMakeFiles/ddsc.dir/ddsi/src/q_radmin.c.o[0m
[ 52%] [32mBuilding C object src/core/CMakeFiles/ddsc.dir/ddsi/src/q_receive.c.o[0m
[ 52%] [32mBuilding C object src/core/CMakeFiles/ddsc.dir/ddsi/src/q_sockwaitset.c.o[0m
[ 53%] [32mBuilding C object src/core/CMakeFiles/ddsc.dir/ddsi/src/q_thread.c.o[0m
[ 53%] [32mBuilding C object src/core/CMakeFiles/ddsc.dir/ddsi/src/q_transmit.c.o[0m
[ 53%] [32mBuilding C object src/core/CMakeFiles/ddsc.dir/ddsi/src/q_inverse_uint32_set.c.o[0m
[ 54%] [32mBuilding C object src/core/CMakeFiles/ddsc.dir/ddsi/src/q_whc.c.o[0m
[ 54%] [32mBuilding C object src/core/CMakeFiles/ddsc.dir/ddsi/src/q_xevent.c.o[0m
[ 54%] [32mBuilding C object src/core/CMakeFiles/ddsc.dir/ddsi/src/q_xmsg.c.o[0m
[ 55%] [32mBuilding C object src/core/CMakeFiles/ddsc.dir/ddsi/src/q_freelist.c.o[0m
[ 55%] [32mBuilding C object src/core/CMakeFiles/ddsc.dir/ddsi/src/sysdeps.c.o[0m
[ 56%] [32mBuilding C object src/core/CMakeFiles/ddsc.dir/ddsi/src/ddsi_lifespan.c.o[0m
[ 56%] [32mBuilding C object src/core/CMakeFiles/ddsc.dir/ddsi/src/ddsi_security_msg.c.o[0m
[ 56%] [32mBuilding C object src/core/CMakeFiles/ddsc.dir/ddsi/src/ddsi_security_exchange.c.o[0m
[ 57%] [32mBuilding C object src/core/CMakeFiles/ddsc.dir/defconfig.c.o[0m
[ 57%] [32mBuilding C object src/core/CMakeFiles/ddsc.dir/ddsc/src/dds_alloc.c.o[0m
[ 57%] [32mBuilding C object src/core/CMakeFiles/ddsc.dir/ddsc/src/dds_builtin.c.o[0m
[ 58%] [32mBuilding C object src/core/CMakeFiles/ddsc.dir/ddsc/src/dds_coherent.c.o[0m
[ 58%] [32mBuilding C object src/core/CMakeFiles/ddsc.dir/ddsc/src/dds_participant.c.o[0m
[ 59%] [32mBuilding C object src/core/CMakeFiles/ddsc.dir/ddsc/src/dds_reader.c.o[0m
[ 59%] [32mBuilding C object src/core/CMakeFiles/ddsc.dir/ddsc/src/dds_writer.c.o[0m
[ 59%] [32mBuilding C object src/core/CMakeFiles/ddsc.dir/ddsc/src/dds_init.c.o[0m
[ 60%] [32mBuilding C object src/core/CMakeFiles/ddsc.dir/ddsc/src/dds_publisher.c.o[0m
[ 60%] [32mBuilding C object src/core/CMakeFiles/ddsc.dir/ddsc/src/dds_rhc.c.o[0m
[ 61%] [32mBuilding C object src/core/CMakeFiles/ddsc.dir/ddsc/src/dds_rhc_default.c.o[0m
[ 61%] [32mBuilding C object src/core/CMakeFiles/ddsc.dir/ddsc/src/dds_domain.c.o[0m
[ 61%] [32mBuilding C object src/core/CMakeFiles/ddsc.dir/ddsc/src/dds_instance.c.o[0m
[ 62%] [32mBuilding C object src/core/CMakeFiles/ddsc.dir/ddsc/src/dds_qos.c.o[0m
[ 62%] [32mBuilding C object src/core/CMakeFiles/ddsc.dir/ddsc/src/dds_handles.c.o[0m
[ 62%] [32mBuilding C object src/core/CMakeFiles/ddsc.dir/ddsc/src/dds_entity.c.o[0m
[ 63%] [32mBuilding C object src/core/CMakeFiles/ddsc.dir/ddsc/src/dds_matched.c.o[0m
[ 63%] [32mBuilding C object src/core/CMakeFiles/ddsc.dir/ddsc/src/dds_querycond.c.o[0m
[ 64%] [32mBuilding C object src/core/CMakeFiles/ddsc.dir/ddsc/src/dds_topic.c.o[0m
[ 64%] [32mBuilding C object src/core/CMakeFiles/ddsc.dir/ddsc/src/dds_listener.c.o[0m
[ 64%] [32mBuilding C object src/core/CMakeFiles/ddsc.dir/ddsc/src/dds_read.c.o[0m
[ 65%] [32mBuilding C object src/core/CMakeFiles/ddsc.dir/ddsc/src/dds_waitset.c.o[0m
[ 65%] [32mBuilding C object src/core/CMakeFiles/ddsc.dir/ddsc/src/dds_readcond.c.o[0m
[ 65%] [32mBuilding C object src/core/CMakeFiles/ddsc.dir/ddsc/src/dds_guardcond.c.o[0m
[ 66%] [32mBuilding C object src/core/CMakeFiles/ddsc.dir/ddsc/src/dds_statistics.c.o[0m
[ 66%] [32mBuilding C object src/core/CMakeFiles/ddsc.dir/ddsc/src/dds_subscriber.c.o[0m
[ 67%] [32mBuilding C object src/core/CMakeFiles/ddsc.dir/ddsc/src/dds_whc.c.o[0m
[ 67%] [32mBuilding C object src/core/CMakeFiles/ddsc.dir/ddsc/src/dds_write.c.o[0m
[ 67%] [32mBuilding C object src/core/CMakeFiles/ddsc.dir/ddsc/src/dds_whc_builtintopic.c.o[0m
[ 68%] [32mBuilding C object src/core/CMakeFiles/ddsc.dir/ddsc/src/dds_serdata_builtintopic.c.o[0m
[ 68%] [32mBuilding C object src/core/CMakeFiles/ddsc.dir/ddsc/src/dds_sertype_builtintopic.c.o[0m
[ 68%] [32mBuilding C object src/core/CMakeFiles/ddsc.dir/__/security/core/src/dds_security_serialize.c.o[0m
[ 69%] [32mBuilding C object src/core/CMakeFiles/ddsc.dir/__/security/core/src/dds_security_utils.c.o[0m
[ 69%] [32mBuilding C object src/core/CMakeFiles/ddsc.dir/__/security/core/src/dds_security_plugins.c.o[0m
[ 70%] [32mBuilding C object src/core/CMakeFiles/ddsc.dir/__/security/core/src/shared_secret.c.o[0m
[ 70%] [32mBuilding C object src/core/CMakeFiles/ddsc.dir/__/security/core/src/dds_security_fsm.c.o[0m
[ 70%] [32mBuilding C object src/core/CMakeFiles/ddsc.dir/__/security/core/src/dds_security_timed_cb.c.o[0m
[ 71%] [32mBuilding C object src/core/CMakeFiles/ddsc.dir/__/ddsrt/src/bswap.c.o[0m
[ 71%] [32mBuilding C object src/core/CMakeFiles/ddsc.dir/__/ddsrt/src/io.c.o[0m
[ 71%] [32mBuilding C object src/core/CMakeFiles/ddsc.dir/__/ddsrt/src/log.c.o[0m
[ 72%] [32mBuilding C object src/core/CMakeFiles/ddsc.dir/__/ddsrt/src/retcode.c.o[0m
[ 72%] [32mBuilding C object src/core/CMakeFiles/ddsc.dir/__/ddsrt/src/strtod.c.o[0m
[ 73%] [32mBuilding C object src/core/CMakeFiles/ddsc.dir/__/ddsrt/src/strtol.c.o[0m
[ 73%] [32mBuilding C object src/core/CMakeFiles/ddsc.dir/__/ddsrt/src/mh3.c.o[0m
[ 73%] [32mBuilding C object src/core/CMakeFiles/ddsc.dir/__/ddsrt/src/avl.c.o[0m
[ 74%] [32mBuilding C object src/core/CMakeFiles/ddsc.dir/__/ddsrt/src/environ.c.o[0m
[ 74%] [32mBuilding C object src/core/CMakeFiles/ddsc.dir/__/ddsrt/src/expand_vars.c.o[0m
[ 74%] [32mBuilding C object src/core/CMakeFiles/ddsc.dir/__/ddsrt/src/fibheap.c.o[0m
[ 75%] [32mBuilding C object src/core/CMakeFiles/ddsc.dir/__/ddsrt/src/hopscotch.c.o[0m
[ 75%] [32mBuilding C object src/core/CMakeFiles/ddsc.dir/__/ddsrt/src/xmlparser.c.o[0m
[ 76%] [32mBuilding C object src/core/CMakeFiles/ddsc.dir/__/ddsrt/src/circlist.c.o[0m
[ 76%] [32mBuilding C object src/core/CMakeFiles/ddsc.dir/__/ddsrt/src/atomics.c.o[0m
[ 76%] [32mBuilding C object src/core/CMakeFiles/ddsc.dir/__/ddsrt/src/cdtors.c.o[0m
[ 77%] [32mBuilding C object src/core/CMakeFiles/ddsc.dir/__/ddsrt/src/environ/posix/environ.c.o[0m
[ 77%] [32mBuilding C object src/core/CMakeFiles/ddsc.dir/__/ddsrt/src/heap/posix/heap.c.o[0m
[ 77%] [32mBuilding C object src/core/CMakeFiles/ddsc.dir/__/ddsrt/src/random.c.o[0m
[ 78%] [32mBuilding C object src/core/CMakeFiles/ddsc.dir/__/ddsrt/src/ifaddrs/posix/ifaddrs.c.o[0m
[ 78%] [32mBuilding C object src/core/CMakeFiles/ddsc.dir/__/ddsrt/src/ifaddrs.c.o[0m
[ 79%] [32mBuilding C object src/core/CMakeFiles/ddsc.dir/__/ddsrt/src/random/posix/random.c.o[0m
[ 79%] [32mBuilding C object src/core/CMakeFiles/ddsc.dir/__/ddsrt/src/rusage/posix/rusage.c.o[0m
[ 79%] [32mBuilding C object src/core/CMakeFiles/ddsc.dir/__/ddsrt/src/sockets.c.o[0m
[ 79%] [32mBuilding C object src/core/CMakeFiles/ddsc.dir/__/ddsrt/src/sockets/posix/socket.c.o[0m
[ 80%] [32mBuilding C object src/core/CMakeFiles/ddsc.dir/__/ddsrt/src/sockets/posix/gethostname.c.o[0m
[ 80%] [32mBuilding C object src/core/CMakeFiles/ddsc.dir/__/ddsrt/src/string/posix/strerror.c.o[0m
[ 81%] [32mBuilding C object src/core/CMakeFiles/ddsc.dir/__/ddsrt/src/string.c.o[0m
[ 82%] [32mBuilding C object src/core/CMakeFiles/ddsc.dir/__/ddsrt/src/threads.c.o[0m
[ 82%] [32mBuilding C object src/core/CMakeFiles/ddsc.dir/__/ddsrt/src/sync/posix/sync.c.o[0m
[ 82%] [32mBuilding C object src/core/CMakeFiles/ddsc.dir/__/ddsrt/src/threads/posix/threads.c.o[0m
[ 82%] [32mBuilding C object src/core/CMakeFiles/ddsc.dir/__/ddsrt/src/time.c.o[0m
[ 83%] [32mBuilding C object src/core/CMakeFiles/ddsc.dir/__/ddsrt/src/time/posix/time.c.o[0m
[ 83%] [32mBuilding C object src/core/CMakeFiles/ddsc.dir/__/ddsrt/src/md5.c.o[0m
[ 84%] [32mBuilding C object src/core/CMakeFiles/ddsc.dir/__/ddsrt/src/process/posix/process.c.o[0m
[ 84%] [32mBuilding C object src/core/CMakeFiles/ddsc.dir/__/ddsrt/src/netstat/linux/netstat.c.o[0m
[ 84%] [32mBuilding C object src/core/CMakeFiles/ddsc.dir/__/ddsrt/src/dynlib/posix/dynlib.c.o[0m
[ 85%] [32mBuilding C object src/core/CMakeFiles/ddsc.dir/__/ddsrt/src/filesystem/posix/filesystem.c.o[0m
[ 85%] [32m[1mLinking C shared library ../../lib/libddsc.so[0m
[ 85%] Built target ddsc
[35m[1mScanning dependencies of target pubsub[0m
[35m[1mScanning dependencies of target dds_security_ac[0m
[35m[1mScanning dependencies of target ddsperf[0m
[ 85%] [32mBuilding C object src/tools/pubsub/CMakeFiles/pubsub.dir/pubsub.c.o[0m
[35m[1mScanning dependencies of target dds_security_auth[0m
[ 86%] [32mBuilding C object src/tools/ddsperf/CMakeFiles/ddsperf.dir/ddsperf.c.o[0m
[ 87%] [32mBuilding C object src/security/builtin_plugins/access_control/CMakeFiles/dds_security_ac.dir/src/access_control_objects.c.o[0m
[ 87%] [32mBuilding C object src/security/builtin_plugins/authentication/CMakeFiles/dds_security_auth.dir/src/authentication.c.o[0m
[ 87%] [32mBuilding C object src/security/builtin_plugins/access_control/CMakeFiles/dds_security_ac.dir/src/access_control_parser.c.o[0m
[ 87%] [32mBuilding C object src/security/builtin_plugins/authentication/CMakeFiles/dds_security_auth.dir/src/auth_utils.c.o[0m
[ 87%] [32mBuilding C object src/tools/ddsperf/CMakeFiles/ddsperf.dir/cputime.c.o[0m
[ 87%] [32mBuilding C object src/security/builtin_plugins/access_control/CMakeFiles/dds_security_ac.dir/src/access_control_utils.c.o[0m
[ 87%] [32mBuilding C object src/tools/pubsub/CMakeFiles/pubsub.dir/common.c.o[0m
[ 88%] [32mBuilding C object src/tools/ddsperf/CMakeFiles/ddsperf.dir/netload.c.o[0m
[ 89%] [32mBuilding C object src/security/builtin_plugins/access_control/CMakeFiles/dds_security_ac.dir/src/access_control.c.o[0m
[ 90%] [32mBuilding C object src/security/builtin_plugins/authentication/CMakeFiles/dds_security_auth.dir/__/__/openssl/src/openssl_support.c.o[0m
[ 90%] [32mBuilding C object src/tools/ddsperf/CMakeFiles/ddsperf.dir/ddsperf_types.c.o[0m
[ 90%] [32m[1mLinking C executable ../../../bin/ddsperf[0m
[ 90%] Built target ddsperf
[35m[1mScanning dependencies of target dds_security_crypto[0m
[ 90%] [32mBuilding C object src/security/builtin_plugins/cryptographic/CMakeFiles/dds_security_crypto.dir/src/crypto_cipher.c.o[0m
[ 90%] [32m[1mLinking C shared library ../../../../lib/libdds_security_auth.so[0m
[ 91%] [32mBuilding C object src/tools/pubsub/CMakeFiles/pubsub.dir/testtype.c.o[0m
[ 92%] [32mBuilding C object src/security/builtin_plugins/cryptographic/CMakeFiles/dds_security_crypto.dir/src/crypto_key_exchange.c.o[0m
[ 92%] Built target dds_security_auth
[ 92%] [32mBuilding C object src/security/builtin_plugins/cryptographic/CMakeFiles/dds_security_crypto.dir/src/crypto_key_factory.c.o[0m
[ 92%] [32mBuilding C object src/tools/pubsub/CMakeFiles/pubsub.dir/porting.c.o[0m
[ 93%] [32m[1mLinking C executable ../../../bin/pubsub[0m
[ 93%] [32mBuilding C object src/security/builtin_plugins/access_control/CMakeFiles/dds_security_ac.dir/__/__/openssl/src/openssl_support.c.o[0m
[ 93%] Built target pubsub
[35m[1mScanning dependencies of target rhc_torture[0m
[ 94%] [32mBuilding C object src/security/builtin_plugins/cryptographic/CMakeFiles/dds_security_crypto.dir/src/crypto_objects.c.o[0m
[ 94%] [32mBuilding C object src/core/xtests/rhc_torture/CMakeFiles/rhc_torture.dir/rhc_torture.c.o[0m
[ 95%] [32m[1mLinking C shared library ../../../../lib/libdds_security_ac.so[0m
[ 96%] [32mBuilding C object src/core/xtests/rhc_torture/CMakeFiles/rhc_torture.dir/RhcTypes.c.o[0m
[ 96%] Built target dds_security_ac
[35m[1mScanning dependencies of target InitSampleDelivSub[0m
[ 97%] [32mBuilding C object src/core/xtests/initsampledeliv/CMakeFiles/InitSampleDelivSub.dir/subscriber.c.o[0m
[35m[1mScanning dependencies of target InitSampleDelivPub[0m
[ 97%] [32mBuilding C object src/core/xtests/initsampledeliv/CMakeFiles/InitSampleDelivPub.dir/publisher.c.o[0m
[ 97%] [32mBuilding C object src/security/builtin_plugins/cryptographic/CMakeFiles/dds_security_crypto.dir/src/crypto_transform.c.o[0m
[ 97%] [32mBuilding C object src/core/xtests/initsampledeliv/CMakeFiles/InitSampleDelivSub.dir/InitSampleDelivData.c.o[0m
[ 98%] [32mBuilding C object src/core/xtests/initsampledeliv/CMakeFiles/InitSampleDelivPub.dir/InitSampleDelivData.c.o[0m
[ 99%] [32m[1mLinking C executable ../../../../bin/InitSampleDelivSub[0m
[ 99%] [32m[1mLinking C executable ../../../../bin/InitSampleDelivPub[0m
[ 99%] Built target InitSampleDelivSub
[ 99%] [32mBuilding C object src/security/builtin_plugins/cryptographic/CMakeFiles/dds_security_crypto.dir/src/crypto_utils.c.o[0m
[ 99%] Built target InitSampleDelivPub
[100%] [32mBuilding C object src/security/builtin_plugins/cryptographic/CMakeFiles/dds_security_crypto.dir/src/cryptography.c.o[0m
[100%] [32mBuilding C object src/security/builtin_plugins/cryptographic/CMakeFiles/dds_security_crypto.dir/__/__/openssl/src/openssl_support.c.o[0m
[100%] [32m[1mLinking C executable ../../../../bin/rhc_torture[0m
[100%] Built target rhc_torture
[100%] [32m[1mLinking C shared library ../../../../lib/libdds_security_crypto.so[0m
[100%] Built target dds_security_crypto
-- Install configuration: "Release"
-- Installing: /home/s/scott_spaces/decadarobotics_devspace/install/cyclonedds/lib/cmake/CycloneDDS/CycloneDDSConfig.cmake
-- Installing: /home/s/scott_spaces/decadarobotics_devspace/install/cyclonedds/lib/cmake/CycloneDDS/CycloneDDSConfigVersion.cmake
-- Installing: /home/s/scott_spaces/decadarobotics_devspace/install/cyclonedds/lib/cmake/CycloneDDS/CycloneDDSTargets.cmake
-- Installing: /home/s/scott_spaces/decadarobotics_devspace/install/cyclonedds/lib/cmake/CycloneDDS/CycloneDDSTargets-release.cmake
-- Installing: /home/s/scott_spaces/decadarobotics_devspace/install/cyclonedds/bin/pubsub
-- Set runtime path of "/home/s/scott_spaces/decadarobotics_devspace/install/cyclonedds/bin/pubsub" to "$ORIGIN/../lib"
-- Installing: /home/s/scott_spaces/decadarobotics_devspace/install/cyclonedds/include/idlc
-- Installing: /home/s/scott_spaces/decadarobotics_devspace/install/cyclonedds/include/idlc/options.h
-- Installing: /home/s/scott_spaces/decadarobotics_devspace/install/cyclonedds/include/idlc/generator.h
-- Installing: /home/s/scott_spaces/decadarobotics_devspace/install/cyclonedds/bin/idlc
-- Set runtime path of "/home/s/scott_spaces/decadarobotics_devspace/install/cyclonedds/bin/idlc" to "$ORIGIN/../lib"
-- Installing: /home/s/scott_spaces/decadarobotics_devspace/install/cyclonedds/lib/cmake/CycloneDDS/idlc/Generate.cmake
-- Installing: /home/s/scott_spaces/decadarobotics_devspace/install/cyclonedds/bin/ddsperf
-- Set runtime path of "/home/s/scott_spaces/decadarobotics_devspace/install/cyclonedds/bin/ddsperf" to "$ORIGIN/../lib"
-- Up-to-date: /home/s/scott_spaces/decadarobotics_devspace/install/cyclonedds/include
-- Installing: /home/s/scott_spaces/decadarobotics_devspace/install/cyclonedds/include/dds
-- Installing: /home/s/scott_spaces/decadarobotics_devspace/install/cyclonedds/include/dds/ddsrt
-- Installing: /home/s/scott_spaces/decadarobotics_devspace/install/cyclonedds/include/dds/ddsrt/bswap.h
-- Installing: /home/s/scott_spaces/decadarobotics_devspace/install/cyclonedds/include/dds/ddsrt/sockets
-- Installing: /home/s/scott_spaces/decadarobotics_devspace/install/cyclonedds/include/dds/ddsrt/sockets/windows.h
-- Installing: /home/s/scott_spaces/decadarobotics_devspace/install/cyclonedds/include/dds/ddsrt/sockets/posix.h
-- Installing: /home/s/scott_spaces/decadarobotics_devspace/install/cyclonedds/include/dds/ddsrt/log.h
-- Installing: /home/s/scott_spaces/decadarobotics_devspace/install/cyclonedds/include/dds/ddsrt/strtod.h
-- Installing: /home/s/scott_spaces/decadarobotics_devspace/install/cyclonedds/include/dds/ddsrt/process.h
-- Installing: /home/s/scott_spaces/decadarobotics_devspace/install/cyclonedds/include/dds/ddsrt/types
-- Installing: /home/s/scott_spaces/decadarobotics_devspace/install/cyclonedds/include/dds/ddsrt/types/windows.h
-- Installing: /home/s/scott_spaces/decadarobotics_devspace/install/cyclonedds/include/dds/ddsrt/types/vxworks.h
-- Installing: /home/s/scott_spaces/decadarobotics_devspace/install/cyclonedds/include/dds/ddsrt/types/posix.h
-- Installing: /home/s/scott_spaces/decadarobotics_devspace/install/cyclonedds/include/dds/ddsrt/threads.h
-- Installing: /home/s/scott_spaces/decadarobotics_devspace/install/cyclonedds/include/dds/ddsrt/endian.h
-- Installing: /home/s/scott_spaces/decadarobotics_devspace/install/cyclonedds/include/dds/ddsrt/md5.h
-- Installing: /home/s/scott_spaces/decadarobotics_devspace/install/cyclonedds/include/dds/ddsrt/io.h
-- Installing: /home/s/scott_spaces/decadarobotics_devspace/install/cyclonedds/include/dds/ddsrt/sync.h
-- Installing: /home/s/scott_spaces/decadarobotics_devspace/install/cyclonedds/include/dds/ddsrt/retcode.h
-- Installing: /home/s/scott_spaces/decadarobotics_devspace/install/cyclonedds/include/dds/ddsrt/environ.h
-- Installing: /home/s/scott_spaces/decadarobotics_devspace/install/cyclonedds/include/dds/ddsrt/atomics
-- Installing: /home/s/scott_spaces/decadarobotics_devspace/install/cyclonedds/include/dds/ddsrt/atomics/gcc.h
-- Installing: /home/s/scott_spaces/decadarobotics_devspace/install/cyclonedds/include/dds/ddsrt/atomics/msvc.h
-- Installing: /home/s/scott_spaces/decadarobotics_devspace/install/cyclonedds/include/dds/ddsrt/atomics/sun.h
-- Installing: /home/s/scott_spaces/decadarobotics_devspace/install/cyclonedds/include/dds/ddsrt/atomics/arm.h
-- Installing: /home/s/scott_spaces/decadarobotics_devspace/install/cyclonedds/include/dds/ddsrt/filesystem
-- Installing: /home/s/scott_spaces/decadarobotics_devspace/install/cyclonedds/include/dds/ddsrt/filesystem/windows.h
-- Installing: /home/s/scott_spaces/decadarobotics_devspace/install/cyclonedds/include/dds/ddsrt/filesystem/posix.h
-- Installing: /home/s/scott_spaces/decadarobotics_devspace/install/cyclonedds/include/dds/ddsrt/types.h
-- Installing: /home/s/scott_spaces/decadarobotics_devspace/install/cyclonedds/include/dds/ddsrt/time
-- Installing: /home/s/scott_spaces/decadarobotics_devspace/install/cyclonedds/include/dds/ddsrt/time/freertos.h
-- Installing: /home/s/scott_spaces/decadarobotics_devspace/install/cyclonedds/include/dds/ddsrt/mh3.h
-- Installing: /home/s/scott_spaces/decadarobotics_devspace/install/cyclonedds/include/dds/ddsrt/countargs.h
-- Installing: /home/s/scott_spaces/decadarobotics_devspace/install/cyclonedds/include/dds/ddsrt/cdtors.h
-- Installing: /home/s/scott_spaces/decadarobotics_devspace/install/cyclonedds/include/dds/ddsrt/misc.h
-- Installing: /home/s/scott_spaces/decadarobotics_devspace/install/cyclonedds/include/dds/ddsrt/strtol.h
-- Installing: /home/s/scott_spaces/decadarobotics_devspace/install/cyclonedds/include/dds/ddsrt/filesystem.h
-- Installing: /home/s/scott_spaces/decadarobotics_devspace/install/cyclonedds/include/dds/ddsrt/expand_vars.h
-- Installing: /home/s/scott_spaces/decadarobotics_devspace/install/cyclonedds/include/dds/ddsrt/fibheap.h
-- Installing: /home/s/scott_spaces/decadarobotics_devspace/install/cyclonedds/include/dds/ddsrt/static_assert.h
-- Installing: /home/s/scott_spaces/decadarobotics_devspace/install/cyclonedds/include/dds/ddsrt/netstat.h
-- Installing: /home/s/scott_spaces/decadarobotics_devspace/install/cyclonedds/include/dds/ddsrt/atomics.h
-- Installing: /home/s/scott_spaces/decadarobotics_devspace/install/cyclonedds/include/dds/ddsrt/iovec.h
-- Installing: /home/s/scott_spaces/decadarobotics_devspace/install/cyclonedds/include/dds/ddsrt/threads
-- Installing: /home/s/scott_spaces/decadarobotics_devspace/install/cyclonedds/include/dds/ddsrt/threads/windows.h
-- Installing: /home/s/scott_spaces/decadarobotics_devspace/install/cyclonedds/include/dds/ddsrt/threads/freertos.h
-- Installing: /home/s/scott_spaces/decadarobotics_devspace/install/cyclonedds/include/dds/ddsrt/threads/posix.h
-- Installing: /home/s/scott_spaces/decadarobotics_devspace/install/cyclonedds/include/dds/ddsrt/ifaddrs.h
-- Installing: /home/s/scott_spaces/decadarobotics_devspace/install/cyclonedds/include/dds/ddsrt/heap.h
-- Installing: /home/s/scott_spaces/decadarobotics_devspace/install/cyclonedds/include/dds/ddsrt/sync
-- Installing: /home/s/scott_spaces/decadarobotics_devspace/install/cyclonedds/include/dds/ddsrt/sync/windows.h
-- Installing: /home/s/scott_spaces/decadarobotics_devspace/install/cyclonedds/include/dds/ddsrt/sync/freertos.h
-- Installing: /home/s/scott_spaces/decadarobotics_devspace/install/cyclonedds/include/dds/ddsrt/sync/posix.h
-- Installing: /home/s/scott_spaces/decadarobotics_devspace/install/cyclonedds/include/dds/ddsrt/sync/solaris2.6.h
-- Installing: /home/s/scott_spaces/decadarobotics_devspace/install/cyclonedds/include/dds/ddsrt/attributes.h
-- Installing: /home/s/scott_spaces/decadarobotics_devspace/install/cyclonedds/include/dds/ddsrt/xmlparser.h
-- Installing: /home/s/scott_spaces/decadarobotics_devspace/install/cyclonedds/include/dds/ddsrt/dynlib.h
-- Installing: /home/s/scott_spaces/decadarobotics_devspace/install/cyclonedds/include/dds/ddsrt/rusage.h
-- Installing: /home/s/scott_spaces/decadarobotics_devspace/install/cyclonedds/include/dds/ddsrt/avl.h
-- Installing: /home/s/scott_spaces/decadarobotics_devspace/install/cyclonedds/include/dds/ddsrt/sched.h
-- Installing: /home/s/scott_spaces/decadarobotics_devspace/install/cyclonedds/include/dds/ddsrt/arch.h
-- Installing: /home/s/scott_spaces/decadarobotics_devspace/install/cyclonedds/include/dds/ddsrt/hopscotch.h
-- Installing: /home/s/scott_spaces/decadarobotics_devspace/install/cyclonedds/include/dds/ddsrt/string.h
-- Installing: /home/s/scott_spaces/decadarobotics_devspace/install/cyclonedds/include/dds/ddsrt/sockets.h
-- Installing: /home/s/scott_spaces/decadarobotics_devspace/install/cyclonedds/include/dds/ddsrt/circlist.h
-- Installing: /home/s/scott_spaces/decadarobotics_devspace/install/cyclonedds/include/dds/ddsrt/time.h
-- Installing: /home/s/scott_spaces/decadarobotics_devspace/install/cyclonedds/include/dds/ddsrt/random.h
-- Up-to-date: /home/s/scott_spaces/decadarobotics_devspace/install/cyclonedds/include
-- Up-to-date: /home/s/scott_spaces/decadarobotics_devspace/install/cyclonedds/include/dds
-- Installing: /home/s/scott_spaces/decadarobotics_devspace/install/cyclonedds/include/dds/version.h
-- Installing: /home/s/scott_spaces/decadarobotics_devspace/install/cyclonedds/include/idl
-- Installing: /home/s/scott_spaces/decadarobotics_devspace/install/cyclonedds/include/idl/print.h
-- Installing: /home/s/scott_spaces/decadarobotics_devspace/install/cyclonedds/include/idl/retcode.h
-- Installing: /home/s/scott_spaces/decadarobotics_devspace/install/cyclonedds/include/idl/scope.h
-- Installing: /home/s/scott_spaces/decadarobotics_devspace/install/cyclonedds/include/idl/symbol.h
-- Installing: /home/s/scott_spaces/decadarobotics_devspace/install/cyclonedds/include/idl/stream.h
-- Installing: /home/s/scott_spaces/decadarobotics_devspace/install/cyclonedds/include/idl/expression.h
-- Installing: /home/s/scott_spaces/decadarobotics_devspace/install/cyclonedds/include/idl/file.h
-- Installing: /home/s/scott_spaces/decadarobotics_devspace/install/cyclonedds/include/idl/tree.h
-- Installing: /home/s/scott_spaces/decadarobotics_devspace/install/cyclonedds/include/idl/processor.h
-- Installing: /home/s/scott_spaces/decadarobotics_devspace/install/cyclonedds/include/idl/string.h
-- Installing: /home/s/scott_spaces/decadarobotics_devspace/install/cyclonedds/include/idl/visit.h
-- Installing: /home/s/scott_spaces/decadarobotics_devspace/install/cyclonedds/include/idl/export.h
-- Installing: /home/s/scott_spaces/decadarobotics_devspace/install/cyclonedds/include/idl/version.h
-- Installing: /home/s/scott_spaces/decadarobotics_devspace/install/cyclonedds/lib/libidl.so.0.8.0
-- Installing: /home/s/scott_spaces/decadarobotics_devspace/install/cyclonedds/lib/libidl.so.0
-- Set runtime path of "/home/s/scott_spaces/decadarobotics_devspace/install/cyclonedds/lib/libidl.so.0.8.0" to "$ORIGIN/../lib"
-- Installing: /home/s/scott_spaces/decadarobotics_devspace/install/cyclonedds/lib/libidl.so
-- Up-to-date: /home/s/scott_spaces/decadarobotics_devspace/install/cyclonedds/include
-- Up-to-date: /home/s/scott_spaces/decadarobotics_devspace/install/cyclonedds/include/dds
-- Installing: /home/s/scott_spaces/decadarobotics_devspace/install/cyclonedds/include/dds/security
-- Installing: /home/s/scott_spaces/decadarobotics_devspace/install/cyclonedds/include/dds/security/dds_security_api_authentication.h
-- Installing: /home/s/scott_spaces/decadarobotics_devspace/install/cyclonedds/include/dds/security/dds_security_api_types.h
-- Installing: /home/s/scott_spaces/decadarobotics_devspace/install/cyclonedds/include/dds/security/dds_security_api_defs.h
-- Installing: /home/s/scott_spaces/decadarobotics_devspace/install/cyclonedds/include/dds/security/dds_security_api_err.h
-- Installing: /home/s/scott_spaces/decadarobotics_devspace/install/cyclonedds/include/dds/security/dds_security_api.h
-- Installing: /home/s/scott_spaces/decadarobotics_devspace/install/cyclonedds/include/dds/security/dds_security_api_cryptography.h
-- Installing: /home/s/scott_spaces/decadarobotics_devspace/install/cyclonedds/include/dds/security/dds_security_api_access_control.h
-- Installing: /home/s/scott_spaces/decadarobotics_devspace/install/cyclonedds/include/dds/security/core/
-- Installing: /home/s/scott_spaces/decadarobotics_devspace/install/cyclonedds/include/dds/security/core//dds_security_plugins.h
-- Installing: /home/s/scott_spaces/decadarobotics_devspace/install/cyclonedds/include/dds/security/core//dds_security_utils.h
-- Installing: /home/s/scott_spaces/decadarobotics_devspace/install/cyclonedds/include/dds/security/core//dds_security_fsm.h
-- Installing: /home/s/scott_spaces/decadarobotics_devspace/install/cyclonedds/include/dds/security/core//dds_security_types.h
-- Installing: /home/s/scott_spaces/decadarobotics_devspace/install/cyclonedds/include/dds/security/core//dds_security_serialize.h
-- Installing: /home/s/scott_spaces/decadarobotics_devspace/install/cyclonedds/include/dds/security/core//dds_security_timed_cb.h
-- Installing: /home/s/scott_spaces/decadarobotics_devspace/install/cyclonedds/include/dds/security/core//shared_secret.h
-- Installing: /home/s/scott_spaces/decadarobotics_devspace/install/cyclonedds/lib/libdds_security_ac.so
-- Set runtime path of "/home/s/scott_spaces/decadarobotics_devspace/install/cyclonedds/lib/libdds_security_ac.so" to "$ORIGIN/../lib"
-- Installing: /home/s/scott_spaces/decadarobotics_devspace/install/cyclonedds/lib/libdds_security_auth.so
-- Set runtime path of "/home/s/scott_spaces/decadarobotics_devspace/install/cyclonedds/lib/libdds_security_auth.so" to "$ORIGIN/../lib"
-- Installing: /home/s/scott_spaces/decadarobotics_devspace/install/cyclonedds/lib/libdds_security_crypto.so
-- Set runtime path of "/home/s/scott_spaces/decadarobotics_devspace/install/cyclonedds/lib/libdds_security_crypto.so" to "$ORIGIN/../lib"
-- Up-to-date: /home/s/scott_spaces/decadarobotics_devspace/install/cyclonedds/include
-- Up-to-date: /home/s/scott_spaces/decadarobotics_devspace/install/cyclonedds/include/dds
-- Installing: /home/s/scott_spaces/decadarobotics_devspace/install/cyclonedds/include/dds/ddsi
-- Installing: /home/s/scott_spaces/decadarobotics_devspace/install/cyclonedds/include/dds/ddsi/sysdeps.h
-- Installing: /home/s/scott_spaces/decadarobotics_devspace/install/cyclonedds/include/dds/ddsi/ddsi_raweth.h
-- Installing: /home/s/scott_spaces/decadarobotics_devspace/install/cyclonedds/include/dds/ddsi/q_receive.h
-- Installing: /home/s/scott_spaces/decadarobotics_devspace/install/cyclonedds/include/dds/ddsi/ddsi_security_omg.h
-- Installing: /home/s/scott_spaces/decadarobotics_devspace/install/cyclonedds/include/dds/ddsi/ddsi_deliver_locally.h
-- Installing: /home/s/scott_spaces/decadarobotics_devspace/install/cyclonedds/include/dds/ddsi/ddsi_list_genptr.h
-- Installing: /home/s/scott_spaces/decadarobotics_devspace/install/cyclonedds/include/dds/ddsi/ddsi_builtin_topic_if.h
-- Installing: /home/s/scott_spaces/decadarobotics_devspace/install/cyclonedds/include/dds/ddsi/ddsi_statistics.h
-- Installing: /home/s/scott_spaces/decadarobotics_devspace/install/cyclonedds/include/dds/ddsi/ddsi_cdrstream.h
-- Installing: /home/s/scott_spaces/decadarobotics_devspace/install/cyclonedds/include/dds/ddsi/q_ddsi_discovery.h
-- Installing: /home/s/scott_spaces/decadarobotics_devspace/install/cyclonedds/include/dds/ddsi/q_lease.h
-- Installing: /home/s/scott_spaces/decadarobotics_devspace/install/cyclonedds/include/dds/ddsi/q_gc.h
-- Installing: /home/s/scott_spaces/decadarobotics_devspace/install/cyclonedds/include/dds/ddsi/ddsi_serdata_pserop.h
-- Installing: /home/s/scott_spaces/decadarobotics_devspace/install/cyclonedds/include/dds/ddsi/ddsi_acknack.h
-- Installing: /home/s/scott_spaces/decadarobotics_devspace/install/cyclonedds/include/dds/ddsi/q_pcap.h
-- Installing: /home/s/scott_spaces/decadarobotics_devspace/install/cyclonedds/include/dds/ddsi/q_unused.h
-- Installing: /home/s/scott_spaces/decadarobotics_devspace/install/cyclonedds/include/dds/ddsi/ddsi_domaingv.h
-- Installing: /home/s/scott_spaces/decadarobotics_devspace/install/cyclonedds/include/dds/ddsi/ddsi_serdata_default.h
-- Installing: /home/s/scott_spaces/decadarobotics_devspace/install/cyclonedds/include/dds/ddsi/q_log.h
-- Installing: /home/s/scott_spaces/decadarobotics_devspace/install/cyclonedds/include/dds/ddsi/q_misc.h
-- Installing: /home/s/scott_spaces/decadarobotics_devspace/install/cyclonedds/include/dds/ddsi/ddsi_serdata_plist.h
-- Installing: /home/s/scott_spaces/decadarobotics_devspace/install/cyclonedds/include/dds/ddsi/q_sockwaitset.h
-- Installing: /home/s/scott_spaces/decadarobotics_devspace/install/cyclonedds/include/dds/ddsi/ddsi_mcgroup.h
-- Installing: /home/s/scott_spaces/decadarobotics_devspace/install/cyclonedds/include/dds/ddsi/ddsi_time.h
-- Installing: /home/s/scott_spaces/decadarobotics_devspace/install/cyclonedds/include/dds/ddsi/ddsi_tkmap.h
-- Installing: /home/s/scott_spaces/decadarobotics_devspace/install/cyclonedds/include/dds/ddsi/q_config.h
-- Installing: /home/s/scott_spaces/decadarobotics_devspace/install/cyclonedds/include/dds/ddsi/ddsi_security_exchange.h
-- Installing: /home/s/scott_spaces/decadarobotics_devspace/install/cyclonedds/include/dds/ddsi/ddsi_serdata.h
-- Installing: /home/s/scott_spaces/decadarobotics_devspace/install/cyclonedds/include/dds/ddsi/ddsi_udp.h
-- Installing: /home/s/scott_spaces/decadarobotics_devspace/install/cyclonedds/include/dds/ddsi/q_thread.h
-- Installing: /home/s/scott_spaces/decadarobotics_devspace/install/cyclonedds/include/dds/ddsi/ddsi_security_msg.h
-- Installing: /home/s/scott_spaces/decadarobotics_devspace/install/cyclonedds/include/dds/ddsi/ddsi_plist_generic.h
-- Installing: /home/s/scott_spaces/decadarobotics_devspace/install/cyclonedds/include/dds/ddsi/q_hbcontrol.h
-- Installing: /home/s/scott_spaces/decadarobotics_devspace/install/cyclonedds/include/dds/ddsi/ddsi_threadmon.h
-- Installing: /home/s/scott_spaces/decadarobotics_devspace/install/cyclonedds/include/dds/ddsi/ddsi_sertype.h
-- Installing: /home/s/scott_spaces/decadarobotics_devspace/install/cyclonedds/include/dds/ddsi/ddsi_list_tmpl.h
-- Installing: /home/s/scott_spaces/decadarobotics_devspace/install/cyclonedds/include/dds/ddsi/ddsi_handshake.h
-- Installing: /home/s/scott_spaces/decadarobotics_devspace/install/cyclonedds/include/dds/ddsi/ddsi_tcp.h
-- Installing: /home/s/scott_spaces/decadarobotics_devspace/install/cyclonedds/include/dds/ddsi/ddsi_xqos.h
-- Installing: /home/s/scott_spaces/decadarobotics_devspace/install/cyclonedds/include/dds/ddsi/ddsi_ownip.h
-- Installing: /home/s/scott_spaces/decadarobotics_devspace/install/cyclonedds/include/dds/ddsi/ddsi_rhc.h
-- Installing: /home/s/scott_spaces/decadarobotics_devspace/install/cyclonedds/include/dds/ddsi/q_lat_estim.h
-- Installing: /home/s/scott_spaces/decadarobotics_devspace/install/cyclonedds/include/dds/ddsi/q_init.h
-- Installing: /home/s/scott_spaces/decadarobotics_devspace/install/cyclonedds/include/dds/ddsi/q_bswap.h
-- Installing: /home/s/scott_spaces/decadarobotics_devspace/install/cyclonedds/include/dds/ddsi/q_inverse_uint32_set.h
-- Installing: /home/s/scott_spaces/decadarobotics_devspace/install/cyclonedds/include/dds/ddsi/q_rtps.h
-- Installing: /home/s/scott_spaces/decadarobotics_devspace/install/cyclonedds/include/dds/ddsi/ddsi_security_util.h
-- Installing: /home/s/scott_spaces/decadarobotics_devspace/install/cyclonedds/include/dds/ddsi/ddsi_ipaddr.h
-- Installing: /home/s/scott_spaces/decadarobotics_devspace/install/cyclonedds/include/dds/ddsi/q_freelist.h
-- Installing: /home/s/scott_spaces/decadarobotics_devspace/install/cyclonedds/include/dds/ddsi/q_bitset.h
-- Installing: /home/s/scott_spaces/decadarobotics_devspace/install/cyclonedds/include/dds/ddsi/ddsi_deadline.h
-- Installing: /home/s/scott_spaces/decadarobotics_devspace/install/cyclonedds/include/dds/ddsi/q_feature_check.h
-- Installing: /home/s/scott_spaces/decadarobotics_devspace/install/cyclonedds/include/dds/ddsi/ddsi_sertopic.h
-- Installing: /home/s/scott_spaces/decadarobotics_devspace/install/cyclonedds/include/dds/ddsi/ddsi_keyhash.h
-- Installing: /home/s/scott_spaces/decadarobotics_devspace/install/cyclonedds/include/dds/ddsi/ddsi_pmd.h
-- Installing: /home/s/scott_spaces/decadarobotics_devspace/install/cyclonedds/include/dds/ddsi/q_entity.h
-- Installing: /home/s/scott_spaces/decadarobotics_devspace/install/cyclonedds/include/dds/ddsi/ddsi_typeid.h
-- Installing: /home/s/scott_spaces/decadarobotics_devspace/install/cyclonedds/include/dds/ddsi/q_xmsg.h
-- Installing: /home/s/scott_spaces/decadarobotics_devspace/install/cyclonedds/include/dds/ddsi/ddsi_locator.h
-- Installing: /home/s/scott_spaces/decadarobotics_devspace/install/cyclonedds/include/dds/ddsi/q_transmit.h
-- Installing: /home/s/scott_spaces/decadarobotics_devspace/install/cyclonedds/include/dds/ddsi/ddsi_guid.h
-- Installing: /home/s/scott_spaces/decadarobotics_devspace/install/cyclonedds/include/dds/ddsi/ddsi_tran.h
-- Installing: /home/s/scott_spaces/decadarobotics_devspace/install/cyclonedds/include/dds/ddsi/q_radmin.h
-- Installing: /home/s/scott_spaces/decadarobotics_devspace/install/cyclonedds/include/dds/ddsi/ddsi_entity_index.h
-- Installing: /home/s/scott_spaces/decadarobotics_devspace/install/cyclonedds/include/dds/ddsi/q_addrset.h
-- Installing: /home/s/scott_spaces/decadarobotics_devspace/install/cyclonedds/include/dds/ddsi/ddsi_portmapping.h
-- Installing: /home/s/scott_spaces/decadarobotics_devspace/install/cyclonedds/include/dds/ddsi/ddsi_config.h
-- Installing: /home/s/scott_spaces/decadarobotics_devspace/install/cyclonedds/include/dds/ddsi/ddsi_ssl.h
-- Installing: /home/s/scott_spaces/decadarobotics_devspace/install/cyclonedds/include/dds/ddsi/ddsi_iid.h
-- Installing: /home/s/scott_spaces/decadarobotics_devspace/install/cyclonedds/include/dds/ddsi/ddsi_lifespan.h
-- Installing: /home/s/scott_spaces/decadarobotics_devspace/install/cyclonedds/include/dds/ddsi/q_xevent.h
-- Installing: /home/s/scott_spaces/decadarobotics_devspace/install/cyclonedds/include/dds/ddsi/ddsi_typelookup.h
-- Installing: /home/s/scott_spaces/decadarobotics_devspace/install/cyclonedds/include/dds/ddsi/q_protocol.h
-- Installing: /home/s/scott_spaces/decadarobotics_devspace/install/cyclonedds/include/dds/ddsi/q_debmon.h
-- Installing: /home/s/scott_spaces/decadarobotics_devspace/install/cyclonedds/include/dds/ddsi/ddsi_plist.h
-- Installing: /home/s/scott_spaces/decadarobotics_devspace/install/cyclonedds/include/dds/ddsi/ddsi_cfgelems.h
-- Installing: /home/s/scott_spaces/decadarobotics_devspace/install/cyclonedds/include/dds/ddsi/q_qosmatch.h
-- Installing: /home/s/scott_spaces/decadarobotics_devspace/install/cyclonedds/include/dds/ddsi/q_whc.h
-- Installing: /home/s/scott_spaces/decadarobotics_devspace/install/cyclonedds/include/dds/ddsi/ddsi_cfgunits.h
-- Installing: /home/s/scott_spaces/decadarobotics_devspace/install/cyclonedds/include/dds/ddsi/ddsi_vendor.h
-- Up-to-date: /home/s/scott_spaces/decadarobotics_devspace/install/cyclonedds/include
-- Up-to-date: /home/s/scott_spaces/decadarobotics_devspace/install/cyclonedds/include/dds
-- Installing: /home/s/scott_spaces/decadarobotics_devspace/install/cyclonedds/include/dds/dds.h
-- Installing: /home/s/scott_spaces/decadarobotics_devspace/install/cyclonedds/include/dds/ddsc
-- Installing: /home/s/scott_spaces/decadarobotics_devspace/install/cyclonedds/include/dds/ddsc/dds_public_error.h
-- Installing: /home/s/scott_spaces/decadarobotics_devspace/install/cyclonedds/include/dds/ddsc/dds_public_status.h
-- Installing: /home/s/scott_spaces/decadarobotics_devspace/install/cyclonedds/include/dds/ddsc/dds_statistics.h
-- Installing: /home/s/scott_spaces/decadarobotics_devspace/install/cyclonedds/include/dds/ddsc/dds_rhc.h
-- Installing: /home/s/scott_spaces/decadarobotics_devspace/install/cyclonedds/include/dds/ddsc/dds_public_listener.h
-- Installing: /home/s/scott_spaces/decadarobotics_devspace/install/cyclonedds/include/dds/ddsc/dds_public_qos.h
-- Installing: /home/s/scott_spaces/decadarobotics_devspace/install/cyclonedds/include/dds/ddsc/dds_public_impl.h
-- Installing: /home/s/scott_spaces/decadarobotics_devspace/install/cyclonedds/include/dds/ddsc/dds_internal_api.h
-- Installing: /home/s/scott_spaces/decadarobotics_devspace/install/cyclonedds/include/dds/ddsc/dds_opcodes.h
-- Installing: /home/s/scott_spaces/decadarobotics_devspace/install/cyclonedds/include/dds/ddsc/dds_public_qosdefs.h
-- Installing: /home/s/scott_spaces/decadarobotics_devspace/install/cyclonedds/include/dds/ddsc/dds_public_alloc.h
-- Installing: /home/s/scott_spaces/decadarobotics_devspace/install/cyclonedds/include/ddsc
-- Installing: /home/s/scott_spaces/decadarobotics_devspace/install/cyclonedds/include/ddsc/dds.h
-- Up-to-date: /home/s/scott_spaces/decadarobotics_devspace/install/cyclonedds/include
-- Up-to-date: /home/s/scott_spaces/decadarobotics_devspace/install/cyclonedds/include/dds
-- Installing: /home/s/scott_spaces/decadarobotics_devspace/install/cyclonedds/include/dds/export.h
-- Installing: /home/s/scott_spaces/decadarobotics_devspace/install/cyclonedds/include/dds/features.h
-- Installing: /home/s/scott_spaces/decadarobotics_devspace/install/cyclonedds/lib/libddsc.so.0.8.0
-- Installing: /home/s/scott_spaces/decadarobotics_devspace/install/cyclonedds/lib/libddsc.so.0
-- Set runtime path of "/home/s/scott_spaces/decadarobotics_devspace/install/cyclonedds/lib/libddsc.so.0.8.0" to "$ORIGIN/../lib"
-- Installing: /home/s/scott_spaces/decadarobotics_devspace/install/cyclonedds/lib/libddsc.so
