[0.036s] Invoking command in '/home/s/scott_spaces/decadarobotics_devspace/build/cyclonedds': /usr/bin/cmake /home/s/scott_spaces/decadarobotics_devspace/src/cyclonedds -DCMAKE_BUILD_TYPE=Release -DBUILD_IDLC=AUTO -DCMAKE_INSTALL_PREFIX=/home/s/scott_spaces/decadarobotics_devspace/install/cyclonedds
[0.106s] -- The C compiler identification is GNU 9.3.0
[0.111s] -- Check for working C compiler: /usr/bin/cc
[0.193s] -- Check for working C compiler: /usr/bin/cc -- works
[0.195s] -- Detecting C compiler ABI info
[0.275s] -- Detecting C compiler ABI info - done
[0.288s] -- Detecting C compile features
[0.288s] -- Detecting C compile features - done
[0.445s] -- Found OpenSSL: /usr/lib/x86_64-linux-gnu/libcrypto.so (found version "1.1.1f")  
[0.445s] -- Building with OpenSSL support
[0.530s] -- Check target architecture - done
[0.530s] -- Looking for stdint.h
[0.639s] -- Looking for stdint.h - found
[0.639s] -- Looking for inttypes.h
[0.739s] -- Looking for inttypes.h - found
[0.740s] -- Looking for sys/types.h
[0.814s] -- Looking for sys/types.h - found
[0.814s] -- Looking for stdint.h
[0.895s] -- Looking for stdint.h - found
[0.896s] -- Looking for stddef.h
[0.979s] -- Looking for stddef.h - found
[0.979s] -- Check size of intmax_t
[1.065s] -- Check size of intmax_t - done
[1.066s] -- Looking for stpcpy
[1.190s] -- Looking for stpcpy - found
[1.191s] -- Looking for strlcpy
[1.229s] -- Looking for strlcpy - not found
[1.230s] -- Looking for strlcat
[1.266s] -- Looking for strlcat - not found
[1.268s] -- Performing Test COMPILER_HAS_HIDDEN_VISIBILITY
[1.379s] -- Performing Test COMPILER_HAS_HIDDEN_VISIBILITY - Success
[1.385s] -- Performing Test COMPILER_HAS_HIDDEN_INLINE_VISIBILITY
[1.465s] -- Performing Test COMPILER_HAS_HIDDEN_INLINE_VISIBILITY - Failed
[1.465s] -- Performing Test COMPILER_HAS_DEPRECATED_ATTR
[1.540s] -- Performing Test COMPILER_HAS_DEPRECATED_ATTR - Success
[1.555s] -- Looking for getopt.h
[1.645s] -- Looking for getopt.h - found
[1.942s] -- Looking for pthread.h
[2.039s] -- Looking for pthread.h - found
[2.039s] -- Performing Test CMAKE_HAVE_LIBC_PTHREAD
[2.129s] -- Performing Test CMAKE_HAVE_LIBC_PTHREAD - Failed
[2.129s] -- Looking for pthread_create in pthreads
[2.201s] -- Looking for pthread_create in pthreads - not found
[2.201s] -- Looking for pthread_create in pthread
[2.293s] -- Looking for pthread_create in pthread - found
[2.294s] -- Found Threads: TRUE  
[2.294s] -- Looking for clock_gettime in c
[2.374s] -- Looking for clock_gettime in c - found
[2.391s] -- Found BISON: /usr/bin/bison (found suitable version "3.5.1", minimum required is "3.0.4") 
[2.442s] -- Configuring done
[2.545s] -- Generating done
[2.549s] -- Build files have been written to: /home/s/scott_spaces/decadarobotics_devspace/build/cyclonedds
[2.562s] Invoked command in '/home/s/scott_spaces/decadarobotics_devspace/build/cyclonedds' returned '0': /usr/bin/cmake /home/s/scott_spaces/decadarobotics_devspace/src/cyclonedds -DCMAKE_BUILD_TYPE=Release -DBUILD_IDLC=AUTO -DCMAKE_INSTALL_PREFIX=/home/s/scott_spaces/decadarobotics_devspace/install/cyclonedds
[2.563s] Invoking command in '/home/s/scott_spaces/decadarobotics_devspace/build/cyclonedds': /usr/bin/cmake --build /home/s/scott_spaces/decadarobotics_devspace/build/cyclonedds -- -j4 -l4
[2.633s] [  0%] [34m[1m[BISON][parser] Building parser with bison 3.5.1[0m
[2.639s] [35m[1mScanning dependencies of target ddsconf[0m
[2.653s] [35m[1mScanning dependencies of target idlpp[0m
[2.675s] [  0%] [32mBuilding C object src/tools/idlpp/CMakeFiles/idlpp.dir/src/eval.c.o[0m
[2.682s] [  0%] [32mBuilding C object src/tools/idlpp/CMakeFiles/idlpp.dir/src/directive.c.o[0m
[2.709s] [  0%] [32mBuilding C object src/tools/ddsconf/CMakeFiles/ddsconf.dir/ddsconf.c.o[0m
[2.959s] [35m[1mScanning dependencies of target idl[0m
[3.035s] [  0%] [32mBuilding C object src/idl/CMakeFiles/idl.dir/src/symbol.c.o[0m
[3.137s] [  1%] [32mBuilding C object src/idl/CMakeFiles/idl.dir/src/directive.c.o[0m
[3.283s] [  2%] [32mBuilding C object src/tools/ddsconf/CMakeFiles/ddsconf.dir/rnc.c.o[0m
[3.383s] [  2%] [32mBuilding C object src/idl/CMakeFiles/idl.dir/src/expression.c.o[0m
[3.403s] [  2%] [32mBuilding C object src/tools/ddsconf/CMakeFiles/ddsconf.dir/md.c.o[0m
[3.601s] [  3%] [32mBuilding C object src/tools/ddsconf/CMakeFiles/ddsconf.dir/xsd.c.o[0m
[3.683s] [  3%] [32mBuilding C object src/tools/ddsconf/CMakeFiles/ddsconf.dir/defconfig.c.o[0m
[3.710s] [  4%] [32mBuilding C object src/tools/idlpp/CMakeFiles/idlpp.dir/src/expand.c.o[0m
[3.785s] [  5%] [32mBuilding C object src/idl/CMakeFiles/idl.dir/src/file.c.o[0m
[3.883s] [  5%] [32mBuilding C object src/tools/ddsconf/CMakeFiles/ddsconf.dir/__/__/core/ddsi/src/q_config.c.o[0m
[3.979s] [  5%] [32mBuilding C object src/idl/CMakeFiles/idl.dir/src/processor.c.o[0m
[4.027s] [  5%] [32mBuilding C object src/idl/CMakeFiles/idl.dir/src/scanner.c.o[0m
[4.234s] [  6%] [32mBuilding C object src/idl/CMakeFiles/idl.dir/src/string.c.o[0m
[4.404s] [  6%] [32mBuilding C object src/idl/CMakeFiles/idl.dir/src/annotation.c.o[0m
[4.667s] [  6%] [32mBuilding C object src/idl/CMakeFiles/idl.dir/src/scope.c.o[0m
[4.725s] [  7%] [32mBuilding C object src/idl/CMakeFiles/idl.dir/src/tree.c.o[0m
[4.876s] [  7%] [32mBuilding C object src/tools/idlpp/CMakeFiles/idlpp.dir/src/main.c.o[0m
[4.911s] [  8%] [32mBuilding C object src/tools/ddsconf/CMakeFiles/ddsconf.dir/__/__/ddsrt/src/bswap.c.o[0m
[4.971s] [  8%] [32mBuilding C object src/tools/ddsconf/CMakeFiles/ddsconf.dir/__/__/ddsrt/src/io.c.o[0m
[5.060s] [  8%] [32mBuilding C object src/tools/ddsconf/CMakeFiles/ddsconf.dir/__/__/ddsrt/src/log.c.o[0m
[5.197s] [  9%] [32mBuilding C object src/tools/idlpp/CMakeFiles/idlpp.dir/src/mbchar.c.o[0m
[5.227s] [ 10%] [32mBuilding C object src/tools/ddsconf/CMakeFiles/ddsconf.dir/__/__/ddsrt/src/retcode.c.o[0m
[5.312s] [ 10%] [32mBuilding C object src/tools/ddsconf/CMakeFiles/ddsconf.dir/__/__/ddsrt/src/strtod.c.o[0m
[5.410s] [ 10%] [32mBuilding C object src/tools/idlpp/CMakeFiles/idlpp.dir/src/support.c.o[0m
[5.420s] [ 11%] [32mBuilding C object src/tools/ddsconf/CMakeFiles/ddsconf.dir/__/__/ddsrt/src/strtol.c.o[0m
[5.465s] [ 11%] [32mBuilding C object src/tools/idlpp/CMakeFiles/idlpp.dir/src/system.c.o[0m
[5.569s] [ 11%] [32mBuilding C object src/idl/CMakeFiles/idl.dir/src/visit.c.o[0m
[5.586s] [ 11%] [32mBuilding C object src/tools/ddsconf/CMakeFiles/ddsconf.dir/__/__/ddsrt/src/mh3.c.o[0m
[5.670s] [ 11%] [32mBuilding C object src/tools/ddsconf/CMakeFiles/ddsconf.dir/__/__/ddsrt/src/avl.c.o[0m
[5.723s] [ 12%] [32mBuilding C object src/idl/CMakeFiles/idl.dir/src/thread.c.o[0m
[5.767s] [ 12%] [32mBuilding C object src/idl/CMakeFiles/idl.dir/src/print.c.o[0m
[5.884s] [ 12%] [32mBuilding C object src/idl/CMakeFiles/idl.dir/hashid.c.o[0m
[6.021s] [ 13%] [32mBuilding C object src/idl/CMakeFiles/idl.dir/parser.c.o[0m
[6.843s] [ 14%] [32mBuilding C object src/tools/ddsconf/CMakeFiles/ddsconf.dir/__/__/ddsrt/src/environ.c.o[0m
[6.975s] [ 14%] [32m[1mLinking C shared library ../../lib/libidl.so[0m
[6.995s] [ 14%] [32mBuilding C object src/tools/ddsconf/CMakeFiles/ddsconf.dir/__/__/ddsrt/src/expand_vars.c.o[0m
[7.022s] [ 14%] [32mBuilding C object src/tools/ddsconf/CMakeFiles/ddsconf.dir/__/__/ddsrt/src/fibheap.c.o[0m
[7.156s] [ 14%] Built target idl
[7.194s] [ 15%] [32mBuilding C object src/tools/ddsconf/CMakeFiles/ddsconf.dir/__/__/ddsrt/src/hopscotch.c.o[0m
[7.219s] [ 15%] [32mBuilding C object src/tools/ddsconf/CMakeFiles/ddsconf.dir/__/__/ddsrt/src/xmlparser.c.o[0m
[7.251s] [ 16%] [32m[1mLinking C static library ../../../lib/libidlpp.a[0m
[7.259s] [ 17%] [32mBuilding C object src/tools/ddsconf/CMakeFiles/ddsconf.dir/__/__/ddsrt/src/circlist.c.o[0m
[7.374s] [ 17%] Built target idlpp
[7.375s] [ 17%] [32mBuilding C object src/tools/ddsconf/CMakeFiles/ddsconf.dir/__/__/ddsrt/src/atomics.c.o[0m
[7.384s] [ 17%] [32mBuilding C object src/tools/ddsconf/CMakeFiles/ddsconf.dir/__/__/ddsrt/src/cdtors.c.o[0m
[7.517s] [ 18%] [32mBuilding C object src/tools/ddsconf/CMakeFiles/ddsconf.dir/__/__/ddsrt/src/environ/posix/environ.c.o[0m
[7.527s] [ 18%] [32mBuilding C object src/tools/ddsconf/CMakeFiles/ddsconf.dir/__/__/ddsrt/src/heap/posix/heap.c.o[0m
[7.626s] [35m[1mScanning dependencies of target idlc[0m
[7.646s] [ 18%] [32mBuilding C object src/tools/idlc/CMakeFiles/idlc.dir/src/idlc.c.o[0m
[7.658s] [ 18%] [32mBuilding C object src/tools/ddsconf/CMakeFiles/ddsconf.dir/__/__/ddsrt/src/ifaddrs.c.o[0m
[7.711s] [ 19%] [32mBuilding C object src/tools/ddsconf/CMakeFiles/ddsconf.dir/__/__/ddsrt/src/ifaddrs/posix/ifaddrs.c.o[0m
[7.771s] [ 19%] [32mBuilding C object src/tools/ddsconf/CMakeFiles/ddsconf.dir/__/__/ddsrt/src/random.c.o[0m
[7.901s] [ 20%] [32mBuilding C object src/tools/ddsconf/CMakeFiles/ddsconf.dir/__/__/ddsrt/src/random/posix/random.c.o[0m
[7.909s] [ 21%] [32mBuilding C object src/tools/idlc/CMakeFiles/idlc.dir/src/plugin.c.o[0m
[7.928s] [ 21%] [32mBuilding C object src/tools/ddsconf/CMakeFiles/ddsconf.dir/__/__/ddsrt/src/rusage/posix/rusage.c.o[0m
[8.013s] [ 21%] [32mBuilding C object src/tools/ddsconf/CMakeFiles/ddsconf.dir/__/__/ddsrt/src/sockets.c.o[0m
[8.028s] [ 21%] [32mBuilding C object src/tools/idlc/CMakeFiles/idlc.dir/src/options.c.o[0m
[8.081s] [ 22%] [32mBuilding C object src/tools/idlc/CMakeFiles/idlc.dir/src/generator.c.o[0m
[8.198s] [ 23%] [32mBuilding C object src/tools/ddsconf/CMakeFiles/ddsconf.dir/__/__/ddsrt/src/sockets/posix/gethostname.c.o[0m
[8.235s] [ 23%] [32mBuilding C object src/tools/idlc/CMakeFiles/idlc.dir/src/descriptor.c.o[0m
[8.266s] [ 23%] [32mBuilding C object src/tools/ddsconf/CMakeFiles/ddsconf.dir/__/__/ddsrt/src/sockets/posix/socket.c.o[0m
[8.331s] [ 24%] [32mBuilding C object src/tools/ddsconf/CMakeFiles/ddsconf.dir/__/__/ddsrt/src/string/posix/strerror.c.o[0m
[8.347s] [ 24%] [32mBuilding C object src/tools/ddsconf/CMakeFiles/ddsconf.dir/__/__/ddsrt/src/string.c.o[0m
[8.422s] [ 24%] [32mBuilding C object src/tools/ddsconf/CMakeFiles/ddsconf.dir/__/__/ddsrt/src/sync/posix/sync.c.o[0m
[8.548s] [ 24%] [32mBuilding C object src/tools/ddsconf/CMakeFiles/ddsconf.dir/__/__/ddsrt/src/threads/posix/threads.c.o[0m
[8.549s] [ 25%] [32mBuilding C object src/tools/ddsconf/CMakeFiles/ddsconf.dir/__/__/ddsrt/src/threads.c.o[0m
[8.587s] [ 25%] [32mBuilding C object src/tools/idlc/CMakeFiles/idlc.dir/src/types.c.o[0m
[8.653s] [ 25%] [32mBuilding C object src/tools/ddsconf/CMakeFiles/ddsconf.dir/__/__/ddsrt/src/time.c.o[0m
[8.818s] [ 26%] [32mBuilding C object src/tools/ddsconf/CMakeFiles/ddsconf.dir/__/__/ddsrt/src/time/posix/time.c.o[0m
[8.829s] [ 26%] [32mBuilding C object src/tools/ddsconf/CMakeFiles/ddsconf.dir/__/__/ddsrt/src/md5.c.o[0m
[8.855s] [ 27%] [32m[1mLinking C executable ../../../bin/idlc[0m
[8.867s] [ 28%] [32mBuilding C object src/tools/ddsconf/CMakeFiles/ddsconf.dir/__/__/ddsrt/src/process/posix/process.c.o[0m
[8.927s] [ 28%] [32mBuilding C object src/tools/ddsconf/CMakeFiles/ddsconf.dir/__/__/ddsrt/src/netstat/linux/netstat.c.o[0m
[8.952s] [ 28%] Built target idlc
[8.965s] [35m[1mScanning dependencies of target ddsperf_types_generate[0m
[8.979s] [ 28%] [32mBuilding C object src/tools/ddsconf/CMakeFiles/ddsconf.dir/__/__/ddsrt/src/dynlib/posix/dynlib.c.o[0m
[8.997s] [ 29%] [34m[1mGenerating ddsperf_types.c, ddsperf_types.h[0m
[9.004s] [ 30%] [32mBuilding C object src/tools/ddsconf/CMakeFiles/ddsconf.dir/__/__/ddsrt/src/filesystem/posix/filesystem.c.o[0m
[9.065s] [35m[1mScanning dependencies of target InitSampleDeliv_lib_generate[0m
[9.077s] [35m[1mScanning dependencies of target RhcTypes_generate[0m
[9.082s] [ 30%] Built target ddsperf_types_generate
[9.088s] [ 30%] [34m[1mGenerating InitSampleDelivData.c, InitSampleDelivData.h[0m
[9.096s] [ 30%] [34m[1mGenerating RhcTypes.c, RhcTypes.h[0m
[9.105s] [ 30%] [32m[1mLinking C executable ../../../bin/ddsconf[0m
[9.123s] [ 30%] Built target InitSampleDeliv_lib_generate
[9.141s] [ 30%] Built target RhcTypes_generate
[9.171s] [ 30%] Built target ddsconf
[9.182s] [ 31%] [34m[1mGenerating defconfig.c[0m
[9.187s] [35m[1mScanning dependencies of target schema[0m
[9.202s] [ 32%] [34m[1mGenerating cyclonedds.rnc, cyclonedds.xsd, manual/options.md[0m
[9.210s] [35m[1mScanning dependencies of target ddsc[0m
[9.301s] [ 32%] Built target schema
[9.530s] [ 32%] [32mBuilding C object src/core/CMakeFiles/ddsc.dir/ddsi/src/ddsi_eth.c.o[0m
[9.541s] [ 32%] [32mBuilding C object src/core/CMakeFiles/ddsc.dir/ddsi/src/ddsi_tcp.c.o[0m
[9.550s] [ 33%] [32mBuilding C object src/core/CMakeFiles/ddsc.dir/ddsi/src/ddsi_ssl.c.o[0m
[9.557s] [ 33%] [32mBuilding C object src/core/CMakeFiles/ddsc.dir/ddsi/src/ddsi_tran.c.o[0m
[9.633s] [ 34%] [32mBuilding C object src/core/CMakeFiles/ddsc.dir/ddsi/src/ddsi_udp.c.o[0m
[9.925s] [ 34%] [32mBuilding C object src/core/CMakeFiles/ddsc.dir/ddsi/src/ddsi_raweth.c.o[0m
[10.023s] [ 34%] [32mBuilding C object src/core/CMakeFiles/ddsc.dir/ddsi/src/ddsi_ipaddr.c.o[0m
[10.093s] [ 35%] [32mBuilding C object src/core/CMakeFiles/ddsc.dir/ddsi/src/ddsi_mcgroup.c.o[0m
[10.184s] [ 35%] [32mBuilding C object src/core/CMakeFiles/ddsc.dir/ddsi/src/ddsi_security_util.c.o[0m
[10.236s] [ 36%] [32mBuilding C object src/core/CMakeFiles/ddsc.dir/ddsi/src/ddsi_security_omg.c.o[0m
[10.442s] [ 36%] [32mBuilding C object src/core/CMakeFiles/ddsc.dir/ddsi/src/ddsi_handshake.c.o[0m
[10.451s] [ 36%] [32mBuilding C object src/core/CMakeFiles/ddsc.dir/ddsi/src/ddsi_portmapping.c.o[0m
[10.533s] [ 37%] [32mBuilding C object src/core/CMakeFiles/ddsc.dir/ddsi/src/ddsi_serdata.c.o[0m
[10.637s] [ 37%] [32mBuilding C object src/core/CMakeFiles/ddsc.dir/ddsi/src/ddsi_serdata_default.c.o[0m
[10.858s] [ 37%] [32mBuilding C object src/core/CMakeFiles/ddsc.dir/ddsi/src/ddsi_serdata_pserop.c.o[0m
[10.888s] [ 38%] [32mBuilding C object src/core/CMakeFiles/ddsc.dir/ddsi/src/ddsi_serdata_plist.c.o[0m
[10.985s] [ 38%] [32mBuilding C object src/core/CMakeFiles/ddsc.dir/ddsi/src/ddsi_sertype.c.o[0m
[11.125s] [ 39%] [32mBuilding C object src/core/CMakeFiles/ddsc.dir/ddsi/src/ddsi_sertype_default.c.o[0m
[11.257s] [ 39%] [32mBuilding C object src/core/CMakeFiles/ddsc.dir/ddsi/src/ddsi_sertype_pserop.c.o[0m
[11.263s] [ 39%] [32mBuilding C object src/core/CMakeFiles/ddsc.dir/ddsi/src/ddsi_sertype_plist.c.o[0m
[11.279s] [ 40%] [32mBuilding C object src/core/CMakeFiles/ddsc.dir/ddsi/src/ddsi_sertopic.c.o[0m
[11.359s] [ 40%] [32mBuilding C object src/core/CMakeFiles/ddsc.dir/ddsi/src/ddsi_statistics.c.o[0m
[11.449s] [ 41%] [32mBuilding C object src/core/CMakeFiles/ddsc.dir/ddsi/src/ddsi_iid.c.o[0m
[11.492s] [ 41%] [32mBuilding C object src/core/CMakeFiles/ddsc.dir/ddsi/src/ddsi_tkmap.c.o[0m
[11.544s] [ 41%] [32mBuilding C object src/core/CMakeFiles/ddsc.dir/ddsi/src/ddsi_vendor.c.o[0m
[11.638s] [ 42%] [32mBuilding C object src/core/CMakeFiles/ddsc.dir/ddsi/src/ddsi_threadmon.c.o[0m
[11.699s] [ 42%] [32mBuilding C object src/core/CMakeFiles/ddsc.dir/ddsi/src/ddsi_rhc.c.o[0m
[11.703s] [ 42%] [32mBuilding C object src/core/CMakeFiles/ddsc.dir/ddsi/src/ddsi_pmd.c.o[0m
[11.840s] [ 43%] [32mBuilding C object src/core/CMakeFiles/ddsc.dir/ddsi/src/ddsi_entity_index.c.o[0m
[11.847s] [ 43%] [32mBuilding C object src/core/CMakeFiles/ddsc.dir/ddsi/src/ddsi_deadline.c.o[0m
[11.885s] [ 44%] [32mBuilding C object src/core/CMakeFiles/ddsc.dir/ddsi/src/ddsi_deliver_locally.c.o[0m
[11.986s] [ 44%] [32mBuilding C object src/core/CMakeFiles/ddsc.dir/ddsi/src/ddsi_plist.c.o[0m
[12.020s] [ 44%] [32mBuilding C object src/core/CMakeFiles/ddsc.dir/ddsi/src/ddsi_cdrstream.c.o[0m
[12.207s] [ 45%] [32mBuilding C object src/core/CMakeFiles/ddsc.dir/ddsi/src/ddsi_time.c.o[0m
[12.220s] [ 45%] [32mBuilding C object src/core/CMakeFiles/ddsc.dir/ddsi/src/ddsi_ownip.c.o[0m
[12.350s] [ 45%] [32mBuilding C object src/core/CMakeFiles/ddsc.dir/ddsi/src/ddsi_acknack.c.o[0m
[12.377s] [ 46%] [32mBuilding C object src/core/CMakeFiles/ddsc.dir/ddsi/src/ddsi_list_genptr.c.o[0m
[12.557s] [ 46%] [32mBuilding C object src/core/CMakeFiles/ddsc.dir/ddsi/src/q_addrset.c.o[0m
[12.568s] [ 47%] [32mBuilding C object src/core/CMakeFiles/ddsc.dir/ddsi/src/q_bitset_inlines.c.o[0m
[12.659s] [ 47%] [32mBuilding C object src/core/CMakeFiles/ddsc.dir/ddsi/src/q_bswap.c.o[0m
[12.830s] [ 47%] [32mBuilding C object src/core/CMakeFiles/ddsc.dir/ddsi/src/q_config.c.o[0m
[12.891s] [ 48%] [32mBuilding C object src/core/CMakeFiles/ddsc.dir/ddsi/src/q_ddsi_discovery.c.o[0m
[13.670s] [ 48%] [32mBuilding C object src/core/CMakeFiles/ddsc.dir/ddsi/src/q_debmon.c.o[0m
[13.879s] [ 48%] [32mBuilding C object src/core/CMakeFiles/ddsc.dir/ddsi/src/q_entity.c.o[0m
[13.936s] [ 49%] [32mBuilding C object src/core/CMakeFiles/ddsc.dir/ddsi/src/q_gc.c.o[0m
[14.064s] [ 50%] [32mBuilding C object src/core/CMakeFiles/ddsc.dir/ddsi/src/q_lat_estim.c.o[0m
[14.064s] [ 50%] [32mBuilding C object src/core/CMakeFiles/ddsc.dir/ddsi/src/q_init.c.o[0m
[14.137s] [ 50%] [32mBuilding C object src/core/CMakeFiles/ddsc.dir/ddsi/src/q_lease.c.o[0m
[14.269s] [ 50%] [32mBuilding C object src/core/CMakeFiles/ddsc.dir/ddsi/src/q_misc.c.o[0m
[14.342s] [ 51%] [32mBuilding C object src/core/CMakeFiles/ddsc.dir/ddsi/src/q_pcap.c.o[0m
[14.423s] [ 51%] [32mBuilding C object src/core/CMakeFiles/ddsc.dir/ddsi/src/q_qosmatch.c.o[0m
[14.515s] [ 51%] [32mBuilding C object src/core/CMakeFiles/ddsc.dir/ddsi/src/q_radmin.c.o[0m
[14.603s] [ 52%] [32mBuilding C object src/core/CMakeFiles/ddsc.dir/ddsi/src/q_receive.c.o[0m
[15.180s] [ 52%] [32mBuilding C object src/core/CMakeFiles/ddsc.dir/ddsi/src/q_sockwaitset.c.o[0m
[15.377s] [ 53%] [32mBuilding C object src/core/CMakeFiles/ddsc.dir/ddsi/src/q_thread.c.o[0m
[15.414s] [ 53%] [32mBuilding C object src/core/CMakeFiles/ddsc.dir/ddsi/src/q_transmit.c.o[0m
[15.597s] [ 53%] [32mBuilding C object src/core/CMakeFiles/ddsc.dir/ddsi/src/q_inverse_uint32_set.c.o[0m
[15.679s] [ 54%] [32mBuilding C object src/core/CMakeFiles/ddsc.dir/ddsi/src/q_whc.c.o[0m
[15.734s] [ 54%] [32mBuilding C object src/core/CMakeFiles/ddsc.dir/ddsi/src/q_xevent.c.o[0m
[15.843s] [ 54%] [32mBuilding C object src/core/CMakeFiles/ddsc.dir/ddsi/src/q_xmsg.c.o[0m
[16.388s] [ 55%] [32mBuilding C object src/core/CMakeFiles/ddsc.dir/ddsi/src/q_freelist.c.o[0m
[16.426s] [ 55%] [32mBuilding C object src/core/CMakeFiles/ddsc.dir/ddsi/src/sysdeps.c.o[0m
[16.443s] [ 56%] [32mBuilding C object src/core/CMakeFiles/ddsc.dir/ddsi/src/ddsi_lifespan.c.o[0m
[16.479s] [ 56%] [32mBuilding C object src/core/CMakeFiles/ddsc.dir/ddsi/src/ddsi_security_msg.c.o[0m
[16.558s] [ 56%] [32mBuilding C object src/core/CMakeFiles/ddsc.dir/ddsi/src/ddsi_security_exchange.c.o[0m
[16.583s] [ 57%] [32mBuilding C object src/core/CMakeFiles/ddsc.dir/defconfig.c.o[0m
[16.583s] [ 57%] [32mBuilding C object src/core/CMakeFiles/ddsc.dir/ddsc/src/dds_alloc.c.o[0m
[16.635s] [ 57%] [32mBuilding C object src/core/CMakeFiles/ddsc.dir/ddsc/src/dds_builtin.c.o[0m
[16.653s] [ 58%] [32mBuilding C object src/core/CMakeFiles/ddsc.dir/ddsc/src/dds_coherent.c.o[0m
[16.738s] [ 58%] [32mBuilding C object src/core/CMakeFiles/ddsc.dir/ddsc/src/dds_participant.c.o[0m
[16.759s] [ 59%] [32mBuilding C object src/core/CMakeFiles/ddsc.dir/ddsc/src/dds_reader.c.o[0m
[16.786s] [ 59%] [32mBuilding C object src/core/CMakeFiles/ddsc.dir/ddsc/src/dds_writer.c.o[0m
[16.840s] [ 59%] [32mBuilding C object src/core/CMakeFiles/ddsc.dir/ddsc/src/dds_init.c.o[0m
[16.868s] [ 60%] [32mBuilding C object src/core/CMakeFiles/ddsc.dir/ddsc/src/dds_publisher.c.o[0m
[16.979s] [ 60%] [32mBuilding C object src/core/CMakeFiles/ddsc.dir/ddsc/src/dds_rhc.c.o[0m
[17.009s] [ 61%] [32mBuilding C object src/core/CMakeFiles/ddsc.dir/ddsc/src/dds_rhc_default.c.o[0m
[17.058s] [ 61%] [32mBuilding C object src/core/CMakeFiles/ddsc.dir/ddsc/src/dds_domain.c.o[0m
[17.119s] [ 61%] [32mBuilding C object src/core/CMakeFiles/ddsc.dir/ddsc/src/dds_instance.c.o[0m
[17.215s] [ 62%] [32mBuilding C object src/core/CMakeFiles/ddsc.dir/ddsc/src/dds_qos.c.o[0m
[17.308s] [ 62%] [32mBuilding C object src/core/CMakeFiles/ddsc.dir/ddsc/src/dds_handles.c.o[0m
[17.346s] [ 62%] [32mBuilding C object src/core/CMakeFiles/ddsc.dir/ddsc/src/dds_entity.c.o[0m
[17.465s] [ 63%] [32mBuilding C object src/core/CMakeFiles/ddsc.dir/ddsc/src/dds_matched.c.o[0m
[17.628s] [ 63%] [32mBuilding C object src/core/CMakeFiles/ddsc.dir/ddsc/src/dds_querycond.c.o[0m
[17.713s] [ 64%] [32mBuilding C object src/core/CMakeFiles/ddsc.dir/ddsc/src/dds_topic.c.o[0m
[17.732s] [ 64%] [32mBuilding C object src/core/CMakeFiles/ddsc.dir/ddsc/src/dds_listener.c.o[0m
[17.898s] [ 64%] [32mBuilding C object src/core/CMakeFiles/ddsc.dir/ddsc/src/dds_read.c.o[0m
[18.007s] [ 65%] [32mBuilding C object src/core/CMakeFiles/ddsc.dir/ddsc/src/dds_waitset.c.o[0m
[18.009s] [ 65%] [32mBuilding C object src/core/CMakeFiles/ddsc.dir/ddsc/src/dds_readcond.c.o[0m
[18.101s] [ 65%] [32mBuilding C object src/core/CMakeFiles/ddsc.dir/ddsc/src/dds_guardcond.c.o[0m
[18.155s] [ 66%] [32mBuilding C object src/core/CMakeFiles/ddsc.dir/ddsc/src/dds_statistics.c.o[0m
[18.243s] [ 66%] [32mBuilding C object src/core/CMakeFiles/ddsc.dir/ddsc/src/dds_subscriber.c.o[0m
[18.258s] [ 67%] [32mBuilding C object src/core/CMakeFiles/ddsc.dir/ddsc/src/dds_whc.c.o[0m
[18.267s] [ 67%] [32mBuilding C object src/core/CMakeFiles/ddsc.dir/ddsc/src/dds_write.c.o[0m
[18.383s] [ 67%] [32mBuilding C object src/core/CMakeFiles/ddsc.dir/ddsc/src/dds_whc_builtintopic.c.o[0m
[18.443s] [ 68%] [32mBuilding C object src/core/CMakeFiles/ddsc.dir/ddsc/src/dds_serdata_builtintopic.c.o[0m
[18.485s] [ 68%] [32mBuilding C object src/core/CMakeFiles/ddsc.dir/ddsc/src/dds_sertype_builtintopic.c.o[0m
[18.536s] [ 68%] [32mBuilding C object src/core/CMakeFiles/ddsc.dir/__/security/core/src/dds_security_serialize.c.o[0m
[18.612s] [ 69%] [32mBuilding C object src/core/CMakeFiles/ddsc.dir/__/security/core/src/dds_security_utils.c.o[0m
[18.647s] [ 69%] [32mBuilding C object src/core/CMakeFiles/ddsc.dir/__/security/core/src/dds_security_plugins.c.o[0m
[18.664s] [ 70%] [32mBuilding C object src/core/CMakeFiles/ddsc.dir/__/security/core/src/shared_secret.c.o[0m
[18.729s] [ 70%] [32mBuilding C object src/core/CMakeFiles/ddsc.dir/__/security/core/src/dds_security_fsm.c.o[0m
[18.889s] [ 70%] [32mBuilding C object src/core/CMakeFiles/ddsc.dir/__/security/core/src/dds_security_timed_cb.c.o[0m
[18.899s] [ 71%] [32mBuilding C object src/core/CMakeFiles/ddsc.dir/__/ddsrt/src/bswap.c.o[0m
[18.945s] [ 71%] [32mBuilding C object src/core/CMakeFiles/ddsc.dir/__/ddsrt/src/io.c.o[0m
[18.965s] [ 71%] [32mBuilding C object src/core/CMakeFiles/ddsc.dir/__/ddsrt/src/log.c.o[0m
[19.034s] [ 72%] [32mBuilding C object src/core/CMakeFiles/ddsc.dir/__/ddsrt/src/retcode.c.o[0m
[19.051s] [ 72%] [32mBuilding C object src/core/CMakeFiles/ddsc.dir/__/ddsrt/src/strtod.c.o[0m
[19.093s] [ 73%] [32mBuilding C object src/core/CMakeFiles/ddsc.dir/__/ddsrt/src/strtol.c.o[0m
[19.093s] [ 73%] [32mBuilding C object src/core/CMakeFiles/ddsc.dir/__/ddsrt/src/mh3.c.o[0m
[19.102s] [ 73%] [32mBuilding C object src/core/CMakeFiles/ddsc.dir/__/ddsrt/src/avl.c.o[0m
[19.154s] [ 74%] [32mBuilding C object src/core/CMakeFiles/ddsc.dir/__/ddsrt/src/environ.c.o[0m
[19.195s] [ 74%] [32mBuilding C object src/core/CMakeFiles/ddsc.dir/__/ddsrt/src/expand_vars.c.o[0m
[19.201s] [ 74%] [32mBuilding C object src/core/CMakeFiles/ddsc.dir/__/ddsrt/src/fibheap.c.o[0m
[19.243s] [ 75%] [32mBuilding C object src/core/CMakeFiles/ddsc.dir/__/ddsrt/src/hopscotch.c.o[0m
[19.305s] [ 75%] [32mBuilding C object src/core/CMakeFiles/ddsc.dir/__/ddsrt/src/xmlparser.c.o[0m
[19.324s] [ 76%] [32mBuilding C object src/core/CMakeFiles/ddsc.dir/__/ddsrt/src/circlist.c.o[0m
[19.370s] [ 76%] [32mBuilding C object src/core/CMakeFiles/ddsc.dir/__/ddsrt/src/atomics.c.o[0m
[19.499s] [ 76%] [32mBuilding C object src/core/CMakeFiles/ddsc.dir/__/ddsrt/src/cdtors.c.o[0m
[19.640s] [ 77%] [32mBuilding C object src/core/CMakeFiles/ddsc.dir/__/ddsrt/src/environ/posix/environ.c.o[0m
[19.650s] [ 77%] [32mBuilding C object src/core/CMakeFiles/ddsc.dir/__/ddsrt/src/heap/posix/heap.c.o[0m
[19.713s] [ 77%] [32mBuilding C object src/core/CMakeFiles/ddsc.dir/__/ddsrt/src/random.c.o[0m
[19.714s] [ 78%] [32mBuilding C object src/core/CMakeFiles/ddsc.dir/__/ddsrt/src/ifaddrs/posix/ifaddrs.c.o[0m
[19.716s] [ 78%] [32mBuilding C object src/core/CMakeFiles/ddsc.dir/__/ddsrt/src/ifaddrs.c.o[0m
[19.794s] [ 79%] [32mBuilding C object src/core/CMakeFiles/ddsc.dir/__/ddsrt/src/random/posix/random.c.o[0m
[19.805s] [ 79%] [32mBuilding C object src/core/CMakeFiles/ddsc.dir/__/ddsrt/src/rusage/posix/rusage.c.o[0m
[19.817s] [ 79%] [32mBuilding C object src/core/CMakeFiles/ddsc.dir/__/ddsrt/src/sockets.c.o[0m
[19.849s] [ 79%] [32mBuilding C object src/core/CMakeFiles/ddsc.dir/__/ddsrt/src/sockets/posix/socket.c.o[0m
[19.860s] [ 80%] [32mBuilding C object src/core/CMakeFiles/ddsc.dir/__/ddsrt/src/sockets/posix/gethostname.c.o[0m
[19.937s] [ 80%] [32mBuilding C object src/core/CMakeFiles/ddsc.dir/__/ddsrt/src/string/posix/strerror.c.o[0m
[19.939s] [ 81%] [32mBuilding C object src/core/CMakeFiles/ddsc.dir/__/ddsrt/src/string.c.o[0m
[19.970s] [ 82%] [32mBuilding C object src/core/CMakeFiles/ddsc.dir/__/ddsrt/src/threads.c.o[0m
[19.971s] [ 82%] [32mBuilding C object src/core/CMakeFiles/ddsc.dir/__/ddsrt/src/sync/posix/sync.c.o[0m
[19.975s] [ 82%] [32mBuilding C object src/core/CMakeFiles/ddsc.dir/__/ddsrt/src/threads/posix/threads.c.o[0m
[20.032s] [ 82%] [32mBuilding C object src/core/CMakeFiles/ddsc.dir/__/ddsrt/src/time.c.o[0m
[20.062s] [ 83%] [32mBuilding C object src/core/CMakeFiles/ddsc.dir/__/ddsrt/src/time/posix/time.c.o[0m
[20.082s] [ 83%] [32mBuilding C object src/core/CMakeFiles/ddsc.dir/__/ddsrt/src/md5.c.o[0m
[20.107s] [ 84%] [32mBuilding C object src/core/CMakeFiles/ddsc.dir/__/ddsrt/src/process/posix/process.c.o[0m
[20.127s] [ 84%] [32mBuilding C object src/core/CMakeFiles/ddsc.dir/__/ddsrt/src/netstat/linux/netstat.c.o[0m
[20.163s] [ 84%] [32mBuilding C object src/core/CMakeFiles/ddsc.dir/__/ddsrt/src/dynlib/posix/dynlib.c.o[0m
[20.213s] [ 85%] [32mBuilding C object src/core/CMakeFiles/ddsc.dir/__/ddsrt/src/filesystem/posix/filesystem.c.o[0m
[20.273s] [ 85%] [32m[1mLinking C shared library ../../lib/libddsc.so[0m
[20.409s] [ 85%] Built target ddsc
[20.420s] [35m[1mScanning dependencies of target pubsub[0m
[20.420s] [35m[1mScanning dependencies of target dds_security_ac[0m
[20.420s] [35m[1mScanning dependencies of target ddsperf[0m
[20.439s] [ 85%] [32mBuilding C object src/tools/pubsub/CMakeFiles/pubsub.dir/pubsub.c.o[0m
[20.447s] [35m[1mScanning dependencies of target dds_security_auth[0m
[20.448s] [ 86%] [32mBuilding C object src/tools/ddsperf/CMakeFiles/ddsperf.dir/ddsperf.c.o[0m
[20.486s] [ 87%] [32mBuilding C object src/security/builtin_plugins/access_control/CMakeFiles/dds_security_ac.dir/src/access_control_objects.c.o[0m
[20.516s] [ 87%] [32mBuilding C object src/security/builtin_plugins/authentication/CMakeFiles/dds_security_auth.dir/src/authentication.c.o[0m
[20.829s] [ 87%] [32mBuilding C object src/security/builtin_plugins/access_control/CMakeFiles/dds_security_ac.dir/src/access_control_parser.c.o[0m
[21.295s] [ 87%] [32mBuilding C object src/security/builtin_plugins/authentication/CMakeFiles/dds_security_auth.dir/src/auth_utils.c.o[0m
[21.383s] [ 87%] [32mBuilding C object src/tools/ddsperf/CMakeFiles/ddsperf.dir/cputime.c.o[0m
[21.474s] [ 87%] [32mBuilding C object src/security/builtin_plugins/access_control/CMakeFiles/dds_security_ac.dir/src/access_control_utils.c.o[0m
[21.564s] [ 87%] [32mBuilding C object src/tools/pubsub/CMakeFiles/pubsub.dir/common.c.o[0m
[21.599s] [ 88%] [32mBuilding C object src/tools/ddsperf/CMakeFiles/ddsperf.dir/netload.c.o[0m
[21.676s] [ 89%] [32mBuilding C object src/security/builtin_plugins/access_control/CMakeFiles/dds_security_ac.dir/src/access_control.c.o[0m
[21.723s] [ 90%] [32mBuilding C object src/security/builtin_plugins/authentication/CMakeFiles/dds_security_auth.dir/__/__/openssl/src/openssl_support.c.o[0m
[21.727s] [ 90%] [32mBuilding C object src/tools/ddsperf/CMakeFiles/ddsperf.dir/ddsperf_types.c.o[0m
[21.758s] [ 90%] [32m[1mLinking C executable ../../../bin/ddsperf[0m
[21.829s] [ 90%] Built target ddsperf
[21.841s] [35m[1mScanning dependencies of target dds_security_crypto[0m
[21.884s] [ 90%] [32mBuilding C object src/security/builtin_plugins/cryptographic/CMakeFiles/dds_security_crypto.dir/src/crypto_cipher.c.o[0m
[21.972s] [ 90%] [32m[1mLinking C shared library ../../../../lib/libdds_security_auth.so[0m
[22.038s] [ 91%] [32mBuilding C object src/tools/pubsub/CMakeFiles/pubsub.dir/testtype.c.o[0m
[22.042s] [ 92%] [32mBuilding C object src/security/builtin_plugins/cryptographic/CMakeFiles/dds_security_crypto.dir/src/crypto_key_exchange.c.o[0m
[22.102s] [ 92%] Built target dds_security_auth
[22.117s] [ 92%] [32mBuilding C object src/security/builtin_plugins/cryptographic/CMakeFiles/dds_security_crypto.dir/src/crypto_key_factory.c.o[0m
[22.131s] [ 92%] [32mBuilding C object src/tools/pubsub/CMakeFiles/pubsub.dir/porting.c.o[0m
[22.233s] [ 93%] [32m[1mLinking C executable ../../../bin/pubsub[0m
[22.243s] [ 93%] [32mBuilding C object src/security/builtin_plugins/access_control/CMakeFiles/dds_security_ac.dir/__/__/openssl/src/openssl_support.c.o[0m
[22.382s] [ 93%] Built target pubsub
[22.397s] [35m[1mScanning dependencies of target rhc_torture[0m
[22.423s] [ 94%] [32mBuilding C object src/security/builtin_plugins/cryptographic/CMakeFiles/dds_security_crypto.dir/src/crypto_objects.c.o[0m
[22.423s] [ 94%] [32mBuilding C object src/core/xtests/rhc_torture/CMakeFiles/rhc_torture.dir/rhc_torture.c.o[0m
[22.515s] [ 95%] [32m[1mLinking C shared library ../../../../lib/libdds_security_ac.so[0m
[22.539s] [ 96%] [32mBuilding C object src/core/xtests/rhc_torture/CMakeFiles/rhc_torture.dir/RhcTypes.c.o[0m
[22.613s] [ 96%] Built target dds_security_ac
[22.631s] [35m[1mScanning dependencies of target InitSampleDelivSub[0m
[22.646s] [ 97%] [32mBuilding C object src/core/xtests/initsampledeliv/CMakeFiles/InitSampleDelivSub.dir/subscriber.c.o[0m
[22.651s] [35m[1mScanning dependencies of target InitSampleDelivPub[0m
[22.699s] [ 97%] [32mBuilding C object src/core/xtests/initsampledeliv/CMakeFiles/InitSampleDelivPub.dir/publisher.c.o[0m
[22.725s] [ 97%] [32mBuilding C object src/security/builtin_plugins/cryptographic/CMakeFiles/dds_security_crypto.dir/src/crypto_transform.c.o[0m
[22.773s] [ 97%] [32mBuilding C object src/core/xtests/initsampledeliv/CMakeFiles/InitSampleDelivSub.dir/InitSampleDelivData.c.o[0m
[22.819s] [ 98%] [32mBuilding C object src/core/xtests/initsampledeliv/CMakeFiles/InitSampleDelivPub.dir/InitSampleDelivData.c.o[0m
[22.844s] [ 99%] [32m[1mLinking C executable ../../../../bin/InitSampleDelivSub[0m
[22.855s] [ 99%] [32m[1mLinking C executable ../../../../bin/InitSampleDelivPub[0m
[22.930s] [ 99%] Built target InitSampleDelivSub
[22.941s] [ 99%] [32mBuilding C object src/security/builtin_plugins/cryptographic/CMakeFiles/dds_security_crypto.dir/src/crypto_utils.c.o[0m
[23.035s] [ 99%] Built target InitSampleDelivPub
[23.091s] [100%] [32mBuilding C object src/security/builtin_plugins/cryptographic/CMakeFiles/dds_security_crypto.dir/src/cryptography.c.o[0m
[23.102s] [100%] [32mBuilding C object src/security/builtin_plugins/cryptographic/CMakeFiles/dds_security_crypto.dir/__/__/openssl/src/openssl_support.c.o[0m
[23.140s] [100%] [32m[1mLinking C executable ../../../../bin/rhc_torture[0m
[23.211s] [100%] Built target rhc_torture
[23.235s] [100%] [32m[1mLinking C shared library ../../../../lib/libdds_security_crypto.so[0m
[23.302s] [100%] Built target dds_security_crypto
[23.315s] Invoked command in '/home/s/scott_spaces/decadarobotics_devspace/build/cyclonedds' returned '0': /usr/bin/cmake --build /home/s/scott_spaces/decadarobotics_devspace/build/cyclonedds -- -j4 -l4
[23.344s] Invoking command in '/home/s/scott_spaces/decadarobotics_devspace/build/cyclonedds': /usr/bin/cmake --install /home/s/scott_spaces/decadarobotics_devspace/build/cyclonedds
[23.352s] -- Install configuration: "Release"
[23.352s] -- Installing: /home/s/scott_spaces/decadarobotics_devspace/install/cyclonedds/lib/cmake/CycloneDDS/CycloneDDSConfig.cmake
[23.353s] -- Installing: /home/s/scott_spaces/decadarobotics_devspace/install/cyclonedds/lib/cmake/CycloneDDS/CycloneDDSConfigVersion.cmake
[23.353s] -- Installing: /home/s/scott_spaces/decadarobotics_devspace/install/cyclonedds/lib/cmake/CycloneDDS/CycloneDDSTargets.cmake
[23.353s] -- Installing: /home/s/scott_spaces/decadarobotics_devspace/install/cyclonedds/lib/cmake/CycloneDDS/CycloneDDSTargets-release.cmake
[23.353s] -- Installing: /home/s/scott_spaces/decadarobotics_devspace/install/cyclonedds/bin/pubsub
[23.354s] -- Set runtime path of "/home/s/scott_spaces/decadarobotics_devspace/install/cyclonedds/bin/pubsub" to "$ORIGIN/../lib"
[23.354s] -- Installing: /home/s/scott_spaces/decadarobotics_devspace/install/cyclonedds/include/idlc
[23.355s] -- Installing: /home/s/scott_spaces/decadarobotics_devspace/install/cyclonedds/include/idlc/options.h
[23.355s] -- Installing: /home/s/scott_spaces/decadarobotics_devspace/install/cyclonedds/include/idlc/generator.h
[23.355s] -- Installing: /home/s/scott_spaces/decadarobotics_devspace/install/cyclonedds/bin/idlc
[23.355s] -- Set runtime path of "/home/s/scott_spaces/decadarobotics_devspace/install/cyclonedds/bin/idlc" to "$ORIGIN/../lib"
[23.355s] -- Installing: /home/s/scott_spaces/decadarobotics_devspace/install/cyclonedds/lib/cmake/CycloneDDS/idlc/Generate.cmake
[23.356s] -- Installing: /home/s/scott_spaces/decadarobotics_devspace/install/cyclonedds/bin/ddsperf
[23.356s] -- Set runtime path of "/home/s/scott_spaces/decadarobotics_devspace/install/cyclonedds/bin/ddsperf" to "$ORIGIN/../lib"
[23.356s] -- Up-to-date: /home/s/scott_spaces/decadarobotics_devspace/install/cyclonedds/include
[23.357s] -- Installing: /home/s/scott_spaces/decadarobotics_devspace/install/cyclonedds/include/dds
[23.357s] -- Installing: /home/s/scott_spaces/decadarobotics_devspace/install/cyclonedds/include/dds/ddsrt
[23.357s] -- Installing: /home/s/scott_spaces/decadarobotics_devspace/install/cyclonedds/include/dds/ddsrt/bswap.h
[23.357s] -- Installing: /home/s/scott_spaces/decadarobotics_devspace/install/cyclonedds/include/dds/ddsrt/sockets
[23.357s] -- Installing: /home/s/scott_spaces/decadarobotics_devspace/install/cyclonedds/include/dds/ddsrt/sockets/windows.h
[23.357s] -- Installing: /home/s/scott_spaces/decadarobotics_devspace/install/cyclonedds/include/dds/ddsrt/sockets/posix.h
[23.357s] -- Installing: /home/s/scott_spaces/decadarobotics_devspace/install/cyclonedds/include/dds/ddsrt/log.h
[23.357s] -- Installing: /home/s/scott_spaces/decadarobotics_devspace/install/cyclonedds/include/dds/ddsrt/strtod.h
[23.357s] -- Installing: /home/s/scott_spaces/decadarobotics_devspace/install/cyclonedds/include/dds/ddsrt/process.h
[23.357s] -- Installing: /home/s/scott_spaces/decadarobotics_devspace/install/cyclonedds/include/dds/ddsrt/types
[23.357s] -- Installing: /home/s/scott_spaces/decadarobotics_devspace/install/cyclonedds/include/dds/ddsrt/types/windows.h
[23.357s] -- Installing: /home/s/scott_spaces/decadarobotics_devspace/install/cyclonedds/include/dds/ddsrt/types/vxworks.h
[23.358s] -- Installing: /home/s/scott_spaces/decadarobotics_devspace/install/cyclonedds/include/dds/ddsrt/types/posix.h
[23.358s] -- Installing: /home/s/scott_spaces/decadarobotics_devspace/install/cyclonedds/include/dds/ddsrt/threads.h
[23.358s] -- Installing: /home/s/scott_spaces/decadarobotics_devspace/install/cyclonedds/include/dds/ddsrt/endian.h
[23.358s] -- Installing: /home/s/scott_spaces/decadarobotics_devspace/install/cyclonedds/include/dds/ddsrt/md5.h
[23.358s] -- Installing: /home/s/scott_spaces/decadarobotics_devspace/install/cyclonedds/include/dds/ddsrt/io.h
[23.358s] -- Installing: /home/s/scott_spaces/decadarobotics_devspace/install/cyclonedds/include/dds/ddsrt/sync.h
[23.358s] -- Installing: /home/s/scott_spaces/decadarobotics_devspace/install/cyclonedds/include/dds/ddsrt/retcode.h
[23.358s] -- Installing: /home/s/scott_spaces/decadarobotics_devspace/install/cyclonedds/include/dds/ddsrt/environ.h
[23.358s] -- Installing: /home/s/scott_spaces/decadarobotics_devspace/install/cyclonedds/include/dds/ddsrt/atomics
[23.358s] -- Installing: /home/s/scott_spaces/decadarobotics_devspace/install/cyclonedds/include/dds/ddsrt/atomics/gcc.h
[23.358s] -- Installing: /home/s/scott_spaces/decadarobotics_devspace/install/cyclonedds/include/dds/ddsrt/atomics/msvc.h
[23.359s] -- Installing: /home/s/scott_spaces/decadarobotics_devspace/install/cyclonedds/include/dds/ddsrt/atomics/sun.h
[23.359s] -- Installing: /home/s/scott_spaces/decadarobotics_devspace/install/cyclonedds/include/dds/ddsrt/atomics/arm.h
[23.359s] -- Installing: /home/s/scott_spaces/decadarobotics_devspace/install/cyclonedds/include/dds/ddsrt/filesystem
[23.359s] -- Installing: /home/s/scott_spaces/decadarobotics_devspace/install/cyclonedds/include/dds/ddsrt/filesystem/windows.h
[23.359s] -- Installing: /home/s/scott_spaces/decadarobotics_devspace/install/cyclonedds/include/dds/ddsrt/filesystem/posix.h
[23.359s] -- Installing: /home/s/scott_spaces/decadarobotics_devspace/install/cyclonedds/include/dds/ddsrt/types.h
[23.359s] -- Installing: /home/s/scott_spaces/decadarobotics_devspace/install/cyclonedds/include/dds/ddsrt/time
[23.359s] -- Installing: /home/s/scott_spaces/decadarobotics_devspace/install/cyclonedds/include/dds/ddsrt/time/freertos.h
[23.359s] -- Installing: /home/s/scott_spaces/decadarobotics_devspace/install/cyclonedds/include/dds/ddsrt/mh3.h
[23.359s] -- Installing: /home/s/scott_spaces/decadarobotics_devspace/install/cyclonedds/include/dds/ddsrt/countargs.h
[23.359s] -- Installing: /home/s/scott_spaces/decadarobotics_devspace/install/cyclonedds/include/dds/ddsrt/cdtors.h
[23.359s] -- Installing: /home/s/scott_spaces/decadarobotics_devspace/install/cyclonedds/include/dds/ddsrt/misc.h
[23.360s] -- Installing: /home/s/scott_spaces/decadarobotics_devspace/install/cyclonedds/include/dds/ddsrt/strtol.h
[23.360s] -- Installing: /home/s/scott_spaces/decadarobotics_devspace/install/cyclonedds/include/dds/ddsrt/filesystem.h
[23.360s] -- Installing: /home/s/scott_spaces/decadarobotics_devspace/install/cyclonedds/include/dds/ddsrt/expand_vars.h
[23.360s] -- Installing: /home/s/scott_spaces/decadarobotics_devspace/install/cyclonedds/include/dds/ddsrt/fibheap.h
[23.360s] -- Installing: /home/s/scott_spaces/decadarobotics_devspace/install/cyclonedds/include/dds/ddsrt/static_assert.h
[23.360s] -- Installing: /home/s/scott_spaces/decadarobotics_devspace/install/cyclonedds/include/dds/ddsrt/netstat.h
[23.360s] -- Installing: /home/s/scott_spaces/decadarobotics_devspace/install/cyclonedds/include/dds/ddsrt/atomics.h
[23.360s] -- Installing: /home/s/scott_spaces/decadarobotics_devspace/install/cyclonedds/include/dds/ddsrt/iovec.h
[23.360s] -- Installing: /home/s/scott_spaces/decadarobotics_devspace/install/cyclonedds/include/dds/ddsrt/threads
[23.360s] -- Installing: /home/s/scott_spaces/decadarobotics_devspace/install/cyclonedds/include/dds/ddsrt/threads/windows.h
[23.360s] -- Installing: /home/s/scott_spaces/decadarobotics_devspace/install/cyclonedds/include/dds/ddsrt/threads/freertos.h
[23.360s] -- Installing: /home/s/scott_spaces/decadarobotics_devspace/install/cyclonedds/include/dds/ddsrt/threads/posix.h
[23.361s] -- Installing: /home/s/scott_spaces/decadarobotics_devspace/install/cyclonedds/include/dds/ddsrt/ifaddrs.h
[23.361s] -- Installing: /home/s/scott_spaces/decadarobotics_devspace/install/cyclonedds/include/dds/ddsrt/heap.h
[23.361s] -- Installing: /home/s/scott_spaces/decadarobotics_devspace/install/cyclonedds/include/dds/ddsrt/sync
[23.361s] -- Installing: /home/s/scott_spaces/decadarobotics_devspace/install/cyclonedds/include/dds/ddsrt/sync/windows.h
[23.361s] -- Installing: /home/s/scott_spaces/decadarobotics_devspace/install/cyclonedds/include/dds/ddsrt/sync/freertos.h
[23.361s] -- Installing: /home/s/scott_spaces/decadarobotics_devspace/install/cyclonedds/include/dds/ddsrt/sync/posix.h
[23.361s] -- Installing: /home/s/scott_spaces/decadarobotics_devspace/install/cyclonedds/include/dds/ddsrt/sync/solaris2.6.h
[23.361s] -- Installing: /home/s/scott_spaces/decadarobotics_devspace/install/cyclonedds/include/dds/ddsrt/attributes.h
[23.361s] -- Installing: /home/s/scott_spaces/decadarobotics_devspace/install/cyclonedds/include/dds/ddsrt/xmlparser.h
[23.361s] -- Installing: /home/s/scott_spaces/decadarobotics_devspace/install/cyclonedds/include/dds/ddsrt/dynlib.h
[23.361s] -- Installing: /home/s/scott_spaces/decadarobotics_devspace/install/cyclonedds/include/dds/ddsrt/rusage.h
[23.361s] -- Installing: /home/s/scott_spaces/decadarobotics_devspace/install/cyclonedds/include/dds/ddsrt/avl.h
[23.362s] -- Installing: /home/s/scott_spaces/decadarobotics_devspace/install/cyclonedds/include/dds/ddsrt/sched.h
[23.362s] -- Installing: /home/s/scott_spaces/decadarobotics_devspace/install/cyclonedds/include/dds/ddsrt/arch.h
[23.362s] -- Installing: /home/s/scott_spaces/decadarobotics_devspace/install/cyclonedds/include/dds/ddsrt/hopscotch.h
[23.362s] -- Installing: /home/s/scott_spaces/decadarobotics_devspace/install/cyclonedds/include/dds/ddsrt/string.h
[23.362s] -- Installing: /home/s/scott_spaces/decadarobotics_devspace/install/cyclonedds/include/dds/ddsrt/sockets.h
[23.362s] -- Installing: /home/s/scott_spaces/decadarobotics_devspace/install/cyclonedds/include/dds/ddsrt/circlist.h
[23.362s] -- Installing: /home/s/scott_spaces/decadarobotics_devspace/install/cyclonedds/include/dds/ddsrt/time.h
[23.362s] -- Installing: /home/s/scott_spaces/decadarobotics_devspace/install/cyclonedds/include/dds/ddsrt/random.h
[23.362s] -- Up-to-date: /home/s/scott_spaces/decadarobotics_devspace/install/cyclonedds/include
[23.362s] -- Up-to-date: /home/s/scott_spaces/decadarobotics_devspace/install/cyclonedds/include/dds
[23.362s] -- Installing: /home/s/scott_spaces/decadarobotics_devspace/install/cyclonedds/include/dds/version.h
[23.362s] -- Installing: /home/s/scott_spaces/decadarobotics_devspace/install/cyclonedds/include/idl
[23.362s] -- Installing: /home/s/scott_spaces/decadarobotics_devspace/install/cyclonedds/include/idl/print.h
[23.363s] -- Installing: /home/s/scott_spaces/decadarobotics_devspace/install/cyclonedds/include/idl/retcode.h
[23.363s] -- Installing: /home/s/scott_spaces/decadarobotics_devspace/install/cyclonedds/include/idl/scope.h
[23.363s] -- Installing: /home/s/scott_spaces/decadarobotics_devspace/install/cyclonedds/include/idl/symbol.h
[23.363s] -- Installing: /home/s/scott_spaces/decadarobotics_devspace/install/cyclonedds/include/idl/stream.h
[23.363s] -- Installing: /home/s/scott_spaces/decadarobotics_devspace/install/cyclonedds/include/idl/expression.h
[23.363s] -- Installing: /home/s/scott_spaces/decadarobotics_devspace/install/cyclonedds/include/idl/file.h
[23.363s] -- Installing: /home/s/scott_spaces/decadarobotics_devspace/install/cyclonedds/include/idl/tree.h
[23.363s] -- Installing: /home/s/scott_spaces/decadarobotics_devspace/install/cyclonedds/include/idl/processor.h
[23.364s] -- Installing: /home/s/scott_spaces/decadarobotics_devspace/install/cyclonedds/include/idl/string.h
[23.364s] -- Installing: /home/s/scott_spaces/decadarobotics_devspace/install/cyclonedds/include/idl/visit.h
[23.364s] -- Installing: /home/s/scott_spaces/decadarobotics_devspace/install/cyclonedds/include/idl/export.h
[23.364s] -- Installing: /home/s/scott_spaces/decadarobotics_devspace/install/cyclonedds/include/idl/version.h
[23.364s] -- Installing: /home/s/scott_spaces/decadarobotics_devspace/install/cyclonedds/lib/libidl.so.0.8.0
[23.364s] -- Installing: /home/s/scott_spaces/decadarobotics_devspace/install/cyclonedds/lib/libidl.so.0
[23.364s] -- Set runtime path of "/home/s/scott_spaces/decadarobotics_devspace/install/cyclonedds/lib/libidl.so.0.8.0" to "$ORIGIN/../lib"
[23.364s] -- Installing: /home/s/scott_spaces/decadarobotics_devspace/install/cyclonedds/lib/libidl.so
[23.365s] -- Up-to-date: /home/s/scott_spaces/decadarobotics_devspace/install/cyclonedds/include
[23.365s] -- Up-to-date: /home/s/scott_spaces/decadarobotics_devspace/install/cyclonedds/include/dds
[23.365s] -- Installing: /home/s/scott_spaces/decadarobotics_devspace/install/cyclonedds/include/dds/security
[23.365s] -- Installing: /home/s/scott_spaces/decadarobotics_devspace/install/cyclonedds/include/dds/security/dds_security_api_authentication.h
[23.365s] -- Installing: /home/s/scott_spaces/decadarobotics_devspace/install/cyclonedds/include/dds/security/dds_security_api_types.h
[23.365s] -- Installing: /home/s/scott_spaces/decadarobotics_devspace/install/cyclonedds/include/dds/security/dds_security_api_defs.h
[23.365s] -- Installing: /home/s/scott_spaces/decadarobotics_devspace/install/cyclonedds/include/dds/security/dds_security_api_err.h
[23.365s] -- Installing: /home/s/scott_spaces/decadarobotics_devspace/install/cyclonedds/include/dds/security/dds_security_api.h
[23.365s] -- Installing: /home/s/scott_spaces/decadarobotics_devspace/install/cyclonedds/include/dds/security/dds_security_api_cryptography.h
[23.365s] -- Installing: /home/s/scott_spaces/decadarobotics_devspace/install/cyclonedds/include/dds/security/dds_security_api_access_control.h
[23.366s] -- Installing: /home/s/scott_spaces/decadarobotics_devspace/install/cyclonedds/include/dds/security/core/
[23.366s] -- Installing: /home/s/scott_spaces/decadarobotics_devspace/install/cyclonedds/include/dds/security/core//dds_security_plugins.h
[23.366s] -- Installing: /home/s/scott_spaces/decadarobotics_devspace/install/cyclonedds/include/dds/security/core//dds_security_utils.h
[23.366s] -- Installing: /home/s/scott_spaces/decadarobotics_devspace/install/cyclonedds/include/dds/security/core//dds_security_fsm.h
[23.366s] -- Installing: /home/s/scott_spaces/decadarobotics_devspace/install/cyclonedds/include/dds/security/core//dds_security_types.h
[23.366s] -- Installing: /home/s/scott_spaces/decadarobotics_devspace/install/cyclonedds/include/dds/security/core//dds_security_serialize.h
[23.366s] -- Installing: /home/s/scott_spaces/decadarobotics_devspace/install/cyclonedds/include/dds/security/core//dds_security_timed_cb.h
[23.366s] -- Installing: /home/s/scott_spaces/decadarobotics_devspace/install/cyclonedds/include/dds/security/core//shared_secret.h
[23.367s] -- Installing: /home/s/scott_spaces/decadarobotics_devspace/install/cyclonedds/lib/libdds_security_ac.so
[23.367s] -- Set runtime path of "/home/s/scott_spaces/decadarobotics_devspace/install/cyclonedds/lib/libdds_security_ac.so" to "$ORIGIN/../lib"
[23.367s] -- Installing: /home/s/scott_spaces/decadarobotics_devspace/install/cyclonedds/lib/libdds_security_auth.so
[23.368s] -- Set runtime path of "/home/s/scott_spaces/decadarobotics_devspace/install/cyclonedds/lib/libdds_security_auth.so" to "$ORIGIN/../lib"
[23.368s] -- Installing: /home/s/scott_spaces/decadarobotics_devspace/install/cyclonedds/lib/libdds_security_crypto.so
[23.368s] -- Set runtime path of "/home/s/scott_spaces/decadarobotics_devspace/install/cyclonedds/lib/libdds_security_crypto.so" to "$ORIGIN/../lib"
[23.369s] -- Up-to-date: /home/s/scott_spaces/decadarobotics_devspace/install/cyclonedds/include
[23.369s] -- Up-to-date: /home/s/scott_spaces/decadarobotics_devspace/install/cyclonedds/include/dds
[23.369s] -- Installing: /home/s/scott_spaces/decadarobotics_devspace/install/cyclonedds/include/dds/ddsi
[23.369s] -- Installing: /home/s/scott_spaces/decadarobotics_devspace/install/cyclonedds/include/dds/ddsi/sysdeps.h
[23.369s] -- Installing: /home/s/scott_spaces/decadarobotics_devspace/install/cyclonedds/include/dds/ddsi/ddsi_raweth.h
[23.369s] -- Installing: /home/s/scott_spaces/decadarobotics_devspace/install/cyclonedds/include/dds/ddsi/q_receive.h
[23.369s] -- Installing: /home/s/scott_spaces/decadarobotics_devspace/install/cyclonedds/include/dds/ddsi/ddsi_security_omg.h
[23.369s] -- Installing: /home/s/scott_spaces/decadarobotics_devspace/install/cyclonedds/include/dds/ddsi/ddsi_deliver_locally.h
[23.369s] -- Installing: /home/s/scott_spaces/decadarobotics_devspace/install/cyclonedds/include/dds/ddsi/ddsi_list_genptr.h
[23.370s] -- Installing: /home/s/scott_spaces/decadarobotics_devspace/install/cyclonedds/include/dds/ddsi/ddsi_builtin_topic_if.h
[23.370s] -- Installing: /home/s/scott_spaces/decadarobotics_devspace/install/cyclonedds/include/dds/ddsi/ddsi_statistics.h
[23.370s] -- Installing: /home/s/scott_spaces/decadarobotics_devspace/install/cyclonedds/include/dds/ddsi/ddsi_cdrstream.h
[23.370s] -- Installing: /home/s/scott_spaces/decadarobotics_devspace/install/cyclonedds/include/dds/ddsi/q_ddsi_discovery.h
[23.370s] -- Installing: /home/s/scott_spaces/decadarobotics_devspace/install/cyclonedds/include/dds/ddsi/q_lease.h
[23.370s] -- Installing: /home/s/scott_spaces/decadarobotics_devspace/install/cyclonedds/include/dds/ddsi/q_gc.h
[23.370s] -- Installing: /home/s/scott_spaces/decadarobotics_devspace/install/cyclonedds/include/dds/ddsi/ddsi_serdata_pserop.h
[23.370s] -- Installing: /home/s/scott_spaces/decadarobotics_devspace/install/cyclonedds/include/dds/ddsi/ddsi_acknack.h
[23.370s] -- Installing: /home/s/scott_spaces/decadarobotics_devspace/install/cyclonedds/include/dds/ddsi/q_pcap.h
[23.370s] -- Installing: /home/s/scott_spaces/decadarobotics_devspace/install/cyclonedds/include/dds/ddsi/q_unused.h
[23.370s] -- Installing: /home/s/scott_spaces/decadarobotics_devspace/install/cyclonedds/include/dds/ddsi/ddsi_domaingv.h
[23.370s] -- Installing: /home/s/scott_spaces/decadarobotics_devspace/install/cyclonedds/include/dds/ddsi/ddsi_serdata_default.h
[23.371s] -- Installing: /home/s/scott_spaces/decadarobotics_devspace/install/cyclonedds/include/dds/ddsi/q_log.h
[23.371s] -- Installing: /home/s/scott_spaces/decadarobotics_devspace/install/cyclonedds/include/dds/ddsi/q_misc.h
[23.371s] -- Installing: /home/s/scott_spaces/decadarobotics_devspace/install/cyclonedds/include/dds/ddsi/ddsi_serdata_plist.h
[23.371s] -- Installing: /home/s/scott_spaces/decadarobotics_devspace/install/cyclonedds/include/dds/ddsi/q_sockwaitset.h
[23.371s] -- Installing: /home/s/scott_spaces/decadarobotics_devspace/install/cyclonedds/include/dds/ddsi/ddsi_mcgroup.h
[23.371s] -- Installing: /home/s/scott_spaces/decadarobotics_devspace/install/cyclonedds/include/dds/ddsi/ddsi_time.h
[23.371s] -- Installing: /home/s/scott_spaces/decadarobotics_devspace/install/cyclonedds/include/dds/ddsi/ddsi_tkmap.h
[23.371s] -- Installing: /home/s/scott_spaces/decadarobotics_devspace/install/cyclonedds/include/dds/ddsi/q_config.h
[23.371s] -- Installing: /home/s/scott_spaces/decadarobotics_devspace/install/cyclonedds/include/dds/ddsi/ddsi_security_exchange.h
[23.371s] -- Installing: /home/s/scott_spaces/decadarobotics_devspace/install/cyclonedds/include/dds/ddsi/ddsi_serdata.h
[23.371s] -- Installing: /home/s/scott_spaces/decadarobotics_devspace/install/cyclonedds/include/dds/ddsi/ddsi_udp.h
[23.371s] -- Installing: /home/s/scott_spaces/decadarobotics_devspace/install/cyclonedds/include/dds/ddsi/q_thread.h
[23.372s] -- Installing: /home/s/scott_spaces/decadarobotics_devspace/install/cyclonedds/include/dds/ddsi/ddsi_security_msg.h
[23.372s] -- Installing: /home/s/scott_spaces/decadarobotics_devspace/install/cyclonedds/include/dds/ddsi/ddsi_plist_generic.h
[23.372s] -- Installing: /home/s/scott_spaces/decadarobotics_devspace/install/cyclonedds/include/dds/ddsi/q_hbcontrol.h
[23.372s] -- Installing: /home/s/scott_spaces/decadarobotics_devspace/install/cyclonedds/include/dds/ddsi/ddsi_threadmon.h
[23.372s] -- Installing: /home/s/scott_spaces/decadarobotics_devspace/install/cyclonedds/include/dds/ddsi/ddsi_sertype.h
[23.372s] -- Installing: /home/s/scott_spaces/decadarobotics_devspace/install/cyclonedds/include/dds/ddsi/ddsi_list_tmpl.h
[23.372s] -- Installing: /home/s/scott_spaces/decadarobotics_devspace/install/cyclonedds/include/dds/ddsi/ddsi_handshake.h
[23.372s] -- Installing: /home/s/scott_spaces/decadarobotics_devspace/install/cyclonedds/include/dds/ddsi/ddsi_tcp.h
[23.372s] -- Installing: /home/s/scott_spaces/decadarobotics_devspace/install/cyclonedds/include/dds/ddsi/ddsi_xqos.h
[23.372s] -- Installing: /home/s/scott_spaces/decadarobotics_devspace/install/cyclonedds/include/dds/ddsi/ddsi_ownip.h
[23.372s] -- Installing: /home/s/scott_spaces/decadarobotics_devspace/install/cyclonedds/include/dds/ddsi/ddsi_rhc.h
[23.372s] -- Installing: /home/s/scott_spaces/decadarobotics_devspace/install/cyclonedds/include/dds/ddsi/q_lat_estim.h
[23.373s] -- Installing: /home/s/scott_spaces/decadarobotics_devspace/install/cyclonedds/include/dds/ddsi/q_init.h
[23.373s] -- Installing: /home/s/scott_spaces/decadarobotics_devspace/install/cyclonedds/include/dds/ddsi/q_bswap.h
[23.373s] -- Installing: /home/s/scott_spaces/decadarobotics_devspace/install/cyclonedds/include/dds/ddsi/q_inverse_uint32_set.h
[23.373s] -- Installing: /home/s/scott_spaces/decadarobotics_devspace/install/cyclonedds/include/dds/ddsi/q_rtps.h
[23.373s] -- Installing: /home/s/scott_spaces/decadarobotics_devspace/install/cyclonedds/include/dds/ddsi/ddsi_security_util.h
[23.373s] -- Installing: /home/s/scott_spaces/decadarobotics_devspace/install/cyclonedds/include/dds/ddsi/ddsi_ipaddr.h
[23.373s] -- Installing: /home/s/scott_spaces/decadarobotics_devspace/install/cyclonedds/include/dds/ddsi/q_freelist.h
[23.373s] -- Installing: /home/s/scott_spaces/decadarobotics_devspace/install/cyclonedds/include/dds/ddsi/q_bitset.h
[23.373s] -- Installing: /home/s/scott_spaces/decadarobotics_devspace/install/cyclonedds/include/dds/ddsi/ddsi_deadline.h
[23.373s] -- Installing: /home/s/scott_spaces/decadarobotics_devspace/install/cyclonedds/include/dds/ddsi/q_feature_check.h
[23.373s] -- Installing: /home/s/scott_spaces/decadarobotics_devspace/install/cyclonedds/include/dds/ddsi/ddsi_sertopic.h
[23.373s] -- Installing: /home/s/scott_spaces/decadarobotics_devspace/install/cyclonedds/include/dds/ddsi/ddsi_keyhash.h
[23.374s] -- Installing: /home/s/scott_spaces/decadarobotics_devspace/install/cyclonedds/include/dds/ddsi/ddsi_pmd.h
[23.374s] -- Installing: /home/s/scott_spaces/decadarobotics_devspace/install/cyclonedds/include/dds/ddsi/q_entity.h
[23.374s] -- Installing: /home/s/scott_spaces/decadarobotics_devspace/install/cyclonedds/include/dds/ddsi/ddsi_typeid.h
[23.374s] -- Installing: /home/s/scott_spaces/decadarobotics_devspace/install/cyclonedds/include/dds/ddsi/q_xmsg.h
[23.374s] -- Installing: /home/s/scott_spaces/decadarobotics_devspace/install/cyclonedds/include/dds/ddsi/ddsi_locator.h
[23.374s] -- Installing: /home/s/scott_spaces/decadarobotics_devspace/install/cyclonedds/include/dds/ddsi/q_transmit.h
[23.374s] -- Installing: /home/s/scott_spaces/decadarobotics_devspace/install/cyclonedds/include/dds/ddsi/ddsi_guid.h
[23.374s] -- Installing: /home/s/scott_spaces/decadarobotics_devspace/install/cyclonedds/include/dds/ddsi/ddsi_tran.h
[23.374s] -- Installing: /home/s/scott_spaces/decadarobotics_devspace/install/cyclonedds/include/dds/ddsi/q_radmin.h
[23.374s] -- Installing: /home/s/scott_spaces/decadarobotics_devspace/install/cyclonedds/include/dds/ddsi/ddsi_entity_index.h
[23.374s] -- Installing: /home/s/scott_spaces/decadarobotics_devspace/install/cyclonedds/include/dds/ddsi/q_addrset.h
[23.374s] -- Installing: /home/s/scott_spaces/decadarobotics_devspace/install/cyclonedds/include/dds/ddsi/ddsi_portmapping.h
[23.375s] -- Installing: /home/s/scott_spaces/decadarobotics_devspace/install/cyclonedds/include/dds/ddsi/ddsi_config.h
[23.375s] -- Installing: /home/s/scott_spaces/decadarobotics_devspace/install/cyclonedds/include/dds/ddsi/ddsi_ssl.h
[23.375s] -- Installing: /home/s/scott_spaces/decadarobotics_devspace/install/cyclonedds/include/dds/ddsi/ddsi_iid.h
[23.375s] -- Installing: /home/s/scott_spaces/decadarobotics_devspace/install/cyclonedds/include/dds/ddsi/ddsi_lifespan.h
[23.375s] -- Installing: /home/s/scott_spaces/decadarobotics_devspace/install/cyclonedds/include/dds/ddsi/q_xevent.h
[23.375s] -- Installing: /home/s/scott_spaces/decadarobotics_devspace/install/cyclonedds/include/dds/ddsi/ddsi_typelookup.h
[23.375s] -- Installing: /home/s/scott_spaces/decadarobotics_devspace/install/cyclonedds/include/dds/ddsi/q_protocol.h
[23.375s] -- Installing: /home/s/scott_spaces/decadarobotics_devspace/install/cyclonedds/include/dds/ddsi/q_debmon.h
[23.375s] -- Installing: /home/s/scott_spaces/decadarobotics_devspace/install/cyclonedds/include/dds/ddsi/ddsi_plist.h
[23.375s] -- Installing: /home/s/scott_spaces/decadarobotics_devspace/install/cyclonedds/include/dds/ddsi/ddsi_cfgelems.h
[23.376s] -- Installing: /home/s/scott_spaces/decadarobotics_devspace/install/cyclonedds/include/dds/ddsi/q_qosmatch.h
[23.376s] -- Installing: /home/s/scott_spaces/decadarobotics_devspace/install/cyclonedds/include/dds/ddsi/q_whc.h
[23.376s] -- Installing: /home/s/scott_spaces/decadarobotics_devspace/install/cyclonedds/include/dds/ddsi/ddsi_cfgunits.h
[23.376s] -- Installing: /home/s/scott_spaces/decadarobotics_devspace/install/cyclonedds/include/dds/ddsi/ddsi_vendor.h
[23.376s] -- Up-to-date: /home/s/scott_spaces/decadarobotics_devspace/install/cyclonedds/include
[23.376s] -- Up-to-date: /home/s/scott_spaces/decadarobotics_devspace/install/cyclonedds/include/dds
[23.376s] -- Installing: /home/s/scott_spaces/decadarobotics_devspace/install/cyclonedds/include/dds/dds.h
[23.376s] -- Installing: /home/s/scott_spaces/decadarobotics_devspace/install/cyclonedds/include/dds/ddsc
[23.376s] -- Installing: /home/s/scott_spaces/decadarobotics_devspace/install/cyclonedds/include/dds/ddsc/dds_public_error.h
[23.376s] -- Installing: /home/s/scott_spaces/decadarobotics_devspace/install/cyclonedds/include/dds/ddsc/dds_public_status.h
[23.377s] -- Installing: /home/s/scott_spaces/decadarobotics_devspace/install/cyclonedds/include/dds/ddsc/dds_statistics.h
[23.377s] -- Installing: /home/s/scott_spaces/decadarobotics_devspace/install/cyclonedds/include/dds/ddsc/dds_rhc.h
[23.377s] -- Installing: /home/s/scott_spaces/decadarobotics_devspace/install/cyclonedds/include/dds/ddsc/dds_public_listener.h
[23.377s] -- Installing: /home/s/scott_spaces/decadarobotics_devspace/install/cyclonedds/include/dds/ddsc/dds_public_qos.h
[23.377s] -- Installing: /home/s/scott_spaces/decadarobotics_devspace/install/cyclonedds/include/dds/ddsc/dds_public_impl.h
[23.377s] -- Installing: /home/s/scott_spaces/decadarobotics_devspace/install/cyclonedds/include/dds/ddsc/dds_internal_api.h
[23.377s] -- Installing: /home/s/scott_spaces/decadarobotics_devspace/install/cyclonedds/include/dds/ddsc/dds_opcodes.h
[23.377s] -- Installing: /home/s/scott_spaces/decadarobotics_devspace/install/cyclonedds/include/dds/ddsc/dds_public_qosdefs.h
[23.377s] -- Installing: /home/s/scott_spaces/decadarobotics_devspace/install/cyclonedds/include/dds/ddsc/dds_public_alloc.h
[23.377s] -- Installing: /home/s/scott_spaces/decadarobotics_devspace/install/cyclonedds/include/ddsc
[23.377s] -- Installing: /home/s/scott_spaces/decadarobotics_devspace/install/cyclonedds/include/ddsc/dds.h
[23.378s] -- Up-to-date: /home/s/scott_spaces/decadarobotics_devspace/install/cyclonedds/include
[23.378s] -- Up-to-date: /home/s/scott_spaces/decadarobotics_devspace/install/cyclonedds/include/dds
[23.378s] -- Installing: /home/s/scott_spaces/decadarobotics_devspace/install/cyclonedds/include/dds/export.h
[23.378s] -- Installing: /home/s/scott_spaces/decadarobotics_devspace/install/cyclonedds/include/dds/features.h
[23.378s] -- Installing: /home/s/scott_spaces/decadarobotics_devspace/install/cyclonedds/lib/libddsc.so.0.8.0
[23.379s] -- Installing: /home/s/scott_spaces/decadarobotics_devspace/install/cyclonedds/lib/libddsc.so.0
[23.379s] -- Set runtime path of "/home/s/scott_spaces/decadarobotics_devspace/install/cyclonedds/lib/libddsc.so.0.8.0" to "$ORIGIN/../lib"
[23.380s] -- Installing: /home/s/scott_spaces/decadarobotics_devspace/install/cyclonedds/lib/libddsc.so
[23.382s] Invoked command in '/home/s/scott_spaces/decadarobotics_devspace/build/cyclonedds' returned '0': /usr/bin/cmake --install /home/s/scott_spaces/decadarobotics_devspace/build/cyclonedds
