[0.171s] Invoking command in '/home/s/scott_spaces/decadarobotics_devspace/build/ff_examples_ros2': CMAKE_PREFIX_PATH=/home/s/scott_spaces/decadarobotics_devspace/install/free_fleet:/home/s/scott_spaces/decadarobotics_devspace/install/cyclonedds:${CMAKE_PREFIX_PATH} LD_LIBRARY_PATH=/home/s/scott_spaces/decadarobotics_devspace/install/free_fleet/lib:/home/s/scott_spaces/decadarobotics_devspace/install/cyclonedds/lib:${LD_LIBRARY_PATH} PATH=/home/s/scott_spaces/decadarobotics_devspace/install/free_fleet/bin:/home/s/scott_spaces/decadarobotics_devspace/install/cyclonedds/bin:${PATH} PKG_CONFIG_PATH=/home/s/scott_spaces/decadarobotics_devspace/install/free_fleet/lib/x86_64-linux-gnu/pkgconfig:/home/s/scott_spaces/decadarobotics_devspace/install/free_fleet/lib/pkgconfig:/home/s/scott_spaces/decadarobotics_devspace/install/cyclonedds/lib/x86_64-linux-gnu/pkgconfig:/home/s/scott_spaces/decadarobotics_devspace/install/cyclonedds/lib/pkgconfig:${PKG_CONFIG_PATH} /usr/bin/cmake /home/s/scott_spaces/decadarobotics_devspace/src/ff_client/free_fleet/ff_examples_ros2 -DCMAKE_BUILD_TYPE=Release -DCMAKE_INSTALL_PREFIX=/home/s/scott_spaces/decadarobotics_devspace/install/ff_examples_ros2
[0.385s] -- The C compiler identification is GNU 9.3.0
[0.673s] -- The CXX compiler identification is GNU 9.3.0
[0.679s] -- Check for working C compiler: /usr/bin/cc
[1.062s] -- Check for working C compiler: /usr/bin/cc -- works
[1.064s] -- Detecting C compiler ABI info
[1.415s] -- Detecting C compiler ABI info - done
[1.440s] -- Detecting C compile features
[1.443s] -- Detecting C compile features - done
[1.449s] -- Check for working CXX compiler: /usr/bin/c++
[1.720s] -- Check for working CXX compiler: /usr/bin/c++ -- works
[1.721s] -- Detecting CXX compiler ABI info
[2.059s] -- Detecting CXX compiler ABI info - done
[2.081s] -- Detecting CXX compile features
[2.082s] -- Detecting CXX compile features - done
[2.113s] ament_cmake not found so skipping this ROS2 package
[2.114s] -- Configuring done
[2.115s] -- Generating done
[2.117s] -- Build files have been written to: /home/s/scott_spaces/decadarobotics_devspace/build/ff_examples_ros2
[2.123s] Invoked command in '/home/s/scott_spaces/decadarobotics_devspace/build/ff_examples_ros2' returned '0': CMAKE_PREFIX_PATH=/home/s/scott_spaces/decadarobotics_devspace/install/free_fleet:/home/s/scott_spaces/decadarobotics_devspace/install/cyclonedds:${CMAKE_PREFIX_PATH} LD_LIBRARY_PATH=/home/s/scott_spaces/decadarobotics_devspace/install/free_fleet/lib:/home/s/scott_spaces/decadarobotics_devspace/install/cyclonedds/lib:${LD_LIBRARY_PATH} PATH=/home/s/scott_spaces/decadarobotics_devspace/install/free_fleet/bin:/home/s/scott_spaces/decadarobotics_devspace/install/cyclonedds/bin:${PATH} PKG_CONFIG_PATH=/home/s/scott_spaces/decadarobotics_devspace/install/free_fleet/lib/x86_64-linux-gnu/pkgconfig:/home/s/scott_spaces/decadarobotics_devspace/install/free_fleet/lib/pkgconfig:/home/s/scott_spaces/decadarobotics_devspace/install/cyclonedds/lib/x86_64-linux-gnu/pkgconfig:/home/s/scott_spaces/decadarobotics_devspace/install/cyclonedds/lib/pkgconfig:${PKG_CONFIG_PATH} /usr/bin/cmake /home/s/scott_spaces/decadarobotics_devspace/src/ff_client/free_fleet/ff_examples_ros2 -DCMAKE_BUILD_TYPE=Release -DCMAKE_INSTALL_PREFIX=/home/s/scott_spaces/decadarobotics_devspace/install/ff_examples_ros2
[2.124s] Invoking command in '/home/s/scott_spaces/decadarobotics_devspace/build/ff_examples_ros2': CMAKE_PREFIX_PATH=/home/s/scott_spaces/decadarobotics_devspace/install/free_fleet:/home/s/scott_spaces/decadarobotics_devspace/install/cyclonedds:${CMAKE_PREFIX_PATH} LD_LIBRARY_PATH=/home/s/scott_spaces/decadarobotics_devspace/install/free_fleet/lib:/home/s/scott_spaces/decadarobotics_devspace/install/cyclonedds/lib:${LD_LIBRARY_PATH} PATH=/home/s/scott_spaces/decadarobotics_devspace/install/free_fleet/bin:/home/s/scott_spaces/decadarobotics_devspace/install/cyclonedds/bin:${PATH} PKG_CONFIG_PATH=/home/s/scott_spaces/decadarobotics_devspace/install/free_fleet/lib/x86_64-linux-gnu/pkgconfig:/home/s/scott_spaces/decadarobotics_devspace/install/free_fleet/lib/pkgconfig:/home/s/scott_spaces/decadarobotics_devspace/install/cyclonedds/lib/x86_64-linux-gnu/pkgconfig:/home/s/scott_spaces/decadarobotics_devspace/install/cyclonedds/lib/pkgconfig:${PKG_CONFIG_PATH} /usr/bin/cmake --build /home/s/scott_spaces/decadarobotics_devspace/build/ff_examples_ros2 -- -j4 -l4
[2.259s] Invoked command in '/home/s/scott_spaces/decadarobotics_devspace/build/ff_examples_ros2' returned '0': CMAKE_PREFIX_PATH=/home/s/scott_spaces/decadarobotics_devspace/install/free_fleet:/home/s/scott_spaces/decadarobotics_devspace/install/cyclonedds:${CMAKE_PREFIX_PATH} LD_LIBRARY_PATH=/home/s/scott_spaces/decadarobotics_devspace/install/free_fleet/lib:/home/s/scott_spaces/decadarobotics_devspace/install/cyclonedds/lib:${LD_LIBRARY_PATH} PATH=/home/s/scott_spaces/decadarobotics_devspace/install/free_fleet/bin:/home/s/scott_spaces/decadarobotics_devspace/install/cyclonedds/bin:${PATH} PKG_CONFIG_PATH=/home/s/scott_spaces/decadarobotics_devspace/install/free_fleet/lib/x86_64-linux-gnu/pkgconfig:/home/s/scott_spaces/decadarobotics_devspace/install/free_fleet/lib/pkgconfig:/home/s/scott_spaces/decadarobotics_devspace/install/cyclonedds/lib/x86_64-linux-gnu/pkgconfig:/home/s/scott_spaces/decadarobotics_devspace/install/cyclonedds/lib/pkgconfig:${PKG_CONFIG_PATH} /usr/bin/cmake --build /home/s/scott_spaces/decadarobotics_devspace/build/ff_examples_ros2 -- -j4 -l4
